#
# A fatal error has been detected by the Java Runtime Environment:
#
#  SIGSEGV (0xb) at pc=0x00007fa9f0881057, pid=13765, tid=140368788260608
#
# JRE version: Java(TM) SE Runtime Environment (8.0_31-b13) (build 1.8.0_31-b13)
# Java VM: Java HotSpot(TM) 64-Bit Server VM (25.31-b07 mixed mode linux-amd64 compressed oops)
# Problematic frame:
# C  [libqtjambi.so.1+0x21057]  qtjambishell_signals_cleanup(QtJambiSignalInfo*, int)+0x37
#
# Failed to write core dump. Core dumps have been disabled. To enable core dumping, try "ulimit -c unlimited" before starting Java again
#
# If you would like to submit a bug report, please visit:
#   http://bugreport.java.com/bugreport/crash.jsp
#

---------------  T H R E A D  ---------------

Current thread is native thread

siginfo: si_signo: 11 (SIGSEGV), si_code: 1 (SEGV_MAPERR), si_addr: 0x0000000000000000

Registers:
RAX=0x0000000000000000, RBX=0x00007faa2064de00, RCX=0x00007faa200eb4c0, RDX=0x00000000ffffffff
RSP=0x00007faa27c2fa40, RBP=0x0000000000000000, RSI=0x00007faa205e9740, RDI=0x00007faa20000040
R8 =0x00007faa200eb520, R9 =0x00007faa27c30700, R10=0x0000000000000004, R11=0x0000000000000000
R12=0x00007faa2064de70, R13=0x00007faa20455450, R14=0x00007fa9b00014f0, R15=0x00007faa20445340
RIP=0x00007fa9f0881057, EFLAGS=0x0000000000010202, CSGSFS=0x0000000000000033, ERR=0x0000000000000004
  TRAPNO=0x000000000000000e

Top of Stack: (sp=0x00007faa27c2fa40)
0x00007faa27c2fa40:   00007faa20445340 00007fa9b00014f0
0x00007faa27c2fa50:   00007faa20445340 00007fa9bff9bce0
0x00007faa27c2fa60:   00007faa27c30700 00007faa20445340
0x00007faa27c2fa70:   00007fa9b00014f0 00007fa9bff9bd19
0x00007faa27c2fa80:   00007faa20445340 00007fa9f1bcb898
0x00007faa27c2fa90:   00007faa27c2feff 0000000000000000
0x00007faa27c2faa0:   00007faa20444a10 0000000000000001
0x00007faa27c2fab0:   0000000000000001 00007faa27c2fc78
0x00007faa27c2fac0:   00007faa27c2fc10 00007faa27c2fc20
0x00007faa27c2fad0:   00007faa273c5700 00007faa27076d97
0x00007faa27c2fae0:   00007fa9b00014f0 0000003000000018
0x00007faa27c2faf0:   00007faa27c2fbc0 00007faa27c2fb00
0x00007faa27c2fb00:   0000001f00000000 00007faa27c2fb20
0x00007faa27c2fb10:   00007faa200eb538 0000000000000000
0x00007faa27c2fb20:   00007faa205f6da0 00007faa27c2fa00
0x00007faa27c2fb30:   00007fa9f1f18820 00007faa20000020
0x00007faa27c2fb40:   0000000000000020 0000000001e3b550
0x00007faa27c2fb50:   00007faa205f6df8 00007faa2043df70
0x00007faa27c2fb60:   00007fa9b00014f0 00007faa20445340
0x00007faa27c2fb70:   00007faa20455450 00007fa9c35545a3
0x00007faa27c2fb80:   00007faa273c5700 0000000000000001
0x00007faa27c2fb90:   00007faa27c2fc78 00007faa27c2fbc0
0x00007faa27c2fba0:   00007faa273c5700 00007fa9f1aa7c47
0x00007faa27c2fbb0:   00007faa27c2fbc0 00007fa9f089d0b8
0x00007faa27c2fbc0:   00007faa27c2fc00 0000000000000001
0x00007faa27c2fbd0:   00007faa27c2fc78 00007faa20445340
0x00007faa27c2fbe0:   00007fa9b00014f0 00007faa2043df70
0x00007faa27c2fbf0:   00007faa20455450 00007fa9b00014f0
0x00007faa27c2fc00:   00007faa20445340 00007fa9c354f5dc
0x00007faa27c2fc10:   00007faa205f6da0 00007faa20445340
0x00007faa27c2fc20:   00007faa20445340 00007faa20445340
0x00007faa27c2fc30:   00007faa20455450 00007fa9c3555b1d 

Instructions: (pc=0x00007fa9f0881057)
0x00007fa9f0881037:   24 ff 48 89 c5 48 c1 e6 04 4c 8d 64 33 10 0f 1f
0x00007fa9f0881047:   00 48 83 7b 08 00 74 24 48 8b 33 48 85 f6 74 14
0x00007fa9f0881057:   48 8b 45 00 48 89 ef ff 90 18 07 00 00 48 c7 03
0x00007fa9f0881067:   00 00 00 00 48 c7 43 08 00 00 00 00 48 83 c3 10 

Register to memory mapping:

RAX=0x0000000000000000 is an unknown value
RBX=0x00007faa2064de00 is an unknown value
RCX=0x00007faa200eb4c0 is an unknown value
RDX=0x00000000ffffffff is an unallocated location in the heap
RSP=0x00007faa27c2fa40 is an unknown value
RBP=0x0000000000000000 is an unknown value
RSI=0x00007faa205e9740 is a weak global jni handle
RDI=0x00007faa20000040 is an unknown value
R8 =0x00007faa200eb520 is an unknown value
R9 =0x00007faa27c30700 is an unknown value
R10=0x0000000000000004 is an unknown value
R11=0x0000000000000000 is an unknown value
R12=0x00007faa2064de70 is an unknown value
R13=0x00007faa20455450 is an unknown value
R14=0x00007fa9b00014f0 is an unknown value
R15=0x00007faa20445340 is an unknown value


Stack: [0x00007faa27b30000,0x00007faa27c31000],  sp=0x00007faa27c2fa40,  free space=1022k
Native frames: (J=compiled Java code, j=interpreted, Vv=VM code, C=native code)
C  [libqtjambi.so.1+0x21057]  qtjambishell_signals_cleanup(QtJambiSignalInfo*, int)+0x37

[error occurred during error reporting (printing native stack), id 0xb]


---------------  P R O C E S S  ---------------

VM state:at safepoint (shutting down)

VM Mutex/Monitor currently owned by a thread:  ([mutex/lock_event])
[0x00007faa20006c00] Threads_lock - owner thread: 0x00007faa20078800

Heap:
 PSYoungGen      total 37888K, used 819K [0x00000000d6600000, 0x00000000d9000000, 0x0000000100000000)
  eden space 32768K, 2% used [0x00000000d6600000,0x00000000d66ccea0,0x00000000d8600000)
  from space 5120K, 0% used [0x00000000d8b00000,0x00000000d8b00000,0x00000000d9000000)
  to   space 5120K, 0% used [0x00000000d8600000,0x00000000d8600000,0x00000000d8b00000)
 ParOldGen       total 86016K, used 3015K [0x0000000083200000, 0x0000000088600000, 0x00000000d6600000)
  object space 86016K, 3% used [0x0000000083200000,0x00000000834f1ec8,0x0000000088600000)
 Metaspace       used 10225K, capacity 10332K, committed 10624K, reserved 1058816K
  class space    used 1100K, capacity 1138K, committed 1152K, reserved 1048576K

Card table byte_map: [0x00007faa24b78000,0x00007faa24f60000] byte_map_base: 0x00007faa2475f000

Marking Bits: (ParMarkBitMap*) 0x00007faa26ffb2a0
 Begin Bits: [0x00007fa9f8190000, 0x00007fa9fa0c8000)
 End Bits:   [0x00007fa9fa0c8000, 0x00007fa9fc000000)

Polling page: 0x00007faa27b2f000

CodeCache: size=245760Kb used=2649Kb max_used=2649Kb free=243110Kb
 bounds [0x00007faa11000000, 0x00007faa112a0000, 0x00007faa20000000]
 total_blobs=996 nmethods=650 adapters=262
 compilation: enabled

Compilation events (10 events):
Event: 3.990 Thread 0x00007faa200b4000  645   !   3       java.lang.ref.Finalizer::remove (94 bytes)
Event: 4.014 Thread 0x00007faa200b4000 nmethod 645 0x00007faa112968d0 code [0x00007faa11296a60, 0x00007faa11296f30]
Event: 4.014 Thread 0x00007faa200b4000  647       3       java.util.zip.ZipFile$ZipFileInputStream::finalize (5 bytes)
Event: 4.014 Thread 0x00007faa200b4000 nmethod 647 0x00007faa11297090 code [0x00007faa11297200, 0x00007faa11297388]
Event: 4.014 Thread 0x00007faa200b4000  648       3       java.util.zip.ZipFile$ZipFileInflaterInputStream::finalize (5 bytes)
Event: 4.014 Thread 0x00007faa200b4000 nmethod 648 0x00007faa11297410 code [0x00007faa11297580, 0x00007faa11297728]
Event: 4.014 Thread 0x00007faa200b4000  649       1       java.lang.ref.Reference::access$100 (4 bytes)
Event: 4.015 Thread 0x00007faa200b4000 nmethod 649 0x00007faa112977d0 code [0x00007faa11297920, 0x00007faa11297a10]
Event: 4.015 Thread 0x00007faa200b4000  650       1       java.lang.ref.Finalizer::access$000 (4 bytes)
Event: 4.015 Thread 0x00007faa200b4000 nmethod 650 0x00007faa11297a50 code [0x00007faa11297ba0, 0x00007faa11297c90]

GC Heap History (8 events):
Event: 3.960 GC heap before
{Heap before GC invocations=1 (full 0):
 PSYoungGen      total 37888K, used 26472K [0x00000000d6600000, 0x00000000d9000000, 0x0000000100000000)
  eden space 32768K, 80% used [0x00000000d6600000,0x00000000d7fda350,0x00000000d8600000)
  from space 5120K, 0% used [0x00000000d8b00000,0x00000000d8b00000,0x00000000d9000000)
  to   space 5120K, 0% used [0x00000000d8600000,0x00000000d8600000,0x00000000d8b00000)
 ParOldGen       total 86016K, used 0K [0x0000000083200000, 0x0000000088600000, 0x00000000d6600000)
  object space 86016K, 0% used [0x0000000083200000,0x0000000083200000,0x0000000088600000)
 Metaspace       used 10175K, capacity 10300K, committed 10624K, reserved 1058816K
  class space    used 1093K, capacity 1106K, committed 1152K, reserved 1048576K
Event: 3.968 GC heap after
Heap after GC invocations=1 (full 0):
 PSYoungGen      total 37888K, used 4216K [0x00000000d6600000, 0x00000000d9000000, 0x0000000100000000)
  eden space 32768K, 0% used [0x00000000d6600000,0x00000000d6600000,0x00000000d8600000)
  from space 5120K, 82% used [0x00000000d8600000,0x00000000d8a1e0b0,0x00000000d8b00000)
  to   space 5120K, 0% used [0x00000000d8b00000,0x00000000d8b00000,0x00000000d9000000)
 ParOldGen       total 86016K, used 80K [0x0000000083200000, 0x0000000088600000, 0x00000000d6600000)
  object space 86016K, 0% used [0x0000000083200000,0x0000000083214010,0x0000000088600000)
 Metaspace       used 10175K, capacity 10300K, committed 10624K, reserved 1058816K
  class space    used 1093K, capacity 1106K, committed 1152K, reserved 1048576K
}
Event: 3.968 GC heap before
{Heap before GC invocations=2 (full 1):
 PSYoungGen      total 37888K, used 4216K [0x00000000d6600000, 0x00000000d9000000, 0x0000000100000000)
  eden space 32768K, 0% used [0x00000000d6600000,0x00000000d6600000,0x00000000d8600000)
  from space 5120K, 82% used [0x00000000d8600000,0x00000000d8a1e0b0,0x00000000d8b00000)
  to   space 5120K, 0% used [0x00000000d8b00000,0x00000000d8b00000,0x00000000d9000000)
 ParOldGen       total 86016K, used 80K [0x0000000083200000, 0x0000000088600000, 0x00000000d6600000)
  object space 86016K, 0% used [0x0000000083200000,0x0000000083214010,0x0000000088600000)
 Metaspace       used 10175K, capacity 10300K, committed 10624K, reserved 1058816K
  class space    used 1093K, capacity 1106K, committed 1152K, reserved 1048576K
Event: 3.986 GC heap after
Heap after GC invocations=2 (full 1):
 PSYoungGen      total 37888K, used 0K [0x00000000d6600000, 0x00000000d9000000, 0x0000000100000000)
  eden space 32768K, 0% used [0x00000000d6600000,0x00000000d6600000,0x00000000d8600000)
  from space 5120K, 0% used [0x00000000d8600000,0x00000000d8600000,0x00000000d8b00000)
  to   space 5120K, 0% used [0x00000000d8b00000,0x00000000d8b00000,0x00000000d9000000)
 ParOldGen       total 86016K, used 4034K [0x0000000083200000, 0x0000000088600000, 0x00000000d6600000)
  object space 86016K, 4% used [0x0000000083200000,0x00000000835f0b80,0x0000000088600000)
 Metaspace       used 10175K, capacity 10300K, committed 10624K, reserved 1058816K
  class space    used 1093K, capacity 1106K, committed 1152K, reserved 1048576K
}
Event: 3.990 GC heap before
{Heap before GC invocations=3 (full 1):
 PSYoungGen      total 37888K, used 1310K [0x00000000d6600000, 0x00000000d9000000, 0x0000000100000000)
  eden space 32768K, 4% used [0x00000000d6600000,0x00000000d6747b88,0x00000000d8600000)
  from space 5120K, 0% used [0x00000000d8600000,0x00000000d8600000,0x00000000d8b00000)
  to   space 5120K, 0% used [0x00000000d8b00000,0x00000000d8b00000,0x00000000d9000000)
 ParOldGen       total 86016K, used 4034K [0x0000000083200000, 0x0000000088600000, 0x00000000d6600000)
  object space 86016K, 4% used [0x0000000083200000,0x00000000835f0b80,0x0000000088600000)
 Metaspace       used 10222K, capacity 10332K, committed 10624K, reserved 1058816K
  class space    used 1100K, capacity 1138K, committed 1152K, reserved 1048576K
Event: 3.990 GC heap after
Heap after GC invocations=3 (full 1):
 PSYoungGen      total 37888K, used 160K [0x00000000d6600000, 0x00000000d9000000, 0x0000000100000000)
  eden space 32768K, 0% used [0x00000000d6600000,0x00000000d6600000,0x00000000d8600000)
  from space 5120K, 3% used [0x00000000d8b00000,0x00000000d8b28000,0x00000000d9000000)
  to   space 5120K, 0% used [0x00000000d8600000,0x00000000d8600000,0x00000000d8b00000)
 ParOldGen       total 86016K, used 4034K [0x0000000083200000, 0x0000000088600000, 0x00000000d6600000)
  object space 86016K, 4% used [0x0000000083200000,0x00000000835f0b80,0x0000000088600000)
 Metaspace       used 10222K, capacity 10332K, committed 10624K, reserved 1058816K
  class space    used 1100K, capacity 1138K, committed 1152K, reserved 1048576K
}
Event: 3.990 GC heap before
{Heap before GC invocations=4 (full 2):
 PSYoungGen      total 37888K, used 160K [0x00000000d6600000, 0x00000000d9000000, 0x0000000100000000)
  eden space 32768K, 0% used [0x00000000d6600000,0x00000000d6600000,0x00000000d8600000)
  from space 5120K, 3% used [0x00000000d8b00000,0x00000000d8b28000,0x00000000d9000000)
  to   space 5120K, 0% used [0x00000000d8600000,0x00000000d8600000,0x00000000d8b00000)
 ParOldGen       total 86016K, used 4034K [0x0000000083200000, 0x0000000088600000, 0x00000000d6600000)
  object space 86016K, 4% used [0x0000000083200000,0x00000000835f0b80,0x0000000088600000)
 Metaspace       used 10222K, capacity 10332K, committed 10624K, reserved 1058816K
  class space    used 1100K, capacity 1138K, committed 1152K, reserved 1048576K
Event: 4.013 GC heap after
Heap after GC invocations=4 (full 2):
 PSYoungGen      total 37888K, used 0K [0x00000000d6600000, 0x00000000d9000000, 0x0000000100000000)
  eden space 32768K, 0% used [0x00000000d6600000,0x00000000d6600000,0x00000000d8600000)
  from space 5120K, 0% used [0x00000000d8b00000,0x00000000d8b00000,0x00000000d9000000)
  to   space 5120K, 0% used [0x00000000d8600000,0x00000000d8600000,0x00000000d8b00000)
 ParOldGen       total 86016K, used 3015K [0x0000000083200000, 0x0000000088600000, 0x00000000d6600000)
  object space 86016K, 3% used [0x0000000083200000,0x00000000834f1ec8,0x0000000088600000)
 Metaspace       used 10222K, capacity 10332K, committed 10624K, reserved 1058816K
  class space    used 1100K, capacity 1138K, committed 1152K, reserved 1048576K
}

Deoptimization events (0 events):
No events

Internal exceptions (10 events):
Event: 3.949 Thread 0x00007faa206fe000 Exception <a 'java/security/PrivilegedActionException'> (0x00000000d7f36c88) thrown at [/HUDSON/workspace/8-2-build-linux-amd64/jdk8u31/2394/hotspot/src/share/vm/prims/jvm.cpp, line 1312]
Event: 3.950 Thread 0x00007faa206fe000 Exception <a 'java/security/PrivilegedActionException'> (0x00000000d7f3c828) thrown at [/HUDSON/workspace/8-2-build-linux-amd64/jdk8u31/2394/hotspot/src/share/vm/prims/jvm.cpp, line 1312]
Event: 3.951 Thread 0x00007faa206fe000 Exception <a 'java/security/PrivilegedActionException'> (0x00000000d7f410b0) thrown at [/HUDSON/workspace/8-2-build-linux-amd64/jdk8u31/2394/hotspot/src/share/vm/prims/jvm.cpp, line 1312]
Event: 3.952 Thread 0x00007faa206fe000 Exception <a 'java/security/PrivilegedActionException'> (0x00000000d7f4cd78) thrown at [/HUDSON/workspace/8-2-build-linux-amd64/jdk8u31/2394/hotspot/src/share/vm/prims/jvm.cpp, line 1312]
Event: 3.953 Thread 0x00007faa206fe000 Exception <a 'java/security/PrivilegedActionException'> (0x00000000d7f52710) thrown at [/HUDSON/workspace/8-2-build-linux-amd64/jdk8u31/2394/hotspot/src/share/vm/prims/jvm.cpp, line 1312]
Event: 3.956 Thread 0x00007faa206fe000 Exception <a 'java/security/PrivilegedActionException'> (0x00000000d7f672d8) thrown at [/HUDSON/workspace/8-2-build-linux-amd64/jdk8u31/2394/hotspot/src/share/vm/prims/jvm.cpp, line 1312]
Event: 3.958 Thread 0x00007faa206fe000 Exception <a 'java/security/PrivilegedActionException'> (0x00000000d7f6e388) thrown at [/HUDSON/workspace/8-2-build-linux-amd64/jdk8u31/2394/hotspot/src/share/vm/prims/jvm.cpp, line 1312]
Event: 3.988 Thread 0x00007faa206fe000 Exception <a 'java/security/PrivilegedActionException'> (0x00000000d66528c8) thrown at [/HUDSON/workspace/8-2-build-linux-amd64/jdk8u31/2394/hotspot/src/share/vm/prims/jvm.cpp, line 1312]
Event: 3.989 Thread 0x00007faa202cc000 Exception <a 'java/lang/InterruptedException': sleep interrupted> (0x00000000d66f5d08) thrown at [/HUDSON/workspace/8-2-build-linux-amd64/jdk8u31/2394/hotspot/src/share/vm/prims/jvm.cpp, line 3141]
Event: 4.015 Thread 0x00007fa9b0007800 Exception <a 'java/security/PrivilegedActionException'> (0x00000000d6652538) thrown at [/HUDSON/workspace/8-2-build-linux-amd64/jdk8u31/2394/hotspot/src/share/vm/prims/jvm.cpp, line 1312]

Events (10 events):
Event: 3.989 loading class java/util/concurrent/locks/ReentrantReadWriteLock$WriteLock done
Event: 3.989 Thread 0x00007faa202cc000 Thread exited: 0x00007faa202cc000
Event: 3.990 Executing VM operation: ParallelGCSystemGC
Event: 4.013 Executing VM operation: ParallelGCSystemGC done
Event: 4.014 Thread 0x00007fa9b0007800 Thread added: 0x00007fa9b0007800
Event: 4.015 loading class com/trolltech/qt/QNativePointer$1
Event: 4.015 loading class com/trolltech/qt/QNativePointer$1 done
Event: 4.016 Thread 0x00007fa9b0007800 Thread exited: 0x00007fa9b0007800
Event: 4.016 Thread 0x00007faa206fe000 Thread exited: 0x00007faa206fe000
Event: 4.016 Thread 0x00007faa20009000 Thread exited: 0x00007faa20009000


Dynamic libraries:
00400000-00401000 r-xp 00000000 00:22 152985                             /home/nathan/jdk1.8.0_31/bin/java
00600000-00601000 rw-p 00000000 00:22 152985                             /home/nathan/jdk1.8.0_31/bin/java
01e39000-01e5a000 rw-p 00000000 00:00 0                                  [heap]
83200000-88600000 rw-p 00000000 00:00 0 
88600000-d6600000 ---p 00000000 00:00 0 
d6600000-d9000000 rw-p 00000000 00:00 0 
d9000000-100000000 ---p 00000000 00:00 0 
100000000-100120000 rw-p 00000000 00:00 0 
100120000-140000000 ---p 00000000 00:00 0 
7fa9b0000000-7fa9b0034000 rw-p 00000000 00:00 0 
7fa9b0034000-7fa9b4000000 ---p 00000000 00:00 0 
7fa9b4000000-7fa9b4021000 rw-p 00000000 00:00 0 
7fa9b4021000-7fa9b8000000 ---p 00000000 00:00 0 
7fa9b8000000-7fa9b8021000 rw-p 00000000 00:00 0 
7fa9b8021000-7fa9bc000000 ---p 00000000 00:00 0 
7fa9bd840000-7fa9bda16000 rw-s 00000000 00:05 52789263                   /SYSV00000000 (deleted)
7fa9bdbc6000-7fa9bdbc9000 ---p 00000000 00:00 0 
7fa9bdbc9000-7fa9bdcc7000 rw-p 00000000 00:00 0 
7fa9bdcc7000-7fa9bdcca000 ---p 00000000 00:00 0 
7fa9bdcca000-7fa9bddc8000 rw-p 00000000 00:00 0 
7fa9bddc8000-7fa9bdded000 r-xp 00000000 08:43 596787                     /usr/lib/liblzma.so.5.2.1
7fa9bdded000-7fa9bdfec000 ---p 00025000 08:43 596787                     /usr/lib/liblzma.so.5.2.1
7fa9bdfec000-7fa9bdfed000 r--p 00024000 08:43 596787                     /usr/lib/liblzma.so.5.2.1
7fa9bdfed000-7fa9bdfee000 rw-p 00025000 08:43 596787                     /usr/lib/liblzma.so.5.2.1
7fa9bdff0000-7fa9be06c000 r-xp 00000000 08:43 1634046                    /usr/lib/libtiff.so.5.2.0
7fa9be06c000-7fa9be26c000 ---p 0007c000 08:43 1634046                    /usr/lib/libtiff.so.5.2.0
7fa9be26c000-7fa9be26d000 r--p 0007c000 08:43 1634046                    /usr/lib/libtiff.so.5.2.0
7fa9be26d000-7fa9be273000 rw-p 0007d000 08:43 1634046                    /usr/lib/libtiff.so.5.2.0
7fa9be273000-7fa9be274000 rw-p 00000000 00:00 0 
7fa9be278000-7fa9be27f000 r-xp 00000000 08:43 1713220                    /usr/lib/qt4/plugins/imageformats/libqtiff.so
7fa9be27f000-7fa9be47e000 ---p 00007000 08:43 1713220                    /usr/lib/qt4/plugins/imageformats/libqtiff.so
7fa9be47e000-7fa9be47f000 r--p 00006000 08:43 1713220                    /usr/lib/qt4/plugins/imageformats/libqtiff.so
7fa9be47f000-7fa9be480000 rw-p 00007000 08:43 1713220                    /usr/lib/qt4/plugins/imageformats/libqtiff.so
7fa9be480000-7fa9be4d6000 r-xp 00000000 08:43 1637076                    /usr/lib/libQtSvg.so.4.8.7
7fa9be4d6000-7fa9be6d6000 ---p 00056000 08:43 1637076                    /usr/lib/libQtSvg.so.4.8.7
7fa9be6d6000-7fa9be6d8000 r--p 00056000 08:43 1637076                    /usr/lib/libQtSvg.so.4.8.7
7fa9be6d8000-7fa9be6d9000 rw-p 00058000 08:43 1637076                    /usr/lib/libQtSvg.so.4.8.7
7fa9be6e0000-7fa9be6e5000 r-xp 00000000 08:43 1713219                    /usr/lib/qt4/plugins/imageformats/libqsvg.so
7fa9be6e5000-7fa9be8e4000 ---p 00005000 08:43 1713219                    /usr/lib/qt4/plugins/imageformats/libqsvg.so
7fa9be8e4000-7fa9be8e5000 r--p 00004000 08:43 1713219                    /usr/lib/qt4/plugins/imageformats/libqsvg.so
7fa9be8e5000-7fa9be8e6000 rw-p 00005000 08:43 1713219                    /usr/lib/qt4/plugins/imageformats/libqsvg.so
7fa9be8e8000-7fa9be93e000 r-xp 00000000 08:43 1634616                    /usr/lib/liblcms2.so.2.0.7
7fa9be93e000-7fa9beb3d000 ---p 00056000 08:43 1634616                    /usr/lib/liblcms2.so.2.0.7
7fa9beb3d000-7fa9beb3e000 r--p 00055000 08:43 1634616                    /usr/lib/liblcms2.so.2.0.7
7fa9beb3e000-7fa9beb43000 rw-p 00056000 08:43 1634616                    /usr/lib/liblcms2.so.2.0.7
7fa9beb48000-7fa9beb9f000 r-xp 00000000 08:43 1633255                    /usr/lib/libjpeg.so.8.0.2
7fa9beb9f000-7fa9bed9f000 ---p 00057000 08:43 1633255                    /usr/lib/libjpeg.so.8.0.2
7fa9bed9f000-7fa9beda1000 r--p 00057000 08:43 1633255                    /usr/lib/libjpeg.so.8.0.2
7fa9beda1000-7fa9beda2000 rw-p 00059000 08:43 1633255                    /usr/lib/libjpeg.so.8.0.2
7fa9beda8000-7fa9bee15000 r-xp 00000000 08:43 1636987                    /usr/lib/libmng.so.2.0.2
7fa9bee15000-7fa9bf015000 ---p 0006d000 08:43 1636987                    /usr/lib/libmng.so.2.0.2
7fa9bf015000-7fa9bf018000 r--p 0006d000 08:43 1636987                    /usr/lib/libmng.so.2.0.2
7fa9bf018000-7fa9bf01a000 rw-p 00070000 08:43 1636987                    /usr/lib/libmng.so.2.0.2
7fa9bf020000-7fa9bf025000 r-xp 00000000 08:43 1713218                    /usr/lib/qt4/plugins/imageformats/libqmng.so
7fa9bf025000-7fa9bf225000 ---p 00005000 08:43 1713218                    /usr/lib/qt4/plugins/imageformats/libqmng.so
7fa9bf225000-7fa9bf226000 r--p 00005000 08:43 1713218                    /usr/lib/qt4/plugins/imageformats/libqmng.so
7fa9bf226000-7fa9bf227000 rw-p 00006000 08:43 1713218                    /usr/lib/qt4/plugins/imageformats/libqmng.so
7fa9bf228000-7fa9bf22f000 r-xp 00000000 08:43 1713221                    /usr/lib/qt4/plugins/imageformats/libqico.so
7fa9bf22f000-7fa9bf42e000 ---p 00007000 08:43 1713221                    /usr/lib/qt4/plugins/imageformats/libqico.so
7fa9bf42e000-7fa9bf42f000 r--p 00006000 08:43 1713221                    /usr/lib/qt4/plugins/imageformats/libqico.so
7fa9bf42f000-7fa9bf430000 rw-p 00007000 08:43 1713221                    /usr/lib/qt4/plugins/imageformats/libqico.so
7fa9bf430000-7fa9bf437000 r-xp 00000000 08:43 1713216                    /usr/lib/qt4/plugins/imageformats/libqgif.so
7fa9bf437000-7fa9bf636000 ---p 00007000 08:43 1713216                    /usr/lib/qt4/plugins/imageformats/libqgif.so
7fa9bf636000-7fa9bf637000 r--p 00006000 08:43 1713216                    /usr/lib/qt4/plugins/imageformats/libqgif.so
7fa9bf637000-7fa9bf638000 rw-p 00007000 08:43 1713216                    /usr/lib/qt4/plugins/imageformats/libqgif.so
7fa9bf638000-7fa9bf778000 rw-p 00000000 00:00 0 
7fa9bf778000-7fa9bf838000 ---p 00000000 00:00 0 
7fa9bf838000-7fa9bf83b000 r-xp 00000000 08:43 599049                     /usr/lib/gconv/UTF-16.so
7fa9bf83b000-7fa9bfa3a000 ---p 00003000 08:43 599049                     /usr/lib/gconv/UTF-16.so
7fa9bfa3a000-7fa9bfa3b000 r--p 00002000 08:43 599049                     /usr/lib/gconv/UTF-16.so
7fa9bfa3b000-7fa9bfa3c000 rw-p 00003000 08:43 599049                     /usr/lib/gconv/UTF-16.so
7fa9bfa40000-7fa9c054b000 r-xp 00000000 08:16 411                        /tmp/QtJambi_nathan_amd64_4.8.6_gcc-20150115-1633/lib/libcom_trolltech_qt_gui.so.1
7fa9c054b000-7fa9c074a000 ---p 00b0b000 08:16 411                        /tmp/QtJambi_nathan_amd64_4.8.6_gcc-20150115-1633/lib/libcom_trolltech_qt_gui.so.1
7fa9c074a000-7fa9c07a4000 rw-p 00b0a000 08:16 411                        /tmp/QtJambi_nathan_amd64_4.8.6_gcc-20150115-1633/lib/libcom_trolltech_qt_gui.so.1
7fa9c07a4000-7fa9c07ab000 rw-p 00000000 00:00 0 
7fa9c07b0000-7fa9c07b5000 r-xp 00000000 08:43 1630232                    /usr/lib/libXdmcp.so.6.0.0
7fa9c07b5000-7fa9c09b4000 ---p 00005000 08:43 1630232                    /usr/lib/libXdmcp.so.6.0.0
7fa9c09b4000-7fa9c09b5000 r--p 00004000 08:43 1630232                    /usr/lib/libXdmcp.so.6.0.0
7fa9c09b5000-7fa9c09b6000 rw-p 00005000 08:43 1630232                    /usr/lib/libXdmcp.so.6.0.0
7fa9c09b8000-7fa9c09ba000 r-xp 00000000 08:43 1633242                    /usr/lib/libXau.so.6.0.0
7fa9c09ba000-7fa9c0bba000 ---p 00002000 08:43 1633242                    /usr/lib/libXau.so.6.0.0
7fa9c0bba000-7fa9c0bbb000 r--p 00002000 08:43 1633242                    /usr/lib/libXau.so.6.0.0
7fa9c0bbb000-7fa9c0bbc000 rw-p 00003000 08:43 1633242                    /usr/lib/libXau.so.6.0.0
7fa9c0bc0000-7fa9c0bdc000 r-xp 00000000 08:43 1633203                    /usr/lib/libgraphite2.so.3.0.1
7fa9c0bdc000-7fa9c0ddb000 ---p 0001c000 08:43 1633203                    /usr/lib/libgraphite2.so.3.0.1
7fa9c0ddb000-7fa9c0ddd000 r--p 0001b000 08:43 1633203                    /usr/lib/libgraphite2.so.3.0.1
7fa9c0ddd000-7fa9c0dde000 rw-p 0001d000 08:43 1633203                    /usr/lib/libgraphite2.so.3.0.1
7fa9c0de0000-7fa9c0e01000 r-xp 00000000 08:43 1633278                    /usr/lib/libxcb.so.1.1.0
7fa9c0e01000-7fa9c1000000 ---p 00021000 08:43 1633278                    /usr/lib/libxcb.so.1.1.0
7fa9c1000000-7fa9c1001000 r--p 00020000 08:43 1633278                    /usr/lib/libxcb.so.1.1.0
7fa9c1001000-7fa9c1002000 rw-p 00021000 08:43 1633278                    /usr/lib/libxcb.so.1.1.0
7fa9c1008000-7fa9c102f000 r-xp 00000000 08:43 595921                     /usr/lib/libexpat.so.1.6.0
7fa9c102f000-7fa9c122e000 ---p 00027000 08:43 595921                     /usr/lib/libexpat.so.1.6.0
7fa9c122e000-7fa9c1231000 r--p 00026000 08:43 595921                     /usr/lib/libexpat.so.1.6.0
7fa9c1231000-7fa9c1232000 rw-p 00029000 08:43 595921                     /usr/lib/libexpat.so.1.6.0
7fa9c1238000-7fa9c123c000 r-xp 00000000 08:43 1636619                    /usr/lib/libuuid.so.1.3.0
7fa9c123c000-7fa9c143b000 ---p 00004000 08:43 1636619                    /usr/lib/libuuid.so.1.3.0
7fa9c143b000-7fa9c143c000 r--p 00003000 08:43 1636619                    /usr/lib/libuuid.so.1.3.0
7fa9c143c000-7fa9c143d000 rw-p 00004000 08:43 1636619                    /usr/lib/libuuid.so.1.3.0
7fa9c1440000-7fa9c149a000 r-xp 00000000 08:43 1633208                    /usr/lib/libharfbuzz.so.0.940.0
7fa9c149a000-7fa9c1699000 ---p 0005a000 08:43 1633208                    /usr/lib/libharfbuzz.so.0.940.0
7fa9c1699000-7fa9c169c000 r--p 00059000 08:43 1633208                    /usr/lib/libharfbuzz.so.0.940.0
7fa9c169c000-7fa9c169d000 rw-p 0005c000 08:43 1633208                    /usr/lib/libharfbuzz.so.0.940.0
7fa9c16a0000-7fa9c16af000 r-xp 00000000 08:43 593233                     /usr/lib/libbz2.so.1.0.6
7fa9c16af000-7fa9c18ae000 ---p 0000f000 08:43 593233                     /usr/lib/libbz2.so.1.0.6
7fa9c18ae000-7fa9c18b0000 rw-p 0000e000 08:43 593233                     /usr/lib/libbz2.so.1.0.6
7fa9c18b0000-7fa9c19eb000 r-xp 00000000 08:43 1633332                    /usr/lib/libX11.so.6.3.0
7fa9c19eb000-7fa9c1bea000 ---p 0013b000 08:43 1633332                    /usr/lib/libX11.so.6.3.0
7fa9c1bea000-7fa9c1bec000 r--p 0013a000 08:43 1633332                    /usr/lib/libX11.so.6.3.0
7fa9c1bec000-7fa9c1bf1000 rw-p 0013c000 08:43 1633332                    /usr/lib/libX11.so.6.3.0
7fa9c1bf1000-7fa9c1bf2000 rw-p 00000000 00:00 0 
7fa9c1bf8000-7fa9c1c09000 r-xp 00000000 08:43 1633375                    /usr/lib/libXext.so.6.4.0
7fa9c1c09000-7fa9c1e08000 ---p 00011000 08:43 1633375                    /usr/lib/libXext.so.6.4.0
7fa9c1e08000-7fa9c1e09000 r--p 00010000 08:43 1633375                    /usr/lib/libXext.so.6.4.0
7fa9c1e09000-7fa9c1e0a000 rw-p 00011000 08:43 1633375                    /usr/lib/libXext.so.6.4.0
7fa9c1e10000-7fa9c1e4b000 r-xp 00000000 08:43 1633337                    /usr/lib/libfontconfig.so.1.8.0
7fa9c1e4b000-7fa9c204a000 ---p 0003b000 08:43 1633337                    /usr/lib/libfontconfig.so.1.8.0
7fa9c204a000-7fa9c204c000 r--p 0003a000 08:43 1633337                    /usr/lib/libfontconfig.so.1.8.0
7fa9c204c000-7fa9c204d000 rw-p 0003c000 08:43 1633337                    /usr/lib/libfontconfig.so.1.8.0
7fa9c2050000-7fa9c2052000 r-xp 00000000 08:43 1634880                    /usr/lib/libXinerama.so.1.0.0
7fa9c2052000-7fa9c2251000 ---p 00002000 08:43 1634880                    /usr/lib/libXinerama.so.1.0.0
7fa9c2251000-7fa9c2252000 r--p 00001000 08:43 1634880                    /usr/lib/libXinerama.so.1.0.0
7fa9c2252000-7fa9c2253000 rw-p 00002000 08:43 1634880                    /usr/lib/libXinerama.so.1.0.0
7fa9c2258000-7fa9c2262000 r-xp 00000000 08:43 1634360                    /usr/lib/libXcursor.so.1.0.2
7fa9c2262000-7fa9c2461000 ---p 0000a000 08:43 1634360                    /usr/lib/libXcursor.so.1.0.2
7fa9c2461000-7fa9c2462000 r--p 00009000 08:43 1634360                    /usr/lib/libXcursor.so.1.0.2
7fa9c2462000-7fa9c2463000 rw-p 0000a000 08:43 1634360                    /usr/lib/libXcursor.so.1.0.2
7fa9c2468000-7fa9c246d000 r-xp 00000000 08:43 1633381                    /usr/lib/libXfixes.so.3.1.0
7fa9c246d000-7fa9c266c000 ---p 00005000 08:43 1633381                    /usr/lib/libXfixes.so.3.1.0
7fa9c266c000-7fa9c266d000 r--p 00004000 08:43 1633381                    /usr/lib/libXfixes.so.3.1.0
7fa9c266d000-7fa9c266e000 rw-p 00005000 08:43 1633381                    /usr/lib/libXfixes.so.3.1.0
7fa9c2670000-7fa9c267a000 r-xp 00000000 08:43 1634354                    /usr/lib/libXrandr.so.2.2.0
7fa9c267a000-7fa9c2879000 ---p 0000a000 08:43 1634354                    /usr/lib/libXrandr.so.2.2.0
7fa9c2879000-7fa9c287a000 r--p 00009000 08:43 1634354                    /usr/lib/libXrandr.so.2.2.0
7fa9c287a000-7fa9c287b000 rw-p 0000a000 08:43 1634354                    /usr/lib/libXrandr.so.2.2.0
7fa9c2880000-7fa9c2889000 r-xp 00000000 08:43 1633503                    /usr/lib/libXrender.so.1.3.0
7fa9c2889000-7fa9c2a88000 ---p 00009000 08:43 1633503                    /usr/lib/libXrender.so.1.3.0
7fa9c2a88000-7fa9c2a89000 r--p 00008000 08:43 1633503                    /usr/lib/libXrender.so.1.3.0
7fa9c2a89000-7fa9c2a8a000 rw-p 00009000 08:43 1633503                    /usr/lib/libXrender.so.1.3.0
7fa9c2a90000-7fa9c2a9f000 r-xp 00000000 08:43 1633507                    /usr/lib/libXi.so.6.1.0
7fa9c2a9f000-7fa9c2c9f000 ---p 0000f000 08:43 1633507                    /usr/lib/libXi.so.6.1.0
7fa9c2c9f000-7fa9c2ca0000 r--p 0000f000 08:43 1633507                    /usr/lib/libXi.so.6.1.0
7fa9c2ca0000-7fa9c2ca1000 rw-p 00010000 08:43 1633507                    /usr/lib/libXi.so.6.1.0
7fa9c2ca8000-7fa9c2cc0000 r-xp 00000000 08:43 1633952                    /usr/lib/libICE.so.6.3.0
7fa9c2cc0000-7fa9c2ebf000 ---p 00018000 08:43 1633952                    /usr/lib/libICE.so.6.3.0
7fa9c2ebf000-7fa9c2ec0000 r--p 00017000 08:43 1633952                    /usr/lib/libICE.so.6.3.0
7fa9c2ec0000-7fa9c2ec1000 rw-p 00018000 08:43 1633952                    /usr/lib/libICE.so.6.3.0
7fa9c2ec1000-7fa9c2ec5000 rw-p 00000000 00:00 0 
7fa9c2ec8000-7fa9c2ecf000 r-xp 00000000 08:43 1633953                    /usr/lib/libSM.so.6.0.1
7fa9c2ecf000-7fa9c30ce000 ---p 00007000 08:43 1633953                    /usr/lib/libSM.so.6.0.1
7fa9c30ce000-7fa9c30cf000 r--p 00006000 08:43 1633953                    /usr/lib/libSM.so.6.0.1
7fa9c30cf000-7fa9c30d0000 rw-p 00007000 08:43 1633953                    /usr/lib/libSM.so.6.0.1
7fa9c30d0000-7fa9c3186000 r-xp 00000000 08:43 1633214                    /usr/lib/libfreetype.so.6.11.4
7fa9c3186000-7fa9c3386000 ---p 000b6000 08:43 1633214                    /usr/lib/libfreetype.so.6.11.4
7fa9c3386000-7fa9c338c000 r--p 000b6000 08:43 1633214                    /usr/lib/libfreetype.so.6.11.4
7fa9c338c000-7fa9c338d000 rw-p 000bc000 08:43 1633214                    /usr/lib/libfreetype.so.6.11.4
7fa9c3390000-7fa9c3db6000 r-xp 00000000 08:16 356                        /tmp/QtJambi_nathan_amd64_4.8.6_gcc-20150115-1633/lib/libQtGui.so.4
7fa9c3db6000-7fa9c3fb5000 ---p 00a26000 08:16 356                        /tmp/QtJambi_nathan_amd64_4.8.6_gcc-20150115-1633/lib/libQtGui.so.4
7fa9c3fb5000-7fa9c3ffd000 rw-p 00a25000 08:16 356                        /tmp/QtJambi_nathan_amd64_4.8.6_gcc-20150115-1633/lib/libQtGui.so.4
7fa9c3ffd000-7fa9c4000000 rw-p 00000000 00:00 0 
7fa9c4000000-7fa9c4021000 rw-p 00000000 00:00 0 
7fa9c4021000-7fa9c8000000 ---p 00000000 00:00 0 
7fa9c8000000-7fa9c8021000 rw-p 00000000 00:00 0 
7fa9c8021000-7fa9cc000000 ---p 00000000 00:00 0 
7fa9cc000000-7fa9cc021000 rw-p 00000000 00:00 0 
7fa9cc021000-7fa9d0000000 ---p 00000000 00:00 0 
7fa9d0000000-7fa9d0021000 rw-p 00000000 00:00 0 
7fa9d0021000-7fa9d4000000 ---p 00000000 00:00 0 
7fa9d4000000-7fa9d4148000 rw-p 00000000 00:00 0 
7fa9d4148000-7fa9d8000000 ---p 00000000 00:00 0 
7fa9d8000000-7fa9d8275000 rw-p 00000000 00:00 0 
7fa9d8275000-7fa9dc000000 ---p 00000000 00:00 0 
7fa9dc000000-7fa9dc021000 rw-p 00000000 00:00 0 
7fa9dc021000-7fa9e0000000 ---p 00000000 00:00 0 
7fa9e0000000-7fa9e0264000 rw-p 00000000 00:00 0 
7fa9e0264000-7fa9e4000000 ---p 00000000 00:00 0 
7fa9e4000000-7fa9e4021000 rw-p 00000000 00:00 0 
7fa9e4021000-7fa9e8000000 ---p 00000000 00:00 0 
7fa9e8000000-7fa9e8021000 rw-p 00000000 00:00 0 
7fa9e8021000-7fa9ec000000 ---p 00000000 00:00 0 
7fa9ec000000-7fa9ec03e000 rw-p 00000000 00:00 0 
7fa9ec03e000-7fa9f0000000 ---p 00000000 00:00 0 
7fa9f00a0000-7fa9f00c5000 r--p 00000000 08:43 835678                     /usr/share/fonts/DroidFonts/DroidSans.ttf
7fa9f00c7000-7fa9f00ca000 ---p 00000000 00:00 0 
7fa9f00ca000-7fa9f0100000 rw-p 00000000 00:00 0                          [stack:13803]
7fa9f0100000-7fa9f0119000 r--s 00000000 08:15 131292                     /var/cache/fontconfig/8d4af663993b81a124ee82e610bb31f9-le64.cache-4
7fa9f0120000-7fa9f012a000 r--s 00000000 08:15 132268                     /var/cache/fontconfig/d62e99ef547d1d24cdb1bd22ec1a2976-le64.cache-4
7fa9f0130000-7fa9f0165000 r-xp 00000000 08:43 1633202                    /usr/lib/libpng16.so.16.16.0
7fa9f0165000-7fa9f0364000 ---p 00035000 08:43 1633202                    /usr/lib/libpng16.so.16.16.0
7fa9f0364000-7fa9f0365000 r--p 00034000 08:43 1633202                    /usr/lib/libpng16.so.16.16.0
7fa9f0365000-7fa9f0366000 rw-p 00035000 08:43 1633202                    /usr/lib/libpng16.so.16.16.0
7fa9f0368000-7fa9f0548000 r-xp 00000000 08:16 410                        /tmp/QtJambi_nathan_amd64_4.8.6_gcc-20150115-1633/lib/libcom_trolltech_qt_core.so.1
7fa9f0548000-7fa9f0747000 ---p 001e0000 08:16 410                        /tmp/QtJambi_nathan_amd64_4.8.6_gcc-20150115-1633/lib/libcom_trolltech_qt_core.so.1
7fa9f0747000-7fa9f075a000 rw-p 001df000 08:16 410                        /tmp/QtJambi_nathan_amd64_4.8.6_gcc-20150115-1633/lib/libcom_trolltech_qt_core.so.1
7fa9f075f000-7fa9f0762000 ---p 00000000 00:00 0 
7fa9f0762000-7fa9f0860000 rw-p 00000000 00:00 0 
7fa9f0860000-7fa9f08aa000 r-xp 00000000 08:16 409                        /tmp/QtJambi_nathan_amd64_4.8.6_gcc-20150115-1633/lib/libqtjambi.so.1
7fa9f08aa000-7fa9f0aa9000 ---p 0004a000 08:16 409                        /tmp/QtJambi_nathan_amd64_4.8.6_gcc-20150115-1633/lib/libqtjambi.so.1
7fa9f0aa9000-7fa9f0aab000 rw-p 00049000 08:16 409                        /tmp/QtJambi_nathan_amd64_4.8.6_gcc-20150115-1633/lib/libqtjambi.so.1
7fa9f0ab0000-7fa9f0b1e000 r-xp 00000000 08:43 595946                     /usr/lib/libpcre.so.1.2.5
7fa9f0b1e000-7fa9f0d1e000 ---p 0006e000 08:43 595946                     /usr/lib/libpcre.so.1.2.5
7fa9f0d1e000-7fa9f0d1f000 r--p 0006e000 08:43 595946                     /usr/lib/libpcre.so.1.2.5
7fa9f0d1f000-7fa9f0d20000 rw-p 0006f000 08:43 595946                     /usr/lib/libpcre.so.1.2.5
7fa9f0d20000-7fa9f0d36000 r-xp 00000000 08:43 592258                     /usr/lib/libgcc_s.so.1
7fa9f0d36000-7fa9f0f35000 ---p 00016000 08:43 592258                     /usr/lib/libgcc_s.so.1
7fa9f0f35000-7fa9f0f36000 rw-p 00015000 08:43 592258                     /usr/lib/libgcc_s.so.1
7fa9f0f38000-7fa9f10aa000 r-xp 00000000 08:43 592265                     /usr/lib/libstdc++.so.6.0.21
7fa9f10aa000-7fa9f12aa000 ---p 00172000 08:43 592265                     /usr/lib/libstdc++.so.6.0.21
7fa9f12aa000-7fa9f12b4000 r--p 00172000 08:43 592265                     /usr/lib/libstdc++.so.6.0.21
7fa9f12b4000-7fa9f12b6000 rw-p 0017c000 08:43 592265                     /usr/lib/libstdc++.so.6.0.21
7fa9f12b6000-7fa9f12ba000 rw-p 00000000 00:00 0 
7fa9f12c0000-7fa9f13cc000 r-xp 00000000 08:43 596094                     /usr/lib/libglib-2.0.so.0.4400.1
7fa9f13cc000-7fa9f15cb000 ---p 0010c000 08:43 596094                     /usr/lib/libglib-2.0.so.0.4400.1
7fa9f15cb000-7fa9f15cc000 r--p 0010b000 08:43 596094                     /usr/lib/libglib-2.0.so.0.4400.1
7fa9f15cc000-7fa9f15cd000 rw-p 0010c000 08:43 596094                     /usr/lib/libglib-2.0.so.0.4400.1
7fa9f15cd000-7fa9f15ce000 rw-p 00000000 00:00 0 
7fa9f15d0000-7fa9f15d1000 r-xp 00000000 08:43 596096                     /usr/lib/libgthread-2.0.so.0.4400.1
7fa9f15d1000-7fa9f17d0000 ---p 00001000 08:43 596096                     /usr/lib/libgthread-2.0.so.0.4400.1
7fa9f17d0000-7fa9f17d1000 r--p 00000000 08:43 596096                     /usr/lib/libgthread-2.0.so.0.4400.1
7fa9f17d1000-7fa9f17d2000 rw-p 00001000 08:43 596096                     /usr/lib/libgthread-2.0.so.0.4400.1
7fa9f17d8000-7fa9f17ed000 r-xp 00000000 08:43 593353                     /usr/lib/libz.so.1.2.8
7fa9f17ed000-7fa9f19ec000 ---p 00015000 08:43 593353                     /usr/lib/libz.so.1.2.8
7fa9f19ec000-7fa9f19ed000 r--p 00014000 08:43 593353                     /usr/lib/libz.so.1.2.8
7fa9f19ed000-7fa9f19ee000 rw-p 00015000 08:43 593353                     /usr/lib/libz.so.1.2.8
7fa9f19f0000-7fa9f19f2000 r--s 00000000 08:15 132569                     /var/cache/fontconfig/452f1fac34b224105d7acfae3034bcd5-le64.cache-4
7fa9f19f8000-7fa9f1a12000 r--s 00000000 08:15 132267                     /var/cache/fontconfig/f6b893a7224233d96cb72fd88691c0b4-le64.cache-4
7fa9f1a18000-7fa9f1a21000 r--s 00000000 08:15 131587                     /var/cache/fontconfig/f349e9996a5320f6dd491cedd2b1f964-le64.cache-4
7fa9f1a28000-7fa9f1a2c000 r--s 00000000 08:15 132192                     /var/cache/fontconfig/b73e16be9ca2559ca7e110fc1e6dd9a0-le64.cache-4
7fa9f1a30000-7fa9f1a36000 r--s 00000000 00:22 947533                     /home/nathan/.cache/fontconfig/5829bd88d4010a90cc0bcdebd73e5372-le64.cache-4
7fa9f1a38000-7fa9f1d0e000 r-xp 00000000 08:16 355                        /tmp/QtJambi_nathan_amd64_4.8.6_gcc-20150115-1633/lib/libQtCore.so.4
7fa9f1d0e000-7fa9f1f0d000 ---p 002d6000 08:16 355                        /tmp/QtJambi_nathan_amd64_4.8.6_gcc-20150115-1633/lib/libQtCore.so.4
7fa9f1f0d000-7fa9f1f19000 rw-p 002d5000 08:16 355                        /tmp/QtJambi_nathan_amd64_4.8.6_gcc-20150115-1633/lib/libQtCore.so.4
7fa9f1f19000-7fa9f1f1a000 rw-p 00000000 00:00 0 
7fa9f1f1a000-7fa9f1f1c000 r--s 0001a000 00:22 153131                     /home/nathan/jdk1.8.0_31/jre/lib/jce.jar
7fa9f1f1c000-7fa9f1f20000 r--s 00094000 00:22 153135                     /home/nathan/jdk1.8.0_31/jre/lib/jsse.jar
7fa9f1f27000-7fa9f1f58000 rw-p 00000000 00:00 0 
7fa9f1f58000-7fa9f1f6e000 r-xp 00000000 00:22 153190                     /home/nathan/jdk1.8.0_31/jre/lib/amd64/libnet.so
7fa9f1f6e000-7fa9f216e000 ---p 00016000 00:22 153190                     /home/nathan/jdk1.8.0_31/jre/lib/amd64/libnet.so
7fa9f216e000-7fa9f216f000 rw-p 00016000 00:22 153190                     /home/nathan/jdk1.8.0_31/jre/lib/amd64/libnet.so
7fa9f216f000-7fa9f2172000 ---p 00000000 00:00 0 
7fa9f2172000-7fa9f2270000 rw-p 00000000 00:00 0                          [stack:13799]
7fa9f2270000-7fa9f2271000 r-xp 00000000 00:22 615013                     /home/nathan/exec/idea-IC-141.713.2/bin/libbreakgen64.so
7fa9f2271000-7fa9f2470000 ---p 00001000 00:22 615013                     /home/nathan/exec/idea-IC-141.713.2/bin/libbreakgen64.so
7fa9f2470000-7fa9f2471000 r--p 00000000 00:22 615013                     /home/nathan/exec/idea-IC-141.713.2/bin/libbreakgen64.so
7fa9f2471000-7fa9f2472000 rw-p 00001000 00:22 615013                     /home/nathan/exec/idea-IC-141.713.2/bin/libbreakgen64.so
7fa9f2476000-7fa9f2478000 r--s 00016000 00:22 1442727                    /home/nathan/exec/idea-IC-141.713.2/lib/idea_rt.jar
7fa9f247f000-7fa9f2481000 r--s 00017000 00:22 1446554                    /home/nathan/Projects/java/lib/ini4j-0.5.4/ini4j-0.5.4.jar
7fa9f2483000-7fa9f2486000 r--s 01da3000 00:22 1433889                    /home/nathan/Projects/java/lib/qtjambi-4.8.6.1-linux64/qtjambi-native-linux64-gcc-4.8.6.jar
7fa9f2487000-7fa9f2495000 r--s 0046f000 00:22 1433887                    /home/nathan/Projects/java/lib/qtjambi-4.8.6.1-linux64/qtjambi-examples-4.8.6.jar
7fa9f2497000-7fa9f24c1000 r--s 002df000 00:22 1433885                    /home/nathan/Projects/java/lib/qtjambi-4.8.6.1-linux64/qtjambi-4.8.6.jar
7fa9f24c4000-7fa9f24c9000 r--s 00084000 00:22 153133                     /home/nathan/jdk1.8.0_31/jre/lib/jfr.jar
7fa9f24c9000-7fa9f24d3000 r--s 00069000 00:22 153130                     /home/nathan/jdk1.8.0_31/jre/lib/javaws.jar
7fa9f24d4000-7fa9f24ed000 r--s 001ec000 00:22 153114                     /home/nathan/jdk1.8.0_31/jre/lib/deploy.jar
7fa9f24f4000-7fa9f2507000 r--s 00344000 00:22 153144                     /home/nathan/jdk1.8.0_31/jre/lib/resources.jar
7fa9f250d000-7fa9f2520000 r--s 000d5000 00:22 153141                     /home/nathan/jdk1.8.0_31/jre/lib/plugin.jar
7fa9f2522000-7fa9f2523000 ---p 00000000 00:00 0 
7fa9f2523000-7fa9f2623000 rw-p 00000000 00:00 0 
7fa9f2623000-7fa9f2626000 ---p 00000000 00:00 0 
7fa9f2626000-7fa9f2724000 rw-p 00000000 00:00 0                          [stack:13791]
7fa9f2724000-7fa9f2727000 ---p 00000000 00:00 0 
7fa9f2727000-7fa9f2825000 rw-p 00000000 00:00 0                          [stack:13790]
7fa9f2825000-7fa9f2828000 ---p 00000000 00:00 0 
7fa9f2828000-7fa9f2926000 rw-p 00000000 00:00 0                          [stack:13789]
7fa9f2926000-7fa9f2929000 ---p 00000000 00:00 0 
7fa9f2929000-7fa9f2a27000 rw-p 00000000 00:00 0                          [stack:13788]
7fa9f2a27000-7fa9f2a2a000 ---p 00000000 00:00 0 
7fa9f2a2a000-7fa9f2b28000 rw-p 00000000 00:00 0                          [stack:13787]
7fa9f2b28000-7fa9f2ced000 r--p 00000000 08:43 602299                     /usr/lib/locale/locale-archive
7fa9f2ced000-7fa9f2cf0000 ---p 00000000 00:00 0 
7fa9f2cf0000-7fa9f2dee000 rw-p 00000000 00:00 0                          [stack:13783]
7fa9f2dee000-7fa9f2df1000 ---p 00000000 00:00 0 
7fa9f2df1000-7fa9f2eef000 rw-p 00000000 00:00 0                          [stack:13782]
7fa9f2eef000-7fa9f2ef0000 ---p 00000000 00:00 0 
7fa9f2ef0000-7fa9f4000000 rw-p 00000000 00:00 0 
7fa9f4000000-7fa9f4021000 rw-p 00000000 00:00 0 
7fa9f4021000-7fa9f8000000 ---p 00000000 00:00 0 
7fa9f8000000-7fa9f8001000 r--s 00000000 08:15 131663                     /var/cache/fontconfig/6ba42ae0000f58711b5caaf10d690066-le64.cache-4
7fa9f8008000-7fa9f800a000 r--s 00008000 00:22 1433886                    /home/nathan/Projects/java/lib/qtjambi-4.8.6.1-linux64/qtjambi-designer-4.8.6.jar
7fa9f800b000-7fa9fc000000 rw-p 00000000 00:00 0 
7fa9fc000000-7fa9fc021000 rw-p 00000000 00:00 0 
7fa9fc021000-7faa00000000 ---p 00000000 00:00 0 
7faa00000000-7faa00021000 rw-p 00000000 00:00 0 
7faa00021000-7faa04000000 ---p 00000000 00:00 0 
7faa04000000-7faa04021000 rw-p 00000000 00:00 0 
7faa04021000-7faa08000000 ---p 00000000 00:00 0 
7faa08000000-7faa08021000 rw-p 00000000 00:00 0 
7faa08021000-7faa0c000000 ---p 00000000 00:00 0 
7faa0c000000-7faa0c021000 rw-p 00000000 00:00 0 
7faa0c021000-7faa10000000 ---p 00000000 00:00 0 
7faa10007000-7faa10009000 r--s 00007000 00:22 153134                     /home/nathan/jdk1.8.0_31/jre/lib/jfxswt.jar
7faa10010000-7faa10015000 r--s 002f8000 00:22 153108                     /home/nathan/jdk1.8.0_31/jre/lib/charsets.jar
7faa10015000-7faa11000000 rw-p 00000000 00:00 0 
7faa11000000-7faa112a0000 rwxp 00000000 00:00 0 
7faa112a0000-7faa20000000 ---p 00000000 00:00 0 
7faa20000000-7faa20703000 rw-p 00000000 00:00 0 
7faa20703000-7faa24000000 ---p 00000000 00:00 0 
7faa24000000-7faa24001000 r--s 00000000 08:15 132189                     /var/cache/fontconfig/f82a023eef781fa08a967b9632ad97a0-le64.cache-4
7faa24008000-7faa24009000 r--s 00000000 00:22 153138                     /home/nathan/jdk1.8.0_31/jre/lib/management-agent.jar
7faa2400c000-7faa24010000 r--s 00094000 00:22 153135                     /home/nathan/jdk1.8.0_31/jre/lib/jsse.jar
7faa24012000-7faa24014000 r--s 0001a000 00:22 153131                     /home/nathan/jdk1.8.0_31/jre/lib/jce.jar
7faa24016000-7faa24086000 rw-p 00000000 00:00 0 
7faa24086000-7faa2425c000 r--s 03cae000 00:22 153145                     /home/nathan/jdk1.8.0_31/jre/lib/rt.jar
7faa24262000-7faa242d8000 rw-p 00000000 00:00 0 
7faa242d8000-7faa242d9000 ---p 00000000 00:00 0 
7faa242d9000-7faa243d9000 rw-p 00000000 00:00 0                          [stack:13773]
7faa243d9000-7faa243da000 ---p 00000000 00:00 0 
7faa243da000-7faa244da000 rw-p 00000000 00:00 0                          [stack:13772]
7faa244da000-7faa244db000 ---p 00000000 00:00 0 
7faa244db000-7faa245db000 rw-p 00000000 00:00 0                          [stack:13771]
7faa245db000-7faa245dc000 ---p 00000000 00:00 0 
7faa245dc000-7faa246dc000 rw-p 00000000 00:00 0                          [stack:13770]
7faa246dc000-7faa246dd000 ---p 00000000 00:00 0 
7faa246dd000-7faa247dd000 rw-p 00000000 00:00 0                          [stack:13769]
7faa247dd000-7faa247de000 ---p 00000000 00:00 0 
7faa247de000-7faa24908000 rw-p 00000000 00:00 0                          [stack:13768]
7faa24908000-7faa24b78000 ---p 00000000 00:00 0 
7faa24b78000-7faa24ba2000 rw-p 00000000 00:00 0 
7faa24ba2000-7faa24e12000 ---p 00000000 00:00 0 
7faa24e12000-7faa24e27000 rw-p 00000000 00:00 0 
7faa24e27000-7faa24f5f000 ---p 00000000 00:00 0 
7faa24f5f000-7faa24f6b000 rw-p 00000000 00:00 0 
7faa24f6b000-7faa25320000 ---p 00000000 00:00 0 
7faa25320000-7faa2533a000 r-xp 00000000 00:22 153204                     /home/nathan/jdk1.8.0_31/jre/lib/amd64/libzip.so
7faa2533a000-7faa2553a000 ---p 0001a000 00:22 153204                     /home/nathan/jdk1.8.0_31/jre/lib/amd64/libzip.so
7faa2553a000-7faa2553b000 rw-p 0001a000 00:22 153204                     /home/nathan/jdk1.8.0_31/jre/lib/amd64/libzip.so
7faa25540000-7faa2554b000 r-xp 00000000 08:43 592158                     /usr/lib/libnss_files-2.21.so
7faa2554b000-7faa2574b000 ---p 0000b000 08:43 592158                     /usr/lib/libnss_files-2.21.so
7faa2574b000-7faa2574c000 r--p 0000b000 08:43 592158                     /usr/lib/libnss_files-2.21.so
7faa2574c000-7faa2574d000 rw-p 0000c000 08:43 592158                     /usr/lib/libnss_files-2.21.so
7faa25750000-7faa2577a000 r-xp 00000000 00:22 153169                     /home/nathan/jdk1.8.0_31/jre/lib/amd64/libjava.so
7faa2577a000-7faa2597a000 ---p 0002a000 00:22 153169                     /home/nathan/jdk1.8.0_31/jre/lib/amd64/libjava.so
7faa2597a000-7faa2597c000 rw-p 0002a000 00:22 153169                     /home/nathan/jdk1.8.0_31/jre/lib/amd64/libjava.so
7faa25980000-7faa2598d000 r-xp 00000000 00:22 153203                     /home/nathan/jdk1.8.0_31/jre/lib/amd64/libverify.so
7faa2598d000-7faa25b8d000 ---p 0000d000 00:22 153203                     /home/nathan/jdk1.8.0_31/jre/lib/amd64/libverify.so
7faa25b8d000-7faa25b8f000 rw-p 0000d000 00:22 153203                     /home/nathan/jdk1.8.0_31/jre/lib/amd64/libverify.so
7faa25b90000-7faa25b97000 r-xp 00000000 08:43 592189                     /usr/lib/librt-2.21.so
7faa25b97000-7faa25d96000 ---p 00007000 08:43 592189                     /usr/lib/librt-2.21.so
7faa25d96000-7faa25d97000 r--p 00006000 08:43 592189                     /usr/lib/librt-2.21.so
7faa25d97000-7faa25d98000 rw-p 00007000 08:43 592189                     /usr/lib/librt-2.21.so
7faa25d98000-7faa25e9b000 r-xp 00000000 08:43 592214                     /usr/lib/libm-2.21.so
7faa25e9b000-7faa2609a000 ---p 00103000 08:43 592214                     /usr/lib/libm-2.21.so
7faa2609a000-7faa2609b000 r--p 00102000 08:43 592214                     /usr/lib/libm-2.21.so
7faa2609b000-7faa2609c000 rw-p 00103000 08:43 592214                     /usr/lib/libm-2.21.so
7faa260a0000-7faa26d0e000 r-xp 00000000 00:22 153207                     /home/nathan/jdk1.8.0_31/jre/lib/amd64/server/libjvm.so
7faa26d0e000-7faa26f0d000 ---p 00c6e000 00:22 153207                     /home/nathan/jdk1.8.0_31/jre/lib/amd64/server/libjvm.so
7faa26f0d000-7faa26fe3000 rw-p 00c6d000 00:22 153207                     /home/nathan/jdk1.8.0_31/jre/lib/amd64/server/libjvm.so
7faa26fe3000-7faa27026000 rw-p 00000000 00:00 0 
7faa27028000-7faa271c1000 r-xp 00000000 08:43 592168                     /usr/lib/libc-2.21.so
7faa271c1000-7faa273c0000 ---p 00199000 08:43 592168                     /usr/lib/libc-2.21.so
7faa273c0000-7faa273c4000 r--p 00198000 08:43 592168                     /usr/lib/libc-2.21.so
7faa273c4000-7faa273c6000 rw-p 0019c000 08:43 592168                     /usr/lib/libc-2.21.so
7faa273c6000-7faa273ca000 rw-p 00000000 00:00 0 
7faa273d0000-7faa273d3000 r-xp 00000000 08:43 592197                     /usr/lib/libdl-2.21.so
7faa273d3000-7faa275d2000 ---p 00003000 08:43 592197                     /usr/lib/libdl-2.21.so
7faa275d2000-7faa275d3000 r--p 00002000 08:43 592197                     /usr/lib/libdl-2.21.so
7faa275d3000-7faa275d4000 rw-p 00003000 08:43 592197                     /usr/lib/libdl-2.21.so
7faa275d8000-7faa275ed000 r-xp 00000000 00:22 153380                     /home/nathan/jdk1.8.0_31/lib/amd64/jli/libjli.so
7faa275ed000-7faa277ec000 ---p 00015000 00:22 153380                     /home/nathan/jdk1.8.0_31/lib/amd64/jli/libjli.so
7faa277ec000-7faa277ed000 rw-p 00014000 00:22 153380                     /home/nathan/jdk1.8.0_31/lib/amd64/jli/libjli.so
7faa277f0000-7faa27808000 r-xp 00000000 08:43 592188                     /usr/lib/libpthread-2.21.so
7faa27808000-7faa27a07000 ---p 00018000 08:43 592188                     /usr/lib/libpthread-2.21.so
7faa27a07000-7faa27a08000 r--p 00017000 08:43 592188                     /usr/lib/libpthread-2.21.so
7faa27a08000-7faa27a09000 rw-p 00018000 08:43 592188                     /usr/lib/libpthread-2.21.so
7faa27a09000-7faa27a0d000 rw-p 00000000 00:00 0 
7faa27a10000-7faa27a32000 r-xp 00000000 08:43 592210                     /usr/lib/ld-2.21.so
7faa27a33000-7faa27b20000 rw-p 00000000 00:00 0 
7faa27b20000-7faa27b28000 rw-s 00000000 08:16 347                        /tmp/hsperfdata_nathan/13765 (deleted)
7faa27b2d000-7faa27b2e000 r--p 00000000 00:00 0 
7faa27b2e000-7faa27b2f000 rw-p 00000000 00:00 0 
7faa27b2f000-7faa27b30000 ---p 00000000 00:00 0 
7faa27b30000-7faa27b33000 ---p 00000000 00:00 0 
7faa27b33000-7faa27c31000 rw-p 00000000 00:00 0                          [stack:13766]
7faa27c31000-7faa27c32000 r--p 00021000 08:43 592210                     /usr/lib/ld-2.21.so
7faa27c32000-7faa27c33000 rw-p 00022000 08:43 592210                     /usr/lib/ld-2.21.so
7faa27c33000-7faa27c35000 rw-p 00000000 00:00 0 
7faa27c35000-7faa27c39000 rw-p 00000000 00:00 0 
7ffe0e1b7000-7ffe0e1d8000 rw-p 00000000 00:00 0                          [stack]
7ffe0e1e0000-7ffe0e1e2000 r--p 00000000 00:00 0                          [vvar]
7ffe0e1e2000-7ffe0e1e4000 r-xp 00000000 00:00 0                          [vdso]
ffffffffff600000-ffffffffff601000 r-xp 00000000 00:00 0                  [vsyscall]

VM Arguments:
jvm_args: -Didea.launcher.port=7539 -Didea.launcher.bin.path=/home/nathan/exec/idea-IC-141.713.2/bin -Dfile.encoding=US-ASCII 
java_command: com.intellij.rt.execution.application.AppMain be.monfils.JExplorer.JExplorer
java_class_path (initial): /home/nathan/jdk1.8.0_31/jre/lib/plugin.jar:/home/nathan/jdk1.8.0_31/jre/lib/jce.jar:/home/nathan/jdk1.8.0_31/jre/lib/jsse.jar:/home/nathan/jdk1.8.0_31/jre/lib/resources.jar:/home/nathan/jdk1.8.0_31/jre/lib/management-agent.jar:/home/nathan/jdk1.8.0_31/jre/lib/deploy.jar:/home/nathan/jdk1.8.0_31/jre/lib/rt.jar:/home/nathan/jdk1.8.0_31/jre/lib/charsets.jar:/home/nathan/jdk1.8.0_31/jre/lib/javaws.jar:/home/nathan/jdk1.8.0_31/jre/lib/jfxswt.jar:/home/nathan/jdk1.8.0_31/jre/lib/jfr.jar:/home/nathan/jdk1.8.0_31/jre/lib/ext/sunjce_provider.jar:/home/nathan/jdk1.8.0_31/jre/lib/ext/sunpkcs11.jar:/home/nathan/jdk1.8.0_31/jre/lib/ext/jfxrt.jar:/home/nathan/jdk1.8.0_31/jre/lib/ext/dnsns.jar:/home/nathan/jdk1.8.0_31/jre/lib/ext/cldrdata.jar:/home/nathan/jdk1.8.0_31/jre/lib/ext/localedata.jar:/home/nathan/jdk1.8.0_31/jre/lib/ext/nashorn.jar:/home/nathan/jdk1.8.0_31/jre/lib/ext/zipfs.jar:/home/nathan/jdk1.8.0_31/jre/lib/ext/sunec.jar:/home/nathan/Projects/java/JExplorer/out/production/JExplorer:/home/nathan/Projects/java/lib/qtjambi-4.8.6.1-linux64/qtjambi-4.8.6.jar:/home/nathan/Projects/java/lib/qtjambi-4.8.6.1-linux64/qtjambi-designer-4.8.6.jar:/home/nathan/Projects/java/lib/qtjambi-4.8.6.1-linux64/qtjambi-examples-4.8.6.jar:/home/nathan/Projects/java/lib/qtjambi-4.8.6.1-linux64/qtjambi-native-linux64-gcc-4.8.6.jar:/home/nathan/Projects/java/lib/ini4j-0.5.4/ini4j-0.5.4.jar:/home/nathan/exec/idea-IC-141.713.2/lib/idea_rt.jar
Launcher Type: SUN_STANDARD

Environment Variables:
PATH=/usr/local/sbin:/usr/local/bin:/usr/bin:/usr/lib/jvm/default/bin:/usr/bin/site_perl:/usr/bin/vendor_perl:/usr/bin/core_perl:/usr/sbin
LD_LIBRARY_PATH=/home/nathan/exec/idea-IC-141.713.2/bin:
SHELL=/bin/zsh
DISPLAY=:0

Signal Handlers:
SIGSEGV: [libjvm.so+0xa7a650], sa_mask[0]=11111111011111111101111111111110, sa_flags=SA_RESTART|SA_SIGINFO
SIGBUS: [libjvm.so+0xa7a650], sa_mask[0]=11111111011111111101111111111110, sa_flags=SA_RESTART|SA_SIGINFO
SIGFPE: [libjvm.so+0x8e28f0], sa_mask[0]=11111111011111111101111111111110, sa_flags=SA_RESTART|SA_SIGINFO
SIGPIPE: [libjvm.so+0x8e28f0], sa_mask[0]=11111111011111111101111111111110, sa_flags=SA_RESTART|SA_SIGINFO
SIGXFSZ: [libjvm.so+0x8e28f0], sa_mask[0]=11111111011111111101111111111110, sa_flags=SA_RESTART|SA_SIGINFO
SIGILL: [libjvm.so+0x8e28f0], sa_mask[0]=11111111011111111101111111111110, sa_flags=SA_RESTART|SA_SIGINFO
SIGUSR1: SIG_DFL, sa_mask[0]=00000000000000000000000000000000, sa_flags=none
SIGUSR2: [libjvm.so+0x8e4120], sa_mask[0]=00100000000000000000000000000000, sa_flags=SA_RESTART|SA_SIGINFO
SIGHUP: [libjvm.so+0x8e54e0], sa_mask[0]=11111111011111111101111111111110, sa_flags=SA_RESTART|SA_SIGINFO
SIGINT: [libjvm.so+0x8e54e0], sa_mask[0]=11111111011111111101111111111110, sa_flags=SA_RESTART|SA_SIGINFO
SIGTERM: [libjvm.so+0x8e54e0], sa_mask[0]=11111111011111111101111111111110, sa_flags=SA_RESTART|SA_SIGINFO
SIGQUIT: [libjvm.so+0x8e54e0], sa_mask[0]=11111111011111111101111111111110, sa_flags=SA_RESTART|SA_SIGINFO


---------------  S Y S T E M  ---------------

OS:NAME="Arch Linux"
ID=arch
PRETTY_NAME="Arch Linux"
ANSI_COLOR="0;36"
HOME_URL="https://www.archlinux.org/"
SUPPORT_URL="https://bbs.archlinux.org/"
BUG_REPORT_URL="https://bugs.archlinux.org/"


uname:Linux 4.0.4-2-ARCH #1 SMP PREEMPT Fri May 22 03:05:23 UTC 2015 x86_64
libc:glibc 2.21 NPTL 2.21 
rlimit: STACK 8192k, CORE 0k, NPROC 31669, NOFILE 4096, AS infinity
load average:2.01 0.97 0.60

/proc/meminfo:
MemTotal:        8178552 kB
MemFree:         1406468 kB
MemAvailable:    4839464 kB
Buffers:           79232 kB
Cached:          3544096 kB
SwapCached:            0 kB
Active:          4838876 kB
Inactive:        1553404 kB
Active(anon):    2772448 kB
Inactive(anon):    91344 kB
Active(file):    2066428 kB
Inactive(file):  1462060 kB
Unevictable:        1288 kB
Mlocked:            1288 kB
SwapTotal:             0 kB
SwapFree:              0 kB
Dirty:             21384 kB
Writeback:             0 kB
AnonPages:       2770336 kB
Mapped:           570684 kB
Shmem:             94840 kB
Slab:             186380 kB
SReclaimable:     146888 kB
SUnreclaim:        39492 kB
KernelStack:       10016 kB
PageTables:        43960 kB
NFS_Unstable:          0 kB
Bounce:                0 kB
WritebackTmp:          0 kB
CommitLimit:     4089276 kB
Committed_AS:    7702004 kB
VmallocTotal:   34359738367 kB
VmallocUsed:      349024 kB
VmallocChunk:   34359384572 kB
HardwareCorrupted:     0 kB
AnonHugePages:   1226752 kB
HugePages_Total:       0
HugePages_Free:        0
HugePages_Rsvd:        0
HugePages_Surp:        0
Hugepagesize:       2048 kB
DirectMap4k:      899008 kB
DirectMap2M:     7487488 kB
DirectMap1G:           0 kB


CPU:total 6 (6 cores per cpu, 1 threads per core) family 21 model 2 stepping 0, cmov, cx8, fxsr, mmx, sse, sse2, sse3, ssse3, sse4.1, sse4.2, popcnt, avx, aes, clmul, mmxext, 3dnowpref, lzcnt, sse4a, tsc, tscinvbit, tscinv, bmi1

/proc/cpuinfo:
processor	: 0
vendor_id	: AuthenticAMD
cpu family	: 21
model		: 2
model name	: AMD FX(tm)-6300 Six-Core Processor
stepping	: 0
microcode	: 0x6000832
cpu MHz		: 1400.000
cache size	: 2048 KB
physical id	: 0
siblings	: 6
core id		: 0
cpu cores	: 3
apicid		: 0
initial apicid	: 0
fpu		: yes
fpu_exception	: yes
cpuid level	: 13
wp		: yes
flags		: fpu vme de pse tsc msr pae mce cx8 apic sep mtrr pge mca cmov pat pse36 clflush mmx fxsr sse sse2 ht syscall nx mmxext fxsr_opt pdpe1gb rdtscp lm constant_tsc rep_good nopl nonstop_tsc extd_apicid aperfmperf pni pclmulqdq monitor ssse3 fma cx16 sse4_1 sse4_2 popcnt aes xsave avx f16c lahf_lm cmp_legacy svm extapic cr8_legacy abm sse4a misalignsse 3dnowprefetch osvw ibs xop skinit wdt lwp fma4 tce nodeid_msr tbm topoext perfctr_core perfctr_nb arat cpb hw_pstate npt lbrv svm_lock nrip_save tsc_scale vmcb_clean flushbyasid decodeassists pausefilter pfthreshold vmmcall bmi1
bugs		: fxsave_leak
bogomips	: 7034.43
TLB size	: 1536 4K pages
clflush size	: 64
cache_alignment	: 64
address sizes	: 48 bits physical, 48 bits virtual
power management: ts ttp tm 100mhzsteps hwpstate cpb eff_freq_ro

processor	: 1
vendor_id	: AuthenticAMD
cpu family	: 21
model		: 2
model name	: AMD FX(tm)-6300 Six-Core Processor             
stepping	: 0
microcode	: 0x6000832
cpu MHz		: 3500.000
cache size	: 2048 KB
physical id	: 0
siblings	: 6
core id		: 1
cpu cores	: 3
apicid		: 1
initial apicid	: 1
fpu		: yes
fpu_exception	: yes
cpuid level	: 13
wp		: yes
flags		: fpu vme de pse tsc msr pae mce cx8 apic sep mtrr pge mca cmov pat pse36 clflush mmx fxsr sse sse2 ht syscall nx mmxext fxsr_opt pdpe1gb rdtscp lm constant_tsc rep_good nopl nonstop_tsc extd_apicid aperfmperf pni pclmulqdq monitor ssse3 fma cx16 sse4_1 sse4_2 popcnt aes xsave avx f16c lahf_lm cmp_legacy svm extapic cr8_legacy abm sse4a misalignsse 3dnowprefetch osvw ibs xop skinit wdt lwp fma4 tce nodeid_msr tbm topoext perfctr_core perfctr_nb arat cpb hw_pstate npt lbrv svm_lock nrip_save tsc_scale vmcb_clean flushbyasid decodeassists pausefilter pfthreshold vmmcall bmi1
bugs		: fxsave_leak
bogomips	: 7034.43
TLB size	: 1536 4K pages
clflush size	: 64
cache_alignment	: 64
address sizes	: 48 bits physical, 48 bits virtual
power management: ts ttp tm 100mhzsteps hwpstate cpb eff_freq_ro

processor	: 2
vendor_id	: AuthenticAMD
cpu family	: 21
model		: 2
model name	: AMD FX(tm)-6300 Six-Core Processor             
stepping	: 0
microcode	: 0x6000832
cpu MHz		: 1400.000
cache size	: 2048 KB
physical id	: 0
siblings	: 6
core id		: 2
cpu cores	: 3
apicid		: 2
initial apicid	: 2
fpu		: yes
fpu_exception	: yes
cpuid level	: 13
wp		: yes
flags		: fpu vme de pse tsc msr pae mce cx8 apic sep mtrr pge mca cmov pat pse36 clflush mmx fxsr sse sse2 ht syscall nx mmxext fxsr_opt pdpe1gb rdtscp lm constant_tsc rep_good nopl nonstop_tsc extd_apicid aperfmperf pni pclmulqdq monitor ssse3 fma cx16 sse4_1 sse4_2 popcnt aes xsave avx f16c lahf_lm cmp_legacy svm extapic cr8_legacy abm sse4a misalignsse 3dnowprefetch osvw ibs xop skinit wdt lwp fma4 tce nodeid_msr tbm topoext perfctr_core perfctr_nb arat cpb hw_pstate npt lbrv svm_lock nrip_save tsc_scale vmcb_clean flushbyasid decodeassists pausefilter pfthreshold vmmcall bmi1
bugs		: fxsave_leak
bogomips	: 7034.43
TLB size	: 1536 4K pages
clflush size	: 64
cache_alignment	: 64
address sizes	: 48 bits physical, 48 bits virtual
power management: ts ttp tm 100mhzsteps hwpstate cpb eff_freq_ro

processor	: 3
vendor_id	: AuthenticAMD
cpu family	: 21
model		: 2
model name	: AMD FX(tm)-6300 Six-Core Processor             
stepping	: 0
microcode	: 0x6000832
cpu MHz		: 2000.000
cache size	: 2048 KB
physical id	: 0
siblings	: 6
core id		: 3
cpu cores	: 3
apicid		: 3
initial apicid	: 3
fpu		: yes
fpu_exception	: yes
cpuid level	: 13
wp		: yes
flags		: fpu vme de pse tsc msr pae mce cx8 apic sep mtrr pge mca cmov pat pse36 clflush mmx fxsr sse sse2 ht syscall nx mmxext fxsr_opt pdpe1gb rdtscp lm constant_tsc rep_good nopl nonstop_tsc extd_apicid aperfmperf pni pclmulqdq monitor ssse3 fma cx16 sse4_1 sse4_2 popcnt aes xsave avx f16c lahf_lm cmp_legacy svm extapic cr8_legacy abm sse4a misalignsse 3dnowprefetch osvw ibs xop skinit wdt lwp fma4 tce nodeid_msr tbm topoext perfctr_core perfctr_nb arat cpb hw_pstate npt lbrv svm_lock nrip_save tsc_scale vmcb_clean flushbyasid decodeassists pausefilter pfthreshold vmmcall bmi1
bugs		: fxsave_leak
bogomips	: 7034.43
TLB size	: 1536 4K pages
clflush size	: 64
cache_alignment	: 64
address sizes	: 48 bits physical, 48 bits virtual
power management: ts ttp tm 100mhzsteps hwpstate cpb eff_freq_ro

processor	: 4
vendor_id	: AuthenticAMD
cpu family	: 21
model		: 2
model name	: AMD FX(tm)-6300 Six-Core Processor             
stepping	: 0
microcode	: 0x6000832
cpu MHz		: 1400.000
cache size	: 2048 KB
physical id	: 0
siblings	: 6
core id		: 5
cpu cores	: 3
apicid		: 4
initial apicid	: 5
fpu		: yes
fpu_exception	: yes
cpuid level	: 13
wp		: yes
flags		: fpu vme de pse tsc msr pae mce cx8 apic sep mtrr pge mca cmov pat pse36 clflush mmx fxsr sse sse2 ht syscall nx mmxext fxsr_opt pdpe1gb rdtscp lm constant_tsc rep_good nopl nonstop_tsc extd_apicid aperfmperf pni pclmulqdq monitor ssse3 fma cx16 sse4_1 sse4_2 popcnt aes xsave avx f16c lahf_lm cmp_legacy svm extapic cr8_legacy abm sse4a misalignsse 3dnowprefetch osvw ibs xop skinit wdt lwp fma4 tce nodeid_msr tbm topoext perfctr_core perfctr_nb arat cpb hw_pstate npt lbrv svm_lock nrip_save tsc_scale vmcb_clean flushbyasid decodeassists pausefilter pfthreshold vmmcall bmi1
bugs		: fxsave_leak
bogomips	: 7034.43
TLB size	: 1536 4K pages
clflush size	: 64
cache_alignment	: 64
address sizes	: 48 bits physical, 48 bits virtual
power management: ts ttp tm 100mhzsteps hwpstate cpb eff_freq_ro

processor	: 5
vendor_id	: AuthenticAMD
cpu family	: 21
model		: 2
model name	: AMD FX(tm)-6300 Six-Core Processor             
stepping	: 0
microcode	: 0x6000832
cpu MHz		: 3500.000
cache size	: 2048 KB
physical id	: 0
siblings	: 6
core id		: 4
cpu cores	: 3
apicid		: 5
initial apicid	: 4
fpu		: yes
fpu_exception	: yes
cpuid level	: 13
wp		: yes
flags		: fpu vme de pse tsc msr pae mce cx8 apic sep mtrr pge mca cmov pat pse36 clflush mmx fxsr sse sse2 ht syscall nx mmxext fxsr_opt pdpe1gb rdtscp lm constant_tsc rep_good nopl nonstop_tsc extd_apicid aperfmperf pni pclmulqdq monitor ssse3 fma cx16 sse4_1 sse4_2 popcnt aes xsave avx f16c lahf_lm cmp_legacy svm extapic cr8_legacy abm sse4a misalignsse 3dnowprefetch osvw ibs xop skinit wdt lwp fma4 tce nodeid_msr tbm topoext perfctr_core perfctr_nb arat cpb hw_pstate npt lbrv svm_lock nrip_save tsc_scale vmcb_clean flushbyasid decodeassists pausefilter pfthreshold vmmcall bmi1
bugs		: fxsave_leak
bogomips	: 7034.43
TLB size	: 1536 4K pages
clflush size	: 64
cache_alignment	: 64
address sizes	: 48 bits physical, 48 bits virtual
power management: ts ttp tm 100mhzsteps hwpstate cpb eff_freq_ro



Memory: 4k page, physical 8178552k(1406468k free), swap 0k(0k free)

vm_info: Java HotSpot(TM) 64-Bit Server VM (25.31-b07) for linux-amd64 JRE (1.8.0_31-b13), built on Dec 17 2014 20:40:15 by "java_re" with gcc 4.3.0 20080428 (Red Hat 4.3.0-8)

time: Sat Jun 13 16:28:11 2015
elapsed time: 4 seconds (0d 0h 0m 4s)

