#
# A fatal error has been detected by the Java Runtime Environment:
#
#  SIGSEGV (0xb) at pc=0x00007fe151271057, pid=13712, tid=140606364092160
#
# JRE version: Java(TM) SE Runtime Environment (8.0_31-b13) (build 1.8.0_31-b13)
# Java VM: Java HotSpot(TM) 64-Bit Server VM (25.31-b07 mixed mode linux-amd64 compressed oops)
# Problematic frame:
# C  [libqtjambi.so.1+0x21057]  qtjambishell_signals_cleanup(QtJambiSignalInfo*, int)+0x37
#
# Failed to write core dump. Core dumps have been disabled. To enable core dumping, try "ulimit -c unlimited" before starting Java again
#
# If you would like to submit a bug report, please visit:
#   http://bugreport.java.com/bugreport/crash.jsp
#

---------------  T H R E A D  ---------------

Current thread is native thread

siginfo: si_signo: 11 (SIGSEGV), si_code: 1 (SEGV_MAPERR), si_addr: 0x0000000000000000

Registers:
RAX=0x0000000000000000, RBX=0x00007fe17065b8f0, RCX=0x00007fe1700d3240, RDX=0x00000000ffffffff
RSP=0x00007fe178627a40, RBP=0x0000000000000000, RSI=0x00007fe17061ce30, RDI=0x00007fe170000040
R8 =0x00007fe1700d32a0, R9 =0x00007fe178628700, R10=0x0000000000000004, R11=0x0000000000000000
R12=0x00007fe17065b960, R13=0x00007fe170484360, R14=0x00007fe1080014f0, R15=0x00007fe17046f3f0
RIP=0x00007fe151271057, EFLAGS=0x0000000000010206, CSGSFS=0x0000000000000033, ERR=0x0000000000000004
  TRAPNO=0x000000000000000e

Top of Stack: (sp=0x00007fe178627a40)
0x00007fe178627a40:   00007fe17046f3f0 00007fe1080014f0
0x00007fe178627a50:   00007fe17046f3f0 00007fe1489d3ce0
0x00007fe178627a60:   00007fe178628700 00007fe17046f3f0
0x00007fe178627a70:   00007fe1080014f0 00007fe1489d3d19
0x00007fe178627a80:   00007fe17046f3f0 00007fe1525bb898
0x00007fe178627a90:   00007fe17862feff 0000000000000000
0x00007fe178627aa0:   00007fe17046ffc0 0000000000000001
0x00007fe178627ab0:   0000000000000001 00007fe178627c78
0x00007fe178627ac0:   00007fe178627c10 00007fe178627c20
0x00007fe178627ad0:   00007fe177dbd700 00007fe177a6ed97
0x00007fe178627ae0:   00007fe1080014f0 0000003000000018
0x00007fe178627af0:   00007fe178627bc0 00007fe178627b00
0x00007fe178627b00:   0000001f00000000 00007fe178627b20
0x00007fe178627b10:   00007fe1700d32b8 0000000000000000
0x00007fe178627b20:   00007fe170642470 00007fe178627a00
0x00007fe178627b30:   00007fe152908820 00007fe170000020
0x00007fe178627b40:   0000000000000020 00000000009cf550
0x00007fe178627b50:   00007fe1706424c8 00007fe170465220
0x00007fe178627b60:   00007fe1080014f0 00007fe17046f3f0
0x00007fe178627b70:   00007fe170484360 00007fe1502ac5a3
0x00007fe178627b80:   00007fe177dbd700 0000000000000001
0x00007fe178627b90:   00007fe178627c78 00007fe178627bc0
0x00007fe178627ba0:   00007fe177dbd700 00007fe152497c47
0x00007fe178627bb0:   00007fe178627bc0 00007fe15128d0b8
0x00007fe178627bc0:   00007fe178627c00 0000000000000001
0x00007fe178627bd0:   00007fe178627c78 00007fe17046f3f0
0x00007fe178627be0:   00007fe1080014f0 00007fe170465220
0x00007fe178627bf0:   00007fe170484360 00007fe1080014f0
0x00007fe178627c00:   00007fe17046f3f0 00007fe1502a75dc
0x00007fe178627c10:   00007fe170642470 00007fe17046f3f0
0x00007fe178627c20:   00007fe17046f3f0 00007fe17046f3f0
0x00007fe178627c30:   00007fe170484360 00007fe1502adb1d 

Instructions: (pc=0x00007fe151271057)
0x00007fe151271037:   24 ff 48 89 c5 48 c1 e6 04 4c 8d 64 33 10 0f 1f
0x00007fe151271047:   00 48 83 7b 08 00 74 24 48 8b 33 48 85 f6 74 14
0x00007fe151271057:   48 8b 45 00 48 89 ef ff 90 18 07 00 00 48 c7 03
0x00007fe151271067:   00 00 00 00 48 c7 43 08 00 00 00 00 48 83 c3 10 

Register to memory mapping:

RAX=0x0000000000000000 is an unknown value
RBX=0x00007fe17065b8f0 is an unknown value
RCX=0x00007fe1700d3240 is an unknown value
RDX=0x00000000ffffffff is an unallocated location in the heap
RSP=0x00007fe178627a40 is an unknown value
RBP=0x0000000000000000 is an unknown value
RSI=0x00007fe17061ce30 is a weak global jni handle
RDI=0x00007fe170000040 is an unknown value
R8 =0x00007fe1700d32a0 is an unknown value
R9 =0x00007fe178628700 is an unknown value
R10=0x0000000000000004 is an unknown value
R11=0x0000000000000000 is an unknown value
R12=0x00007fe17065b960 is an unknown value
R13=0x00007fe170484360 is an unknown value
R14=0x00007fe1080014f0 is an unknown value
R15=0x00007fe17046f3f0 is an unknown value


Stack: [0x00007fe178528000,0x00007fe178629000],  sp=0x00007fe178627a40,  free space=1022k
Native frames: (J=compiled Java code, j=interpreted, Vv=VM code, C=native code)
C  [libqtjambi.so.1+0x21057]  qtjambishell_signals_cleanup(QtJambiSignalInfo*, int)+0x37

[error occurred during error reporting (printing native stack), id 0xb]


---------------  P R O C E S S  ---------------

VM state:at safepoint (shutting down)

VM Mutex/Monitor currently owned by a thread:  ([mutex/lock_event])
[0x00007fe170006c00] Threads_lock - owner thread: 0x00007fe170078800

Heap:
 PSYoungGen      total 37888K, used 328K [0x00000000d6600000, 0x00000000d9000000, 0x0000000100000000)
  eden space 32768K, 1% used [0x00000000d6600000,0x00000000d6652060,0x00000000d8600000)
  from space 5120K, 0% used [0x00000000d8b00000,0x00000000d8b00000,0x00000000d9000000)
  to   space 5120K, 0% used [0x00000000d8600000,0x00000000d8600000,0x00000000d8b00000)
 ParOldGen       total 86016K, used 3636K [0x0000000083200000, 0x0000000088600000, 0x00000000d6600000)
  object space 86016K, 4% used [0x0000000083200000,0x000000008358d268,0x0000000088600000)
 Metaspace       used 10276K, capacity 10364K, committed 10752K, reserved 1058816K
  class space    used 1120K, capacity 1170K, committed 1280K, reserved 1048576K

Card table byte_map: [0x00007fe175570000,0x00007fe175958000] byte_map_base: 0x00007fe175157000

Marking Bits: (ParMarkBitMap*) 0x00007fe1779f32a0
 Begin Bits: [0x00007fe158190000, 0x00007fe15a0c8000)
 End Bits:   [0x00007fe15a0c8000, 0x00007fe15c000000)

Polling page: 0x00007fe17862d000

CodeCache: size=245760Kb used=2642Kb max_used=2642Kb free=243117Kb
 bounds [0x00007fe161000000, 0x00007fe1612a0000, 0x00007fe170000000]
 total_blobs=1001 nmethods=646 adapters=271
 compilation: enabled

Compilation events (10 events):
Event: 3.864 Thread 0x00007fe1700b3800  642   !   3       java.lang.ref.ReferenceQueue::remove (80 bytes)
Event: 3.889 Thread 0x00007fe1700b3800 nmethod 642 0x00007fe161293fd0 code [0x00007fe1612941a0, 0x00007fe161294898]
Event: 3.890 Thread 0x00007fe1700b3800  643       1       java.lang.ref.Reference::access$100 (4 bytes)
Event: 3.890 Thread 0x00007fe1700b3800 nmethod 643 0x00007fe161294b50 code [0x00007fe161294ca0, 0x00007fe161294d90]
Event: 3.890 Thread 0x00007fe1700b3800  644       1       java.lang.ref.Finalizer::access$000 (4 bytes)
Event: 3.890 Thread 0x00007fe1700b3800 nmethod 644 0x00007fe161294dd0 code [0x00007fe161294f20, 0x00007fe161295010]
Event: 3.890 Thread 0x00007fe1700b3800  645       3       java.util.zip.ZipFile$ZipFileInflaterInputStream::finalize (5 bytes)
Event: 3.890 Thread 0x00007fe1700b3800 nmethod 645 0x00007fe161295050 code [0x00007fe1612951c0, 0x00007fe161295368]
Event: 3.890 Thread 0x00007fe1700b3800  646       3       java.util.zip.ZipFile$ZipFileInputStream::finalize (5 bytes)
Event: 3.891 Thread 0x00007fe1700b3800 nmethod 646 0x00007fe161295410 code [0x00007fe161295580, 0x00007fe161295728]

GC Heap History (8 events):
Event: 3.836 GC heap before
{Heap before GC invocations=1 (full 0):
 PSYoungGen      total 37888K, used 27756K [0x00000000d6600000, 0x00000000d9000000, 0x0000000100000000)
  eden space 32768K, 84% used [0x00000000d6600000,0x00000000d811b0d0,0x00000000d8600000)
  from space 5120K, 0% used [0x00000000d8b00000,0x00000000d8b00000,0x00000000d9000000)
  to   space 5120K, 0% used [0x00000000d8600000,0x00000000d8600000,0x00000000d8b00000)
 ParOldGen       total 86016K, used 0K [0x0000000083200000, 0x0000000088600000, 0x00000000d6600000)
  object space 86016K, 0% used [0x0000000083200000,0x0000000083200000,0x0000000088600000)
 Metaspace       used 10228K, capacity 10332K, committed 10624K, reserved 1058816K
  class space    used 1114K, capacity 1138K, committed 1152K, reserved 1048576K
Event: 3.844 GC heap after
Heap after GC invocations=1 (full 0):
 PSYoungGen      total 37888K, used 4348K [0x00000000d6600000, 0x00000000d9000000, 0x0000000100000000)
  eden space 32768K, 0% used [0x00000000d6600000,0x00000000d6600000,0x00000000d8600000)
  from space 5120K, 84% used [0x00000000d8600000,0x00000000d8a3f170,0x00000000d8b00000)
  to   space 5120K, 0% used [0x00000000d8b00000,0x00000000d8b00000,0x00000000d9000000)
 ParOldGen       total 86016K, used 80K [0x0000000083200000, 0x0000000088600000, 0x00000000d6600000)
  object space 86016K, 0% used [0x0000000083200000,0x0000000083214010,0x0000000088600000)
 Metaspace       used 10228K, capacity 10332K, committed 10624K, reserved 1058816K
  class space    used 1114K, capacity 1138K, committed 1152K, reserved 1048576K
}
Event: 3.844 GC heap before
{Heap before GC invocations=2 (full 1):
 PSYoungGen      total 37888K, used 4348K [0x00000000d6600000, 0x00000000d9000000, 0x0000000100000000)
  eden space 32768K, 0% used [0x00000000d6600000,0x00000000d6600000,0x00000000d8600000)
  from space 5120K, 84% used [0x00000000d8600000,0x00000000d8a3f170,0x00000000d8b00000)
  to   space 5120K, 0% used [0x00000000d8b00000,0x00000000d8b00000,0x00000000d9000000)
 ParOldGen       total 86016K, used 80K [0x0000000083200000, 0x0000000088600000, 0x00000000d6600000)
  object space 86016K, 0% used [0x0000000083200000,0x0000000083214010,0x0000000088600000)
 Metaspace       used 10228K, capacity 10332K, committed 10624K, reserved 1058816K
  class space    used 1114K, capacity 1138K, committed 1152K, reserved 1048576K
Event: 3.861 GC heap after
Heap after GC invocations=2 (full 1):
 PSYoungGen      total 37888K, used 0K [0x00000000d6600000, 0x00000000d9000000, 0x0000000100000000)
  eden space 32768K, 0% used [0x00000000d6600000,0x00000000d6600000,0x00000000d8600000)
  from space 5120K, 0% used [0x00000000d8600000,0x00000000d8600000,0x00000000d8b00000)
  to   space 5120K, 0% used [0x00000000d8b00000,0x00000000d8b00000,0x00000000d9000000)
 ParOldGen       total 86016K, used 4116K [0x0000000083200000, 0x0000000088600000, 0x00000000d6600000)
  object space 86016K, 4% used [0x0000000083200000,0x0000000083605220,0x0000000088600000)
 Metaspace       used 10228K, capacity 10332K, committed 10624K, reserved 1058816K
  class space    used 1114K, capacity 1138K, committed 1152K, reserved 1048576K
}
Event: 3.864 GC heap before
{Heap before GC invocations=3 (full 1):
 PSYoungGen      total 37888K, used 1310K [0x00000000d6600000, 0x00000000d9000000, 0x0000000100000000)
  eden space 32768K, 4% used [0x00000000d6600000,0x00000000d6747b88,0x00000000d8600000)
  from space 5120K, 0% used [0x00000000d8600000,0x00000000d8600000,0x00000000d8b00000)
  to   space 5120K, 0% used [0x00000000d8b00000,0x00000000d8b00000,0x00000000d9000000)
 ParOldGen       total 86016K, used 4116K [0x0000000083200000, 0x0000000088600000, 0x00000000d6600000)
  object space 86016K, 4% used [0x0000000083200000,0x0000000083605220,0x0000000088600000)
 Metaspace       used 10275K, capacity 10364K, committed 10752K, reserved 1058816K
  class space    used 1120K, capacity 1170K, committed 1280K, reserved 1048576K
Event: 3.865 GC heap after
Heap after GC invocations=3 (full 1):
 PSYoungGen      total 37888K, used 128K [0x00000000d6600000, 0x00000000d9000000, 0x0000000100000000)
  eden space 32768K, 0% used [0x00000000d6600000,0x00000000d6600000,0x00000000d8600000)
  from space 5120K, 2% used [0x00000000d8b00000,0x00000000d8b20000,0x00000000d9000000)
  to   space 5120K, 0% used [0x00000000d8600000,0x00000000d8600000,0x00000000d8b00000)
 ParOldGen       total 86016K, used 4116K [0x0000000083200000, 0x0000000088600000, 0x00000000d6600000)
  object space 86016K, 4% used [0x0000000083200000,0x0000000083605220,0x0000000088600000)
 Metaspace       used 10275K, capacity 10364K, committed 10752K, reserved 1058816K
  class space    used 1120K, capacity 1170K, committed 1280K, reserved 1048576K
}
Event: 3.865 GC heap before
{Heap before GC invocations=4 (full 2):
 PSYoungGen      total 37888K, used 128K [0x00000000d6600000, 0x00000000d9000000, 0x0000000100000000)
  eden space 32768K, 0% used [0x00000000d6600000,0x00000000d6600000,0x00000000d8600000)
  from space 5120K, 2% used [0x00000000d8b00000,0x00000000d8b20000,0x00000000d9000000)
  to   space 5120K, 0% used [0x00000000d8600000,0x00000000d8600000,0x00000000d8b00000)
 ParOldGen       total 86016K, used 4116K [0x0000000083200000, 0x0000000088600000, 0x00000000d6600000)
  object space 86016K, 4% used [0x0000000083200000,0x0000000083605220,0x0000000088600000)
 Metaspace       used 10275K, capacity 10364K, committed 10752K, reserved 1058816K
  class space    used 1120K, capacity 1170K, committed 1280K, reserved 1048576K
Event: 3.889 GC heap after
Heap after GC invocations=4 (full 2):
 PSYoungGen      total 37888K, used 0K [0x00000000d6600000, 0x00000000d9000000, 0x0000000100000000)
  eden space 32768K, 0% used [0x00000000d6600000,0x00000000d6600000,0x00000000d8600000)
  from space 5120K, 0% used [0x00000000d8b00000,0x00000000d8b00000,0x00000000d9000000)
  to   space 5120K, 0% used [0x00000000d8600000,0x00000000d8600000,0x00000000d8b00000)
 ParOldGen       total 86016K, used 3636K [0x0000000083200000, 0x0000000088600000, 0x00000000d6600000)
  object space 86016K, 4% used [0x0000000083200000,0x000000008358d268,0x0000000088600000)
 Metaspace       used 10275K, capacity 10364K, committed 10752K, reserved 1058816K
  class space    used 1120K, capacity 1170K, committed 1280K, reserved 1048576K
}

Deoptimization events (1 events):
Event: 1.646 Thread 0x00007fe170009000 Uncommon trap: reason=range_check action=make_not_entrant pc=0x00007fe1612253c0 method=sun.reflect.generics.parser.SignatureParser.current()C @ 34

Internal exceptions (10 events):
Event: 1.646 Thread 0x00007fe170009000 Exception <a 'java/lang/ArrayIndexOutOfBoundsException': 110> (0x00000000d7e53ef0) thrown at [/HUDSON/workspace/8-2-build-linux-amd64/jdk8u31/2394/hotspot/src/share/vm/interpreter/interpreterRuntime.cpp, line 366]
Event: 3.824 Thread 0x00007fe17070e800 Exception <a 'java/security/PrivilegedActionException'> (0x00000000d8077a08) thrown at [/HUDSON/workspace/8-2-build-linux-amd64/jdk8u31/2394/hotspot/src/share/vm/prims/jvm.cpp, line 1312]
Event: 3.825 Thread 0x00007fe17070e800 Exception <a 'java/security/PrivilegedActionException'> (0x00000000d807d5a8) thrown at [/HUDSON/workspace/8-2-build-linux-amd64/jdk8u31/2394/hotspot/src/share/vm/prims/jvm.cpp, line 1312]
Event: 3.826 Thread 0x00007fe17070e800 Exception <a 'java/security/PrivilegedActionException'> (0x00000000d8081e30) thrown at [/HUDSON/workspace/8-2-build-linux-amd64/jdk8u31/2394/hotspot/src/share/vm/prims/jvm.cpp, line 1312]
Event: 3.828 Thread 0x00007fe17070e800 Exception <a 'java/security/PrivilegedActionException'> (0x00000000d808daf8) thrown at [/HUDSON/workspace/8-2-build-linux-amd64/jdk8u31/2394/hotspot/src/share/vm/prims/jvm.cpp, line 1312]
Event: 3.829 Thread 0x00007fe17070e800 Exception <a 'java/security/PrivilegedActionException'> (0x00000000d8093490) thrown at [/HUDSON/workspace/8-2-build-linux-amd64/jdk8u31/2394/hotspot/src/share/vm/prims/jvm.cpp, line 1312]
Event: 3.833 Thread 0x00007fe17070e800 Exception <a 'java/security/PrivilegedActionException'> (0x00000000d80a8058) thrown at [/HUDSON/workspace/8-2-build-linux-amd64/jdk8u31/2394/hotspot/src/share/vm/prims/jvm.cpp, line 1312]
Event: 3.834 Thread 0x00007fe17070e800 Exception <a 'java/security/PrivilegedActionException'> (0x00000000d80af108) thrown at [/HUDSON/workspace/8-2-build-linux-amd64/jdk8u31/2394/hotspot/src/share/vm/prims/jvm.cpp, line 1312]
Event: 3.862 Thread 0x00007fe17070e800 Exception <a 'java/security/PrivilegedActionException'> (0x00000000d66528c8) thrown at [/HUDSON/workspace/8-2-build-linux-amd64/jdk8u31/2394/hotspot/src/share/vm/prims/jvm.cpp, line 1312]
Event: 3.864 Thread 0x00007fe1702f4000 Exception <a 'java/lang/InterruptedException': sleep interrupted> (0x00000000d66a3e38) thrown at [/HUDSON/workspace/8-2-build-linux-amd64/jdk8u31/2394/hotspot/src/share/vm/prims/jvm.cpp, line 3141]

Events (10 events):
Event: 3.864 loading class java/util/concurrent/locks/ReentrantReadWriteLock$ReadLock done
Event: 3.864 loading class java/util/concurrent/locks/ReentrantReadWriteLock$WriteLock
Event: 3.864 loading class java/util/concurrent/locks/ReentrantReadWriteLock$WriteLock done
Event: 3.864 Thread 0x00007fe1702f4000 Thread exited: 0x00007fe1702f4000
Event: 3.864 Executing VM operation: ParallelGCSystemGC
Event: 3.889 Executing VM operation: ParallelGCSystemGC done
Event: 3.889 Thread 0x00007fe108007000 Thread added: 0x00007fe108007000
Event: 3.890 Thread 0x00007fe108007000 Thread exited: 0x00007fe108007000
Event: 3.890 Thread 0x00007fe17070e800 Thread exited: 0x00007fe17070e800
Event: 3.891 Thread 0x00007fe170009000 Thread exited: 0x00007fe170009000


Dynamic libraries:
00400000-00401000 r-xp 00000000 00:22 152985                             /home/nathan/jdk1.8.0_31/bin/java
00600000-00601000 rw-p 00000000 00:22 152985                             /home/nathan/jdk1.8.0_31/bin/java
009cd000-009ee000 rw-p 00000000 00:00 0                                  [heap]
83200000-88600000 rw-p 00000000 00:00 0 
88600000-d6600000 ---p 00000000 00:00 0 
d6600000-d9000000 rw-p 00000000 00:00 0 
d9000000-100000000 ---p 00000000 00:00 0 
100000000-100140000 rw-p 00000000 00:00 0 
100140000-140000000 ---p 00000000 00:00 0 
7fe0fc000000-7fe0fc021000 rw-p 00000000 00:00 0 
7fe0fc021000-7fe100000000 ---p 00000000 00:00 0 
7fe104000000-7fe104021000 rw-p 00000000 00:00 0 
7fe104021000-7fe108000000 ---p 00000000 00:00 0 
7fe108000000-7fe108036000 rw-p 00000000 00:00 0 
7fe108036000-7fe10c000000 ---p 00000000 00:00 0 
7fe10c000000-7fe10c021000 rw-p 00000000 00:00 0 
7fe10c021000-7fe110000000 ---p 00000000 00:00 0 
7fe110000000-7fe110021000 rw-p 00000000 00:00 0 
7fe110021000-7fe114000000 ---p 00000000 00:00 0 
7fe114000000-7fe114021000 rw-p 00000000 00:00 0 
7fe114021000-7fe118000000 ---p 00000000 00:00 0 
7fe118000000-7fe118021000 rw-p 00000000 00:00 0 
7fe118021000-7fe11c000000 ---p 00000000 00:00 0 
7fe11c000000-7fe11c147000 rw-p 00000000 00:00 0 
7fe11c147000-7fe120000000 ---p 00000000 00:00 0 
7fe120000000-7fe120349000 rw-p 00000000 00:00 0 
7fe120349000-7fe124000000 ---p 00000000 00:00 0 
7fe124000000-7fe124021000 rw-p 00000000 00:00 0 
7fe124021000-7fe128000000 ---p 00000000 00:00 0 
7fe128000000-7fe128222000 rw-p 00000000 00:00 0 
7fe128222000-7fe12c000000 ---p 00000000 00:00 0 
7fe12c000000-7fe12c021000 rw-p 00000000 00:00 0 
7fe12c021000-7fe130000000 ---p 00000000 00:00 0 
7fe130000000-7fe130021000 rw-p 00000000 00:00 0 
7fe130021000-7fe134000000 ---p 00000000 00:00 0 
7fe134000000-7fe134021000 rw-p 00000000 00:00 0 
7fe134021000-7fe138000000 ---p 00000000 00:00 0 
7fe138000000-7fe13803e000 rw-p 00000000 00:00 0 
7fe13803e000-7fe13c000000 ---p 00000000 00:00 0 
7fe13c000000-7fe13c021000 rw-p 00000000 00:00 0 
7fe13c021000-7fe140000000 ---p 00000000 00:00 0 
7fe1422df000-7fe1422e2000 ---p 00000000 00:00 0 
7fe1422e2000-7fe1423e0000 rw-p 00000000 00:00 0 
7fe1423e0000-7fe1425b6000 rw-s 00000000 00:05 52690968                   /SYSV00000000 (deleted)
7fe14268f000-7fe142692000 ---p 00000000 00:00 0 
7fe142692000-7fe142790000 rw-p 00000000 00:00 0 
7fe142790000-7fe1427b5000 r-xp 00000000 08:43 596787                     /usr/lib/liblzma.so.5.2.1
7fe1427b5000-7fe1429b4000 ---p 00025000 08:43 596787                     /usr/lib/liblzma.so.5.2.1
7fe1429b4000-7fe1429b5000 r--p 00024000 08:43 596787                     /usr/lib/liblzma.so.5.2.1
7fe1429b5000-7fe1429b6000 rw-p 00025000 08:43 596787                     /usr/lib/liblzma.so.5.2.1
7fe1429b8000-7fe142a34000 r-xp 00000000 08:43 1634046                    /usr/lib/libtiff.so.5.2.0
7fe142a34000-7fe142c34000 ---p 0007c000 08:43 1634046                    /usr/lib/libtiff.so.5.2.0
7fe142c34000-7fe142c35000 r--p 0007c000 08:43 1634046                    /usr/lib/libtiff.so.5.2.0
7fe142c35000-7fe142c3b000 rw-p 0007d000 08:43 1634046                    /usr/lib/libtiff.so.5.2.0
7fe142c3b000-7fe142c3c000 rw-p 00000000 00:00 0 
7fe142c40000-7fe142c47000 r-xp 00000000 08:43 1713220                    /usr/lib/qt4/plugins/imageformats/libqtiff.so
7fe142c47000-7fe142e46000 ---p 00007000 08:43 1713220                    /usr/lib/qt4/plugins/imageformats/libqtiff.so
7fe142e46000-7fe142e47000 r--p 00006000 08:43 1713220                    /usr/lib/qt4/plugins/imageformats/libqtiff.so
7fe142e47000-7fe142e48000 rw-p 00007000 08:43 1713220                    /usr/lib/qt4/plugins/imageformats/libqtiff.so
7fe142e48000-7fe142e9e000 r-xp 00000000 08:43 1637076                    /usr/lib/libQtSvg.so.4.8.7
7fe142e9e000-7fe14309e000 ---p 00056000 08:43 1637076                    /usr/lib/libQtSvg.so.4.8.7
7fe14309e000-7fe1430a0000 r--p 00056000 08:43 1637076                    /usr/lib/libQtSvg.so.4.8.7
7fe1430a0000-7fe1430a1000 rw-p 00058000 08:43 1637076                    /usr/lib/libQtSvg.so.4.8.7
7fe1430a8000-7fe1430ad000 r-xp 00000000 08:43 1713219                    /usr/lib/qt4/plugins/imageformats/libqsvg.so
7fe1430ad000-7fe1432ac000 ---p 00005000 08:43 1713219                    /usr/lib/qt4/plugins/imageformats/libqsvg.so
7fe1432ac000-7fe1432ad000 r--p 00004000 08:43 1713219                    /usr/lib/qt4/plugins/imageformats/libqsvg.so
7fe1432ad000-7fe1432ae000 rw-p 00005000 08:43 1713219                    /usr/lib/qt4/plugins/imageformats/libqsvg.so
7fe1432b0000-7fe143306000 r-xp 00000000 08:43 1634616                    /usr/lib/liblcms2.so.2.0.7
7fe143306000-7fe143505000 ---p 00056000 08:43 1634616                    /usr/lib/liblcms2.so.2.0.7
7fe143505000-7fe143506000 r--p 00055000 08:43 1634616                    /usr/lib/liblcms2.so.2.0.7
7fe143506000-7fe14350b000 rw-p 00056000 08:43 1634616                    /usr/lib/liblcms2.so.2.0.7
7fe143510000-7fe143567000 r-xp 00000000 08:43 1633255                    /usr/lib/libjpeg.so.8.0.2
7fe143567000-7fe143767000 ---p 00057000 08:43 1633255                    /usr/lib/libjpeg.so.8.0.2
7fe143767000-7fe143769000 r--p 00057000 08:43 1633255                    /usr/lib/libjpeg.so.8.0.2
7fe143769000-7fe14376a000 rw-p 00059000 08:43 1633255                    /usr/lib/libjpeg.so.8.0.2
7fe143770000-7fe1437dd000 r-xp 00000000 08:43 1636987                    /usr/lib/libmng.so.2.0.2
7fe1437dd000-7fe1439dd000 ---p 0006d000 08:43 1636987                    /usr/lib/libmng.so.2.0.2
7fe1439dd000-7fe1439e0000 r--p 0006d000 08:43 1636987                    /usr/lib/libmng.so.2.0.2
7fe1439e0000-7fe1439e2000 rw-p 00070000 08:43 1636987                    /usr/lib/libmng.so.2.0.2
7fe1439e8000-7fe1439ed000 r-xp 00000000 08:43 1713218                    /usr/lib/qt4/plugins/imageformats/libqmng.so
7fe1439ed000-7fe143bed000 ---p 00005000 08:43 1713218                    /usr/lib/qt4/plugins/imageformats/libqmng.so
7fe143bed000-7fe143bee000 r--p 00005000 08:43 1713218                    /usr/lib/qt4/plugins/imageformats/libqmng.so
7fe143bee000-7fe143bef000 rw-p 00006000 08:43 1713218                    /usr/lib/qt4/plugins/imageformats/libqmng.so
7fe143bf0000-7fe143bf7000 r-xp 00000000 08:43 1713221                    /usr/lib/qt4/plugins/imageformats/libqico.so
7fe143bf7000-7fe143df6000 ---p 00007000 08:43 1713221                    /usr/lib/qt4/plugins/imageformats/libqico.so
7fe143df6000-7fe143df7000 r--p 00006000 08:43 1713221                    /usr/lib/qt4/plugins/imageformats/libqico.so
7fe143df7000-7fe143df8000 rw-p 00007000 08:43 1713221                    /usr/lib/qt4/plugins/imageformats/libqico.so
7fe143df8000-7fe143dff000 r-xp 00000000 08:43 1713216                    /usr/lib/qt4/plugins/imageformats/libqgif.so
7fe143dff000-7fe143ffe000 ---p 00007000 08:43 1713216                    /usr/lib/qt4/plugins/imageformats/libqgif.so
7fe143ffe000-7fe143fff000 r--p 00006000 08:43 1713216                    /usr/lib/qt4/plugins/imageformats/libqgif.so
7fe143fff000-7fe144000000 rw-p 00007000 08:43 1713216                    /usr/lib/qt4/plugins/imageformats/libqgif.so
7fe144000000-7fe144021000 rw-p 00000000 00:00 0 
7fe144021000-7fe148000000 ---p 00000000 00:00 0 
7fe148070000-7fe1481b0000 rw-p 00000000 00:00 0 
7fe1481b0000-7fe148270000 ---p 00000000 00:00 0 
7fe148270000-7fe148273000 r-xp 00000000 08:43 599049                     /usr/lib/gconv/UTF-16.so
7fe148273000-7fe148472000 ---p 00003000 08:43 599049                     /usr/lib/gconv/UTF-16.so
7fe148472000-7fe148473000 r--p 00002000 08:43 599049                     /usr/lib/gconv/UTF-16.so
7fe148473000-7fe148474000 rw-p 00003000 08:43 599049                     /usr/lib/gconv/UTF-16.so
7fe148478000-7fe148f83000 r-xp 00000000 08:16 411                        /tmp/QtJambi_nathan_amd64_4.8.6_gcc-20150115-1633/lib/libcom_trolltech_qt_gui.so.1
7fe148f83000-7fe149182000 ---p 00b0b000 08:16 411                        /tmp/QtJambi_nathan_amd64_4.8.6_gcc-20150115-1633/lib/libcom_trolltech_qt_gui.so.1
7fe149182000-7fe1491dc000 rw-p 00b0a000 08:16 411                        /tmp/QtJambi_nathan_amd64_4.8.6_gcc-20150115-1633/lib/libcom_trolltech_qt_gui.so.1
7fe1491dc000-7fe1491e3000 rw-p 00000000 00:00 0 
7fe1491e8000-7fe1491ed000 r-xp 00000000 08:43 1630232                    /usr/lib/libXdmcp.so.6.0.0
7fe1491ed000-7fe1493ec000 ---p 00005000 08:43 1630232                    /usr/lib/libXdmcp.so.6.0.0
7fe1493ec000-7fe1493ed000 r--p 00004000 08:43 1630232                    /usr/lib/libXdmcp.so.6.0.0
7fe1493ed000-7fe1493ee000 rw-p 00005000 08:43 1630232                    /usr/lib/libXdmcp.so.6.0.0
7fe1493f0000-7fe1493f2000 r-xp 00000000 08:43 1633242                    /usr/lib/libXau.so.6.0.0
7fe1493f2000-7fe1495f2000 ---p 00002000 08:43 1633242                    /usr/lib/libXau.so.6.0.0
7fe1495f2000-7fe1495f3000 r--p 00002000 08:43 1633242                    /usr/lib/libXau.so.6.0.0
7fe1495f3000-7fe1495f4000 rw-p 00003000 08:43 1633242                    /usr/lib/libXau.so.6.0.0
7fe1495f8000-7fe149614000 r-xp 00000000 08:43 1633203                    /usr/lib/libgraphite2.so.3.0.1
7fe149614000-7fe149813000 ---p 0001c000 08:43 1633203                    /usr/lib/libgraphite2.so.3.0.1
7fe149813000-7fe149815000 r--p 0001b000 08:43 1633203                    /usr/lib/libgraphite2.so.3.0.1
7fe149815000-7fe149816000 rw-p 0001d000 08:43 1633203                    /usr/lib/libgraphite2.so.3.0.1
7fe149818000-7fe149839000 r-xp 00000000 08:43 1633278                    /usr/lib/libxcb.so.1.1.0
7fe149839000-7fe149a38000 ---p 00021000 08:43 1633278                    /usr/lib/libxcb.so.1.1.0
7fe149a38000-7fe149a39000 r--p 00020000 08:43 1633278                    /usr/lib/libxcb.so.1.1.0
7fe149a39000-7fe149a3a000 rw-p 00021000 08:43 1633278                    /usr/lib/libxcb.so.1.1.0
7fe149a40000-7fe149a67000 r-xp 00000000 08:43 595921                     /usr/lib/libexpat.so.1.6.0
7fe149a67000-7fe149c66000 ---p 00027000 08:43 595921                     /usr/lib/libexpat.so.1.6.0
7fe149c66000-7fe149c69000 r--p 00026000 08:43 595921                     /usr/lib/libexpat.so.1.6.0
7fe149c69000-7fe149c6a000 rw-p 00029000 08:43 595921                     /usr/lib/libexpat.so.1.6.0
7fe149c70000-7fe149c74000 r-xp 00000000 08:43 1636619                    /usr/lib/libuuid.so.1.3.0
7fe149c74000-7fe149e73000 ---p 00004000 08:43 1636619                    /usr/lib/libuuid.so.1.3.0
7fe149e73000-7fe149e74000 r--p 00003000 08:43 1636619                    /usr/lib/libuuid.so.1.3.0
7fe149e74000-7fe149e75000 rw-p 00004000 08:43 1636619                    /usr/lib/libuuid.so.1.3.0
7fe149e78000-7fe149ed2000 r-xp 00000000 08:43 1633208                    /usr/lib/libharfbuzz.so.0.940.0
7fe149ed2000-7fe14a0d1000 ---p 0005a000 08:43 1633208                    /usr/lib/libharfbuzz.so.0.940.0
7fe14a0d1000-7fe14a0d4000 r--p 00059000 08:43 1633208                    /usr/lib/libharfbuzz.so.0.940.0
7fe14a0d4000-7fe14a0d5000 rw-p 0005c000 08:43 1633208                    /usr/lib/libharfbuzz.so.0.940.0
7fe14a0d8000-7fe14a0e7000 r-xp 00000000 08:43 593233                     /usr/lib/libbz2.so.1.0.6
7fe14a0e7000-7fe14a2e6000 ---p 0000f000 08:43 593233                     /usr/lib/libbz2.so.1.0.6
7fe14a2e6000-7fe14a2e8000 rw-p 0000e000 08:43 593233                     /usr/lib/libbz2.so.1.0.6
7fe14a2e8000-7fe14a423000 r-xp 00000000 08:43 1633332                    /usr/lib/libX11.so.6.3.0
7fe14a423000-7fe14a622000 ---p 0013b000 08:43 1633332                    /usr/lib/libX11.so.6.3.0
7fe14a622000-7fe14a624000 r--p 0013a000 08:43 1633332                    /usr/lib/libX11.so.6.3.0
7fe14a624000-7fe14a629000 rw-p 0013c000 08:43 1633332                    /usr/lib/libX11.so.6.3.0
7fe14a629000-7fe14a62a000 rw-p 00000000 00:00 0 
7fe14a630000-7fe14a641000 r-xp 00000000 08:43 1633375                    /usr/lib/libXext.so.6.4.0
7fe14a641000-7fe14a840000 ---p 00011000 08:43 1633375                    /usr/lib/libXext.so.6.4.0
7fe14a840000-7fe14a841000 r--p 00010000 08:43 1633375                    /usr/lib/libXext.so.6.4.0
7fe14a841000-7fe14a842000 rw-p 00011000 08:43 1633375                    /usr/lib/libXext.so.6.4.0
7fe14a848000-7fe14a883000 r-xp 00000000 08:43 1633337                    /usr/lib/libfontconfig.so.1.8.0
7fe14a883000-7fe14aa82000 ---p 0003b000 08:43 1633337                    /usr/lib/libfontconfig.so.1.8.0
7fe14aa82000-7fe14aa84000 r--p 0003a000 08:43 1633337                    /usr/lib/libfontconfig.so.1.8.0
7fe14aa84000-7fe14aa85000 rw-p 0003c000 08:43 1633337                    /usr/lib/libfontconfig.so.1.8.0
7fe14aa88000-7fe14aa8a000 r-xp 00000000 08:43 1634880                    /usr/lib/libXinerama.so.1.0.0
7fe14aa8a000-7fe14ac89000 ---p 00002000 08:43 1634880                    /usr/lib/libXinerama.so.1.0.0
7fe14ac89000-7fe14ac8a000 r--p 00001000 08:43 1634880                    /usr/lib/libXinerama.so.1.0.0
7fe14ac8a000-7fe14ac8b000 rw-p 00002000 08:43 1634880                    /usr/lib/libXinerama.so.1.0.0
7fe14ac90000-7fe14ac9a000 r-xp 00000000 08:43 1634360                    /usr/lib/libXcursor.so.1.0.2
7fe14ac9a000-7fe14ae99000 ---p 0000a000 08:43 1634360                    /usr/lib/libXcursor.so.1.0.2
7fe14ae99000-7fe14ae9a000 r--p 00009000 08:43 1634360                    /usr/lib/libXcursor.so.1.0.2
7fe14ae9a000-7fe14ae9b000 rw-p 0000a000 08:43 1634360                    /usr/lib/libXcursor.so.1.0.2
7fe14aea0000-7fe14aea5000 r-xp 00000000 08:43 1633381                    /usr/lib/libXfixes.so.3.1.0
7fe14aea5000-7fe14b0a4000 ---p 00005000 08:43 1633381                    /usr/lib/libXfixes.so.3.1.0
7fe14b0a4000-7fe14b0a5000 r--p 00004000 08:43 1633381                    /usr/lib/libXfixes.so.3.1.0
7fe14b0a5000-7fe14b0a6000 rw-p 00005000 08:43 1633381                    /usr/lib/libXfixes.so.3.1.0
7fe14b0a8000-7fe14b0b2000 r-xp 00000000 08:43 1634354                    /usr/lib/libXrandr.so.2.2.0
7fe14b0b2000-7fe14b2b1000 ---p 0000a000 08:43 1634354                    /usr/lib/libXrandr.so.2.2.0
7fe14b2b1000-7fe14b2b2000 r--p 00009000 08:43 1634354                    /usr/lib/libXrandr.so.2.2.0
7fe14b2b2000-7fe14b2b3000 rw-p 0000a000 08:43 1634354                    /usr/lib/libXrandr.so.2.2.0
7fe14b2b8000-7fe14b2c1000 r-xp 00000000 08:43 1633503                    /usr/lib/libXrender.so.1.3.0
7fe14b2c1000-7fe14b4c0000 ---p 00009000 08:43 1633503                    /usr/lib/libXrender.so.1.3.0
7fe14b4c0000-7fe14b4c1000 r--p 00008000 08:43 1633503                    /usr/lib/libXrender.so.1.3.0
7fe14b4c1000-7fe14b4c2000 rw-p 00009000 08:43 1633503                    /usr/lib/libXrender.so.1.3.0
7fe14b4c8000-7fe14b4d7000 r-xp 00000000 08:43 1633507                    /usr/lib/libXi.so.6.1.0
7fe14b4d7000-7fe14b6d7000 ---p 0000f000 08:43 1633507                    /usr/lib/libXi.so.6.1.0
7fe14b6d7000-7fe14b6d8000 r--p 0000f000 08:43 1633507                    /usr/lib/libXi.so.6.1.0
7fe14b6d8000-7fe14b6d9000 rw-p 00010000 08:43 1633507                    /usr/lib/libXi.so.6.1.0
7fe14b6e0000-7fe14b6f8000 r-xp 00000000 08:43 1633952                    /usr/lib/libICE.so.6.3.0
7fe14b6f8000-7fe14b8f7000 ---p 00018000 08:43 1633952                    /usr/lib/libICE.so.6.3.0
7fe14b8f7000-7fe14b8f8000 r--p 00017000 08:43 1633952                    /usr/lib/libICE.so.6.3.0
7fe14b8f8000-7fe14b8f9000 rw-p 00018000 08:43 1633952                    /usr/lib/libICE.so.6.3.0
7fe14b8f9000-7fe14b8fd000 rw-p 00000000 00:00 0 
7fe14b900000-7fe14b907000 r-xp 00000000 08:43 1633953                    /usr/lib/libSM.so.6.0.1
7fe14b907000-7fe14bb06000 ---p 00007000 08:43 1633953                    /usr/lib/libSM.so.6.0.1
7fe14bb06000-7fe14bb07000 r--p 00006000 08:43 1633953                    /usr/lib/libSM.so.6.0.1
7fe14bb07000-7fe14bb08000 rw-p 00007000 08:43 1633953                    /usr/lib/libSM.so.6.0.1
7fe14bb08000-7fe14bbbe000 r-xp 00000000 08:43 1633214                    /usr/lib/libfreetype.so.6.11.4
7fe14bbbe000-7fe14bdbe000 ---p 000b6000 08:43 1633214                    /usr/lib/libfreetype.so.6.11.4
7fe14bdbe000-7fe14bdc4000 r--p 000b6000 08:43 1633214                    /usr/lib/libfreetype.so.6.11.4
7fe14bdc4000-7fe14bdc5000 rw-p 000bc000 08:43 1633214                    /usr/lib/libfreetype.so.6.11.4
7fe14bdc8000-7fe14bdfd000 r-xp 00000000 08:43 1633202                    /usr/lib/libpng16.so.16.16.0
7fe14bdfd000-7fe14bffc000 ---p 00035000 08:43 1633202                    /usr/lib/libpng16.so.16.16.0
7fe14bffc000-7fe14bffd000 r--p 00034000 08:43 1633202                    /usr/lib/libpng16.so.16.16.0
7fe14bffd000-7fe14bffe000 rw-p 00035000 08:43 1633202                    /usr/lib/libpng16.so.16.16.0
7fe14c000000-7fe14c021000 rw-p 00000000 00:00 0 
7fe14c021000-7fe150000000 ---p 00000000 00:00 0 
7fe150058000-7fe15007d000 r--p 00000000 08:43 835678                     /usr/share/fonts/DroidFonts/DroidSans.ttf
7fe15007f000-7fe150082000 ---p 00000000 00:00 0 
7fe150082000-7fe1500b8000 rw-p 00000000 00:00 0                          [stack:13750]
7fe1500b8000-7fe1500d1000 r--s 00000000 08:15 131292                     /var/cache/fontconfig/8d4af663993b81a124ee82e610bb31f9-le64.cache-4
7fe1500d8000-7fe1500e2000 r--s 00000000 08:15 132268                     /var/cache/fontconfig/d62e99ef547d1d24cdb1bd22ec1a2976-le64.cache-4
7fe1500e8000-7fe150b0e000 r-xp 00000000 08:16 356                        /tmp/QtJambi_nathan_amd64_4.8.6_gcc-20150115-1633/lib/libQtGui.so.4
7fe150b0e000-7fe150d0d000 ---p 00a26000 08:16 356                        /tmp/QtJambi_nathan_amd64_4.8.6_gcc-20150115-1633/lib/libQtGui.so.4
7fe150d0d000-7fe150d55000 rw-p 00a25000 08:16 356                        /tmp/QtJambi_nathan_amd64_4.8.6_gcc-20150115-1633/lib/libQtGui.so.4
7fe150d55000-7fe150d58000 rw-p 00000000 00:00 0 
7fe150d58000-7fe150f38000 r-xp 00000000 08:16 410                        /tmp/QtJambi_nathan_amd64_4.8.6_gcc-20150115-1633/lib/libcom_trolltech_qt_core.so.1
7fe150f38000-7fe151137000 ---p 001e0000 08:16 410                        /tmp/QtJambi_nathan_amd64_4.8.6_gcc-20150115-1633/lib/libcom_trolltech_qt_core.so.1
7fe151137000-7fe15114a000 rw-p 001df000 08:16 410                        /tmp/QtJambi_nathan_amd64_4.8.6_gcc-20150115-1633/lib/libcom_trolltech_qt_core.so.1
7fe15114f000-7fe151152000 ---p 00000000 00:00 0 
7fe151152000-7fe151250000 rw-p 00000000 00:00 0 
7fe151250000-7fe15129a000 r-xp 00000000 08:16 409                        /tmp/QtJambi_nathan_amd64_4.8.6_gcc-20150115-1633/lib/libqtjambi.so.1
7fe15129a000-7fe151499000 ---p 0004a000 08:16 409                        /tmp/QtJambi_nathan_amd64_4.8.6_gcc-20150115-1633/lib/libqtjambi.so.1
7fe151499000-7fe15149b000 rw-p 00049000 08:16 409                        /tmp/QtJambi_nathan_amd64_4.8.6_gcc-20150115-1633/lib/libqtjambi.so.1
7fe1514a0000-7fe15150e000 r-xp 00000000 08:43 595946                     /usr/lib/libpcre.so.1.2.5
7fe15150e000-7fe15170e000 ---p 0006e000 08:43 595946                     /usr/lib/libpcre.so.1.2.5
7fe15170e000-7fe15170f000 r--p 0006e000 08:43 595946                     /usr/lib/libpcre.so.1.2.5
7fe15170f000-7fe151710000 rw-p 0006f000 08:43 595946                     /usr/lib/libpcre.so.1.2.5
7fe151710000-7fe151726000 r-xp 00000000 08:43 592258                     /usr/lib/libgcc_s.so.1
7fe151726000-7fe151925000 ---p 00016000 08:43 592258                     /usr/lib/libgcc_s.so.1
7fe151925000-7fe151926000 rw-p 00015000 08:43 592258                     /usr/lib/libgcc_s.so.1
7fe151928000-7fe151a9a000 r-xp 00000000 08:43 592265                     /usr/lib/libstdc++.so.6.0.21
7fe151a9a000-7fe151c9a000 ---p 00172000 08:43 592265                     /usr/lib/libstdc++.so.6.0.21
7fe151c9a000-7fe151ca4000 r--p 00172000 08:43 592265                     /usr/lib/libstdc++.so.6.0.21
7fe151ca4000-7fe151ca6000 rw-p 0017c000 08:43 592265                     /usr/lib/libstdc++.so.6.0.21
7fe151ca6000-7fe151caa000 rw-p 00000000 00:00 0 
7fe151cb0000-7fe151dbc000 r-xp 00000000 08:43 596094                     /usr/lib/libglib-2.0.so.0.4400.1
7fe151dbc000-7fe151fbb000 ---p 0010c000 08:43 596094                     /usr/lib/libglib-2.0.so.0.4400.1
7fe151fbb000-7fe151fbc000 r--p 0010b000 08:43 596094                     /usr/lib/libglib-2.0.so.0.4400.1
7fe151fbc000-7fe151fbd000 rw-p 0010c000 08:43 596094                     /usr/lib/libglib-2.0.so.0.4400.1
7fe151fbd000-7fe151fbe000 rw-p 00000000 00:00 0 
7fe151fc0000-7fe151fc1000 r-xp 00000000 08:43 596096                     /usr/lib/libgthread-2.0.so.0.4400.1
7fe151fc1000-7fe1521c0000 ---p 00001000 08:43 596096                     /usr/lib/libgthread-2.0.so.0.4400.1
7fe1521c0000-7fe1521c1000 r--p 00000000 08:43 596096                     /usr/lib/libgthread-2.0.so.0.4400.1
7fe1521c1000-7fe1521c2000 rw-p 00001000 08:43 596096                     /usr/lib/libgthread-2.0.so.0.4400.1
7fe1521c8000-7fe1521dd000 r-xp 00000000 08:43 593353                     /usr/lib/libz.so.1.2.8
7fe1521dd000-7fe1523dc000 ---p 00015000 08:43 593353                     /usr/lib/libz.so.1.2.8
7fe1523dc000-7fe1523dd000 r--p 00014000 08:43 593353                     /usr/lib/libz.so.1.2.8
7fe1523dd000-7fe1523de000 rw-p 00015000 08:43 593353                     /usr/lib/libz.so.1.2.8
7fe1523e0000-7fe1523e2000 r--s 00000000 08:15 132569                     /var/cache/fontconfig/452f1fac34b224105d7acfae3034bcd5-le64.cache-4
7fe1523e8000-7fe152402000 r--s 00000000 08:15 132267                     /var/cache/fontconfig/f6b893a7224233d96cb72fd88691c0b4-le64.cache-4
7fe152408000-7fe152411000 r--s 00000000 08:15 131587                     /var/cache/fontconfig/f349e9996a5320f6dd491cedd2b1f964-le64.cache-4
7fe152418000-7fe15241c000 r--s 00000000 08:15 132192                     /var/cache/fontconfig/b73e16be9ca2559ca7e110fc1e6dd9a0-le64.cache-4
7fe152420000-7fe152426000 r--s 00000000 00:22 947533                     /home/nathan/.cache/fontconfig/5829bd88d4010a90cc0bcdebd73e5372-le64.cache-4
7fe152428000-7fe1526fe000 r-xp 00000000 08:16 355                        /tmp/QtJambi_nathan_amd64_4.8.6_gcc-20150115-1633/lib/libQtCore.so.4
7fe1526fe000-7fe1528fd000 ---p 002d6000 08:16 355                        /tmp/QtJambi_nathan_amd64_4.8.6_gcc-20150115-1633/lib/libQtCore.so.4
7fe1528fd000-7fe152909000 rw-p 002d5000 08:16 355                        /tmp/QtJambi_nathan_amd64_4.8.6_gcc-20150115-1633/lib/libQtCore.so.4
7fe152909000-7fe15290a000 rw-p 00000000 00:00 0 
7fe152910000-7fe152926000 r-xp 00000000 00:22 153190                     /home/nathan/jdk1.8.0_31/jre/lib/amd64/libnet.so
7fe152926000-7fe152b26000 ---p 00016000 00:22 153190                     /home/nathan/jdk1.8.0_31/jre/lib/amd64/libnet.so
7fe152b26000-7fe152b27000 rw-p 00016000 00:22 153190                     /home/nathan/jdk1.8.0_31/jre/lib/amd64/libnet.so
7fe152b27000-7fe152b2a000 ---p 00000000 00:00 0 
7fe152b2a000-7fe152c28000 rw-p 00000000 00:00 0                          [stack:13746]
7fe152c28000-7fe152c29000 r-xp 00000000 00:22 615013                     /home/nathan/exec/idea-IC-141.713.2/bin/libbreakgen64.so
7fe152c29000-7fe152e28000 ---p 00001000 00:22 615013                     /home/nathan/exec/idea-IC-141.713.2/bin/libbreakgen64.so
7fe152e28000-7fe152e29000 r--p 00000000 00:22 615013                     /home/nathan/exec/idea-IC-141.713.2/bin/libbreakgen64.so
7fe152e29000-7fe152e2a000 rw-p 00001000 00:22 615013                     /home/nathan/exec/idea-IC-141.713.2/bin/libbreakgen64.so
7fe152e2a000-7fe152e2b000 ---p 00000000 00:00 0 
7fe152e2b000-7fe152f2b000 rw-p 00000000 00:00 0 
7fe152f2b000-7fe152f2e000 ---p 00000000 00:00 0 
7fe152f2e000-7fe15302c000 rw-p 00000000 00:00 0                          [stack:13744]
7fe15302c000-7fe15302f000 ---p 00000000 00:00 0 
7fe15302f000-7fe15312d000 rw-p 00000000 00:00 0                          [stack:13743]
7fe15312d000-7fe153130000 ---p 00000000 00:00 0 
7fe153130000-7fe15322e000 rw-p 00000000 00:00 0                          [stack:13742]
7fe15322e000-7fe153231000 ---p 00000000 00:00 0 
7fe153231000-7fe15332f000 rw-p 00000000 00:00 0                          [stack:13741]
7fe15332f000-7fe153332000 ---p 00000000 00:00 0 
7fe153332000-7fe153430000 rw-p 00000000 00:00 0                          [stack:13740]
7fe153430000-7fe1535f5000 r--p 00000000 08:43 602299                     /usr/lib/locale/locale-archive
7fe1535f6000-7fe1535f9000 ---p 00000000 00:00 0 
7fe1535f9000-7fe1536f7000 rw-p 00000000 00:00 0                          [stack:13733]
7fe1536f7000-7fe1536fa000 ---p 00000000 00:00 0 
7fe1536fa000-7fe1537f8000 rw-p 00000000 00:00 0                          [stack:13732]
7fe1537f8000-7fe1537f9000 ---p 00000000 00:00 0 
7fe1537f9000-7fe154000000 rw-p 00000000 00:00 0 
7fe154000000-7fe154021000 rw-p 00000000 00:00 0 
7fe154021000-7fe158000000 ---p 00000000 00:00 0 
7fe158000000-7fe158001000 r--s 00000000 08:15 131663                     /var/cache/fontconfig/6ba42ae0000f58711b5caaf10d690066-le64.cache-4
7fe158008000-7fe158009000 r--s 00000000 08:15 132189                     /var/cache/fontconfig/f82a023eef781fa08a967b9632ad97a0-le64.cache-4
7fe15800a000-7fe15800c000 r--s 0001a000 00:22 153131                     /home/nathan/jdk1.8.0_31/jre/lib/jce.jar
7fe15800c000-7fe158010000 r--s 00094000 00:22 153135                     /home/nathan/jdk1.8.0_31/jre/lib/jsse.jar
7fe158015000-7fe158046000 rw-p 00000000 00:00 0 
7fe158046000-7fe158048000 r--s 00016000 00:22 1442727                    /home/nathan/exec/idea-IC-141.713.2/lib/idea_rt.jar
7fe15804f000-7fe15805d000 r--s 0046f000 00:22 1433887                    /home/nathan/Projects/java/lib/qtjambi-4.8.6.1-linux64/qtjambi-examples-4.8.6.jar
7fe15805f000-7fe158089000 r--s 002df000 00:22 1433885                    /home/nathan/Projects/java/lib/qtjambi-4.8.6.1-linux64/qtjambi-4.8.6.jar
7fe15808f000-7fe15c000000 rw-p 00000000 00:00 0 
7fe15c000000-7fe15c021000 rw-p 00000000 00:00 0 
7fe15c021000-7fe160000000 ---p 00000000 00:00 0 
7fe160007000-7fe160009000 r--s 00017000 00:22 1446554                    /home/nathan/Projects/java/lib/ini4j-0.5.4/ini4j-0.5.4.jar
7fe16000b000-7fe16000e000 r--s 01da3000 00:22 1433889                    /home/nathan/Projects/java/lib/qtjambi-4.8.6.1-linux64/qtjambi-native-linux64-gcc-4.8.6.jar
7fe160010000-7fe160012000 r--s 00008000 00:22 1433886                    /home/nathan/Projects/java/lib/qtjambi-4.8.6.1-linux64/qtjambi-designer-4.8.6.jar
7fe160014000-7fe160019000 r--s 00084000 00:22 153133                     /home/nathan/jdk1.8.0_31/jre/lib/jfr.jar
7fe16001f000-7fe160021000 r--s 00007000 00:22 153134                     /home/nathan/jdk1.8.0_31/jre/lib/jfxswt.jar
7fe160021000-7fe16002b000 r--s 00069000 00:22 153130                     /home/nathan/jdk1.8.0_31/jre/lib/javaws.jar
7fe160030000-7fe160035000 r--s 002f8000 00:22 153108                     /home/nathan/jdk1.8.0_31/jre/lib/charsets.jar
7fe16003c000-7fe160055000 r--s 001ec000 00:22 153114                     /home/nathan/jdk1.8.0_31/jre/lib/deploy.jar
7fe160058000-7fe160059000 r--s 00000000 00:22 153138                     /home/nathan/jdk1.8.0_31/jre/lib/management-agent.jar
7fe16005c000-7fe16006f000 r--s 00344000 00:22 153144                     /home/nathan/jdk1.8.0_31/jre/lib/resources.jar
7fe160074000-7fe160078000 r--s 00094000 00:22 153135                     /home/nathan/jdk1.8.0_31/jre/lib/jsse.jar
7fe16007d000-7fe160090000 r--s 000d5000 00:22 153141                     /home/nathan/jdk1.8.0_31/jre/lib/plugin.jar
7fe160095000-7fe160e26000 rw-p 00000000 00:00 0 
7fe160e26000-7fe160ffc000 r--s 03cae000 00:22 153145                     /home/nathan/jdk1.8.0_31/jre/lib/rt.jar
7fe161000000-7fe1612a0000 rwxp 00000000 00:00 0 
7fe1612a0000-7fe170000000 ---p 00000000 00:00 0 
7fe170000000-7fe170715000 rw-p 00000000 00:00 0 
7fe170715000-7fe174000000 ---p 00000000 00:00 0 
7fe174003000-7fe174cd0000 rw-p 00000000 00:00 0 
7fe174cd0000-7fe174cd1000 ---p 00000000 00:00 0 
7fe174cd1000-7fe174dd1000 rw-p 00000000 00:00 0                          [stack:13727]
7fe174dd1000-7fe174dd2000 ---p 00000000 00:00 0 
7fe174dd2000-7fe174ed2000 rw-p 00000000 00:00 0                          [stack:13726]
7fe174ed2000-7fe174ed3000 ---p 00000000 00:00 0 
7fe174ed3000-7fe174fd3000 rw-p 00000000 00:00 0                          [stack:13725]
7fe174fd3000-7fe174fd4000 ---p 00000000 00:00 0 
7fe174fd4000-7fe1750d4000 rw-p 00000000 00:00 0                          [stack:13724]
7fe1750d4000-7fe1750d5000 ---p 00000000 00:00 0 
7fe1750d5000-7fe1751d5000 rw-p 00000000 00:00 0                          [stack:13723]
7fe1751d5000-7fe1751d6000 ---p 00000000 00:00 0 
7fe1751d6000-7fe175300000 rw-p 00000000 00:00 0                          [stack:13715]
7fe175300000-7fe175570000 ---p 00000000 00:00 0 
7fe175570000-7fe17559a000 rw-p 00000000 00:00 0 
7fe17559a000-7fe17580a000 ---p 00000000 00:00 0 
7fe17580a000-7fe17581f000 rw-p 00000000 00:00 0 
7fe17581f000-7fe175957000 ---p 00000000 00:00 0 
7fe175957000-7fe175963000 rw-p 00000000 00:00 0 
7fe175963000-7fe175d18000 ---p 00000000 00:00 0 
7fe175d18000-7fe175d32000 r-xp 00000000 00:22 153204                     /home/nathan/jdk1.8.0_31/jre/lib/amd64/libzip.so
7fe175d32000-7fe175f32000 ---p 0001a000 00:22 153204                     /home/nathan/jdk1.8.0_31/jre/lib/amd64/libzip.so
7fe175f32000-7fe175f33000 rw-p 0001a000 00:22 153204                     /home/nathan/jdk1.8.0_31/jre/lib/amd64/libzip.so
7fe175f38000-7fe175f43000 r-xp 00000000 08:43 592158                     /usr/lib/libnss_files-2.21.so
7fe175f43000-7fe176143000 ---p 0000b000 08:43 592158                     /usr/lib/libnss_files-2.21.so
7fe176143000-7fe176144000 r--p 0000b000 08:43 592158                     /usr/lib/libnss_files-2.21.so
7fe176144000-7fe176145000 rw-p 0000c000 08:43 592158                     /usr/lib/libnss_files-2.21.so
7fe176148000-7fe176172000 r-xp 00000000 00:22 153169                     /home/nathan/jdk1.8.0_31/jre/lib/amd64/libjava.so
7fe176172000-7fe176372000 ---p 0002a000 00:22 153169                     /home/nathan/jdk1.8.0_31/jre/lib/amd64/libjava.so
7fe176372000-7fe176374000 rw-p 0002a000 00:22 153169                     /home/nathan/jdk1.8.0_31/jre/lib/amd64/libjava.so
7fe176378000-7fe176385000 r-xp 00000000 00:22 153203                     /home/nathan/jdk1.8.0_31/jre/lib/amd64/libverify.so
7fe176385000-7fe176585000 ---p 0000d000 00:22 153203                     /home/nathan/jdk1.8.0_31/jre/lib/amd64/libverify.so
7fe176585000-7fe176587000 rw-p 0000d000 00:22 153203                     /home/nathan/jdk1.8.0_31/jre/lib/amd64/libverify.so
7fe176588000-7fe17658f000 r-xp 00000000 08:43 592189                     /usr/lib/librt-2.21.so
7fe17658f000-7fe17678e000 ---p 00007000 08:43 592189                     /usr/lib/librt-2.21.so
7fe17678e000-7fe17678f000 r--p 00006000 08:43 592189                     /usr/lib/librt-2.21.so
7fe17678f000-7fe176790000 rw-p 00007000 08:43 592189                     /usr/lib/librt-2.21.so
7fe176790000-7fe176893000 r-xp 00000000 08:43 592214                     /usr/lib/libm-2.21.so
7fe176893000-7fe176a92000 ---p 00103000 08:43 592214                     /usr/lib/libm-2.21.so
7fe176a92000-7fe176a93000 r--p 00102000 08:43 592214                     /usr/lib/libm-2.21.so
7fe176a93000-7fe176a94000 rw-p 00103000 08:43 592214                     /usr/lib/libm-2.21.so
7fe176a98000-7fe177706000 r-xp 00000000 00:22 153207                     /home/nathan/jdk1.8.0_31/jre/lib/amd64/server/libjvm.so
7fe177706000-7fe177905000 ---p 00c6e000 00:22 153207                     /home/nathan/jdk1.8.0_31/jre/lib/amd64/server/libjvm.so
7fe177905000-7fe1779db000 rw-p 00c6d000 00:22 153207                     /home/nathan/jdk1.8.0_31/jre/lib/amd64/server/libjvm.so
7fe1779db000-7fe177a1e000 rw-p 00000000 00:00 0 
7fe177a20000-7fe177bb9000 r-xp 00000000 08:43 592168                     /usr/lib/libc-2.21.so
7fe177bb9000-7fe177db8000 ---p 00199000 08:43 592168                     /usr/lib/libc-2.21.so
7fe177db8000-7fe177dbc000 r--p 00198000 08:43 592168                     /usr/lib/libc-2.21.so
7fe177dbc000-7fe177dbe000 rw-p 0019c000 08:43 592168                     /usr/lib/libc-2.21.so
7fe177dbe000-7fe177dc2000 rw-p 00000000 00:00 0 
7fe177dc8000-7fe177dcb000 r-xp 00000000 08:43 592197                     /usr/lib/libdl-2.21.so
7fe177dcb000-7fe177fca000 ---p 00003000 08:43 592197                     /usr/lib/libdl-2.21.so
7fe177fca000-7fe177fcb000 r--p 00002000 08:43 592197                     /usr/lib/libdl-2.21.so
7fe177fcb000-7fe177fcc000 rw-p 00003000 08:43 592197                     /usr/lib/libdl-2.21.so
7fe177fd0000-7fe177fe5000 r-xp 00000000 00:22 153380                     /home/nathan/jdk1.8.0_31/lib/amd64/jli/libjli.so
7fe177fe5000-7fe1781e4000 ---p 00015000 00:22 153380                     /home/nathan/jdk1.8.0_31/lib/amd64/jli/libjli.so
7fe1781e4000-7fe1781e5000 rw-p 00014000 00:22 153380                     /home/nathan/jdk1.8.0_31/lib/amd64/jli/libjli.so
7fe1781e8000-7fe178200000 r-xp 00000000 08:43 592188                     /usr/lib/libpthread-2.21.so
7fe178200000-7fe1783ff000 ---p 00018000 08:43 592188                     /usr/lib/libpthread-2.21.so
7fe1783ff000-7fe178400000 r--p 00017000 08:43 592188                     /usr/lib/libpthread-2.21.so
7fe178400000-7fe178401000 rw-p 00018000 08:43 592188                     /usr/lib/libpthread-2.21.so
7fe178401000-7fe178405000 rw-p 00000000 00:00 0 
7fe178408000-7fe17842a000 r-xp 00000000 08:43 592210                     /usr/lib/ld-2.21.so
7fe17842a000-7fe17842c000 r--s 0001a000 00:22 153131                     /home/nathan/jdk1.8.0_31/jre/lib/jce.jar
7fe178432000-7fe178433000 r--p 00000000 00:00 0 
7fe178433000-7fe178520000 rw-p 00000000 00:00 0 
7fe178520000-7fe178528000 rw-s 00000000 08:16 347                        /tmp/hsperfdata_nathan/13712 (deleted)
7fe178528000-7fe17852b000 ---p 00000000 00:00 0 
7fe17852b000-7fe178629000 rw-p 00000000 00:00 0                          [stack:13713]
7fe178629000-7fe17862a000 r--p 00021000 08:43 592210                     /usr/lib/ld-2.21.so
7fe17862a000-7fe17862b000 rw-p 00022000 08:43 592210                     /usr/lib/ld-2.21.so
7fe17862b000-7fe17862d000 rw-p 00000000 00:00 0 
7fe17862d000-7fe17862e000 ---p 00000000 00:00 0 
7fe17862e000-7fe178633000 rw-p 00000000 00:00 0 
7fff1caa4000-7fff1cac5000 rw-p 00000000 00:00 0                          [stack]
7fff1cb68000-7fff1cb6a000 r--p 00000000 00:00 0                          [vvar]
7fff1cb6a000-7fff1cb6c000 r-xp 00000000 00:00 0                          [vdso]
ffffffffff600000-ffffffffff601000 r-xp 00000000 00:00 0                  [vsyscall]

VM Arguments:
jvm_args: -Didea.launcher.port=7538 -Didea.launcher.bin.path=/home/nathan/exec/idea-IC-141.713.2/bin -Dfile.encoding=US-ASCII 
java_command: com.intellij.rt.execution.application.AppMain be.monfils.JExplorer.JExplorer
java_class_path (initial): /home/nathan/jdk1.8.0_31/jre/lib/plugin.jar:/home/nathan/jdk1.8.0_31/jre/lib/jce.jar:/home/nathan/jdk1.8.0_31/jre/lib/jsse.jar:/home/nathan/jdk1.8.0_31/jre/lib/resources.jar:/home/nathan/jdk1.8.0_31/jre/lib/management-agent.jar:/home/nathan/jdk1.8.0_31/jre/lib/deploy.jar:/home/nathan/jdk1.8.0_31/jre/lib/rt.jar:/home/nathan/jdk1.8.0_31/jre/lib/charsets.jar:/home/nathan/jdk1.8.0_31/jre/lib/javaws.jar:/home/nathan/jdk1.8.0_31/jre/lib/jfxswt.jar:/home/nathan/jdk1.8.0_31/jre/lib/jfr.jar:/home/nathan/jdk1.8.0_31/jre/lib/ext/sunjce_provider.jar:/home/nathan/jdk1.8.0_31/jre/lib/ext/sunpkcs11.jar:/home/nathan/jdk1.8.0_31/jre/lib/ext/jfxrt.jar:/home/nathan/jdk1.8.0_31/jre/lib/ext/dnsns.jar:/home/nathan/jdk1.8.0_31/jre/lib/ext/cldrdata.jar:/home/nathan/jdk1.8.0_31/jre/lib/ext/localedata.jar:/home/nathan/jdk1.8.0_31/jre/lib/ext/nashorn.jar:/home/nathan/jdk1.8.0_31/jre/lib/ext/zipfs.jar:/home/nathan/jdk1.8.0_31/jre/lib/ext/sunec.jar:/home/nathan/Projects/java/JExplorer/out/production/JExplorer:/home/nathan/Projects/java/lib/qtjambi-4.8.6.1-linux64/qtjambi-4.8.6.jar:/home/nathan/Projects/java/lib/qtjambi-4.8.6.1-linux64/qtjambi-designer-4.8.6.jar:/home/nathan/Projects/java/lib/qtjambi-4.8.6.1-linux64/qtjambi-examples-4.8.6.jar:/home/nathan/Projects/java/lib/qtjambi-4.8.6.1-linux64/qtjambi-native-linux64-gcc-4.8.6.jar:/home/nathan/Projects/java/lib/ini4j-0.5.4/ini4j-0.5.4.jar:/home/nathan/exec/idea-IC-141.713.2/lib/idea_rt.jar
Launcher Type: SUN_STANDARD

Environment Variables:
PATH=/usr/local/sbin:/usr/local/bin:/usr/bin:/usr/lib/jvm/default/bin:/usr/bin/site_perl:/usr/bin/vendor_perl:/usr/bin/core_perl:/usr/sbin
LD_LIBRARY_PATH=/home/nathan/exec/idea-IC-141.713.2/bin:
SHELL=/bin/zsh
DISPLAY=:0

Signal Handlers:
SIGSEGV: [libjvm.so+0xa7a650], sa_mask[0]=11111111011111111101111111111110, sa_flags=SA_RESTART|SA_SIGINFO
SIGBUS: [libjvm.so+0xa7a650], sa_mask[0]=11111111011111111101111111111110, sa_flags=SA_RESTART|SA_SIGINFO
SIGFPE: [libjvm.so+0x8e28f0], sa_mask[0]=11111111011111111101111111111110, sa_flags=SA_RESTART|SA_SIGINFO
SIGPIPE: [libjvm.so+0x8e28f0], sa_mask[0]=11111111011111111101111111111110, sa_flags=SA_RESTART|SA_SIGINFO
SIGXFSZ: [libjvm.so+0x8e28f0], sa_mask[0]=11111111011111111101111111111110, sa_flags=SA_RESTART|SA_SIGINFO
SIGILL: [libjvm.so+0x8e28f0], sa_mask[0]=11111111011111111101111111111110, sa_flags=SA_RESTART|SA_SIGINFO
SIGUSR1: SIG_DFL, sa_mask[0]=00000000000000000000000000000000, sa_flags=none
SIGUSR2: [libjvm.so+0x8e4120], sa_mask[0]=00100000000000000000000000000000, sa_flags=SA_RESTART|SA_SIGINFO
SIGHUP: [libjvm.so+0x8e54e0], sa_mask[0]=11111111011111111101111111111110, sa_flags=SA_RESTART|SA_SIGINFO
SIGINT: [libjvm.so+0x8e54e0], sa_mask[0]=11111111011111111101111111111110, sa_flags=SA_RESTART|SA_SIGINFO
SIGTERM: [libjvm.so+0x8e54e0], sa_mask[0]=11111111011111111101111111111110, sa_flags=SA_RESTART|SA_SIGINFO
SIGQUIT: [libjvm.so+0x8e54e0], sa_mask[0]=11111111011111111101111111111110, sa_flags=SA_RESTART|SA_SIGINFO


---------------  S Y S T E M  ---------------

OS:NAME="Arch Linux"
ID=arch
PRETTY_NAME="Arch Linux"
ANSI_COLOR="0;36"
HOME_URL="https://www.archlinux.org/"
SUPPORT_URL="https://bbs.archlinux.org/"
BUG_REPORT_URL="https://bugs.archlinux.org/"


uname:Linux 4.0.4-2-ARCH #1 SMP PREEMPT Fri May 22 03:05:23 UTC 2015 x86_64
libc:glibc 2.21 NPTL 2.21 
rlimit: STACK 8192k, CORE 0k, NPROC 31669, NOFILE 4096, AS infinity
load average:1.29 0.70 0.51

/proc/meminfo:
MemTotal:        8178552 kB
MemFree:         1424908 kB
MemAvailable:    4839404 kB
Buffers:           79168 kB
Cached:          3526016 kB
SwapCached:            0 kB
Active:          4838508 kB
Inactive:        1536752 kB
Active(anon):    2773564 kB
Inactive(anon):    91344 kB
Active(file):    2064944 kB
Inactive(file):  1445408 kB
Unevictable:        1288 kB
Mlocked:            1288 kB
SwapTotal:             0 kB
SwapFree:              0 kB
Dirty:             12524 kB
Writeback:             0 kB
AnonPages:       2771396 kB
Mapped:           570860 kB
Shmem:             94840 kB
Slab:             185648 kB
SReclaimable:     146156 kB
SUnreclaim:        39492 kB
KernelStack:       10000 kB
PageTables:        43968 kB
NFS_Unstable:          0 kB
Bounce:                0 kB
WritebackTmp:          0 kB
CommitLimit:     4089276 kB
Committed_AS:    7691144 kB
VmallocTotal:   34359738367 kB
VmallocUsed:      349024 kB
VmallocChunk:   34359384572 kB
HardwareCorrupted:     0 kB
AnonHugePages:   1226752 kB
HugePages_Total:       0
HugePages_Free:        0
HugePages_Rsvd:        0
HugePages_Surp:        0
Hugepagesize:       2048 kB
DirectMap4k:      899008 kB
DirectMap2M:     7487488 kB
DirectMap1G:           0 kB


CPU:total 6 (6 cores per cpu, 1 threads per core) family 21 model 2 stepping 0, cmov, cx8, fxsr, mmx, sse, sse2, sse3, ssse3, sse4.1, sse4.2, popcnt, avx, aes, clmul, mmxext, 3dnowpref, lzcnt, sse4a, tsc, tscinvbit, tscinv, bmi1

/proc/cpuinfo:
processor	: 0
vendor_id	: AuthenticAMD
cpu family	: 21
model		: 2
model name	: AMD FX(tm)-6300 Six-Core Processor
stepping	: 0
microcode	: 0x6000832
cpu MHz		: 1400.000
cache size	: 2048 KB
physical id	: 0
siblings	: 6
core id		: 0
cpu cores	: 3
apicid		: 0
initial apicid	: 0
fpu		: yes
fpu_exception	: yes
cpuid level	: 13
wp		: yes
flags		: fpu vme de pse tsc msr pae mce cx8 apic sep mtrr pge mca cmov pat pse36 clflush mmx fxsr sse sse2 ht syscall nx mmxext fxsr_opt pdpe1gb rdtscp lm constant_tsc rep_good nopl nonstop_tsc extd_apicid aperfmperf pni pclmulqdq monitor ssse3 fma cx16 sse4_1 sse4_2 popcnt aes xsave avx f16c lahf_lm cmp_legacy svm extapic cr8_legacy abm sse4a misalignsse 3dnowprefetch osvw ibs xop skinit wdt lwp fma4 tce nodeid_msr tbm topoext perfctr_core perfctr_nb arat cpb hw_pstate npt lbrv svm_lock nrip_save tsc_scale vmcb_clean flushbyasid decodeassists pausefilter pfthreshold vmmcall bmi1
bugs		: fxsave_leak
bogomips	: 7034.43
TLB size	: 1536 4K pages
clflush size	: 64
cache_alignment	: 64
address sizes	: 48 bits physical, 48 bits virtual
power management: ts ttp tm 100mhzsteps hwpstate cpb eff_freq_ro

processor	: 1
vendor_id	: AuthenticAMD
cpu family	: 21
model		: 2
model name	: AMD FX(tm)-6300 Six-Core Processor             
stepping	: 0
microcode	: 0x6000832
cpu MHz		: 3500.000
cache size	: 2048 KB
physical id	: 0
siblings	: 6
core id		: 1
cpu cores	: 3
apicid		: 1
initial apicid	: 1
fpu		: yes
fpu_exception	: yes
cpuid level	: 13
wp		: yes
flags		: fpu vme de pse tsc msr pae mce cx8 apic sep mtrr pge mca cmov pat pse36 clflush mmx fxsr sse sse2 ht syscall nx mmxext fxsr_opt pdpe1gb rdtscp lm constant_tsc rep_good nopl nonstop_tsc extd_apicid aperfmperf pni pclmulqdq monitor ssse3 fma cx16 sse4_1 sse4_2 popcnt aes xsave avx f16c lahf_lm cmp_legacy svm extapic cr8_legacy abm sse4a misalignsse 3dnowprefetch osvw ibs xop skinit wdt lwp fma4 tce nodeid_msr tbm topoext perfctr_core perfctr_nb arat cpb hw_pstate npt lbrv svm_lock nrip_save tsc_scale vmcb_clean flushbyasid decodeassists pausefilter pfthreshold vmmcall bmi1
bugs		: fxsave_leak
bogomips	: 7034.43
TLB size	: 1536 4K pages
clflush size	: 64
cache_alignment	: 64
address sizes	: 48 bits physical, 48 bits virtual
power management: ts ttp tm 100mhzsteps hwpstate cpb eff_freq_ro

processor	: 2
vendor_id	: AuthenticAMD
cpu family	: 21
model		: 2
model name	: AMD FX(tm)-6300 Six-Core Processor             
stepping	: 0
microcode	: 0x6000832
cpu MHz		: 3500.000
cache size	: 2048 KB
physical id	: 0
siblings	: 6
core id		: 2
cpu cores	: 3
apicid		: 2
initial apicid	: 2
fpu		: yes
fpu_exception	: yes
cpuid level	: 13
wp		: yes
flags		: fpu vme de pse tsc msr pae mce cx8 apic sep mtrr pge mca cmov pat pse36 clflush mmx fxsr sse sse2 ht syscall nx mmxext fxsr_opt pdpe1gb rdtscp lm constant_tsc rep_good nopl nonstop_tsc extd_apicid aperfmperf pni pclmulqdq monitor ssse3 fma cx16 sse4_1 sse4_2 popcnt aes xsave avx f16c lahf_lm cmp_legacy svm extapic cr8_legacy abm sse4a misalignsse 3dnowprefetch osvw ibs xop skinit wdt lwp fma4 tce nodeid_msr tbm topoext perfctr_core perfctr_nb arat cpb hw_pstate npt lbrv svm_lock nrip_save tsc_scale vmcb_clean flushbyasid decodeassists pausefilter pfthreshold vmmcall bmi1
bugs		: fxsave_leak
bogomips	: 7034.43
TLB size	: 1536 4K pages
clflush size	: 64
cache_alignment	: 64
address sizes	: 48 bits physical, 48 bits virtual
power management: ts ttp tm 100mhzsteps hwpstate cpb eff_freq_ro

processor	: 3
vendor_id	: AuthenticAMD
cpu family	: 21
model		: 2
model name	: AMD FX(tm)-6300 Six-Core Processor             
stepping	: 0
microcode	: 0x6000832
cpu MHz		: 2000.000
cache size	: 2048 KB
physical id	: 0
siblings	: 6
core id		: 3
cpu cores	: 3
apicid		: 3
initial apicid	: 3
fpu		: yes
fpu_exception	: yes
cpuid level	: 13
wp		: yes
flags		: fpu vme de pse tsc msr pae mce cx8 apic sep mtrr pge mca cmov pat pse36 clflush mmx fxsr sse sse2 ht syscall nx mmxext fxsr_opt pdpe1gb rdtscp lm constant_tsc rep_good nopl nonstop_tsc extd_apicid aperfmperf pni pclmulqdq monitor ssse3 fma cx16 sse4_1 sse4_2 popcnt aes xsave avx f16c lahf_lm cmp_legacy svm extapic cr8_legacy abm sse4a misalignsse 3dnowprefetch osvw ibs xop skinit wdt lwp fma4 tce nodeid_msr tbm topoext perfctr_core perfctr_nb arat cpb hw_pstate npt lbrv svm_lock nrip_save tsc_scale vmcb_clean flushbyasid decodeassists pausefilter pfthreshold vmmcall bmi1
bugs		: fxsave_leak
bogomips	: 7034.43
TLB size	: 1536 4K pages
clflush size	: 64
cache_alignment	: 64
address sizes	: 48 bits physical, 48 bits virtual
power management: ts ttp tm 100mhzsteps hwpstate cpb eff_freq_ro

processor	: 4
vendor_id	: AuthenticAMD
cpu family	: 21
model		: 2
model name	: AMD FX(tm)-6300 Six-Core Processor             
stepping	: 0
microcode	: 0x6000832
cpu MHz		: 2000.000
cache size	: 2048 KB
physical id	: 0
siblings	: 6
core id		: 5
cpu cores	: 3
apicid		: 4
initial apicid	: 5
fpu		: yes
fpu_exception	: yes
cpuid level	: 13
wp		: yes
flags		: fpu vme de pse tsc msr pae mce cx8 apic sep mtrr pge mca cmov pat pse36 clflush mmx fxsr sse sse2 ht syscall nx mmxext fxsr_opt pdpe1gb rdtscp lm constant_tsc rep_good nopl nonstop_tsc extd_apicid aperfmperf pni pclmulqdq monitor ssse3 fma cx16 sse4_1 sse4_2 popcnt aes xsave avx f16c lahf_lm cmp_legacy svm extapic cr8_legacy abm sse4a misalignsse 3dnowprefetch osvw ibs xop skinit wdt lwp fma4 tce nodeid_msr tbm topoext perfctr_core perfctr_nb arat cpb hw_pstate npt lbrv svm_lock nrip_save tsc_scale vmcb_clean flushbyasid decodeassists pausefilter pfthreshold vmmcall bmi1
bugs		: fxsave_leak
bogomips	: 7034.43
TLB size	: 1536 4K pages
clflush size	: 64
cache_alignment	: 64
address sizes	: 48 bits physical, 48 bits virtual
power management: ts ttp tm 100mhzsteps hwpstate cpb eff_freq_ro

processor	: 5
vendor_id	: AuthenticAMD
cpu family	: 21
model		: 2
model name	: AMD FX(tm)-6300 Six-Core Processor             
stepping	: 0
microcode	: 0x6000832
cpu MHz		: 1400.000
cache size	: 2048 KB
physical id	: 0
siblings	: 6
core id		: 4
cpu cores	: 3
apicid		: 5
initial apicid	: 4
fpu		: yes
fpu_exception	: yes
cpuid level	: 13
wp		: yes
flags		: fpu vme de pse tsc msr pae mce cx8 apic sep mtrr pge mca cmov pat pse36 clflush mmx fxsr sse sse2 ht syscall nx mmxext fxsr_opt pdpe1gb rdtscp lm constant_tsc rep_good nopl nonstop_tsc extd_apicid aperfmperf pni pclmulqdq monitor ssse3 fma cx16 sse4_1 sse4_2 popcnt aes xsave avx f16c lahf_lm cmp_legacy svm extapic cr8_legacy abm sse4a misalignsse 3dnowprefetch osvw ibs xop skinit wdt lwp fma4 tce nodeid_msr tbm topoext perfctr_core perfctr_nb arat cpb hw_pstate npt lbrv svm_lock nrip_save tsc_scale vmcb_clean flushbyasid decodeassists pausefilter pfthreshold vmmcall bmi1
bugs		: fxsave_leak
bogomips	: 7034.43
TLB size	: 1536 4K pages
clflush size	: 64
cache_alignment	: 64
address sizes	: 48 bits physical, 48 bits virtual
power management: ts ttp tm 100mhzsteps hwpstate cpb eff_freq_ro



Memory: 4k page, physical 8178552k(1424908k free), swap 0k(0k free)

vm_info: Java HotSpot(TM) 64-Bit Server VM (25.31-b07) for linux-amd64 JRE (1.8.0_31-b13), built on Dec 17 2014 20:40:15 by "java_re" with gcc 4.3.0 20080428 (Red Hat 4.3.0-8)

time: Sat Jun 13 16:27:42 2015
elapsed time: 4 seconds (0d 0h 0m 4s)

