#
# A fatal error has been detected by the Java Runtime Environment:
#
#  SIGSEGV (0xb) at pc=0x00007fecb2541057, pid=13347, tid=140656044537600
#
# JRE version: Java(TM) SE Runtime Environment (8.0_31-b13) (build 1.8.0_31-b13)
# Java VM: Java HotSpot(TM) 64-Bit Server VM (25.31-b07 mixed mode linux-amd64 compressed oops)
# Problematic frame:
# C  [libqtjambi.so.1+0x21057]  qtjambishell_signals_cleanup(QtJambiSignalInfo*, int)+0x37
#
# Failed to write core dump. Core dumps have been disabled. To enable core dumping, try "ulimit -c unlimited" before starting Java again
#
# If you would like to submit a bug report, please visit:
#   http://bugreport.java.com/bugreport/crash.jsp
#

---------------  T H R E A D  ---------------

Current thread is native thread

siginfo: si_signo: 11 (SIGSEGV), si_code: 1 (SEGV_MAPERR), si_addr: 0x0000000000000000

Registers:
RAX=0x0000000000000000, RBX=0x00007fed00607170, RCX=0x00007fed000e3210, RDX=0x00000000ffffffff
RSP=0x00007fed0991ea40, RBP=0x0000000000000000, RSI=0x00007fed005b1850, RDI=0x00007fed00000040
R8 =0x00007fed000e3270, R9 =0x00007fed0991f700, R10=0x0000000000000004, R11=0x0000000000000000
R12=0x00007fed006071e0, R13=0x00007fed0046e010, R14=0x00007fec940014f0, R15=0x00007fed00453550
RIP=0x00007fecb2541057, EFLAGS=0x0000000000010206, CSGSFS=0x0000000000000033, ERR=0x0000000000000004
  TRAPNO=0x000000000000000e

Top of Stack: (sp=0x00007fed0991ea40)
0x00007fed0991ea40:   00007fed00453550 00007fec940014f0
0x00007fed0991ea50:   00007fed00453550 00007feca5d43ce0
0x00007fed0991ea60:   00007fed0991f700 00007fed00453550
0x00007fed0991ea70:   00007fec940014f0 00007feca5d43d19
0x00007fed0991ea80:   00007fed00453550 00007fecb388b898
0x00007fed0991ea90:   00007fed0991feff 0000000000000000
0x00007fed0991eaa0:   00007fed00458060 0000000000000001
0x00007fed0991eab0:   0000000000000001 00007fed0991ec78
0x00007fed0991eac0:   00007fed0991ec10 00007fed0991ec20
0x00007fed0991ead0:   00007fed090b5700 00007fed08d66d97
0x00007fed0991eae0:   00007fec940014f0 0000003000000018
0x00007fed0991eaf0:   00007fed0991ebc0 00007fed0991eb00
0x00007fed0991eb00:   0000001f00000000 00007fed0991eb20
0x00007fed0991eb10:   00007fed000e3288 0000000000000000
0x00007fed0991eb20:   00007fed0060b9b0 00007fed0991ea00
0x00007fed0991eb30:   00007fecb3bd8820 00007fed00000020
0x00007fed0991eb40:   0000000000000020 0000000000d17550
0x00007fed0991eb50:   00007fed0060ba08 00007fed00453580
0x00007fed0991eb60:   00007fec940014f0 00007fed00453550
0x00007fed0991eb70:   00007fed0046e010 00007fecb157c5a3
0x00007fed0991eb80:   00007fed090b5700 0000000000000001
0x00007fed0991eb90:   00007fed0991ec78 00007fed0991ebc0
0x00007fed0991eba0:   00007fed090b5700 00007fecb3767c47
0x00007fed0991ebb0:   00007fed0991ebc0 00007fecb255d0b8
0x00007fed0991ebc0:   00007fed0991ec00 0000000000000001
0x00007fed0991ebd0:   00007fed0991ec78 00007fed00453550
0x00007fed0991ebe0:   00007fec940014f0 00007fed00453580
0x00007fed0991ebf0:   00007fed0046e010 00007fec940014f0
0x00007fed0991ec00:   00007fed00453550 00007fecb15775dc
0x00007fed0991ec10:   00007fed0060b9b0 00007fed00453550
0x00007fed0991ec20:   00007fed00453550 00007fed00453550
0x00007fed0991ec30:   00007fed0046e010 00007fecb157db1d 

Instructions: (pc=0x00007fecb2541057)
0x00007fecb2541037:   24 ff 48 89 c5 48 c1 e6 04 4c 8d 64 33 10 0f 1f
0x00007fecb2541047:   00 48 83 7b 08 00 74 24 48 8b 33 48 85 f6 74 14
0x00007fecb2541057:   48 8b 45 00 48 89 ef ff 90 18 07 00 00 48 c7 03
0x00007fecb2541067:   00 00 00 00 48 c7 43 08 00 00 00 00 48 83 c3 10 

Register to memory mapping:

RAX=0x0000000000000000 is an unknown value
RBX=0x00007fed00607170 is an unknown value
RCX=0x00007fed000e3210 is an unknown value
RDX=0x00000000ffffffff is an unallocated location in the heap
RSP=0x00007fed0991ea40 is an unknown value
RBP=0x0000000000000000 is an unknown value
RSI=0x00007fed005b1850 is a weak global jni handle
RDI=0x00007fed00000040 is an unknown value
R8 =0x00007fed000e3270 is an unknown value
R9 =0x00007fed0991f700 is an unknown value
R10=0x0000000000000004 is an unknown value
R11=0x0000000000000000 is an unknown value
R12=0x00007fed006071e0 is an unknown value
R13=0x00007fed0046e010 is an unknown value
R14=0x00007fec940014f0 is an unknown value
R15=0x00007fed00453550 is an unknown value


Stack: [0x00007fed0981f000,0x00007fed09920000],  sp=0x00007fed0991ea40,  free space=1022k
Native frames: (J=compiled Java code, j=interpreted, Vv=VM code, C=native code)
C  [libqtjambi.so.1+0x21057]  qtjambishell_signals_cleanup(QtJambiSignalInfo*, int)+0x37

[error occurred during error reporting (printing native stack), id 0xb]


---------------  P R O C E S S  ---------------

VM state:at safepoint (shutting down)

VM Mutex/Monitor currently owned by a thread:  ([mutex/lock_event])
[0x00007fed00006c00] Threads_lock - owner thread: 0x00007fed00078800

Heap:
 PSYoungGen      total 37888K, used 328K [0x00000000d6600000, 0x00000000d9000000, 0x0000000100000000)
  eden space 32768K, 1% used [0x00000000d6600000,0x00000000d6652060,0x00000000d8600000)
  from space 5120K, 0% used [0x00000000d8b00000,0x00000000d8b00000,0x00000000d9000000)
  to   space 5120K, 0% used [0x00000000d8600000,0x00000000d8600000,0x00000000d8b00000)
 ParOldGen       total 86016K, used 4187K [0x0000000083200000, 0x0000000088600000, 0x00000000d6600000)
  object space 86016K, 4% used [0x0000000083200000,0x0000000083616d40,0x0000000088600000)
 Metaspace       used 10302K, capacity 10396K, committed 10624K, reserved 1058816K
  class space    used 1109K, capacity 1138K, committed 1152K, reserved 1048576K

Card table byte_map: [0x00007fed06868000,0x00007fed06c50000] byte_map_base: 0x00007fed0644f000

Marking Bits: (ParMarkBitMap*) 0x00007fed08ceb2a0
 Begin Bits: [0x00007fece0190000, 0x00007fece20c8000)
 End Bits:   [0x00007fece20c8000, 0x00007fece4000000)

Polling page: 0x00007fed0981e000

CodeCache: size=245760Kb used=2756Kb max_used=2756Kb free=243003Kb
 bounds [0x00007fecf1000000, 0x00007fecf12c0000, 0x00007fed00000000]
 total_blobs=1044 nmethods=683 adapters=277
 compilation: enabled

Compilation events (10 events):
Event: 36.462 Thread 0x00007fed000b3800  679       3       java.lang.ref.ReferenceQueue::remove (6 bytes)
Event: 36.463 Thread 0x00007fed000b3800 nmethod 679 0x00007fecf12b18d0 code [0x00007fecf12b1a40, 0x00007fecf12b1c48]
Event: 36.463 Thread 0x00007fed000b3800  680   !   3       java.lang.ref.ReferenceQueue::remove (80 bytes)
Event: 36.463 Thread 0x00007fed000b3800 nmethod 680 0x00007fecf12b1cd0 code [0x00007fecf12b1ea0, 0x00007fecf12b2598]
Event: 36.465 Thread 0x00007fed000b3800  681       1       java.lang.ref.Reference::access$100 (4 bytes)
Event: 36.465 Thread 0x00007fed000b3800 nmethod 681 0x00007fecf12b2850 code [0x00007fecf12b29a0, 0x00007fecf12b2a90]
Event: 36.465 Thread 0x00007fed000b3800  683       1       java.lang.ref.Finalizer::access$000 (4 bytes)
Event: 36.465 Thread 0x00007fed000b3800 nmethod 683 0x00007fecf12b2ad0 code [0x00007fecf12b2c20, 0x00007fecf12b2d10]
Event: 36.465 Thread 0x00007fed000b3800  682       3       java.util.HashMap::afterNodeAccess (1 bytes)
Event: 36.498 Thread 0x00007fed000b3800 nmethod 682 0x00007fecf12b2d50 code [0x00007fecf12b2ea0, 0x00007fecf12b2ff0]

GC Heap History (8 events):
Event: 36.422 GC heap before
{Heap before GC invocations=1 (full 0):
 PSYoungGen      total 37888K, used 29092K [0x00000000d6600000, 0x00000000d9000000, 0x0000000100000000)
  eden space 32768K, 88% used [0x00000000d6600000,0x00000000d82693a8,0x00000000d8600000)
  from space 5120K, 0% used [0x00000000d8b00000,0x00000000d8b00000,0x00000000d9000000)
  to   space 5120K, 0% used [0x00000000d8600000,0x00000000d8600000,0x00000000d8b00000)
 ParOldGen       total 86016K, used 0K [0x0000000083200000, 0x0000000088600000, 0x00000000d6600000)
  object space 86016K, 0% used [0x0000000083200000,0x0000000083200000,0x0000000088600000)
 Metaspace       used 10255K, capacity 10364K, committed 10624K, reserved 1058816K
  class space    used 1102K, capacity 1106K, committed 1152K, reserved 1048576K
Event: 36.437 GC heap after
Heap after GC invocations=1 (full 0):
 PSYoungGen      total 37888K, used 4640K [0x00000000d6600000, 0x00000000d9000000, 0x0000000100000000)
  eden space 32768K, 0% used [0x00000000d6600000,0x00000000d6600000,0x00000000d8600000)
  from space 5120K, 90% used [0x00000000d8600000,0x00000000d8a88348,0x00000000d8b00000)
  to   space 5120K, 0% used [0x00000000d8b00000,0x00000000d8b00000,0x00000000d9000000)
 ParOldGen       total 86016K, used 80K [0x0000000083200000, 0x0000000088600000, 0x00000000d6600000)
  object space 86016K, 0% used [0x0000000083200000,0x0000000083214010,0x0000000088600000)
 Metaspace       used 10255K, capacity 10364K, committed 10624K, reserved 1058816K
  class space    used 1102K, capacity 1106K, committed 1152K, reserved 1048576K
}
Event: 36.437 GC heap before
{Heap before GC invocations=2 (full 1):
 PSYoungGen      total 37888K, used 4640K [0x00000000d6600000, 0x00000000d9000000, 0x0000000100000000)
  eden space 32768K, 0% used [0x00000000d6600000,0x00000000d6600000,0x00000000d8600000)
  from space 5120K, 90% used [0x00000000d8600000,0x00000000d8a88348,0x00000000d8b00000)
  to   space 5120K, 0% used [0x00000000d8b00000,0x00000000d8b00000,0x00000000d9000000)
 ParOldGen       total 86016K, used 80K [0x0000000083200000, 0x0000000088600000, 0x00000000d6600000)
  object space 86016K, 0% used [0x0000000083200000,0x0000000083214010,0x0000000088600000)
 Metaspace       used 10255K, capacity 10364K, committed 10624K, reserved 1058816K
  class space    used 1102K, capacity 1106K, committed 1152K, reserved 1048576K
Event: 36.459 GC heap after
Heap after GC invocations=2 (full 1):
 PSYoungGen      total 37888K, used 0K [0x00000000d6600000, 0x00000000d9000000, 0x0000000100000000)
  eden space 32768K, 0% used [0x00000000d6600000,0x00000000d6600000,0x00000000d8600000)
  from space 5120K, 0% used [0x00000000d8600000,0x00000000d8600000,0x00000000d8b00000)
  to   space 5120K, 0% used [0x00000000d8b00000,0x00000000d8b00000,0x00000000d9000000)
 ParOldGen       total 86016K, used 4420K [0x0000000083200000, 0x0000000088600000, 0x00000000d6600000)
  object space 86016K, 5% used [0x0000000083200000,0x0000000083651000,0x0000000088600000)
 Metaspace       used 10255K, capacity 10364K, committed 10624K, reserved 1058816K
  class space    used 1102K, capacity 1106K, committed 1152K, reserved 1048576K
}
Event: 36.465 GC heap before
{Heap before GC invocations=3 (full 1):
 PSYoungGen      total 37888K, used 1310K [0x00000000d6600000, 0x00000000d9000000, 0x0000000100000000)
  eden space 32768K, 4% used [0x00000000d6600000,0x00000000d6747b88,0x00000000d8600000)
  from space 5120K, 0% used [0x00000000d8600000,0x00000000d8600000,0x00000000d8b00000)
  to   space 5120K, 0% used [0x00000000d8b00000,0x00000000d8b00000,0x00000000d9000000)
 ParOldGen       total 86016K, used 4420K [0x0000000083200000, 0x0000000088600000, 0x00000000d6600000)
  object space 86016K, 5% used [0x0000000083200000,0x0000000083651000,0x0000000088600000)
 Metaspace       used 10302K, capacity 10396K, committed 10624K, reserved 1058816K
  class space    used 1109K, capacity 1138K, committed 1152K, reserved 1048576K
Event: 36.466 GC heap after
Heap after GC invocations=3 (full 1):
 PSYoungGen      total 37888K, used 160K [0x00000000d6600000, 0x00000000d9000000, 0x0000000100000000)
  eden space 32768K, 0% used [0x00000000d6600000,0x00000000d6600000,0x00000000d8600000)
  from space 5120K, 3% used [0x00000000d8b00000,0x00000000d8b28000,0x00000000d9000000)
  to   space 5120K, 0% used [0x00000000d8600000,0x00000000d8600000,0x00000000d8b00000)
 ParOldGen       total 86016K, used 4428K [0x0000000083200000, 0x0000000088600000, 0x00000000d6600000)
  object space 86016K, 5% used [0x0000000083200000,0x0000000083653000,0x0000000088600000)
 Metaspace       used 10302K, capacity 10396K, committed 10624K, reserved 1058816K
  class space    used 1109K, capacity 1138K, committed 1152K, reserved 1048576K
}
Event: 36.466 GC heap before
{Heap before GC invocations=4 (full 2):
 PSYoungGen      total 37888K, used 160K [0x00000000d6600000, 0x00000000d9000000, 0x0000000100000000)
  eden space 32768K, 0% used [0x00000000d6600000,0x00000000d6600000,0x00000000d8600000)
  from space 5120K, 3% used [0x00000000d8b00000,0x00000000d8b28000,0x00000000d9000000)
  to   space 5120K, 0% used [0x00000000d8600000,0x00000000d8600000,0x00000000d8b00000)
 ParOldGen       total 86016K, used 4428K [0x0000000083200000, 0x0000000088600000, 0x00000000d6600000)
  object space 86016K, 5% used [0x0000000083200000,0x0000000083653000,0x0000000088600000)
 Metaspace       used 10302K, capacity 10396K, committed 10624K, reserved 1058816K
  class space    used 1109K, capacity 1138K, committed 1152K, reserved 1048576K
Event: 36.498 GC heap after
Heap after GC invocations=4 (full 2):
 PSYoungGen      total 37888K, used 0K [0x00000000d6600000, 0x00000000d9000000, 0x0000000100000000)
  eden space 32768K, 0% used [0x00000000d6600000,0x00000000d6600000,0x00000000d8600000)
  from space 5120K, 0% used [0x00000000d8b00000,0x00000000d8b00000,0x00000000d9000000)
  to   space 5120K, 0% used [0x00000000d8600000,0x00000000d8600000,0x00000000d8b00000)
 ParOldGen       total 86016K, used 4187K [0x0000000083200000, 0x0000000088600000, 0x00000000d6600000)
  object space 86016K, 4% used [0x0000000083200000,0x0000000083616d40,0x0000000088600000)
 Metaspace       used 10302K, capacity 10396K, committed 10624K, reserved 1058816K
  class space    used 1109K, capacity 1138K, committed 1152K, reserved 1048576K
}

Deoptimization events (1 events):
Event: 25.829 Thread 0x00007fed00009000 Uncommon trap: reason=range_check action=make_not_entrant pc=0x00007fecf121f840 method=sun.reflect.generics.parser.SignatureParser.current()C @ 34

Internal exceptions (10 events):
Event: 25.829 Thread 0x00007fed00009000 Exception <a 'java/lang/ArrayIndexOutOfBoundsException': 110> (0x00000000d7e5fbe0) thrown at [/HUDSON/workspace/8-2-build-linux-amd64/jdk8u31/2394/hotspot/src/share/vm/interpreter/interpreterRuntime.cpp, line 366]
Event: 36.410 Thread 0x00007fed00675000 Exception <a 'java/security/PrivilegedActionException'> (0x00000000d81c5ce0) thrown at [/HUDSON/workspace/8-2-build-linux-amd64/jdk8u31/2394/hotspot/src/share/vm/prims/jvm.cpp, line 1312]
Event: 36.411 Thread 0x00007fed00675000 Exception <a 'java/security/PrivilegedActionException'> (0x00000000d81cb880) thrown at [/HUDSON/workspace/8-2-build-linux-amd64/jdk8u31/2394/hotspot/src/share/vm/prims/jvm.cpp, line 1312]
Event: 36.413 Thread 0x00007fed00675000 Exception <a 'java/security/PrivilegedActionException'> (0x00000000d81d0108) thrown at [/HUDSON/workspace/8-2-build-linux-amd64/jdk8u31/2394/hotspot/src/share/vm/prims/jvm.cpp, line 1312]
Event: 36.416 Thread 0x00007fed00675000 Exception <a 'java/security/PrivilegedActionException'> (0x00000000d81dbdd0) thrown at [/HUDSON/workspace/8-2-build-linux-amd64/jdk8u31/2394/hotspot/src/share/vm/prims/jvm.cpp, line 1312]
Event: 36.417 Thread 0x00007fed00675000 Exception <a 'java/security/PrivilegedActionException'> (0x00000000d81e1768) thrown at [/HUDSON/workspace/8-2-build-linux-amd64/jdk8u31/2394/hotspot/src/share/vm/prims/jvm.cpp, line 1312]
Event: 36.419 Thread 0x00007fed00675000 Exception <a 'java/security/PrivilegedActionException'> (0x00000000d81f6330) thrown at [/HUDSON/workspace/8-2-build-linux-amd64/jdk8u31/2394/hotspot/src/share/vm/prims/jvm.cpp, line 1312]
Event: 36.420 Thread 0x00007fed00675000 Exception <a 'java/security/PrivilegedActionException'> (0x00000000d81fd3e0) thrown at [/HUDSON/workspace/8-2-build-linux-amd64/jdk8u31/2394/hotspot/src/share/vm/prims/jvm.cpp, line 1312]
Event: 36.463 Thread 0x00007fed00675000 Exception <a 'java/security/PrivilegedActionException'> (0x00000000d66009f8) thrown at [/HUDSON/workspace/8-2-build-linux-amd64/jdk8u31/2394/hotspot/src/share/vm/prims/jvm.cpp, line 1312]
Event: 36.465 Thread 0x00007fed002e2000 Exception <a 'java/lang/InterruptedException': sleep interrupted> (0x00000000d66f5d08) thrown at [/HUDSON/workspace/8-2-build-linux-amd64/jdk8u31/2394/hotspot/src/share/vm/prims/jvm.cpp, line 3141]

Events (10 events):
Event: 36.465 loading class java/util/concurrent/locks/ReentrantReadWriteLock$ReadLock done
Event: 36.465 loading class java/util/concurrent/locks/ReentrantReadWriteLock$WriteLock
Event: 36.465 loading class java/util/concurrent/locks/ReentrantReadWriteLock$WriteLock done
Event: 36.465 Thread 0x00007fed002e2000 Thread exited: 0x00007fed002e2000
Event: 36.465 Executing VM operation: ParallelGCSystemGC
Event: 36.498 Executing VM operation: ParallelGCSystemGC done
Event: 36.498 Thread 0x00007fec94007800 Thread added: 0x00007fec94007800
Event: 36.499 Thread 0x00007fec94007800 Thread exited: 0x00007fec94007800
Event: 36.499 Thread 0x00007fed00675000 Thread exited: 0x00007fed00675000
Event: 36.499 Thread 0x00007fed00009000 Thread exited: 0x00007fed00009000


Dynamic libraries:
00400000-00401000 r-xp 00000000 00:22 152985                             /home/nathan/jdk1.8.0_31/bin/java
00600000-00601000 rw-p 00000000 00:22 152985                             /home/nathan/jdk1.8.0_31/bin/java
00d15000-00d36000 rw-p 00000000 00:00 0                                  [heap]
83200000-88600000 rw-p 00000000 00:00 0 
88600000-d6600000 ---p 00000000 00:00 0 
d6600000-d9000000 rw-p 00000000 00:00 0 
d9000000-100000000 ---p 00000000 00:00 0 
100000000-100120000 rw-p 00000000 00:00 0 
100120000-140000000 ---p 00000000 00:00 0 
7fec8c000000-7fec8c021000 rw-p 00000000 00:00 0 
7fec8c021000-7fec90000000 ---p 00000000 00:00 0 
7fec94000000-7fec94036000 rw-p 00000000 00:00 0 
7fec94036000-7fec98000000 ---p 00000000 00:00 0 
7fec9b66f000-7fec9b672000 ---p 00000000 00:00 0 
7fec9b672000-7fec9b770000 rw-p 00000000 00:00 0 
7fec9b770000-7fec9b945000 rw-s 00000000 00:05 51544079                   /SYSV00000000 (deleted)
7fec9b948000-7fec9b96d000 r-xp 00000000 08:43 596787                     /usr/lib/liblzma.so.5.2.1
7fec9b96d000-7fec9bb6c000 ---p 00025000 08:43 596787                     /usr/lib/liblzma.so.5.2.1
7fec9bb6c000-7fec9bb6d000 r--p 00024000 08:43 596787                     /usr/lib/liblzma.so.5.2.1
7fec9bb6d000-7fec9bb6e000 rw-p 00025000 08:43 596787                     /usr/lib/liblzma.so.5.2.1
7fec9bb70000-7fec9bbec000 r-xp 00000000 08:43 1634046                    /usr/lib/libtiff.so.5.2.0
7fec9bbec000-7fec9bdec000 ---p 0007c000 08:43 1634046                    /usr/lib/libtiff.so.5.2.0
7fec9bdec000-7fec9bded000 r--p 0007c000 08:43 1634046                    /usr/lib/libtiff.so.5.2.0
7fec9bded000-7fec9bdf3000 rw-p 0007d000 08:43 1634046                    /usr/lib/libtiff.so.5.2.0
7fec9bdf3000-7fec9bdf4000 rw-p 00000000 00:00 0 
7fec9bdf8000-7fec9bdff000 r-xp 00000000 08:43 1713220                    /usr/lib/qt4/plugins/imageformats/libqtiff.so
7fec9bdff000-7fec9bffe000 ---p 00007000 08:43 1713220                    /usr/lib/qt4/plugins/imageformats/libqtiff.so
7fec9bffe000-7fec9bfff000 r--p 00006000 08:43 1713220                    /usr/lib/qt4/plugins/imageformats/libqtiff.so
7fec9bfff000-7fec9c000000 rw-p 00007000 08:43 1713220                    /usr/lib/qt4/plugins/imageformats/libqtiff.so
7fec9c000000-7fec9c021000 rw-p 00000000 00:00 0 
7fec9c021000-7feca0000000 ---p 00000000 00:00 0 
7feca0000000-7feca0021000 rw-p 00000000 00:00 0 
7feca0021000-7feca4000000 ---p 00000000 00:00 0 
7feca407f000-7feca4082000 ---p 00000000 00:00 0 
7feca4082000-7feca4180000 rw-p 00000000 00:00 0 
7feca4180000-7feca41d6000 r-xp 00000000 08:43 1637076                    /usr/lib/libQtSvg.so.4.8.7
7feca41d6000-7feca43d6000 ---p 00056000 08:43 1637076                    /usr/lib/libQtSvg.so.4.8.7
7feca43d6000-7feca43d8000 r--p 00056000 08:43 1637076                    /usr/lib/libQtSvg.so.4.8.7
7feca43d8000-7feca43d9000 rw-p 00058000 08:43 1637076                    /usr/lib/libQtSvg.so.4.8.7
7feca43e0000-7feca43e5000 r-xp 00000000 08:43 1713219                    /usr/lib/qt4/plugins/imageformats/libqsvg.so
7feca43e5000-7feca45e4000 ---p 00005000 08:43 1713219                    /usr/lib/qt4/plugins/imageformats/libqsvg.so
7feca45e4000-7feca45e5000 r--p 00004000 08:43 1713219                    /usr/lib/qt4/plugins/imageformats/libqsvg.so
7feca45e5000-7feca45e6000 rw-p 00005000 08:43 1713219                    /usr/lib/qt4/plugins/imageformats/libqsvg.so
7feca45e8000-7feca463e000 r-xp 00000000 08:43 1634616                    /usr/lib/liblcms2.so.2.0.7
7feca463e000-7feca483d000 ---p 00056000 08:43 1634616                    /usr/lib/liblcms2.so.2.0.7
7feca483d000-7feca483e000 r--p 00055000 08:43 1634616                    /usr/lib/liblcms2.so.2.0.7
7feca483e000-7feca4843000 rw-p 00056000 08:43 1634616                    /usr/lib/liblcms2.so.2.0.7
7feca4848000-7feca489f000 r-xp 00000000 08:43 1633255                    /usr/lib/libjpeg.so.8.0.2
7feca489f000-7feca4a9f000 ---p 00057000 08:43 1633255                    /usr/lib/libjpeg.so.8.0.2
7feca4a9f000-7feca4aa1000 r--p 00057000 08:43 1633255                    /usr/lib/libjpeg.so.8.0.2
7feca4aa1000-7feca4aa2000 rw-p 00059000 08:43 1633255                    /usr/lib/libjpeg.so.8.0.2
7feca4aa8000-7feca4b15000 r-xp 00000000 08:43 1636987                    /usr/lib/libmng.so.2.0.2
7feca4b15000-7feca4d15000 ---p 0006d000 08:43 1636987                    /usr/lib/libmng.so.2.0.2
7feca4d15000-7feca4d18000 r--p 0006d000 08:43 1636987                    /usr/lib/libmng.so.2.0.2
7feca4d18000-7feca4d1a000 rw-p 00070000 08:43 1636987                    /usr/lib/libmng.so.2.0.2
7feca4d68000-7feca4d6d000 r-xp 00000000 08:43 1713218                    /usr/lib/qt4/plugins/imageformats/libqmng.so
7feca4d6d000-7feca4f6d000 ---p 00005000 08:43 1713218                    /usr/lib/qt4/plugins/imageformats/libqmng.so
7feca4f6d000-7feca4f6e000 r--p 00005000 08:43 1713218                    /usr/lib/qt4/plugins/imageformats/libqmng.so
7feca4f6e000-7feca4f6f000 rw-p 00006000 08:43 1713218                    /usr/lib/qt4/plugins/imageformats/libqmng.so
7feca4f70000-7feca4f77000 r-xp 00000000 08:43 1713221                    /usr/lib/qt4/plugins/imageformats/libqico.so
7feca4f77000-7feca5176000 ---p 00007000 08:43 1713221                    /usr/lib/qt4/plugins/imageformats/libqico.so
7feca5176000-7feca5177000 r--p 00006000 08:43 1713221                    /usr/lib/qt4/plugins/imageformats/libqico.so
7feca5177000-7feca5178000 rw-p 00007000 08:43 1713221                    /usr/lib/qt4/plugins/imageformats/libqico.so
7feca5178000-7feca517f000 r-xp 00000000 08:43 1713216                    /usr/lib/qt4/plugins/imageformats/libqgif.so
7feca517f000-7feca537e000 ---p 00007000 08:43 1713216                    /usr/lib/qt4/plugins/imageformats/libqgif.so
7feca537e000-7feca537f000 r--p 00006000 08:43 1713216                    /usr/lib/qt4/plugins/imageformats/libqgif.so
7feca537f000-7feca5380000 rw-p 00007000 08:43 1713216                    /usr/lib/qt4/plugins/imageformats/libqgif.so
7feca5380000-7feca53a5000 r--p 00000000 08:43 835678                     /usr/share/fonts/DroidFonts/DroidSans.ttf
7feca53a7000-7feca53aa000 ---p 00000000 00:00 0 
7feca53aa000-7feca5520000 rw-p 00000000 00:00 0                          [stack:13385]
7feca5520000-7feca55e0000 ---p 00000000 00:00 0 
7feca55e0000-7feca55e3000 r-xp 00000000 08:43 599049                     /usr/lib/gconv/UTF-16.so
7feca55e3000-7feca57e2000 ---p 00003000 08:43 599049                     /usr/lib/gconv/UTF-16.so
7feca57e2000-7feca57e3000 r--p 00002000 08:43 599049                     /usr/lib/gconv/UTF-16.so
7feca57e3000-7feca57e4000 rw-p 00003000 08:43 599049                     /usr/lib/gconv/UTF-16.so
7feca57e8000-7feca62f3000 r-xp 00000000 08:16 411                        /tmp/QtJambi_nathan_amd64_4.8.6_gcc-20150115-1633/lib/libcom_trolltech_qt_gui.so.1
7feca62f3000-7feca64f2000 ---p 00b0b000 08:16 411                        /tmp/QtJambi_nathan_amd64_4.8.6_gcc-20150115-1633/lib/libcom_trolltech_qt_gui.so.1
7feca64f2000-7feca654c000 rw-p 00b0a000 08:16 411                        /tmp/QtJambi_nathan_amd64_4.8.6_gcc-20150115-1633/lib/libcom_trolltech_qt_gui.so.1
7feca654c000-7feca6553000 rw-p 00000000 00:00 0 
7feca6558000-7feca655d000 r-xp 00000000 08:43 1630232                    /usr/lib/libXdmcp.so.6.0.0
7feca655d000-7feca675c000 ---p 00005000 08:43 1630232                    /usr/lib/libXdmcp.so.6.0.0
7feca675c000-7feca675d000 r--p 00004000 08:43 1630232                    /usr/lib/libXdmcp.so.6.0.0
7feca675d000-7feca675e000 rw-p 00005000 08:43 1630232                    /usr/lib/libXdmcp.so.6.0.0
7feca6760000-7feca6762000 r-xp 00000000 08:43 1633242                    /usr/lib/libXau.so.6.0.0
7feca6762000-7feca6962000 ---p 00002000 08:43 1633242                    /usr/lib/libXau.so.6.0.0
7feca6962000-7feca6963000 r--p 00002000 08:43 1633242                    /usr/lib/libXau.so.6.0.0
7feca6963000-7feca6964000 rw-p 00003000 08:43 1633242                    /usr/lib/libXau.so.6.0.0
7feca6968000-7feca6984000 r-xp 00000000 08:43 1633203                    /usr/lib/libgraphite2.so.3.0.1
7feca6984000-7feca6b83000 ---p 0001c000 08:43 1633203                    /usr/lib/libgraphite2.so.3.0.1
7feca6b83000-7feca6b85000 r--p 0001b000 08:43 1633203                    /usr/lib/libgraphite2.so.3.0.1
7feca6b85000-7feca6b86000 rw-p 0001d000 08:43 1633203                    /usr/lib/libgraphite2.so.3.0.1
7feca6b88000-7feca6ba9000 r-xp 00000000 08:43 1633278                    /usr/lib/libxcb.so.1.1.0
7feca6ba9000-7feca6da8000 ---p 00021000 08:43 1633278                    /usr/lib/libxcb.so.1.1.0
7feca6da8000-7feca6da9000 r--p 00020000 08:43 1633278                    /usr/lib/libxcb.so.1.1.0
7feca6da9000-7feca6daa000 rw-p 00021000 08:43 1633278                    /usr/lib/libxcb.so.1.1.0
7feca6db0000-7feca6dd7000 r-xp 00000000 08:43 595921                     /usr/lib/libexpat.so.1.6.0
7feca6dd7000-7feca6fd6000 ---p 00027000 08:43 595921                     /usr/lib/libexpat.so.1.6.0
7feca6fd6000-7feca6fd9000 r--p 00026000 08:43 595921                     /usr/lib/libexpat.so.1.6.0
7feca6fd9000-7feca6fda000 rw-p 00029000 08:43 595921                     /usr/lib/libexpat.so.1.6.0
7feca6fe0000-7feca6fe4000 r-xp 00000000 08:43 1636619                    /usr/lib/libuuid.so.1.3.0
7feca6fe4000-7feca71e3000 ---p 00004000 08:43 1636619                    /usr/lib/libuuid.so.1.3.0
7feca71e3000-7feca71e4000 r--p 00003000 08:43 1636619                    /usr/lib/libuuid.so.1.3.0
7feca71e4000-7feca71e5000 rw-p 00004000 08:43 1636619                    /usr/lib/libuuid.so.1.3.0
7feca71e8000-7feca7242000 r-xp 00000000 08:43 1633208                    /usr/lib/libharfbuzz.so.0.940.0
7feca7242000-7feca7441000 ---p 0005a000 08:43 1633208                    /usr/lib/libharfbuzz.so.0.940.0
7feca7441000-7feca7444000 r--p 00059000 08:43 1633208                    /usr/lib/libharfbuzz.so.0.940.0
7feca7444000-7feca7445000 rw-p 0005c000 08:43 1633208                    /usr/lib/libharfbuzz.so.0.940.0
7feca7448000-7feca7457000 r-xp 00000000 08:43 593233                     /usr/lib/libbz2.so.1.0.6
7feca7457000-7feca7656000 ---p 0000f000 08:43 593233                     /usr/lib/libbz2.so.1.0.6
7feca7656000-7feca7658000 rw-p 0000e000 08:43 593233                     /usr/lib/libbz2.so.1.0.6
7feca7658000-7feca7793000 r-xp 00000000 08:43 1633332                    /usr/lib/libX11.so.6.3.0
7feca7793000-7feca7992000 ---p 0013b000 08:43 1633332                    /usr/lib/libX11.so.6.3.0
7feca7992000-7feca7994000 r--p 0013a000 08:43 1633332                    /usr/lib/libX11.so.6.3.0
7feca7994000-7feca7999000 rw-p 0013c000 08:43 1633332                    /usr/lib/libX11.so.6.3.0
7feca7999000-7feca799a000 rw-p 00000000 00:00 0 
7feca79a0000-7feca79b1000 r-xp 00000000 08:43 1633375                    /usr/lib/libXext.so.6.4.0
7feca79b1000-7feca7bb0000 ---p 00011000 08:43 1633375                    /usr/lib/libXext.so.6.4.0
7feca7bb0000-7feca7bb1000 r--p 00010000 08:43 1633375                    /usr/lib/libXext.so.6.4.0
7feca7bb1000-7feca7bb2000 rw-p 00011000 08:43 1633375                    /usr/lib/libXext.so.6.4.0
7feca7bb8000-7feca7bf3000 r-xp 00000000 08:43 1633337                    /usr/lib/libfontconfig.so.1.8.0
7feca7bf3000-7feca7df2000 ---p 0003b000 08:43 1633337                    /usr/lib/libfontconfig.so.1.8.0
7feca7df2000-7feca7df4000 r--p 0003a000 08:43 1633337                    /usr/lib/libfontconfig.so.1.8.0
7feca7df4000-7feca7df5000 rw-p 0003c000 08:43 1633337                    /usr/lib/libfontconfig.so.1.8.0
7feca7df8000-7feca7dfa000 r-xp 00000000 08:43 1634880                    /usr/lib/libXinerama.so.1.0.0
7feca7dfa000-7feca7ff9000 ---p 00002000 08:43 1634880                    /usr/lib/libXinerama.so.1.0.0
7feca7ff9000-7feca7ffa000 r--p 00001000 08:43 1634880                    /usr/lib/libXinerama.so.1.0.0
7feca7ffa000-7feca7ffb000 rw-p 00002000 08:43 1634880                    /usr/lib/libXinerama.so.1.0.0
7feca8000000-7feca8021000 rw-p 00000000 00:00 0 
7feca8021000-7fecac000000 ---p 00000000 00:00 0 
7fecac000000-7fecac021000 rw-p 00000000 00:00 0 
7fecac021000-7fecb0000000 ---p 00000000 00:00 0 
7fecb0028000-7fecb0041000 r--s 00000000 08:15 131292                     /var/cache/fontconfig/8d4af663993b81a124ee82e610bb31f9-le64.cache-4
7fecb0048000-7fecb0052000 r-xp 00000000 08:43 1634360                    /usr/lib/libXcursor.so.1.0.2
7fecb0052000-7fecb0251000 ---p 0000a000 08:43 1634360                    /usr/lib/libXcursor.so.1.0.2
7fecb0251000-7fecb0252000 r--p 00009000 08:43 1634360                    /usr/lib/libXcursor.so.1.0.2
7fecb0252000-7fecb0253000 rw-p 0000a000 08:43 1634360                    /usr/lib/libXcursor.so.1.0.2
7fecb0258000-7fecb025d000 r-xp 00000000 08:43 1633381                    /usr/lib/libXfixes.so.3.1.0
7fecb025d000-7fecb045c000 ---p 00005000 08:43 1633381                    /usr/lib/libXfixes.so.3.1.0
7fecb045c000-7fecb045d000 r--p 00004000 08:43 1633381                    /usr/lib/libXfixes.so.3.1.0
7fecb045d000-7fecb045e000 rw-p 00005000 08:43 1633381                    /usr/lib/libXfixes.so.3.1.0
7fecb0460000-7fecb046a000 r-xp 00000000 08:43 1634354                    /usr/lib/libXrandr.so.2.2.0
7fecb046a000-7fecb0669000 ---p 0000a000 08:43 1634354                    /usr/lib/libXrandr.so.2.2.0
7fecb0669000-7fecb066a000 r--p 00009000 08:43 1634354                    /usr/lib/libXrandr.so.2.2.0
7fecb066a000-7fecb066b000 rw-p 0000a000 08:43 1634354                    /usr/lib/libXrandr.so.2.2.0
7fecb0670000-7fecb0679000 r-xp 00000000 08:43 1633503                    /usr/lib/libXrender.so.1.3.0
7fecb0679000-7fecb0878000 ---p 00009000 08:43 1633503                    /usr/lib/libXrender.so.1.3.0
7fecb0878000-7fecb0879000 r--p 00008000 08:43 1633503                    /usr/lib/libXrender.so.1.3.0
7fecb0879000-7fecb087a000 rw-p 00009000 08:43 1633503                    /usr/lib/libXrender.so.1.3.0
7fecb0880000-7fecb088f000 r-xp 00000000 08:43 1633507                    /usr/lib/libXi.so.6.1.0
7fecb088f000-7fecb0a8f000 ---p 0000f000 08:43 1633507                    /usr/lib/libXi.so.6.1.0
7fecb0a8f000-7fecb0a90000 r--p 0000f000 08:43 1633507                    /usr/lib/libXi.so.6.1.0
7fecb0a90000-7fecb0a91000 rw-p 00010000 08:43 1633507                    /usr/lib/libXi.so.6.1.0
7fecb0a98000-7fecb0ab0000 r-xp 00000000 08:43 1633952                    /usr/lib/libICE.so.6.3.0
7fecb0ab0000-7fecb0caf000 ---p 00018000 08:43 1633952                    /usr/lib/libICE.so.6.3.0
7fecb0caf000-7fecb0cb0000 r--p 00017000 08:43 1633952                    /usr/lib/libICE.so.6.3.0
7fecb0cb0000-7fecb0cb1000 rw-p 00018000 08:43 1633952                    /usr/lib/libICE.so.6.3.0
7fecb0cb1000-7fecb0cb5000 rw-p 00000000 00:00 0 
7fecb0cb8000-7fecb0cbf000 r-xp 00000000 08:43 1633953                    /usr/lib/libSM.so.6.0.1
7fecb0cbf000-7fecb0ebe000 ---p 00007000 08:43 1633953                    /usr/lib/libSM.so.6.0.1
7fecb0ebe000-7fecb0ebf000 r--p 00006000 08:43 1633953                    /usr/lib/libSM.so.6.0.1
7fecb0ebf000-7fecb0ec0000 rw-p 00007000 08:43 1633953                    /usr/lib/libSM.so.6.0.1
7fecb0ec0000-7fecb0f76000 r-xp 00000000 08:43 1633214                    /usr/lib/libfreetype.so.6.11.4
7fecb0f76000-7fecb1176000 ---p 000b6000 08:43 1633214                    /usr/lib/libfreetype.so.6.11.4
7fecb1176000-7fecb117c000 r--p 000b6000 08:43 1633214                    /usr/lib/libfreetype.so.6.11.4
7fecb117c000-7fecb117d000 rw-p 000bc000 08:43 1633214                    /usr/lib/libfreetype.so.6.11.4
7fecb1180000-7fecb11b5000 r-xp 00000000 08:43 1633202                    /usr/lib/libpng16.so.16.16.0
7fecb11b5000-7fecb13b4000 ---p 00035000 08:43 1633202                    /usr/lib/libpng16.so.16.16.0
7fecb13b4000-7fecb13b5000 r--p 00034000 08:43 1633202                    /usr/lib/libpng16.so.16.16.0
7fecb13b5000-7fecb13b6000 rw-p 00035000 08:43 1633202                    /usr/lib/libpng16.so.16.16.0
7fecb13b8000-7fecb1dde000 r-xp 00000000 08:16 356                        /tmp/QtJambi_nathan_amd64_4.8.6_gcc-20150115-1633/lib/libQtGui.so.4
7fecb1dde000-7fecb1fdd000 ---p 00a26000 08:16 356                        /tmp/QtJambi_nathan_amd64_4.8.6_gcc-20150115-1633/lib/libQtGui.so.4
7fecb1fdd000-7fecb2025000 rw-p 00a25000 08:16 356                        /tmp/QtJambi_nathan_amd64_4.8.6_gcc-20150115-1633/lib/libQtGui.so.4
7fecb2025000-7fecb2028000 rw-p 00000000 00:00 0 
7fecb2028000-7fecb2208000 r-xp 00000000 08:16 410                        /tmp/QtJambi_nathan_amd64_4.8.6_gcc-20150115-1633/lib/libcom_trolltech_qt_core.so.1
7fecb2208000-7fecb2407000 ---p 001e0000 08:16 410                        /tmp/QtJambi_nathan_amd64_4.8.6_gcc-20150115-1633/lib/libcom_trolltech_qt_core.so.1
7fecb2407000-7fecb241a000 rw-p 001df000 08:16 410                        /tmp/QtJambi_nathan_amd64_4.8.6_gcc-20150115-1633/lib/libcom_trolltech_qt_core.so.1
7fecb241f000-7fecb2422000 ---p 00000000 00:00 0 
7fecb2422000-7fecb2520000 rw-p 00000000 00:00 0 
7fecb2520000-7fecb256a000 r-xp 00000000 08:16 409                        /tmp/QtJambi_nathan_amd64_4.8.6_gcc-20150115-1633/lib/libqtjambi.so.1
7fecb256a000-7fecb2769000 ---p 0004a000 08:16 409                        /tmp/QtJambi_nathan_amd64_4.8.6_gcc-20150115-1633/lib/libqtjambi.so.1
7fecb2769000-7fecb276b000 rw-p 00049000 08:16 409                        /tmp/QtJambi_nathan_amd64_4.8.6_gcc-20150115-1633/lib/libqtjambi.so.1
7fecb2770000-7fecb27de000 r-xp 00000000 08:43 595946                     /usr/lib/libpcre.so.1.2.5
7fecb27de000-7fecb29de000 ---p 0006e000 08:43 595946                     /usr/lib/libpcre.so.1.2.5
7fecb29de000-7fecb29df000 r--p 0006e000 08:43 595946                     /usr/lib/libpcre.so.1.2.5
7fecb29df000-7fecb29e0000 rw-p 0006f000 08:43 595946                     /usr/lib/libpcre.so.1.2.5
7fecb29e0000-7fecb29f6000 r-xp 00000000 08:43 592258                     /usr/lib/libgcc_s.so.1
7fecb29f6000-7fecb2bf5000 ---p 00016000 08:43 592258                     /usr/lib/libgcc_s.so.1
7fecb2bf5000-7fecb2bf6000 rw-p 00015000 08:43 592258                     /usr/lib/libgcc_s.so.1
7fecb2bf8000-7fecb2d6a000 r-xp 00000000 08:43 592265                     /usr/lib/libstdc++.so.6.0.21
7fecb2d6a000-7fecb2f6a000 ---p 00172000 08:43 592265                     /usr/lib/libstdc++.so.6.0.21
7fecb2f6a000-7fecb2f74000 r--p 00172000 08:43 592265                     /usr/lib/libstdc++.so.6.0.21
7fecb2f74000-7fecb2f76000 rw-p 0017c000 08:43 592265                     /usr/lib/libstdc++.so.6.0.21
7fecb2f76000-7fecb2f7a000 rw-p 00000000 00:00 0 
7fecb2f80000-7fecb308c000 r-xp 00000000 08:43 596094                     /usr/lib/libglib-2.0.so.0.4400.1
7fecb308c000-7fecb328b000 ---p 0010c000 08:43 596094                     /usr/lib/libglib-2.0.so.0.4400.1
7fecb328b000-7fecb328c000 r--p 0010b000 08:43 596094                     /usr/lib/libglib-2.0.so.0.4400.1
7fecb328c000-7fecb328d000 rw-p 0010c000 08:43 596094                     /usr/lib/libglib-2.0.so.0.4400.1
7fecb328d000-7fecb328e000 rw-p 00000000 00:00 0 
7fecb3290000-7fecb3291000 r-xp 00000000 08:43 596096                     /usr/lib/libgthread-2.0.so.0.4400.1
7fecb3291000-7fecb3490000 ---p 00001000 08:43 596096                     /usr/lib/libgthread-2.0.so.0.4400.1
7fecb3490000-7fecb3491000 r--p 00000000 08:43 596096                     /usr/lib/libgthread-2.0.so.0.4400.1
7fecb3491000-7fecb3492000 rw-p 00001000 08:43 596096                     /usr/lib/libgthread-2.0.so.0.4400.1
7fecb3498000-7fecb34ad000 r-xp 00000000 08:43 593353                     /usr/lib/libz.so.1.2.8
7fecb34ad000-7fecb36ac000 ---p 00015000 08:43 593353                     /usr/lib/libz.so.1.2.8
7fecb36ac000-7fecb36ad000 r--p 00014000 08:43 593353                     /usr/lib/libz.so.1.2.8
7fecb36ad000-7fecb36ae000 rw-p 00015000 08:43 593353                     /usr/lib/libz.so.1.2.8
7fecb36b8000-7fecb36ba000 r--s 00000000 08:15 132569                     /var/cache/fontconfig/452f1fac34b224105d7acfae3034bcd5-le64.cache-4
7fecb36c0000-7fecb36c1000 r--s 00000000 08:15 131663                     /var/cache/fontconfig/6ba42ae0000f58711b5caaf10d690066-le64.cache-4
7fecb36c8000-7fecb36d2000 r--s 00000000 08:15 132268                     /var/cache/fontconfig/d62e99ef547d1d24cdb1bd22ec1a2976-le64.cache-4
7fecb36d8000-7fecb36f2000 r--s 00000000 08:15 132267                     /var/cache/fontconfig/f6b893a7224233d96cb72fd88691c0b4-le64.cache-4
7fecb36f8000-7fecb39ce000 r-xp 00000000 08:16 355                        /tmp/QtJambi_nathan_amd64_4.8.6_gcc-20150115-1633/lib/libQtCore.so.4
7fecb39ce000-7fecb3bcd000 ---p 002d6000 08:16 355                        /tmp/QtJambi_nathan_amd64_4.8.6_gcc-20150115-1633/lib/libQtCore.so.4
7fecb3bcd000-7fecb3bd9000 rw-p 002d5000 08:16 355                        /tmp/QtJambi_nathan_amd64_4.8.6_gcc-20150115-1633/lib/libQtCore.so.4
7fecb3bd9000-7fecb3bda000 rw-p 00000000 00:00 0 
7fecb3be0000-7fecb3bf6000 r-xp 00000000 00:22 153190                     /home/nathan/jdk1.8.0_31/jre/lib/amd64/libnet.so
7fecb3bf6000-7fecb3df6000 ---p 00016000 00:22 153190                     /home/nathan/jdk1.8.0_31/jre/lib/amd64/libnet.so
7fecb3df6000-7fecb3df7000 rw-p 00016000 00:22 153190                     /home/nathan/jdk1.8.0_31/jre/lib/amd64/libnet.so
7fecb3df8000-7fecb3df9000 r-xp 00000000 00:22 615013                     /home/nathan/exec/idea-IC-141.713.2/bin/libbreakgen64.so
7fecb3df9000-7fecb3ff8000 ---p 00001000 00:22 615013                     /home/nathan/exec/idea-IC-141.713.2/bin/libbreakgen64.so
7fecb3ff8000-7fecb3ff9000 r--p 00000000 00:22 615013                     /home/nathan/exec/idea-IC-141.713.2/bin/libbreakgen64.so
7fecb3ff9000-7fecb3ffa000 rw-p 00001000 00:22 615013                     /home/nathan/exec/idea-IC-141.713.2/bin/libbreakgen64.so
7fecb4000000-7fecb42d8000 rw-p 00000000 00:00 0 
7fecb42d8000-7fecb8000000 ---p 00000000 00:00 0 
7fecb8000000-7fecb8021000 rw-p 00000000 00:00 0 
7fecb8021000-7fecbc000000 ---p 00000000 00:00 0 
7fecbc000000-7fecbc1dd000 rw-p 00000000 00:00 0 
7fecbc1dd000-7fecc0000000 ---p 00000000 00:00 0 
7fecc0000000-7fecc00fc000 rw-p 00000000 00:00 0 
7fecc00fc000-7fecc4000000 ---p 00000000 00:00 0 
7fecc4000000-7fecc4021000 rw-p 00000000 00:00 0 
7fecc4021000-7fecc8000000 ---p 00000000 00:00 0 
7fecc8000000-7fecc8021000 rw-p 00000000 00:00 0 
7fecc8021000-7feccc000000 ---p 00000000 00:00 0 
7feccc000000-7feccc03e000 rw-p 00000000 00:00 0 
7feccc03e000-7fecd0000000 ---p 00000000 00:00 0 
7fecd0000000-7fecd0021000 rw-p 00000000 00:00 0 
7fecd0021000-7fecd4000000 ---p 00000000 00:00 0 
7fecd4000000-7fecd4021000 rw-p 00000000 00:00 0 
7fecd4021000-7fecd8000000 ---p 00000000 00:00 0 
7fecd8000000-7fecd8021000 rw-p 00000000 00:00 0 
7fecd8021000-7fecdc000000 ---p 00000000 00:00 0 
7fecdc000000-7fecdc021000 rw-p 00000000 00:00 0 
7fecdc021000-7fece0000000 ---p 00000000 00:00 0 
7fece0000000-7fece0009000 r--s 00000000 08:15 131587                     /var/cache/fontconfig/f349e9996a5320f6dd491cedd2b1f964-le64.cache-4
7fece0010000-7fece0014000 r--s 00000000 08:15 132192                     /var/cache/fontconfig/b73e16be9ca2559ca7e110fc1e6dd9a0-le64.cache-4
7fece0018000-7fece001e000 r--s 00000000 00:22 947533                     /home/nathan/.cache/fontconfig/5829bd88d4010a90cc0bcdebd73e5372-le64.cache-4
7fece0022000-7fece0024000 r--s 0001a000 00:22 153131                     /home/nathan/jdk1.8.0_31/jre/lib/jce.jar
7fece0024000-7fece0028000 r--s 00094000 00:22 153135                     /home/nathan/jdk1.8.0_31/jre/lib/jsse.jar
7fece002d000-7fece005e000 rw-p 00000000 00:00 0 
7fece005e000-7fece0061000 ---p 00000000 00:00 0 
7fece0061000-7fece015f000 rw-p 00000000 00:00 0                          [stack:13381]
7fece015f000-7fece0189000 r--s 002df000 00:22 1433885                    /home/nathan/Projects/java/lib/qtjambi-4.8.6.1-linux64/qtjambi-4.8.6.jar
7fece0190000-7fece4000000 rw-p 00000000 00:00 0 
7fece4000000-7fece4021000 rw-p 00000000 00:00 0 
7fece4021000-7fece8000000 ---p 00000000 00:00 0 
7fece8000000-7fece8021000 rw-p 00000000 00:00 0 
7fece8021000-7fecec000000 ---p 00000000 00:00 0 
7fecec000000-7fecec021000 rw-p 00000000 00:00 0 
7fecec021000-7fecf0000000 ---p 00000000 00:00 0 
7fecf0006000-7fecf0008000 r--s 00016000 00:22 1442727                    /home/nathan/exec/idea-IC-141.713.2/lib/idea_rt.jar
7fecf000f000-7fecf0011000 r--s 00017000 00:22 1446554                    /home/nathan/Projects/java/lib/ini4j-0.5.4/ini4j-0.5.4.jar
7fecf0013000-7fecf0016000 r--s 01da3000 00:22 1433889                    /home/nathan/Projects/java/lib/qtjambi-4.8.6.1-linux64/qtjambi-native-linux64-gcc-4.8.6.jar
7fecf0017000-7fecf0025000 r--s 0046f000 00:22 1433887                    /home/nathan/Projects/java/lib/qtjambi-4.8.6.1-linux64/qtjambi-examples-4.8.6.jar
7fecf002a000-7fecf002b000 ---p 00000000 00:00 0 
7fecf002b000-7fecf012b000 rw-p 00000000 00:00 0 
7fecf012b000-7fecf012e000 ---p 00000000 00:00 0 
7fecf012e000-7fecf022c000 rw-p 00000000 00:00 0                          [stack:13373]
7fecf022c000-7fecf022f000 ---p 00000000 00:00 0 
7fecf022f000-7fecf032d000 rw-p 00000000 00:00 0                          [stack:13370]
7fecf032d000-7fecf0330000 ---p 00000000 00:00 0 
7fecf0330000-7fecf042e000 rw-p 00000000 00:00 0                          [stack:13369]
7fecf042e000-7fecf0431000 ---p 00000000 00:00 0 
7fecf0431000-7fecf052f000 rw-p 00000000 00:00 0                          [stack:13368]
7fecf052f000-7fecf0532000 ---p 00000000 00:00 0 
7fecf0532000-7fecf0630000 rw-p 00000000 00:00 0                          [stack:13367]
7fecf0630000-7fecf07f5000 r--p 00000000 08:43 602299                     /usr/lib/locale/locale-archive
7fecf07f8000-7fecf07fb000 ---p 00000000 00:00 0 
7fecf07fb000-7fecf08f9000 rw-p 00000000 00:00 0                          [stack:13357]
7fecf08f9000-7fecf08fc000 ---p 00000000 00:00 0 
7fecf08fc000-7fecf09fa000 rw-p 00000000 00:00 0                          [stack:13356]
7fecf09fa000-7fecf09fb000 ---p 00000000 00:00 0 
7fecf09fb000-7fecf1000000 rw-p 00000000 00:00 0 
7fecf1000000-7fecf12c0000 rwxp 00000000 00:00 0 
7fecf12c0000-7fed00000000 ---p 00000000 00:00 0 
7fed00000000-7fed006d1000 rw-p 00000000 00:00 0 
7fed006d1000-7fed04000000 ---p 00000000 00:00 0 
7fed04000000-7fed04001000 r--s 00000000 08:15 132189                     /var/cache/fontconfig/f82a023eef781fa08a967b9632ad97a0-le64.cache-4
7fed04008000-7fed0400a000 r--s 00008000 00:22 1433886                    /home/nathan/Projects/java/lib/qtjambi-4.8.6.1-linux64/qtjambi-designer-4.8.6.jar
7fed0400c000-7fed04011000 r--s 00084000 00:22 153133                     /home/nathan/jdk1.8.0_31/jre/lib/jfr.jar
7fed04017000-7fed04019000 r--s 00007000 00:22 153134                     /home/nathan/jdk1.8.0_31/jre/lib/jfxswt.jar
7fed04019000-7fed04023000 r--s 00069000 00:22 153130                     /home/nathan/jdk1.8.0_31/jre/lib/javaws.jar
7fed04028000-7fed0402d000 r--s 002f8000 00:22 153108                     /home/nathan/jdk1.8.0_31/jre/lib/charsets.jar
7fed04034000-7fed0404d000 r--s 001ec000 00:22 153114                     /home/nathan/jdk1.8.0_31/jre/lib/deploy.jar
7fed04050000-7fed04051000 r--s 00000000 00:22 153138                     /home/nathan/jdk1.8.0_31/jre/lib/management-agent.jar
7fed04054000-7fed04067000 r--s 00344000 00:22 153144                     /home/nathan/jdk1.8.0_31/jre/lib/resources.jar
7fed0406c000-7fed04070000 r--s 00094000 00:22 153135                     /home/nathan/jdk1.8.0_31/jre/lib/jsse.jar
7fed04072000-7fed04074000 r--s 0001a000 00:22 153131                     /home/nathan/jdk1.8.0_31/jre/lib/jce.jar
7fed04075000-7fed04088000 r--s 000d5000 00:22 153141                     /home/nathan/jdk1.8.0_31/jre/lib/plugin.jar
7fed0408a000-7fed0518e000 rw-p 00000000 00:00 0 
7fed0518e000-7fed05364000 r--s 03cae000 00:22 153145                     /home/nathan/jdk1.8.0_31/jre/lib/rt.jar
7fed0536b000-7fed05fc8000 rw-p 00000000 00:00 0 
7fed05fc8000-7fed05fc9000 ---p 00000000 00:00 0 
7fed05fc9000-7fed060c9000 rw-p 00000000 00:00 0                          [stack:13354]
7fed060c9000-7fed060ca000 ---p 00000000 00:00 0 
7fed060ca000-7fed061ca000 rw-p 00000000 00:00 0                          [stack:13353]
7fed061ca000-7fed061cb000 ---p 00000000 00:00 0 
7fed061cb000-7fed062cb000 rw-p 00000000 00:00 0                          [stack:13352]
7fed062cb000-7fed062cc000 ---p 00000000 00:00 0 
7fed062cc000-7fed063cc000 rw-p 00000000 00:00 0                          [stack:13351]
7fed063cc000-7fed063cd000 ---p 00000000 00:00 0 
7fed063cd000-7fed064cd000 rw-p 00000000 00:00 0                          [stack:13350]
7fed064cd000-7fed064ce000 ---p 00000000 00:00 0 
7fed064ce000-7fed065f8000 rw-p 00000000 00:00 0                          [stack:13349]
7fed065f8000-7fed06868000 ---p 00000000 00:00 0 
7fed06868000-7fed06892000 rw-p 00000000 00:00 0 
7fed06892000-7fed06b02000 ---p 00000000 00:00 0 
7fed06b02000-7fed06b17000 rw-p 00000000 00:00 0 
7fed06b17000-7fed06c4f000 ---p 00000000 00:00 0 
7fed06c4f000-7fed06c5b000 rw-p 00000000 00:00 0 
7fed06c5b000-7fed07010000 ---p 00000000 00:00 0 
7fed07010000-7fed0702a000 r-xp 00000000 00:22 153204                     /home/nathan/jdk1.8.0_31/jre/lib/amd64/libzip.so
7fed0702a000-7fed0722a000 ---p 0001a000 00:22 153204                     /home/nathan/jdk1.8.0_31/jre/lib/amd64/libzip.so
7fed0722a000-7fed0722b000 rw-p 0001a000 00:22 153204                     /home/nathan/jdk1.8.0_31/jre/lib/amd64/libzip.so
7fed07230000-7fed0723b000 r-xp 00000000 08:43 592158                     /usr/lib/libnss_files-2.21.so
7fed0723b000-7fed0743b000 ---p 0000b000 08:43 592158                     /usr/lib/libnss_files-2.21.so
7fed0743b000-7fed0743c000 r--p 0000b000 08:43 592158                     /usr/lib/libnss_files-2.21.so
7fed0743c000-7fed0743d000 rw-p 0000c000 08:43 592158                     /usr/lib/libnss_files-2.21.so
7fed07440000-7fed0746a000 r-xp 00000000 00:22 153169                     /home/nathan/jdk1.8.0_31/jre/lib/amd64/libjava.so
7fed0746a000-7fed0766a000 ---p 0002a000 00:22 153169                     /home/nathan/jdk1.8.0_31/jre/lib/amd64/libjava.so
7fed0766a000-7fed0766c000 rw-p 0002a000 00:22 153169                     /home/nathan/jdk1.8.0_31/jre/lib/amd64/libjava.so
7fed07670000-7fed0767d000 r-xp 00000000 00:22 153203                     /home/nathan/jdk1.8.0_31/jre/lib/amd64/libverify.so
7fed0767d000-7fed0787d000 ---p 0000d000 00:22 153203                     /home/nathan/jdk1.8.0_31/jre/lib/amd64/libverify.so
7fed0787d000-7fed0787f000 rw-p 0000d000 00:22 153203                     /home/nathan/jdk1.8.0_31/jre/lib/amd64/libverify.so
7fed07880000-7fed07887000 r-xp 00000000 08:43 592189                     /usr/lib/librt-2.21.so
7fed07887000-7fed07a86000 ---p 00007000 08:43 592189                     /usr/lib/librt-2.21.so
7fed07a86000-7fed07a87000 r--p 00006000 08:43 592189                     /usr/lib/librt-2.21.so
7fed07a87000-7fed07a88000 rw-p 00007000 08:43 592189                     /usr/lib/librt-2.21.so
7fed07a88000-7fed07b8b000 r-xp 00000000 08:43 592214                     /usr/lib/libm-2.21.so
7fed07b8b000-7fed07d8a000 ---p 00103000 08:43 592214                     /usr/lib/libm-2.21.so
7fed07d8a000-7fed07d8b000 r--p 00102000 08:43 592214                     /usr/lib/libm-2.21.so
7fed07d8b000-7fed07d8c000 rw-p 00103000 08:43 592214                     /usr/lib/libm-2.21.so
7fed07d90000-7fed089fe000 r-xp 00000000 00:22 153207                     /home/nathan/jdk1.8.0_31/jre/lib/amd64/server/libjvm.so
7fed089fe000-7fed08bfd000 ---p 00c6e000 00:22 153207                     /home/nathan/jdk1.8.0_31/jre/lib/amd64/server/libjvm.so
7fed08bfd000-7fed08cd3000 rw-p 00c6d000 00:22 153207                     /home/nathan/jdk1.8.0_31/jre/lib/amd64/server/libjvm.so
7fed08cd3000-7fed08d16000 rw-p 00000000 00:00 0 
7fed08d18000-7fed08eb1000 r-xp 00000000 08:43 592168                     /usr/lib/libc-2.21.so
7fed08eb1000-7fed090b0000 ---p 00199000 08:43 592168                     /usr/lib/libc-2.21.so
7fed090b0000-7fed090b4000 r--p 00198000 08:43 592168                     /usr/lib/libc-2.21.so
7fed090b4000-7fed090b6000 rw-p 0019c000 08:43 592168                     /usr/lib/libc-2.21.so
7fed090b6000-7fed090ba000 rw-p 00000000 00:00 0 
7fed090c0000-7fed090c3000 r-xp 00000000 08:43 592197                     /usr/lib/libdl-2.21.so
7fed090c3000-7fed092c2000 ---p 00003000 08:43 592197                     /usr/lib/libdl-2.21.so
7fed092c2000-7fed092c3000 r--p 00002000 08:43 592197                     /usr/lib/libdl-2.21.so
7fed092c3000-7fed092c4000 rw-p 00003000 08:43 592197                     /usr/lib/libdl-2.21.so
7fed092c8000-7fed092dd000 r-xp 00000000 00:22 153380                     /home/nathan/jdk1.8.0_31/lib/amd64/jli/libjli.so
7fed092dd000-7fed094dc000 ---p 00015000 00:22 153380                     /home/nathan/jdk1.8.0_31/lib/amd64/jli/libjli.so
7fed094dc000-7fed094dd000 rw-p 00014000 00:22 153380                     /home/nathan/jdk1.8.0_31/lib/amd64/jli/libjli.so
7fed094e0000-7fed094f8000 r-xp 00000000 08:43 592188                     /usr/lib/libpthread-2.21.so
7fed094f8000-7fed096f7000 ---p 00018000 08:43 592188                     /usr/lib/libpthread-2.21.so
7fed096f7000-7fed096f8000 r--p 00017000 08:43 592188                     /usr/lib/libpthread-2.21.so
7fed096f8000-7fed096f9000 rw-p 00018000 08:43 592188                     /usr/lib/libpthread-2.21.so
7fed096f9000-7fed096fd000 rw-p 00000000 00:00 0 
7fed09700000-7fed09722000 r-xp 00000000 08:43 592210                     /usr/lib/ld-2.21.so
7fed09723000-7fed09810000 rw-p 00000000 00:00 0 
7fed09810000-7fed09818000 rw-s 00000000 08:16 348                        /tmp/hsperfdata_nathan/13347 (deleted)
7fed0981c000-7fed0981d000 r--p 00000000 00:00 0 
7fed0981d000-7fed0981e000 rw-p 00000000 00:00 0 
7fed0981e000-7fed0981f000 ---p 00000000 00:00 0 
7fed0981f000-7fed09822000 ---p 00000000 00:00 0 
7fed09822000-7fed09921000 rw-p 00000000 00:00 0                          [stack:13348]
7fed09921000-7fed09922000 r--p 00021000 08:43 592210                     /usr/lib/ld-2.21.so
7fed09922000-7fed09923000 rw-p 00022000 08:43 592210                     /usr/lib/ld-2.21.so
7fed09923000-7fed09925000 rw-p 00000000 00:00 0 
7fed09925000-7fed09928000 rw-p 00000000 00:00 0 
7ffea4706000-7ffea4727000 rw-p 00000000 00:00 0                          [stack]
7ffea4800000-7ffea4802000 r--p 00000000 00:00 0                          [vvar]
7ffea4802000-7ffea4804000 r-xp 00000000 00:00 0                          [vdso]
ffffffffff600000-ffffffffff601000 r-xp 00000000 00:00 0                  [vsyscall]

VM Arguments:
jvm_args: -Didea.launcher.port=7534 -Didea.launcher.bin.path=/home/nathan/exec/idea-IC-141.713.2/bin -Dfile.encoding=US-ASCII 
java_command: com.intellij.rt.execution.application.AppMain be.monfils.JExplorer.JExplorer
java_class_path (initial): /home/nathan/jdk1.8.0_31/jre/lib/plugin.jar:/home/nathan/jdk1.8.0_31/jre/lib/jce.jar:/home/nathan/jdk1.8.0_31/jre/lib/jsse.jar:/home/nathan/jdk1.8.0_31/jre/lib/resources.jar:/home/nathan/jdk1.8.0_31/jre/lib/management-agent.jar:/home/nathan/jdk1.8.0_31/jre/lib/deploy.jar:/home/nathan/jdk1.8.0_31/jre/lib/rt.jar:/home/nathan/jdk1.8.0_31/jre/lib/charsets.jar:/home/nathan/jdk1.8.0_31/jre/lib/javaws.jar:/home/nathan/jdk1.8.0_31/jre/lib/jfxswt.jar:/home/nathan/jdk1.8.0_31/jre/lib/jfr.jar:/home/nathan/jdk1.8.0_31/jre/lib/ext/sunjce_provider.jar:/home/nathan/jdk1.8.0_31/jre/lib/ext/sunpkcs11.jar:/home/nathan/jdk1.8.0_31/jre/lib/ext/jfxrt.jar:/home/nathan/jdk1.8.0_31/jre/lib/ext/dnsns.jar:/home/nathan/jdk1.8.0_31/jre/lib/ext/cldrdata.jar:/home/nathan/jdk1.8.0_31/jre/lib/ext/localedata.jar:/home/nathan/jdk1.8.0_31/jre/lib/ext/nashorn.jar:/home/nathan/jdk1.8.0_31/jre/lib/ext/zipfs.jar:/home/nathan/jdk1.8.0_31/jre/lib/ext/sunec.jar:/home/nathan/Projects/java/JExplorer/out/production/JExplorer:/home/nathan/Projects/java/lib/qtjambi-4.8.6.1-linux64/qtjambi-4.8.6.jar:/home/nathan/Projects/java/lib/qtjambi-4.8.6.1-linux64/qtjambi-designer-4.8.6.jar:/home/nathan/Projects/java/lib/qtjambi-4.8.6.1-linux64/qtjambi-examples-4.8.6.jar:/home/nathan/Projects/java/lib/qtjambi-4.8.6.1-linux64/qtjambi-native-linux64-gcc-4.8.6.jar:/home/nathan/Projects/java/lib/ini4j-0.5.4/ini4j-0.5.4.jar:/home/nathan/exec/idea-IC-141.713.2/lib/idea_rt.jar
Launcher Type: SUN_STANDARD

Environment Variables:
PATH=/usr/local/sbin:/usr/local/bin:/usr/bin:/usr/lib/jvm/default/bin:/usr/bin/site_perl:/usr/bin/vendor_perl:/usr/bin/core_perl:/usr/sbin
LD_LIBRARY_PATH=/home/nathan/exec/idea-IC-141.713.2/bin:
SHELL=/bin/zsh
DISPLAY=:0

Signal Handlers:
SIGSEGV: [libjvm.so+0xa7a650], sa_mask[0]=11111111011111111101111111111110, sa_flags=SA_RESTART|SA_SIGINFO
SIGBUS: [libjvm.so+0xa7a650], sa_mask[0]=11111111011111111101111111111110, sa_flags=SA_RESTART|SA_SIGINFO
SIGFPE: [libjvm.so+0x8e28f0], sa_mask[0]=11111111011111111101111111111110, sa_flags=SA_RESTART|SA_SIGINFO
SIGPIPE: [libjvm.so+0x8e28f0], sa_mask[0]=11111111011111111101111111111110, sa_flags=SA_RESTART|SA_SIGINFO
SIGXFSZ: [libjvm.so+0x8e28f0], sa_mask[0]=11111111011111111101111111111110, sa_flags=SA_RESTART|SA_SIGINFO
SIGILL: [libjvm.so+0x8e28f0], sa_mask[0]=11111111011111111101111111111110, sa_flags=SA_RESTART|SA_SIGINFO
SIGUSR1: SIG_DFL, sa_mask[0]=00000000000000000000000000000000, sa_flags=none
SIGUSR2: [libjvm.so+0x8e4120], sa_mask[0]=00100000000000000000000000000000, sa_flags=SA_RESTART|SA_SIGINFO
SIGHUP: [libjvm.so+0x8e54e0], sa_mask[0]=11111111011111111101111111111110, sa_flags=SA_RESTART|SA_SIGINFO
SIGINT: [libjvm.so+0x8e54e0], sa_mask[0]=11111111011111111101111111111110, sa_flags=SA_RESTART|SA_SIGINFO
SIGTERM: [libjvm.so+0x8e54e0], sa_mask[0]=11111111011111111101111111111110, sa_flags=SA_RESTART|SA_SIGINFO
SIGQUIT: [libjvm.so+0x8e54e0], sa_mask[0]=11111111011111111101111111111110, sa_flags=SA_RESTART|SA_SIGINFO


---------------  S Y S T E M  ---------------

OS:NAME="Arch Linux"
ID=arch
PRETTY_NAME="Arch Linux"
ANSI_COLOR="0;36"
HOME_URL="https://www.archlinux.org/"
SUPPORT_URL="https://bbs.archlinux.org/"
BUG_REPORT_URL="https://bugs.archlinux.org/"


uname:Linux 4.0.4-2-ARCH #1 SMP PREEMPT Fri May 22 03:05:23 UTC 2015 x86_64
libc:glibc 2.21 NPTL 2.21 
rlimit: STACK 8192k, CORE 0k, NPROC 31669, NOFILE 4096, AS infinity
load average:0.55 0.56 0.42

/proc/meminfo:
MemTotal:        8178552 kB
MemFree:         1403228 kB
MemAvailable:    4732796 kB
Buffers:           78248 kB
Cached:          3441864 kB
SwapCached:            0 kB
Active:          4932000 kB
Inactive:        1465400 kB
Active(anon):    2880796 kB
Inactive(anon):    90060 kB
Active(file):    2051204 kB
Inactive(file):  1375340 kB
Unevictable:        1288 kB
Mlocked:            1288 kB
SwapTotal:             0 kB
SwapFree:              0 kB
Dirty:             11524 kB
Writeback:             0 kB
AnonPages:       2878648 kB
Mapped:           568948 kB
Shmem:             93556 kB
Slab:             183368 kB
SReclaimable:     143916 kB
SUnreclaim:        39452 kB
KernelStack:        9952 kB
PageTables:        45024 kB
NFS_Unstable:          0 kB
Bounce:                0 kB
WritebackTmp:          0 kB
CommitLimit:     4089276 kB
Committed_AS:    7923804 kB
VmallocTotal:   34359738367 kB
VmallocUsed:      349036 kB
VmallocChunk:   34359384572 kB
HardwareCorrupted:     0 kB
AnonHugePages:   1228800 kB
HugePages_Total:       0
HugePages_Free:        0
HugePages_Rsvd:        0
HugePages_Surp:        0
Hugepagesize:       2048 kB
DirectMap4k:      892864 kB
DirectMap2M:     7493632 kB
DirectMap1G:           0 kB


CPU:total 6 (6 cores per cpu, 1 threads per core) family 21 model 2 stepping 0, cmov, cx8, fxsr, mmx, sse, sse2, sse3, ssse3, sse4.1, sse4.2, popcnt, avx, aes, clmul, mmxext, 3dnowpref, lzcnt, sse4a, tsc, tscinvbit, tscinv, bmi1

/proc/cpuinfo:
processor	: 0
vendor_id	: AuthenticAMD
cpu family	: 21
model		: 2
model name	: AMD FX(tm)-6300 Six-Core Processor
stepping	: 0
microcode	: 0x6000832
cpu MHz		: 1400.000
cache size	: 2048 KB
physical id	: 0
siblings	: 6
core id		: 0
cpu cores	: 3
apicid		: 0
initial apicid	: 0
fpu		: yes
fpu_exception	: yes
cpuid level	: 13
wp		: yes
flags		: fpu vme de pse tsc msr pae mce cx8 apic sep mtrr pge mca cmov pat pse36 clflush mmx fxsr sse sse2 ht syscall nx mmxext fxsr_opt pdpe1gb rdtscp lm constant_tsc rep_good nopl nonstop_tsc extd_apicid aperfmperf pni pclmulqdq monitor ssse3 fma cx16 sse4_1 sse4_2 popcnt aes xsave avx f16c lahf_lm cmp_legacy svm extapic cr8_legacy abm sse4a misalignsse 3dnowprefetch osvw ibs xop skinit wdt lwp fma4 tce nodeid_msr tbm topoext perfctr_core perfctr_nb arat cpb hw_pstate npt lbrv svm_lock nrip_save tsc_scale vmcb_clean flushbyasid decodeassists pausefilter pfthreshold vmmcall bmi1
bugs		: fxsave_leak
bogomips	: 7034.43
TLB size	: 1536 4K pages
clflush size	: 64
cache_alignment	: 64
address sizes	: 48 bits physical, 48 bits virtual
power management: ts ttp tm 100mhzsteps hwpstate cpb eff_freq_ro

processor	: 1
vendor_id	: AuthenticAMD
cpu family	: 21
model		: 2
model name	: AMD FX(tm)-6300 Six-Core Processor             
stepping	: 0
microcode	: 0x6000832
cpu MHz		: 3500.000
cache size	: 2048 KB
physical id	: 0
siblings	: 6
core id		: 1
cpu cores	: 3
apicid		: 1
initial apicid	: 1
fpu		: yes
fpu_exception	: yes
cpuid level	: 13
wp		: yes
flags		: fpu vme de pse tsc msr pae mce cx8 apic sep mtrr pge mca cmov pat pse36 clflush mmx fxsr sse sse2 ht syscall nx mmxext fxsr_opt pdpe1gb rdtscp lm constant_tsc rep_good nopl nonstop_tsc extd_apicid aperfmperf pni pclmulqdq monitor ssse3 fma cx16 sse4_1 sse4_2 popcnt aes xsave avx f16c lahf_lm cmp_legacy svm extapic cr8_legacy abm sse4a misalignsse 3dnowprefetch osvw ibs xop skinit wdt lwp fma4 tce nodeid_msr tbm topoext perfctr_core perfctr_nb arat cpb hw_pstate npt lbrv svm_lock nrip_save tsc_scale vmcb_clean flushbyasid decodeassists pausefilter pfthreshold vmmcall bmi1
bugs		: fxsave_leak
bogomips	: 7034.43
TLB size	: 1536 4K pages
clflush size	: 64
cache_alignment	: 64
address sizes	: 48 bits physical, 48 bits virtual
power management: ts ttp tm 100mhzsteps hwpstate cpb eff_freq_ro

processor	: 2
vendor_id	: AuthenticAMD
cpu family	: 21
model		: 2
model name	: AMD FX(tm)-6300 Six-Core Processor             
stepping	: 0
microcode	: 0x6000832
cpu MHz		: 3000.000
cache size	: 2048 KB
physical id	: 0
siblings	: 6
core id		: 2
cpu cores	: 3
apicid		: 2
initial apicid	: 2
fpu		: yes
fpu_exception	: yes
cpuid level	: 13
wp		: yes
flags		: fpu vme de pse tsc msr pae mce cx8 apic sep mtrr pge mca cmov pat pse36 clflush mmx fxsr sse sse2 ht syscall nx mmxext fxsr_opt pdpe1gb rdtscp lm constant_tsc rep_good nopl nonstop_tsc extd_apicid aperfmperf pni pclmulqdq monitor ssse3 fma cx16 sse4_1 sse4_2 popcnt aes xsave avx f16c lahf_lm cmp_legacy svm extapic cr8_legacy abm sse4a misalignsse 3dnowprefetch osvw ibs xop skinit wdt lwp fma4 tce nodeid_msr tbm topoext perfctr_core perfctr_nb arat cpb hw_pstate npt lbrv svm_lock nrip_save tsc_scale vmcb_clean flushbyasid decodeassists pausefilter pfthreshold vmmcall bmi1
bugs		: fxsave_leak
bogomips	: 7034.43
TLB size	: 1536 4K pages
clflush size	: 64
cache_alignment	: 64
address sizes	: 48 bits physical, 48 bits virtual
power management: ts ttp tm 100mhzsteps hwpstate cpb eff_freq_ro

processor	: 3
vendor_id	: AuthenticAMD
cpu family	: 21
model		: 2
model name	: AMD FX(tm)-6300 Six-Core Processor             
stepping	: 0
microcode	: 0x6000832
cpu MHz		: 3500.000
cache size	: 2048 KB
physical id	: 0
siblings	: 6
core id		: 3
cpu cores	: 3
apicid		: 3
initial apicid	: 3
fpu		: yes
fpu_exception	: yes
cpuid level	: 13
wp		: yes
flags		: fpu vme de pse tsc msr pae mce cx8 apic sep mtrr pge mca cmov pat pse36 clflush mmx fxsr sse sse2 ht syscall nx mmxext fxsr_opt pdpe1gb rdtscp lm constant_tsc rep_good nopl nonstop_tsc extd_apicid aperfmperf pni pclmulqdq monitor ssse3 fma cx16 sse4_1 sse4_2 popcnt aes xsave avx f16c lahf_lm cmp_legacy svm extapic cr8_legacy abm sse4a misalignsse 3dnowprefetch osvw ibs xop skinit wdt lwp fma4 tce nodeid_msr tbm topoext perfctr_core perfctr_nb arat cpb hw_pstate npt lbrv svm_lock nrip_save tsc_scale vmcb_clean flushbyasid decodeassists pausefilter pfthreshold vmmcall bmi1
bugs		: fxsave_leak
bogomips	: 7034.43
TLB size	: 1536 4K pages
clflush size	: 64
cache_alignment	: 64
address sizes	: 48 bits physical, 48 bits virtual
power management: ts ttp tm 100mhzsteps hwpstate cpb eff_freq_ro

processor	: 4
vendor_id	: AuthenticAMD
cpu family	: 21
model		: 2
model name	: AMD FX(tm)-6300 Six-Core Processor             
stepping	: 0
microcode	: 0x6000832
cpu MHz		: 1400.000
cache size	: 2048 KB
physical id	: 0
siblings	: 6
core id		: 5
cpu cores	: 3
apicid		: 4
initial apicid	: 5
fpu		: yes
fpu_exception	: yes
cpuid level	: 13
wp		: yes
flags		: fpu vme de pse tsc msr pae mce cx8 apic sep mtrr pge mca cmov pat pse36 clflush mmx fxsr sse sse2 ht syscall nx mmxext fxsr_opt pdpe1gb rdtscp lm constant_tsc rep_good nopl nonstop_tsc extd_apicid aperfmperf pni pclmulqdq monitor ssse3 fma cx16 sse4_1 sse4_2 popcnt aes xsave avx f16c lahf_lm cmp_legacy svm extapic cr8_legacy abm sse4a misalignsse 3dnowprefetch osvw ibs xop skinit wdt lwp fma4 tce nodeid_msr tbm topoext perfctr_core perfctr_nb arat cpb hw_pstate npt lbrv svm_lock nrip_save tsc_scale vmcb_clean flushbyasid decodeassists pausefilter pfthreshold vmmcall bmi1
bugs		: fxsave_leak
bogomips	: 7034.43
TLB size	: 1536 4K pages
clflush size	: 64
cache_alignment	: 64
address sizes	: 48 bits physical, 48 bits virtual
power management: ts ttp tm 100mhzsteps hwpstate cpb eff_freq_ro

processor	: 5
vendor_id	: AuthenticAMD
cpu family	: 21
model		: 2
model name	: AMD FX(tm)-6300 Six-Core Processor             
stepping	: 0
microcode	: 0x6000832
cpu MHz		: 3500.000
cache size	: 2048 KB
physical id	: 0
siblings	: 6
core id		: 4
cpu cores	: 3
apicid		: 5
initial apicid	: 4
fpu		: yes
fpu_exception	: yes
cpuid level	: 13
wp		: yes
flags		: fpu vme de pse tsc msr pae mce cx8 apic sep mtrr pge mca cmov pat pse36 clflush mmx fxsr sse sse2 ht syscall nx mmxext fxsr_opt pdpe1gb rdtscp lm constant_tsc rep_good nopl nonstop_tsc extd_apicid aperfmperf pni pclmulqdq monitor ssse3 fma cx16 sse4_1 sse4_2 popcnt aes xsave avx f16c lahf_lm cmp_legacy svm extapic cr8_legacy abm sse4a misalignsse 3dnowprefetch osvw ibs xop skinit wdt lwp fma4 tce nodeid_msr tbm topoext perfctr_core perfctr_nb arat cpb hw_pstate npt lbrv svm_lock nrip_save tsc_scale vmcb_clean flushbyasid decodeassists pausefilter pfthreshold vmmcall bmi1
bugs		: fxsave_leak
bogomips	: 7034.43
TLB size	: 1536 4K pages
clflush size	: 64
cache_alignment	: 64
address sizes	: 48 bits physical, 48 bits virtual
power management: ts ttp tm 100mhzsteps hwpstate cpb eff_freq_ro



Memory: 4k page, physical 8178552k(1403228k free), swap 0k(0k free)

vm_info: Java HotSpot(TM) 64-Bit Server VM (25.31-b07) for linux-amd64 JRE (1.8.0_31-b13), built on Dec 17 2014 20:40:15 by "java_re" with gcc 4.3.0 20080428 (Red Hat 4.3.0-8)

time: Sat Jun 13 16:23:01 2015
elapsed time: 36 seconds (0d 0h 0m 36s)

