#
# A fatal error has been detected by the Java Runtime Environment:
#
#  SIGSEGV (0xb) at pc=0x00007f512a791057, pid=13505, tid=139987307247360
#
# JRE version: Java(TM) SE Runtime Environment (8.0_31-b13) (build 1.8.0_31-b13)
# Java VM: Java HotSpot(TM) 64-Bit Server VM (25.31-b07 mixed mode linux-amd64 compressed oops)
# Problematic frame:
# C  [libqtjambi.so.1+0x21057]  qtjambishell_signals_cleanup(QtJambiSignalInfo*, int)+0x37
#
# Failed to write core dump. Core dumps have been disabled. To enable core dumping, try "ulimit -c unlimited" before starting Java again
#
# If you would like to submit a bug report, please visit:
#   http://bugreport.java.com/bugreport/crash.jsp
#

---------------  T H R E A D  ---------------

Current thread is native thread

siginfo: si_signo: 11 (SIGSEGV), si_code: 1 (SEGV_MAPERR), si_addr: 0x0000000000000000

Registers:
RAX=0x0000000000000000, RBX=0x00007f514c649660, RCX=0x00007f514c0db210, RDX=0x00000000ffffffff
RSP=0x00007f5155b8aa40, RBP=0x0000000000000000, RSI=0x00007f514c605950, RDI=0x00007f514c000040
R8 =0x00007f514c0db270, R9 =0x00007f5155b8b700, R10=0x0000000000000004, R11=0x0000000000000000
R12=0x00007f514c6496d0, R13=0x00007f514c4627e0, R14=0x00007f50e00009f0, R15=0x00007f514c456fe0
RIP=0x00007f512a791057, EFLAGS=0x0000000000010206, CSGSFS=0x0000000000000033, ERR=0x0000000000000004
  TRAPNO=0x000000000000000e

Top of Stack: (sp=0x00007f5155b8aa40)
0x00007f5155b8aa40:   00007f514c456fe0 00007f50e00009f0
0x00007f5155b8aa50:   00007f514c456fe0 00007f50edf4bce0
0x00007f5155b8aa60:   00007f5155b8b700 00007f514c456fe0
0x00007f5155b8aa70:   00007f50e00009f0 00007f50edf4bd19
0x00007f5155b8aa80:   00007f514c456fe0 00007f512ba93898
0x00007f5155b8aa90:   00007f5155b8feff 0000000000000000
0x00007f5155b8aaa0:   00007f514c454c00 0000000000000001
0x00007f5155b8aab0:   0000000000000001 00007f5155b8ac78
0x00007f5155b8aac0:   00007f5155b8ac10 00007f5155b8ac20
0x00007f5155b8aad0:   00007f5155325700 00007f5154fd6d97
0x00007f5155b8aae0:   00007f50e00009f0 0000003000000018
0x00007f5155b8aaf0:   00007f5155b8abc0 00007f5155b8ab00
0x00007f5155b8ab00:   0000001f00000000 00007f5155b8ab20
0x00007f5155b8ab10:   00007f514c0db288 0000000000000000
0x00007f5155b8ab20:   00007f514c64dbf0 00007f5155b8aa00
0x00007f5155b8ab30:   00007f512bde0820 00007f514c000020
0x00007f5155b8ab40:   0000000000000020 0000000000edf550
0x00007f5155b8ab50:   00007f514c64dc48 00007f514c4514c0
0x00007f5155b8ab60:   00007f50e00009f0 00007f514c456fe0
0x00007f5155b8ab70:   00007f514c4627e0 00007f51297cc5a3
0x00007f5155b8ab80:   00007f5155325700 0000000000000001
0x00007f5155b8ab90:   00007f5155b8ac78 00007f5155b8abc0
0x00007f5155b8aba0:   00007f5155325700 00007f512b96fc47
0x00007f5155b8abb0:   00007f5155b8abc0 00007f512a7ad0b8
0x00007f5155b8abc0:   00007f5155b8ac00 0000000000000001
0x00007f5155b8abd0:   00007f5155b8ac78 00007f514c456fe0
0x00007f5155b8abe0:   00007f50e00009f0 00007f514c4514c0
0x00007f5155b8abf0:   00007f514c4627e0 00007f50e00009f0
0x00007f5155b8ac00:   00007f514c456fe0 00007f51297c75dc
0x00007f5155b8ac10:   00007f514c64dbf0 00007f514c456fe0
0x00007f5155b8ac20:   00007f514c456fe0 00007f514c456fe0
0x00007f5155b8ac30:   00007f514c4627e0 00007f51297cdb1d 

Instructions: (pc=0x00007f512a791057)
0x00007f512a791037:   24 ff 48 89 c5 48 c1 e6 04 4c 8d 64 33 10 0f 1f
0x00007f512a791047:   00 48 83 7b 08 00 74 24 48 8b 33 48 85 f6 74 14
0x00007f512a791057:   48 8b 45 00 48 89 ef ff 90 18 07 00 00 48 c7 03
0x00007f512a791067:   00 00 00 00 48 c7 43 08 00 00 00 00 48 83 c3 10 

Register to memory mapping:

RAX=0x0000000000000000 is an unknown value
RBX=0x00007f514c649660 is an unknown value
RCX=0x00007f514c0db210 is an unknown value
RDX=0x00000000ffffffff is an unallocated location in the heap
RSP=0x00007f5155b8aa40 is an unknown value
RBP=0x0000000000000000 is an unknown value
RSI=0x00007f514c605950 is a weak global jni handle
RDI=0x00007f514c000040 is an unknown value
R8 =0x00007f514c0db270 is an unknown value
R9 =0x00007f5155b8b700 is an unknown value
R10=0x0000000000000004 is an unknown value
R11=0x0000000000000000 is an unknown value
R12=0x00007f514c6496d0 is an unknown value
R13=0x00007f514c4627e0 is an unknown value
R14=0x00007f50e00009f0 is an unknown value
R15=0x00007f514c456fe0 is an unknown value


Stack: [0x00007f5155a8b000,0x00007f5155b8c000],  sp=0x00007f5155b8aa40,  free space=1022k
Native frames: (J=compiled Java code, j=interpreted, Vv=VM code, C=native code)
C  [libqtjambi.so.1+0x21057]  qtjambishell_signals_cleanup(QtJambiSignalInfo*, int)+0x37

[error occurred during error reporting (printing native stack), id 0xb]


---------------  P R O C E S S  ---------------

VM state:at safepoint (shutting down)

VM Mutex/Monitor currently owned by a thread:  ([mutex/lock_event])
[0x00007f514c006c00] Threads_lock - owner thread: 0x00007f514c078800

Heap:
 PSYoungGen      total 37888K, used 85K [0x00000000d6600000, 0x00000000d9000000, 0x0000000100000000)
  eden space 32768K, 0% used [0x00000000d6600000,0x00000000d66157f0,0x00000000d8600000)
  from space 5120K, 0% used [0x00000000d8600000,0x00000000d8600000,0x00000000d8b00000)
  to   space 5120K, 0% used [0x00000000d8b00000,0x00000000d8b00000,0x00000000d9000000)
 ParOldGen       total 86016K, used 2787K [0x0000000083200000, 0x0000000088600000, 0x00000000d6600000)
  object space 86016K, 3% used [0x0000000083200000,0x00000000834b8f70,0x0000000088600000)
 Metaspace       used 10373K, capacity 10524K, committed 10624K, reserved 1058816K
  class space    used 1107K, capacity 1138K, committed 1152K, reserved 1048576K

Card table byte_map: [0x00007f5152ad8000,0x00007f5152ec0000] byte_map_base: 0x00007f51526bf000

Marking Bits: (ParMarkBitMap*) 0x00007f5154f5b2a0
 Begin Bits: [0x00007f5134190000, 0x00007f51360c8000)
 End Bits:   [0x00007f51360c8000, 0x00007f5138000000)

Polling page: 0x00007f5155a8a000

CodeCache: size=245760Kb used=3224Kb max_used=3224Kb free=242535Kb
 bounds [0x00007f513d000000, 0x00007f513d330000, 0x00007f514c000000]
 total_blobs=1153 nmethods=807 adapters=262
 compilation: enabled

Compilation events (10 events):
Event: 17.110 Thread 0x00007f514c0b3800  802       1       java.nio.Buffer::limit (5 bytes)
Event: 17.110 Thread 0x00007f514c0b3800 nmethod 802 0x00007f513d31ebd0 code [0x00007f513d31ed20, 0x00007f513d31ee30]
Event: 21.365 Thread 0x00007f514c0b3800  803       3       sun.util.calendar.ZoneInfo::getOffsets (8 bytes)
Event: 21.365 Thread 0x00007f514c0b3800 nmethod 803 0x00007f513d31e7d0 code [0x00007f513d31e940, 0x00007f513d31eac8]
Event: 21.366 Thread 0x00007f514c0b3800  805       3       java.net.URLStreamHandler::toExternalForm (219 bytes)
Event: 21.369 Thread 0x00007f514c0b3800 nmethod 805 0x00007f513d322210 code [0x00007f513d322540, 0x00007f513d3258d8]
Event: 21.374 Thread 0x00007f514c0b3800  807       3       java.lang.reflect.Field::getFieldAccessor (35 bytes)
Event: 21.374 Thread 0x00007f514c0b3800 nmethod 807 0x00007f513d327990 code [0x00007f513d327b00, 0x00007f513d327d48]
Event: 21.417 Thread 0x00007f514c0af000  808       4       java.lang.ref.Finalizer::access$100 (6 bytes)
Event: 21.458 Thread 0x00007f514c0b2000  809   !   4       java.lang.ref.Finalizer::runFinalizer (62 bytes)

GC Heap History (10 events):
Event: 9.317 GC heap before
{Heap before GC invocations=1 (full 0):
 PSYoungGen      total 37888K, used 32768K [0x00000000d6600000, 0x00000000d9000000, 0x0000000100000000)
  eden space 32768K, 100% used [0x00000000d6600000,0x00000000d8600000,0x00000000d8600000)
  from space 5120K, 0% used [0x00000000d8b00000,0x00000000d8b00000,0x00000000d9000000)
  to   space 5120K, 0% used [0x00000000d8600000,0x00000000d8600000,0x00000000d8b00000)
 ParOldGen       total 86016K, used 0K [0x0000000083200000, 0x0000000088600000, 0x00000000d6600000)
  object space 86016K, 0% used [0x0000000083200000,0x0000000083200000,0x0000000088600000)
 Metaspace       used 10101K, capacity 10172K, committed 10368K, reserved 1058816K
  class space    used 1082K, capacity 1106K, committed 1152K, reserved 1048576K
Event: 9.327 GC heap after
Heap after GC invocations=1 (full 0):
 PSYoungGen      total 37888K, used 4639K [0x00000000d6600000, 0x00000000d9000000, 0x0000000100000000)
  eden space 32768K, 0% used [0x00000000d6600000,0x00000000d6600000,0x00000000d8600000)
  from space 5120K, 90% used [0x00000000d8600000,0x00000000d8a87f38,0x00000000d8b00000)
  to   space 5120K, 0% used [0x00000000d8b00000,0x00000000d8b00000,0x00000000d9000000)
 ParOldGen       total 86016K, used 80K [0x0000000083200000, 0x0000000088600000, 0x00000000d6600000)
  object space 86016K, 0% used [0x0000000083200000,0x0000000083214010,0x0000000088600000)
 Metaspace       used 10101K, capacity 10172K, committed 10368K, reserved 1058816K
  class space    used 1082K, capacity 1106K, committed 1152K, reserved 1048576K
}
Event: 21.376 GC heap before
{Heap before GC invocations=2 (full 0):
 PSYoungGen      total 37888K, used 22628K [0x00000000d6600000, 0x00000000d9000000, 0x0000000100000000)
  eden space 32768K, 54% used [0x00000000d6600000,0x00000000d7791430,0x00000000d8600000)
  from space 5120K, 90% used [0x00000000d8600000,0x00000000d8a87f38,0x00000000d8b00000)
  to   space 5120K, 0% used [0x00000000d8b00000,0x00000000d8b00000,0x00000000d9000000)
 ParOldGen       total 86016K, used 80K [0x0000000083200000, 0x0000000088600000, 0x00000000d6600000)
  object space 86016K, 0% used [0x0000000083200000,0x0000000083214010,0x0000000088600000)
 Metaspace       used 10336K, capacity 10396K, committed 10624K, reserved 1058816K
  class space    used 1100K, capacity 1138K, committed 1152K, reserved 1048576K
Event: 21.386 GC heap after
Heap after GC invocations=2 (full 0):
 PSYoungGen      total 37888K, used 2950K [0x00000000d6600000, 0x00000000d9000000, 0x0000000100000000)
  eden space 32768K, 0% used [0x00000000d6600000,0x00000000d6600000,0x00000000d8600000)
  from space 5120K, 57% used [0x00000000d8b00000,0x00000000d8de1820,0x00000000d9000000)
  to   space 5120K, 0% used [0x00000000d8600000,0x00000000d8600000,0x00000000d8b00000)
 ParOldGen       total 86016K, used 88K [0x0000000083200000, 0x0000000088600000, 0x00000000d6600000)
  object space 86016K, 0% used [0x0000000083200000,0x0000000083216010,0x0000000088600000)
 Metaspace       used 10336K, capacity 10396K, committed 10624K, reserved 1058816K
  class space    used 1100K, capacity 1138K, committed 1152K, reserved 1048576K
}
Event: 21.386 GC heap before
{Heap before GC invocations=3 (full 1):
 PSYoungGen      total 37888K, used 2950K [0x00000000d6600000, 0x00000000d9000000, 0x0000000100000000)
  eden space 32768K, 0% used [0x00000000d6600000,0x00000000d6600000,0x00000000d8600000)
  from space 5120K, 57% used [0x00000000d8b00000,0x00000000d8de1820,0x00000000d9000000)
  to   space 5120K, 0% used [0x00000000d8600000,0x00000000d8600000,0x00000000d8b00000)
 ParOldGen       total 86016K, used 88K [0x0000000083200000, 0x0000000088600000, 0x00000000d6600000)
  object space 86016K, 0% used [0x0000000083200000,0x0000000083216010,0x0000000088600000)
 Metaspace       used 10336K, capacity 10396K, committed 10624K, reserved 1058816K
  class space    used 1100K, capacity 1138K, committed 1152K, reserved 1048576K
Event: 21.414 GC heap after
Heap after GC invocations=3 (full 1):
 PSYoungGen      total 37888K, used 0K [0x00000000d6600000, 0x00000000d9000000, 0x0000000100000000)
  eden space 32768K, 0% used [0x00000000d6600000,0x00000000d6600000,0x00000000d8600000)
  from space 5120K, 0% used [0x00000000d8b00000,0x00000000d8b00000,0x00000000d9000000)
  to   space 5120K, 0% used [0x00000000d8600000,0x00000000d8600000,0x00000000d8b00000)
 ParOldGen       total 86016K, used 2861K [0x0000000083200000, 0x0000000088600000, 0x00000000d6600000)
  object space 86016K, 3% used [0x0000000083200000,0x00000000834cb600,0x0000000088600000)
 Metaspace       used 10336K, capacity 10396K, committed 10624K, reserved 1058816K
  class space    used 1100K, capacity 1138K, committed 1152K, reserved 1048576K
}
Event: 21.417 GC heap before
{Heap before GC invocations=4 (full 1):
 PSYoungGen      total 37888K, used 413K [0x00000000d6600000, 0x00000000d9000000, 0x0000000100000000)
  eden space 32768K, 1% used [0x00000000d6600000,0x00000000d6667578,0x00000000d8600000)
  from space 5120K, 0% used [0x00000000d8b00000,0x00000000d8b00000,0x00000000d9000000)
  to   space 5120K, 0% used [0x00000000d8600000,0x00000000d8600000,0x00000000d8b00000)
 ParOldGen       total 86016K, used 2861K [0x0000000083200000, 0x0000000088600000, 0x00000000d6600000)
  object space 86016K, 3% used [0x0000000083200000,0x00000000834cb600,0x0000000088600000)
 Metaspace       used 10373K, capacity 10524K, committed 10624K, reserved 1058816K
  class space    used 1107K, capacity 1138K, committed 1152K, reserved 1048576K
Event: 21.417 GC heap after
Heap after GC invocations=4 (full 1):
 PSYoungGen      total 37888K, used 128K [0x00000000d6600000, 0x00000000d9000000, 0x0000000100000000)
  eden space 32768K, 0% used [0x00000000d6600000,0x00000000d6600000,0x00000000d8600000)
  from space 5120K, 2% used [0x00000000d8600000,0x00000000d8620000,0x00000000d8b00000)
  to   space 5120K, 0% used [0x00000000d8b00000,0x00000000d8b00000,0x00000000d9000000)
 ParOldGen       total 86016K, used 2861K [0x0000000083200000, 0x0000000088600000, 0x00000000d6600000)
  object space 86016K, 3% used [0x0000000083200000,0x00000000834cb600,0x0000000088600000)
 Metaspace       used 10373K, capacity 10524K, committed 10624K, reserved 1058816K
  class space    used 1107K, capacity 1138K, committed 1152K, reserved 1048576K
}
Event: 21.417 GC heap before
{Heap before GC invocations=5 (full 2):
 PSYoungGen      total 37888K, used 128K [0x00000000d6600000, 0x00000000d9000000, 0x0000000100000000)
  eden space 32768K, 0% used [0x00000000d6600000,0x00000000d6600000,0x00000000d8600000)
  from space 5120K, 2% used [0x00000000d8600000,0x00000000d8620000,0x00000000d8b00000)
  to   space 5120K, 0% used [0x00000000d8b00000,0x00000000d8b00000,0x00000000d9000000)
 ParOldGen       total 86016K, used 2861K [0x0000000083200000, 0x0000000088600000, 0x00000000d6600000)
  object space 86016K, 3% used [0x0000000083200000,0x00000000834cb600,0x0000000088600000)
 Metaspace       used 10373K, capacity 10524K, committed 10624K, reserved 1058816K
  class space    used 1107K, capacity 1138K, committed 1152K, reserved 1048576K
Event: 21.458 GC heap after
Heap after GC invocations=5 (full 2):
 PSYoungGen      total 37888K, used 0K [0x00000000d6600000, 0x00000000d9000000, 0x0000000100000000)
  eden space 32768K, 0% used [0x00000000d6600000,0x00000000d6600000,0x00000000d8600000)
  from space 5120K, 0% used [0x00000000d8600000,0x00000000d8600000,0x00000000d8b00000)
  to   space 5120K, 0% used [0x00000000d8b00000,0x00000000d8b00000,0x00000000d9000000)
 ParOldGen       total 86016K, used 2787K [0x0000000083200000, 0x0000000088600000, 0x00000000d6600000)
  object space 86016K, 3% used [0x0000000083200000,0x00000000834b8f70,0x0000000088600000)
 Metaspace       used 10373K, capacity 10524K, committed 10624K, reserved 1058816K
  class space    used 1107K, capacity 1138K, committed 1152K, reserved 1048576K
}

Deoptimization events (2 events):
Event: 10.721 Thread 0x00007f514c009000 Uncommon trap: reason=null_check action=make_not_entrant pc=0x00007f513d301cfc method=com.trolltech.qt.internal.QSignalEmitterInternal$AbstractSignalInternal.resolveSignal()[Ljava/lang/Class; @ 74
Event: 21.459 Thread 0x00007f514c07f800 Uncommon trap: reason=unreached action=reinterpret pc=0x00007f513d2de1c0 method=java.lang.ref.ReferenceQueue.remove(J)Ljava/lang/ref/Reference; @ 55

Internal exceptions (10 events):
Event: 21.364 Thread 0x00007f514c718800 Exception <a 'java/security/PrivilegedActionException'> (0x00000000d77367a8) thrown at [/HUDSON/workspace/8-2-build-linux-amd64/jdk8u31/2394/hotspot/src/share/vm/prims/jvm.cpp, line 1312]
Event: 21.365 Thread 0x00007f514c718800 Exception <a 'java/security/PrivilegedActionException'> (0x00000000d773c348) thrown at [/HUDSON/workspace/8-2-build-linux-amd64/jdk8u31/2394/hotspot/src/share/vm/prims/jvm.cpp, line 1312]
Event: 21.367 Thread 0x00007f514c718800 Exception <a 'java/security/PrivilegedActionException'> (0x00000000d7740bd0) thrown at [/HUDSON/workspace/8-2-build-linux-amd64/jdk8u31/2394/hotspot/src/share/vm/prims/jvm.cpp, line 1312]
Event: 21.369 Thread 0x00007f514c718800 Exception <a 'java/security/PrivilegedActionException'> (0x00000000d774c898) thrown at [/HUDSON/workspace/8-2-build-linux-amd64/jdk8u31/2394/hotspot/src/share/vm/prims/jvm.cpp, line 1312]
Event: 21.370 Thread 0x00007f514c718800 Exception <a 'java/security/PrivilegedActionException'> (0x00000000d7752270) thrown at [/HUDSON/workspace/8-2-build-linux-amd64/jdk8u31/2394/hotspot/src/share/vm/prims/jvm.cpp, line 1312]
Event: 21.373 Thread 0x00007f514c718800 Exception <a 'java/security/PrivilegedActionException'> (0x00000000d775da20) thrown at [/HUDSON/workspace/8-2-build-linux-amd64/jdk8u31/2394/hotspot/src/share/vm/prims/jvm.cpp, line 1312]
Event: 21.374 Thread 0x00007f514c718800 Exception <a 'java/security/PrivilegedActionException'> (0x00000000d776df50) thrown at [/HUDSON/workspace/8-2-build-linux-amd64/jdk8u31/2394/hotspot/src/share/vm/prims/jvm.cpp, line 1312]
Event: 21.415 Thread 0x00007f514c718800 Exception <a 'java/security/PrivilegedActionException'> (0x00000000d66009f8) thrown at [/HUDSON/workspace/8-2-build-linux-amd64/jdk8u31/2394/hotspot/src/share/vm/prims/jvm.cpp, line 1312]
Event: 21.416 Thread 0x00007f514c2e0800 Exception <a 'java/lang/InterruptedException': sleep interrupted> (0x00000000d66156f8) thrown at [/HUDSON/workspace/8-2-build-linux-amd64/jdk8u31/2394/hotspot/src/share/vm/prims/jvm.cpp, line 3141]
Event: 21.459 Thread 0x00007f514c07f800 Implicit null exception at 0x00007f513d2ddd41 to 0x00007f513d2de1a9

Events (10 events):
Event: 21.458 Executing VM operation: ParallelGCSystemGC done
Event: 21.459 Thread 0x00007f50e0037800 Thread added: 0x00007f50e0037800
Event: 21.459 Thread 0x00007f514c07f800 Uncommon trap: trap_request=0xffffffad fr.pc=0x00007f513d2de1c0
Event: 21.459 Thread 0x00007f50e0037800 Thread exited: 0x00007f50e0037800
Event: 21.459 Thread 0x00007f514c07f800 DEOPT PACKING pc=0x00007f513d2de1c0 sp=0x00007f513caf9920
Event: 21.459 Thread 0x00007f514c07f800 DEOPT UNPACKING pc=0x00007f513d004f69 sp=0x00007f513caf9878 mode 2
Event: 21.459 Thread 0x00007f514c718800 Thread exited: 0x00007f514c718800
Event: 21.460 Executing VM operation: RevokeBias
Event: 21.460 Executing VM operation: RevokeBias done
Event: 21.460 Thread 0x00007f514c009000 Thread exited: 0x00007f514c009000


Dynamic libraries:
00400000-00401000 r-xp 00000000 00:22 152985                             /home/nathan/jdk1.8.0_31/bin/java
00600000-00601000 rw-p 00000000 00:22 152985                             /home/nathan/jdk1.8.0_31/bin/java
00edd000-00efe000 rw-p 00000000 00:00 0                                  [heap]
83200000-88600000 rw-p 00000000 00:00 0 
88600000-d6600000 ---p 00000000 00:00 0 
d6600000-d9000000 rw-p 00000000 00:00 0 
d9000000-100000000 ---p 00000000 00:00 0 
100000000-100120000 rw-p 00000000 00:00 0 
100120000-140000000 ---p 00000000 00:00 0 
7f50d8000000-7f50d8021000 rw-p 00000000 00:00 0 
7f50d8021000-7f50dc000000 ---p 00000000 00:00 0 
7f50e0000000-7f50e0076000 rw-p 00000000 00:00 0 
7f50e0076000-7f50e4000000 ---p 00000000 00:00 0 
7f50e794e000-7f50e7951000 ---p 00000000 00:00 0 
7f50e7951000-7f50e7a4f000 rw-p 00000000 00:00 0 
7f50e7a4f000-7f50e7a52000 ---p 00000000 00:00 0 
7f50e7a52000-7f50e7b50000 rw-p 00000000 00:00 0 
7f50e7b50000-7f50e7b75000 r-xp 00000000 08:43 596787                     /usr/lib/liblzma.so.5.2.1
7f50e7b75000-7f50e7d74000 ---p 00025000 08:43 596787                     /usr/lib/liblzma.so.5.2.1
7f50e7d74000-7f50e7d75000 r--p 00024000 08:43 596787                     /usr/lib/liblzma.so.5.2.1
7f50e7d75000-7f50e7d76000 rw-p 00025000 08:43 596787                     /usr/lib/liblzma.so.5.2.1
7f50e7d78000-7f50e7df4000 r-xp 00000000 08:43 1634046                    /usr/lib/libtiff.so.5.2.0
7f50e7df4000-7f50e7ff4000 ---p 0007c000 08:43 1634046                    /usr/lib/libtiff.so.5.2.0
7f50e7ff4000-7f50e7ff5000 r--p 0007c000 08:43 1634046                    /usr/lib/libtiff.so.5.2.0
7f50e7ff5000-7f50e7ffb000 rw-p 0007d000 08:43 1634046                    /usr/lib/libtiff.so.5.2.0
7f50e7ffb000-7f50e7ffc000 rw-p 00000000 00:00 0 
7f50e8000000-7f50e8021000 rw-p 00000000 00:00 0 
7f50e8021000-7f50ec000000 ---p 00000000 00:00 0 
7f50ec008000-7f50ec1dd000 rw-s 00000000 00:05 52461591                   /SYSV00000000 (deleted)
7f50ec1e0000-7f50ec1e7000 r-xp 00000000 08:43 1713220                    /usr/lib/qt4/plugins/imageformats/libqtiff.so
7f50ec1e7000-7f50ec3e6000 ---p 00007000 08:43 1713220                    /usr/lib/qt4/plugins/imageformats/libqtiff.so
7f50ec3e6000-7f50ec3e7000 r--p 00006000 08:43 1713220                    /usr/lib/qt4/plugins/imageformats/libqtiff.so
7f50ec3e7000-7f50ec3e8000 rw-p 00007000 08:43 1713220                    /usr/lib/qt4/plugins/imageformats/libqtiff.so
7f50ec3e8000-7f50ec43e000 r-xp 00000000 08:43 1637076                    /usr/lib/libQtSvg.so.4.8.7
7f50ec43e000-7f50ec63e000 ---p 00056000 08:43 1637076                    /usr/lib/libQtSvg.so.4.8.7
7f50ec63e000-7f50ec640000 r--p 00056000 08:43 1637076                    /usr/lib/libQtSvg.so.4.8.7
7f50ec640000-7f50ec641000 rw-p 00058000 08:43 1637076                    /usr/lib/libQtSvg.so.4.8.7
7f50ec648000-7f50ec64d000 r-xp 00000000 08:43 1713219                    /usr/lib/qt4/plugins/imageformats/libqsvg.so
7f50ec64d000-7f50ec84c000 ---p 00005000 08:43 1713219                    /usr/lib/qt4/plugins/imageformats/libqsvg.so
7f50ec84c000-7f50ec84d000 r--p 00004000 08:43 1713219                    /usr/lib/qt4/plugins/imageformats/libqsvg.so
7f50ec84d000-7f50ec84e000 rw-p 00005000 08:43 1713219                    /usr/lib/qt4/plugins/imageformats/libqsvg.so
7f50ec850000-7f50ec8a6000 r-xp 00000000 08:43 1634616                    /usr/lib/liblcms2.so.2.0.7
7f50ec8a6000-7f50ecaa5000 ---p 00056000 08:43 1634616                    /usr/lib/liblcms2.so.2.0.7
7f50ecaa5000-7f50ecaa6000 r--p 00055000 08:43 1634616                    /usr/lib/liblcms2.so.2.0.7
7f50ecaa6000-7f50ecaab000 rw-p 00056000 08:43 1634616                    /usr/lib/liblcms2.so.2.0.7
7f50ecab0000-7f50ecb07000 r-xp 00000000 08:43 1633255                    /usr/lib/libjpeg.so.8.0.2
7f50ecb07000-7f50ecd07000 ---p 00057000 08:43 1633255                    /usr/lib/libjpeg.so.8.0.2
7f50ecd07000-7f50ecd09000 r--p 00057000 08:43 1633255                    /usr/lib/libjpeg.so.8.0.2
7f50ecd09000-7f50ecd0a000 rw-p 00059000 08:43 1633255                    /usr/lib/libjpeg.so.8.0.2
7f50ecd10000-7f50ecd7d000 r-xp 00000000 08:43 1636987                    /usr/lib/libmng.so.2.0.2
7f50ecd7d000-7f50ecf7d000 ---p 0006d000 08:43 1636987                    /usr/lib/libmng.so.2.0.2
7f50ecf7d000-7f50ecf80000 r--p 0006d000 08:43 1636987                    /usr/lib/libmng.so.2.0.2
7f50ecf80000-7f50ecf82000 rw-p 00070000 08:43 1636987                    /usr/lib/libmng.so.2.0.2
7f50ecfd0000-7f50ecfd5000 r-xp 00000000 08:43 1713218                    /usr/lib/qt4/plugins/imageformats/libqmng.so
7f50ecfd5000-7f50ed1d5000 ---p 00005000 08:43 1713218                    /usr/lib/qt4/plugins/imageformats/libqmng.so
7f50ed1d5000-7f50ed1d6000 r--p 00005000 08:43 1713218                    /usr/lib/qt4/plugins/imageformats/libqmng.so
7f50ed1d6000-7f50ed1d7000 rw-p 00006000 08:43 1713218                    /usr/lib/qt4/plugins/imageformats/libqmng.so
7f50ed1d8000-7f50ed1df000 r-xp 00000000 08:43 1713221                    /usr/lib/qt4/plugins/imageformats/libqico.so
7f50ed1df000-7f50ed3de000 ---p 00007000 08:43 1713221                    /usr/lib/qt4/plugins/imageformats/libqico.so
7f50ed3de000-7f50ed3df000 r--p 00006000 08:43 1713221                    /usr/lib/qt4/plugins/imageformats/libqico.so
7f50ed3df000-7f50ed3e0000 rw-p 00007000 08:43 1713221                    /usr/lib/qt4/plugins/imageformats/libqico.so
7f50ed3e0000-7f50ed3e7000 r-xp 00000000 08:43 1713216                    /usr/lib/qt4/plugins/imageformats/libqgif.so
7f50ed3e7000-7f50ed5e6000 ---p 00007000 08:43 1713216                    /usr/lib/qt4/plugins/imageformats/libqgif.so
7f50ed5e6000-7f50ed5e7000 r--p 00006000 08:43 1713216                    /usr/lib/qt4/plugins/imageformats/libqgif.so
7f50ed5e7000-7f50ed5e8000 rw-p 00007000 08:43 1713216                    /usr/lib/qt4/plugins/imageformats/libqgif.so
7f50ed5e8000-7f50ed728000 rw-p 00000000 00:00 0 
7f50ed728000-7f50ed7e8000 ---p 00000000 00:00 0 
7f50ed7e8000-7f50ed7eb000 r-xp 00000000 08:43 599049                     /usr/lib/gconv/UTF-16.so
7f50ed7eb000-7f50ed9ea000 ---p 00003000 08:43 599049                     /usr/lib/gconv/UTF-16.so
7f50ed9ea000-7f50ed9eb000 r--p 00002000 08:43 599049                     /usr/lib/gconv/UTF-16.so
7f50ed9eb000-7f50ed9ec000 rw-p 00003000 08:43 599049                     /usr/lib/gconv/UTF-16.so
7f50ed9f0000-7f50ee4fb000 r-xp 00000000 08:16 411                        /tmp/QtJambi_nathan_amd64_4.8.6_gcc-20150115-1633/lib/libcom_trolltech_qt_gui.so.1
7f50ee4fb000-7f50ee6fa000 ---p 00b0b000 08:16 411                        /tmp/QtJambi_nathan_amd64_4.8.6_gcc-20150115-1633/lib/libcom_trolltech_qt_gui.so.1
7f50ee6fa000-7f50ee754000 rw-p 00b0a000 08:16 411                        /tmp/QtJambi_nathan_amd64_4.8.6_gcc-20150115-1633/lib/libcom_trolltech_qt_gui.so.1
7f50ee754000-7f50ee75b000 rw-p 00000000 00:00 0 
7f50ee760000-7f50ee765000 r-xp 00000000 08:43 1630232                    /usr/lib/libXdmcp.so.6.0.0
7f50ee765000-7f50ee964000 ---p 00005000 08:43 1630232                    /usr/lib/libXdmcp.so.6.0.0
7f50ee964000-7f50ee965000 r--p 00004000 08:43 1630232                    /usr/lib/libXdmcp.so.6.0.0
7f50ee965000-7f50ee966000 rw-p 00005000 08:43 1630232                    /usr/lib/libXdmcp.so.6.0.0
7f50ee968000-7f50ee96a000 r-xp 00000000 08:43 1633242                    /usr/lib/libXau.so.6.0.0
7f50ee96a000-7f50eeb6a000 ---p 00002000 08:43 1633242                    /usr/lib/libXau.so.6.0.0
7f50eeb6a000-7f50eeb6b000 r--p 00002000 08:43 1633242                    /usr/lib/libXau.so.6.0.0
7f50eeb6b000-7f50eeb6c000 rw-p 00003000 08:43 1633242                    /usr/lib/libXau.so.6.0.0
7f50eeb70000-7f50eeb8c000 r-xp 00000000 08:43 1633203                    /usr/lib/libgraphite2.so.3.0.1
7f50eeb8c000-7f50eed8b000 ---p 0001c000 08:43 1633203                    /usr/lib/libgraphite2.so.3.0.1
7f50eed8b000-7f50eed8d000 r--p 0001b000 08:43 1633203                    /usr/lib/libgraphite2.so.3.0.1
7f50eed8d000-7f50eed8e000 rw-p 0001d000 08:43 1633203                    /usr/lib/libgraphite2.so.3.0.1
7f50eed90000-7f50eedb1000 r-xp 00000000 08:43 1633278                    /usr/lib/libxcb.so.1.1.0
7f50eedb1000-7f50eefb0000 ---p 00021000 08:43 1633278                    /usr/lib/libxcb.so.1.1.0
7f50eefb0000-7f50eefb1000 r--p 00020000 08:43 1633278                    /usr/lib/libxcb.so.1.1.0
7f50eefb1000-7f50eefb2000 rw-p 00021000 08:43 1633278                    /usr/lib/libxcb.so.1.1.0
7f50eefb8000-7f50eefdf000 r-xp 00000000 08:43 595921                     /usr/lib/libexpat.so.1.6.0
7f50eefdf000-7f50ef1de000 ---p 00027000 08:43 595921                     /usr/lib/libexpat.so.1.6.0
7f50ef1de000-7f50ef1e1000 r--p 00026000 08:43 595921                     /usr/lib/libexpat.so.1.6.0
7f50ef1e1000-7f50ef1e2000 rw-p 00029000 08:43 595921                     /usr/lib/libexpat.so.1.6.0
7f50ef1e8000-7f50ef1ec000 r-xp 00000000 08:43 1636619                    /usr/lib/libuuid.so.1.3.0
7f50ef1ec000-7f50ef3eb000 ---p 00004000 08:43 1636619                    /usr/lib/libuuid.so.1.3.0
7f50ef3eb000-7f50ef3ec000 r--p 00003000 08:43 1636619                    /usr/lib/libuuid.so.1.3.0
7f50ef3ec000-7f50ef3ed000 rw-p 00004000 08:43 1636619                    /usr/lib/libuuid.so.1.3.0
7f50ef3f0000-7f50ef44a000 r-xp 00000000 08:43 1633208                    /usr/lib/libharfbuzz.so.0.940.0
7f50ef44a000-7f50ef649000 ---p 0005a000 08:43 1633208                    /usr/lib/libharfbuzz.so.0.940.0
7f50ef649000-7f50ef64c000 r--p 00059000 08:43 1633208                    /usr/lib/libharfbuzz.so.0.940.0
7f50ef64c000-7f50ef64d000 rw-p 0005c000 08:43 1633208                    /usr/lib/libharfbuzz.so.0.940.0
7f50ef650000-7f50ef65f000 r-xp 00000000 08:43 593233                     /usr/lib/libbz2.so.1.0.6
7f50ef65f000-7f50ef85e000 ---p 0000f000 08:43 593233                     /usr/lib/libbz2.so.1.0.6
7f50ef85e000-7f50ef860000 rw-p 0000e000 08:43 593233                     /usr/lib/libbz2.so.1.0.6
7f50ef860000-7f50ef99b000 r-xp 00000000 08:43 1633332                    /usr/lib/libX11.so.6.3.0
7f50ef99b000-7f50efb9a000 ---p 0013b000 08:43 1633332                    /usr/lib/libX11.so.6.3.0
7f50efb9a000-7f50efb9c000 r--p 0013a000 08:43 1633332                    /usr/lib/libX11.so.6.3.0
7f50efb9c000-7f50efba1000 rw-p 0013c000 08:43 1633332                    /usr/lib/libX11.so.6.3.0
7f50efba1000-7f50efba2000 rw-p 00000000 00:00 0 
7f50efba8000-7f50efbb9000 r-xp 00000000 08:43 1633375                    /usr/lib/libXext.so.6.4.0
7f50efbb9000-7f50efdb8000 ---p 00011000 08:43 1633375                    /usr/lib/libXext.so.6.4.0
7f50efdb8000-7f50efdb9000 r--p 00010000 08:43 1633375                    /usr/lib/libXext.so.6.4.0
7f50efdb9000-7f50efdba000 rw-p 00011000 08:43 1633375                    /usr/lib/libXext.so.6.4.0
7f50efdc0000-7f50efdfb000 r-xp 00000000 08:43 1633337                    /usr/lib/libfontconfig.so.1.8.0
7f50efdfb000-7f50efffa000 ---p 0003b000 08:43 1633337                    /usr/lib/libfontconfig.so.1.8.0
7f50efffa000-7f50efffc000 r--p 0003a000 08:43 1633337                    /usr/lib/libfontconfig.so.1.8.0
7f50efffc000-7f50efffd000 rw-p 0003c000 08:43 1633337                    /usr/lib/libfontconfig.so.1.8.0
7f50f0000000-7f50f0021000 rw-p 00000000 00:00 0 
7f50f0021000-7f50f4000000 ---p 00000000 00:00 0 
7f50f4000000-7f50f4021000 rw-p 00000000 00:00 0 
7f50f4021000-7f50f8000000 ---p 00000000 00:00 0 
7f50f8000000-7f50f8021000 rw-p 00000000 00:00 0 
7f50f8021000-7f50fc000000 ---p 00000000 00:00 0 
7f50fc000000-7f50fc021000 rw-p 00000000 00:00 0 
7f50fc021000-7f5100000000 ---p 00000000 00:00 0 
7f5100000000-7f51003bf000 rw-p 00000000 00:00 0 
7f51003bf000-7f5104000000 ---p 00000000 00:00 0 
7f5104000000-7f51042a4000 rw-p 00000000 00:00 0 
7f51042a4000-7f5108000000 ---p 00000000 00:00 0 
7f5108000000-7f5108021000 rw-p 00000000 00:00 0 
7f5108021000-7f510c000000 ---p 00000000 00:00 0 
7f510c000000-7f510c353000 rw-p 00000000 00:00 0 
7f510c353000-7f5110000000 ---p 00000000 00:00 0 
7f5110000000-7f5110021000 rw-p 00000000 00:00 0 
7f5110021000-7f5114000000 ---p 00000000 00:00 0 
7f5114000000-7f5114021000 rw-p 00000000 00:00 0 
7f5114021000-7f5118000000 ---p 00000000 00:00 0 
7f5118000000-7f5118021000 rw-p 00000000 00:00 0 
7f5118021000-7f511c000000 ---p 00000000 00:00 0 
7f511c000000-7f511c03e000 rw-p 00000000 00:00 0 
7f511c03e000-7f5120000000 ---p 00000000 00:00 0 
7f5120000000-7f5120021000 rw-p 00000000 00:00 0 
7f5120021000-7f5124000000 ---p 00000000 00:00 0 
7f5124000000-7f5124021000 rw-p 00000000 00:00 0 
7f5124021000-7f5128000000 ---p 00000000 00:00 0 
7f5128030000-7f5128055000 r--p 00000000 08:43 835678                     /usr/share/fonts/DroidFonts/DroidSans.ttf
7f5128057000-7f512805a000 ---p 00000000 00:00 0 
7f512805a000-7f5128090000 rw-p 00000000 00:00 0                          [stack:13544]
7f5128090000-7f5128092000 r-xp 00000000 08:43 1634880                    /usr/lib/libXinerama.so.1.0.0
7f5128092000-7f5128291000 ---p 00002000 08:43 1634880                    /usr/lib/libXinerama.so.1.0.0
7f5128291000-7f5128292000 r--p 00001000 08:43 1634880                    /usr/lib/libXinerama.so.1.0.0
7f5128292000-7f5128293000 rw-p 00002000 08:43 1634880                    /usr/lib/libXinerama.so.1.0.0
7f5128298000-7f51282a2000 r-xp 00000000 08:43 1634360                    /usr/lib/libXcursor.so.1.0.2
7f51282a2000-7f51284a1000 ---p 0000a000 08:43 1634360                    /usr/lib/libXcursor.so.1.0.2
7f51284a1000-7f51284a2000 r--p 00009000 08:43 1634360                    /usr/lib/libXcursor.so.1.0.2
7f51284a2000-7f51284a3000 rw-p 0000a000 08:43 1634360                    /usr/lib/libXcursor.so.1.0.2
7f51284a8000-7f51284ad000 r-xp 00000000 08:43 1633381                    /usr/lib/libXfixes.so.3.1.0
7f51284ad000-7f51286ac000 ---p 00005000 08:43 1633381                    /usr/lib/libXfixes.so.3.1.0
7f51286ac000-7f51286ad000 r--p 00004000 08:43 1633381                    /usr/lib/libXfixes.so.3.1.0
7f51286ad000-7f51286ae000 rw-p 00005000 08:43 1633381                    /usr/lib/libXfixes.so.3.1.0
7f51286b0000-7f51286ba000 r-xp 00000000 08:43 1634354                    /usr/lib/libXrandr.so.2.2.0
7f51286ba000-7f51288b9000 ---p 0000a000 08:43 1634354                    /usr/lib/libXrandr.so.2.2.0
7f51288b9000-7f51288ba000 r--p 00009000 08:43 1634354                    /usr/lib/libXrandr.so.2.2.0
7f51288ba000-7f51288bb000 rw-p 0000a000 08:43 1634354                    /usr/lib/libXrandr.so.2.2.0
7f51288c0000-7f51288c9000 r-xp 00000000 08:43 1633503                    /usr/lib/libXrender.so.1.3.0
7f51288c9000-7f5128ac8000 ---p 00009000 08:43 1633503                    /usr/lib/libXrender.so.1.3.0
7f5128ac8000-7f5128ac9000 r--p 00008000 08:43 1633503                    /usr/lib/libXrender.so.1.3.0
7f5128ac9000-7f5128aca000 rw-p 00009000 08:43 1633503                    /usr/lib/libXrender.so.1.3.0
7f5128ad0000-7f5128adf000 r-xp 00000000 08:43 1633507                    /usr/lib/libXi.so.6.1.0
7f5128adf000-7f5128cdf000 ---p 0000f000 08:43 1633507                    /usr/lib/libXi.so.6.1.0
7f5128cdf000-7f5128ce0000 r--p 0000f000 08:43 1633507                    /usr/lib/libXi.so.6.1.0
7f5128ce0000-7f5128ce1000 rw-p 00010000 08:43 1633507                    /usr/lib/libXi.so.6.1.0
7f5128ce8000-7f5128d00000 r-xp 00000000 08:43 1633952                    /usr/lib/libICE.so.6.3.0
7f5128d00000-7f5128eff000 ---p 00018000 08:43 1633952                    /usr/lib/libICE.so.6.3.0
7f5128eff000-7f5128f00000 r--p 00017000 08:43 1633952                    /usr/lib/libICE.so.6.3.0
7f5128f00000-7f5128f01000 rw-p 00018000 08:43 1633952                    /usr/lib/libICE.so.6.3.0
7f5128f01000-7f5128f05000 rw-p 00000000 00:00 0 
7f5128f08000-7f5128f0f000 r-xp 00000000 08:43 1633953                    /usr/lib/libSM.so.6.0.1
7f5128f0f000-7f512910e000 ---p 00007000 08:43 1633953                    /usr/lib/libSM.so.6.0.1
7f512910e000-7f512910f000 r--p 00006000 08:43 1633953                    /usr/lib/libSM.so.6.0.1
7f512910f000-7f5129110000 rw-p 00007000 08:43 1633953                    /usr/lib/libSM.so.6.0.1
7f5129110000-7f51291c6000 r-xp 00000000 08:43 1633214                    /usr/lib/libfreetype.so.6.11.4
7f51291c6000-7f51293c6000 ---p 000b6000 08:43 1633214                    /usr/lib/libfreetype.so.6.11.4
7f51293c6000-7f51293cc000 r--p 000b6000 08:43 1633214                    /usr/lib/libfreetype.so.6.11.4
7f51293cc000-7f51293cd000 rw-p 000bc000 08:43 1633214                    /usr/lib/libfreetype.so.6.11.4
7f51293d0000-7f5129405000 r-xp 00000000 08:43 1633202                    /usr/lib/libpng16.so.16.16.0
7f5129405000-7f5129604000 ---p 00035000 08:43 1633202                    /usr/lib/libpng16.so.16.16.0
7f5129604000-7f5129605000 r--p 00034000 08:43 1633202                    /usr/lib/libpng16.so.16.16.0
7f5129605000-7f5129606000 rw-p 00035000 08:43 1633202                    /usr/lib/libpng16.so.16.16.0
7f5129608000-7f512a02e000 r-xp 00000000 08:16 356                        /tmp/QtJambi_nathan_amd64_4.8.6_gcc-20150115-1633/lib/libQtGui.so.4
7f512a02e000-7f512a22d000 ---p 00a26000 08:16 356                        /tmp/QtJambi_nathan_amd64_4.8.6_gcc-20150115-1633/lib/libQtGui.so.4
7f512a22d000-7f512a275000 rw-p 00a25000 08:16 356                        /tmp/QtJambi_nathan_amd64_4.8.6_gcc-20150115-1633/lib/libQtGui.so.4
7f512a275000-7f512a278000 rw-p 00000000 00:00 0 
7f512a278000-7f512a458000 r-xp 00000000 08:16 410                        /tmp/QtJambi_nathan_amd64_4.8.6_gcc-20150115-1633/lib/libcom_trolltech_qt_core.so.1
7f512a458000-7f512a657000 ---p 001e0000 08:16 410                        /tmp/QtJambi_nathan_amd64_4.8.6_gcc-20150115-1633/lib/libcom_trolltech_qt_core.so.1
7f512a657000-7f512a66a000 rw-p 001df000 08:16 410                        /tmp/QtJambi_nathan_amd64_4.8.6_gcc-20150115-1633/lib/libcom_trolltech_qt_core.so.1
7f512a66f000-7f512a672000 ---p 00000000 00:00 0 
7f512a672000-7f512a770000 rw-p 00000000 00:00 0 
7f512a770000-7f512a7ba000 r-xp 00000000 08:16 409                        /tmp/QtJambi_nathan_amd64_4.8.6_gcc-20150115-1633/lib/libqtjambi.so.1
7f512a7ba000-7f512a9b9000 ---p 0004a000 08:16 409                        /tmp/QtJambi_nathan_amd64_4.8.6_gcc-20150115-1633/lib/libqtjambi.so.1
7f512a9b9000-7f512a9bb000 rw-p 00049000 08:16 409                        /tmp/QtJambi_nathan_amd64_4.8.6_gcc-20150115-1633/lib/libqtjambi.so.1
7f512a9c0000-7f512aa2e000 r-xp 00000000 08:43 595946                     /usr/lib/libpcre.so.1.2.5
7f512aa2e000-7f512ac2e000 ---p 0006e000 08:43 595946                     /usr/lib/libpcre.so.1.2.5
7f512ac2e000-7f512ac2f000 r--p 0006e000 08:43 595946                     /usr/lib/libpcre.so.1.2.5
7f512ac2f000-7f512ac30000 rw-p 0006f000 08:43 595946                     /usr/lib/libpcre.so.1.2.5
7f512ac30000-7f512ac46000 r-xp 00000000 08:43 592258                     /usr/lib/libgcc_s.so.1
7f512ac46000-7f512ae45000 ---p 00016000 08:43 592258                     /usr/lib/libgcc_s.so.1
7f512ae45000-7f512ae46000 rw-p 00015000 08:43 592258                     /usr/lib/libgcc_s.so.1
7f512ae48000-7f512afba000 r-xp 00000000 08:43 592265                     /usr/lib/libstdc++.so.6.0.21
7f512afba000-7f512b1ba000 ---p 00172000 08:43 592265                     /usr/lib/libstdc++.so.6.0.21
7f512b1ba000-7f512b1c4000 r--p 00172000 08:43 592265                     /usr/lib/libstdc++.so.6.0.21
7f512b1c4000-7f512b1c6000 rw-p 0017c000 08:43 592265                     /usr/lib/libstdc++.so.6.0.21
7f512b1c6000-7f512b1ca000 rw-p 00000000 00:00 0 
7f512b1d0000-7f512b2dc000 r-xp 00000000 08:43 596094                     /usr/lib/libglib-2.0.so.0.4400.1
7f512b2dc000-7f512b4db000 ---p 0010c000 08:43 596094                     /usr/lib/libglib-2.0.so.0.4400.1
7f512b4db000-7f512b4dc000 r--p 0010b000 08:43 596094                     /usr/lib/libglib-2.0.so.0.4400.1
7f512b4dc000-7f512b4dd000 rw-p 0010c000 08:43 596094                     /usr/lib/libglib-2.0.so.0.4400.1
7f512b4dd000-7f512b4de000 rw-p 00000000 00:00 0 
7f512b4e0000-7f512b4e1000 r-xp 00000000 08:43 596096                     /usr/lib/libgthread-2.0.so.0.4400.1
7f512b4e1000-7f512b6e0000 ---p 00001000 08:43 596096                     /usr/lib/libgthread-2.0.so.0.4400.1
7f512b6e0000-7f512b6e1000 r--p 00000000 08:43 596096                     /usr/lib/libgthread-2.0.so.0.4400.1
7f512b6e1000-7f512b6e2000 rw-p 00001000 08:43 596096                     /usr/lib/libgthread-2.0.so.0.4400.1
7f512b6e8000-7f512b6fd000 r-xp 00000000 08:43 593353                     /usr/lib/libz.so.1.2.8
7f512b6fd000-7f512b8fc000 ---p 00015000 08:43 593353                     /usr/lib/libz.so.1.2.8
7f512b8fc000-7f512b8fd000 r--p 00014000 08:43 593353                     /usr/lib/libz.so.1.2.8
7f512b8fd000-7f512b8fe000 rw-p 00015000 08:43 593353                     /usr/lib/libz.so.1.2.8
7f512b900000-7f512bbd6000 r-xp 00000000 08:16 355                        /tmp/QtJambi_nathan_amd64_4.8.6_gcc-20150115-1633/lib/libQtCore.so.4
7f512bbd6000-7f512bdd5000 ---p 002d6000 08:16 355                        /tmp/QtJambi_nathan_amd64_4.8.6_gcc-20150115-1633/lib/libQtCore.so.4
7f512bdd5000-7f512bde1000 rw-p 002d5000 08:16 355                        /tmp/QtJambi_nathan_amd64_4.8.6_gcc-20150115-1633/lib/libQtCore.so.4
7f512bde1000-7f512bde2000 rw-p 00000000 00:00 0 
7f512bde8000-7f512bdfe000 r-xp 00000000 00:22 153190                     /home/nathan/jdk1.8.0_31/jre/lib/amd64/libnet.so
7f512bdfe000-7f512bffe000 ---p 00016000 00:22 153190                     /home/nathan/jdk1.8.0_31/jre/lib/amd64/libnet.so
7f512bffe000-7f512bfff000 rw-p 00016000 00:22 153190                     /home/nathan/jdk1.8.0_31/jre/lib/amd64/libnet.so
7f512c000000-7f512c021000 rw-p 00000000 00:00 0 
7f512c021000-7f5130000000 ---p 00000000 00:00 0 
7f5130000000-7f5130021000 rw-p 00000000 00:00 0 
7f5130021000-7f5134000000 ---p 00000000 00:00 0 
7f5134010000-7f5134029000 r--s 00000000 08:15 131292                     /var/cache/fontconfig/8d4af663993b81a124ee82e610bb31f9-le64.cache-4
7f5134030000-7f513403a000 r--s 00000000 08:15 132268                     /var/cache/fontconfig/d62e99ef547d1d24cdb1bd22ec1a2976-le64.cache-4
7f5134040000-7f513405a000 r--s 00000000 08:15 132267                     /var/cache/fontconfig/f6b893a7224233d96cb72fd88691c0b4-le64.cache-4
7f513405e000-7f513408f000 rw-p 00000000 00:00 0 
7f513408f000-7f5134092000 ---p 00000000 00:00 0 
7f5134092000-7f5138000000 rw-p 00000000 00:00 0                          [stack:13540]
7f5138000000-7f5138021000 rw-p 00000000 00:00 0 
7f5138021000-7f513c000000 ---p 00000000 00:00 0 
7f513c008000-7f513c00a000 r--s 00000000 08:15 132569                     /var/cache/fontconfig/452f1fac34b224105d7acfae3034bcd5-le64.cache-4
7f513c010000-7f513c019000 r--s 00000000 08:15 131587                     /var/cache/fontconfig/f349e9996a5320f6dd491cedd2b1f964-le64.cache-4
7f513c020000-7f513c024000 r--s 00000000 08:15 132192                     /var/cache/fontconfig/b73e16be9ca2559ca7e110fc1e6dd9a0-le64.cache-4
7f513c028000-7f513c029000 r-xp 00000000 00:22 615013                     /home/nathan/exec/idea-IC-141.713.2/bin/libbreakgen64.so
7f513c029000-7f513c228000 ---p 00001000 00:22 615013                     /home/nathan/exec/idea-IC-141.713.2/bin/libbreakgen64.so
7f513c228000-7f513c229000 r--p 00000000 00:22 615013                     /home/nathan/exec/idea-IC-141.713.2/bin/libbreakgen64.so
7f513c229000-7f513c22a000 rw-p 00001000 00:22 615013                     /home/nathan/exec/idea-IC-141.713.2/bin/libbreakgen64.so
7f513c22a000-7f513c22b000 ---p 00000000 00:00 0 
7f513c22b000-7f513c32b000 rw-p 00000000 00:00 0 
7f513c32b000-7f513c32e000 ---p 00000000 00:00 0 
7f513c32e000-7f513c42c000 rw-p 00000000 00:00 0                          [stack:13538]
7f513c42c000-7f513c42f000 ---p 00000000 00:00 0 
7f513c42f000-7f513c52d000 rw-p 00000000 00:00 0                          [stack:13537]
7f513c52d000-7f513c530000 ---p 00000000 00:00 0 
7f513c530000-7f513c62e000 rw-p 00000000 00:00 0                          [stack:13536]
7f513c62e000-7f513c631000 ---p 00000000 00:00 0 
7f513c631000-7f513c72f000 rw-p 00000000 00:00 0                          [stack:13535]
7f513c72f000-7f513c732000 ---p 00000000 00:00 0 
7f513c732000-7f513c830000 rw-p 00000000 00:00 0                          [stack:13534]
7f513c830000-7f513c9f5000 r--p 00000000 08:43 602299                     /usr/lib/locale/locale-archive
7f513c9fa000-7f513c9fd000 ---p 00000000 00:00 0 
7f513c9fd000-7f513cafb000 rw-p 00000000 00:00 0                          [stack:13527]
7f513cafb000-7f513cafe000 ---p 00000000 00:00 0 
7f513cafe000-7f513cbfc000 rw-p 00000000 00:00 0                          [stack:13524]
7f513cbfc000-7f513cbfd000 ---p 00000000 00:00 0 
7f513cbfd000-7f513d000000 rw-p 00000000 00:00 0 
7f513d000000-7f513d330000 rwxp 00000000 00:00 0 
7f513d330000-7f514c000000 ---p 00000000 00:00 0 
7f514c000000-7f514c71f000 rw-p 00000000 00:00 0 
7f514c71f000-7f5150000000 ---p 00000000 00:00 0 
7f5150000000-7f5150001000 r--s 00000000 08:15 131663                     /var/cache/fontconfig/6ba42ae0000f58711b5caaf10d690066-le64.cache-4
7f5150008000-7f5150009000 r--s 00000000 08:15 132189                     /var/cache/fontconfig/f82a023eef781fa08a967b9632ad97a0-le64.cache-4
7f5150010000-7f5150016000 r--s 00000000 00:22 947533                     /home/nathan/.cache/fontconfig/5829bd88d4010a90cc0bcdebd73e5372-le64.cache-4
7f515001a000-7f515001c000 r--s 0001a000 00:22 153131                     /home/nathan/jdk1.8.0_31/jre/lib/jce.jar
7f515001c000-7f5150020000 r--s 00094000 00:22 153135                     /home/nathan/jdk1.8.0_31/jre/lib/jsse.jar
7f5150026000-7f5150028000 r--s 00016000 00:22 1442727                    /home/nathan/exec/idea-IC-141.713.2/lib/idea_rt.jar
7f515002f000-7f5150031000 r--s 00017000 00:22 1446554                    /home/nathan/Projects/java/lib/ini4j-0.5.4/ini4j-0.5.4.jar
7f5150033000-7f5150036000 r--s 01da3000 00:22 1433889                    /home/nathan/Projects/java/lib/qtjambi-4.8.6.1-linux64/qtjambi-native-linux64-gcc-4.8.6.jar
7f5150037000-7f5150045000 r--s 0046f000 00:22 1433887                    /home/nathan/Projects/java/lib/qtjambi-4.8.6.1-linux64/qtjambi-examples-4.8.6.jar
7f5150048000-7f515004a000 r--s 00008000 00:22 1433886                    /home/nathan/Projects/java/lib/qtjambi-4.8.6.1-linux64/qtjambi-designer-4.8.6.jar
7f515004f000-7f5150079000 r--s 002df000 00:22 1433885                    /home/nathan/Projects/java/lib/qtjambi-4.8.6.1-linux64/qtjambi-4.8.6.jar
7f515007c000-7f5150081000 r--s 00084000 00:22 153133                     /home/nathan/jdk1.8.0_31/jre/lib/jfr.jar
7f5150087000-7f5150089000 r--s 00007000 00:22 153134                     /home/nathan/jdk1.8.0_31/jre/lib/jfxswt.jar
7f5150089000-7f5150093000 r--s 00069000 00:22 153130                     /home/nathan/jdk1.8.0_31/jre/lib/javaws.jar
7f5150098000-7f515009d000 r--s 002f8000 00:22 153108                     /home/nathan/jdk1.8.0_31/jre/lib/charsets.jar
7f51500a4000-7f51500bd000 r--s 001ec000 00:22 153114                     /home/nathan/jdk1.8.0_31/jre/lib/deploy.jar
7f51500c0000-7f51500c1000 r--s 00000000 00:22 153138                     /home/nathan/jdk1.8.0_31/jre/lib/management-agent.jar
7f51500c4000-7f51500d7000 r--s 00344000 00:22 153144                     /home/nathan/jdk1.8.0_31/jre/lib/resources.jar
7f51500dc000-7f51500e0000 r--s 00094000 00:22 153135                     /home/nathan/jdk1.8.0_31/jre/lib/jsse.jar
7f51500e2000-7f51500e4000 r--s 0001a000 00:22 153131                     /home/nathan/jdk1.8.0_31/jre/lib/jce.jar
7f51500e5000-7f51500f8000 r--s 000d5000 00:22 153141                     /home/nathan/jdk1.8.0_31/jre/lib/plugin.jar
7f51500f8000-7f51513fe000 rw-p 00000000 00:00 0 
7f51513fe000-7f51515d4000 r--s 03cae000 00:22 153145                     /home/nathan/jdk1.8.0_31/jre/lib/rt.jar
7f51515db000-7f5152238000 rw-p 00000000 00:00 0 
7f5152238000-7f5152239000 ---p 00000000 00:00 0 
7f5152239000-7f5152339000 rw-p 00000000 00:00 0                          [stack:13513]
7f5152339000-7f515233a000 ---p 00000000 00:00 0 
7f515233a000-7f515243a000 rw-p 00000000 00:00 0                          [stack:13512]
7f515243a000-7f515243b000 ---p 00000000 00:00 0 
7f515243b000-7f515253b000 rw-p 00000000 00:00 0                          [stack:13511]
7f515253b000-7f515253c000 ---p 00000000 00:00 0 
7f515253c000-7f515263c000 rw-p 00000000 00:00 0                          [stack:13509]
7f515263c000-7f515263d000 ---p 00000000 00:00 0 
7f515263d000-7f515273d000 rw-p 00000000 00:00 0                          [stack:13508]
7f515273d000-7f515273e000 ---p 00000000 00:00 0 
7f515273e000-7f5152868000 rw-p 00000000 00:00 0                          [stack:13507]
7f5152868000-7f5152ad8000 ---p 00000000 00:00 0 
7f5152ad8000-7f5152b02000 rw-p 00000000 00:00 0 
7f5152b02000-7f5152d72000 ---p 00000000 00:00 0 
7f5152d72000-7f5152d87000 rw-p 00000000 00:00 0 
7f5152d87000-7f5152ebf000 ---p 00000000 00:00 0 
7f5152ebf000-7f5152ecd000 rw-p 00000000 00:00 0 
7f5152ecd000-7f5153280000 ---p 00000000 00:00 0 
7f5153280000-7f515329a000 r-xp 00000000 00:22 153204                     /home/nathan/jdk1.8.0_31/jre/lib/amd64/libzip.so
7f515329a000-7f515349a000 ---p 0001a000 00:22 153204                     /home/nathan/jdk1.8.0_31/jre/lib/amd64/libzip.so
7f515349a000-7f515349b000 rw-p 0001a000 00:22 153204                     /home/nathan/jdk1.8.0_31/jre/lib/amd64/libzip.so
7f51534a0000-7f51534ab000 r-xp 00000000 08:43 592158                     /usr/lib/libnss_files-2.21.so
7f51534ab000-7f51536ab000 ---p 0000b000 08:43 592158                     /usr/lib/libnss_files-2.21.so
7f51536ab000-7f51536ac000 r--p 0000b000 08:43 592158                     /usr/lib/libnss_files-2.21.so
7f51536ac000-7f51536ad000 rw-p 0000c000 08:43 592158                     /usr/lib/libnss_files-2.21.so
7f51536b0000-7f51536da000 r-xp 00000000 00:22 153169                     /home/nathan/jdk1.8.0_31/jre/lib/amd64/libjava.so
7f51536da000-7f51538da000 ---p 0002a000 00:22 153169                     /home/nathan/jdk1.8.0_31/jre/lib/amd64/libjava.so
7f51538da000-7f51538dc000 rw-p 0002a000 00:22 153169                     /home/nathan/jdk1.8.0_31/jre/lib/amd64/libjava.so
7f51538e0000-7f51538ed000 r-xp 00000000 00:22 153203                     /home/nathan/jdk1.8.0_31/jre/lib/amd64/libverify.so
7f51538ed000-7f5153aed000 ---p 0000d000 00:22 153203                     /home/nathan/jdk1.8.0_31/jre/lib/amd64/libverify.so
7f5153aed000-7f5153aef000 rw-p 0000d000 00:22 153203                     /home/nathan/jdk1.8.0_31/jre/lib/amd64/libverify.so
7f5153af0000-7f5153af7000 r-xp 00000000 08:43 592189                     /usr/lib/librt-2.21.so
7f5153af7000-7f5153cf6000 ---p 00007000 08:43 592189                     /usr/lib/librt-2.21.so
7f5153cf6000-7f5153cf7000 r--p 00006000 08:43 592189                     /usr/lib/librt-2.21.so
7f5153cf7000-7f5153cf8000 rw-p 00007000 08:43 592189                     /usr/lib/librt-2.21.so
7f5153cf8000-7f5153dfb000 r-xp 00000000 08:43 592214                     /usr/lib/libm-2.21.so
7f5153dfb000-7f5153ffa000 ---p 00103000 08:43 592214                     /usr/lib/libm-2.21.so
7f5153ffa000-7f5153ffb000 r--p 00102000 08:43 592214                     /usr/lib/libm-2.21.so
7f5153ffb000-7f5153ffc000 rw-p 00103000 08:43 592214                     /usr/lib/libm-2.21.so
7f5154000000-7f5154c6e000 r-xp 00000000 00:22 153207                     /home/nathan/jdk1.8.0_31/jre/lib/amd64/server/libjvm.so
7f5154c6e000-7f5154e6d000 ---p 00c6e000 00:22 153207                     /home/nathan/jdk1.8.0_31/jre/lib/amd64/server/libjvm.so
7f5154e6d000-7f5154f43000 rw-p 00c6d000 00:22 153207                     /home/nathan/jdk1.8.0_31/jre/lib/amd64/server/libjvm.so
7f5154f43000-7f5154f86000 rw-p 00000000 00:00 0 
7f5154f88000-7f5155121000 r-xp 00000000 08:43 592168                     /usr/lib/libc-2.21.so
7f5155121000-7f5155320000 ---p 00199000 08:43 592168                     /usr/lib/libc-2.21.so
7f5155320000-7f5155324000 r--p 00198000 08:43 592168                     /usr/lib/libc-2.21.so
7f5155324000-7f5155326000 rw-p 0019c000 08:43 592168                     /usr/lib/libc-2.21.so
7f5155326000-7f515532a000 rw-p 00000000 00:00 0 
7f5155330000-7f5155333000 r-xp 00000000 08:43 592197                     /usr/lib/libdl-2.21.so
7f5155333000-7f5155532000 ---p 00003000 08:43 592197                     /usr/lib/libdl-2.21.so
7f5155532000-7f5155533000 r--p 00002000 08:43 592197                     /usr/lib/libdl-2.21.so
7f5155533000-7f5155534000 rw-p 00003000 08:43 592197                     /usr/lib/libdl-2.21.so
7f5155538000-7f515554d000 r-xp 00000000 00:22 153380                     /home/nathan/jdk1.8.0_31/lib/amd64/jli/libjli.so
7f515554d000-7f515574c000 ---p 00015000 00:22 153380                     /home/nathan/jdk1.8.0_31/lib/amd64/jli/libjli.so
7f515574c000-7f515574d000 rw-p 00014000 00:22 153380                     /home/nathan/jdk1.8.0_31/lib/amd64/jli/libjli.so
7f5155750000-7f5155768000 r-xp 00000000 08:43 592188                     /usr/lib/libpthread-2.21.so
7f5155768000-7f5155967000 ---p 00018000 08:43 592188                     /usr/lib/libpthread-2.21.so
7f5155967000-7f5155968000 r--p 00017000 08:43 592188                     /usr/lib/libpthread-2.21.so
7f5155968000-7f5155969000 rw-p 00018000 08:43 592188                     /usr/lib/libpthread-2.21.so
7f5155969000-7f515596d000 rw-p 00000000 00:00 0 
7f5155970000-7f5155992000 r-xp 00000000 08:43 592210                     /usr/lib/ld-2.21.so
7f5155993000-7f5155a80000 rw-p 00000000 00:00 0 
7f5155a80000-7f5155a88000 rw-s 00000000 08:16 347                        /tmp/hsperfdata_nathan/13505 (deleted)
7f5155a88000-7f5155a89000 r--p 00000000 00:00 0 
7f5155a89000-7f5155a8a000 rw-p 00000000 00:00 0 
7f5155a8a000-7f5155a8b000 ---p 00000000 00:00 0 
7f5155a8b000-7f5155a8e000 ---p 00000000 00:00 0 
7f5155a8e000-7f5155b91000 rw-p 00000000 00:00 0                          [stack:13506]
7f5155b91000-7f5155b92000 r--p 00021000 08:43 592210                     /usr/lib/ld-2.21.so
7f5155b92000-7f5155b93000 rw-p 00022000 08:43 592210                     /usr/lib/ld-2.21.so
7f5155b93000-7f5155b94000 rw-p 00000000 00:00 0 
7fff74740000-7fff74761000 rw-p 00000000 00:00 0                          [stack]
7fff74788000-7fff7478a000 r--p 00000000 00:00 0                          [vvar]
7fff7478a000-7fff7478c000 r-xp 00000000 00:00 0                          [vdso]
ffffffffff600000-ffffffffff601000 r-xp 00000000 00:00 0                  [vsyscall]

VM Arguments:
jvm_args: -Didea.launcher.port=7535 -Didea.launcher.bin.path=/home/nathan/exec/idea-IC-141.713.2/bin -Dfile.encoding=US-ASCII 
java_command: com.intellij.rt.execution.application.AppMain be.monfils.JExplorer.JExplorer
java_class_path (initial): /home/nathan/jdk1.8.0_31/jre/lib/plugin.jar:/home/nathan/jdk1.8.0_31/jre/lib/jce.jar:/home/nathan/jdk1.8.0_31/jre/lib/jsse.jar:/home/nathan/jdk1.8.0_31/jre/lib/resources.jar:/home/nathan/jdk1.8.0_31/jre/lib/management-agent.jar:/home/nathan/jdk1.8.0_31/jre/lib/deploy.jar:/home/nathan/jdk1.8.0_31/jre/lib/rt.jar:/home/nathan/jdk1.8.0_31/jre/lib/charsets.jar:/home/nathan/jdk1.8.0_31/jre/lib/javaws.jar:/home/nathan/jdk1.8.0_31/jre/lib/jfxswt.jar:/home/nathan/jdk1.8.0_31/jre/lib/jfr.jar:/home/nathan/jdk1.8.0_31/jre/lib/ext/sunjce_provider.jar:/home/nathan/jdk1.8.0_31/jre/lib/ext/sunpkcs11.jar:/home/nathan/jdk1.8.0_31/jre/lib/ext/jfxrt.jar:/home/nathan/jdk1.8.0_31/jre/lib/ext/dnsns.jar:/home/nathan/jdk1.8.0_31/jre/lib/ext/cldrdata.jar:/home/nathan/jdk1.8.0_31/jre/lib/ext/localedata.jar:/home/nathan/jdk1.8.0_31/jre/lib/ext/nashorn.jar:/home/nathan/jdk1.8.0_31/jre/lib/ext/zipfs.jar:/home/nathan/jdk1.8.0_31/jre/lib/ext/sunec.jar:/home/nathan/Projects/java/JExplorer/out/production/JExplorer:/home/nathan/Projects/java/lib/qtjambi-4.8.6.1-linux64/qtjambi-4.8.6.jar:/home/nathan/Projects/java/lib/qtjambi-4.8.6.1-linux64/qtjambi-designer-4.8.6.jar:/home/nathan/Projects/java/lib/qtjambi-4.8.6.1-linux64/qtjambi-examples-4.8.6.jar:/home/nathan/Projects/java/lib/qtjambi-4.8.6.1-linux64/qtjambi-native-linux64-gcc-4.8.6.jar:/home/nathan/Projects/java/lib/ini4j-0.5.4/ini4j-0.5.4.jar:/home/nathan/exec/idea-IC-141.713.2/lib/idea_rt.jar
Launcher Type: SUN_STANDARD

Environment Variables:
PATH=/usr/local/sbin:/usr/local/bin:/usr/bin:/usr/lib/jvm/default/bin:/usr/bin/site_perl:/usr/bin/vendor_perl:/usr/bin/core_perl:/usr/sbin
LD_LIBRARY_PATH=/home/nathan/exec/idea-IC-141.713.2/bin:
SHELL=/bin/zsh
DISPLAY=:0

Signal Handlers:
SIGSEGV: [libjvm.so+0xa7a650], sa_mask[0]=11111111011111111101111111111110, sa_flags=SA_RESTART|SA_SIGINFO
SIGBUS: [libjvm.so+0xa7a650], sa_mask[0]=11111111011111111101111111111110, sa_flags=SA_RESTART|SA_SIGINFO
SIGFPE: [libjvm.so+0x8e28f0], sa_mask[0]=11111111011111111101111111111110, sa_flags=SA_RESTART|SA_SIGINFO
SIGPIPE: [libjvm.so+0x8e28f0], sa_mask[0]=11111111011111111101111111111110, sa_flags=SA_RESTART|SA_SIGINFO
SIGXFSZ: [libjvm.so+0x8e28f0], sa_mask[0]=11111111011111111101111111111110, sa_flags=SA_RESTART|SA_SIGINFO
SIGILL: [libjvm.so+0x8e28f0], sa_mask[0]=11111111011111111101111111111110, sa_flags=SA_RESTART|SA_SIGINFO
SIGUSR1: SIG_DFL, sa_mask[0]=00000000000000000000000000000000, sa_flags=none
SIGUSR2: [libjvm.so+0x8e4120], sa_mask[0]=00100000000000000000000000000000, sa_flags=SA_RESTART|SA_SIGINFO
SIGHUP: [libjvm.so+0x8e54e0], sa_mask[0]=11111111011111111101111111111110, sa_flags=SA_RESTART|SA_SIGINFO
SIGINT: [libjvm.so+0x8e54e0], sa_mask[0]=11111111011111111101111111111110, sa_flags=SA_RESTART|SA_SIGINFO
SIGTERM: [libjvm.so+0x8e54e0], sa_mask[0]=11111111011111111101111111111110, sa_flags=SA_RESTART|SA_SIGINFO
SIGQUIT: [libjvm.so+0x8e54e0], sa_mask[0]=11111111011111111101111111111110, sa_flags=SA_RESTART|SA_SIGINFO


---------------  S Y S T E M  ---------------

OS:NAME="Arch Linux"
ID=arch
PRETTY_NAME="Arch Linux"
ANSI_COLOR="0;36"
HOME_URL="https://www.archlinux.org/"
SUPPORT_URL="https://bbs.archlinux.org/"
BUG_REPORT_URL="https://bugs.archlinux.org/"


uname:Linux 4.0.4-2-ARCH #1 SMP PREEMPT Fri May 22 03:05:23 UTC 2015 x86_64
libc:glibc 2.21 NPTL 2.21 
rlimit: STACK 8192k, CORE 0k, NPROC 31669, NOFILE 4096, AS infinity
load average:0.38 0.57 0.45

/proc/meminfo:
MemTotal:        8178552 kB
MemFree:         1466920 kB
MemAvailable:    4821828 kB
Buffers:           78928 kB
Cached:          3463824 kB
SwapCached:            0 kB
Active:          4854220 kB
Inactive:        1480376 kB
Active(anon):    2795332 kB
Inactive(anon):    87760 kB
Active(file):    2058888 kB
Inactive(file):  1392616 kB
Unevictable:        1288 kB
Mlocked:            1288 kB
SwapTotal:             0 kB
SwapFree:              0 kB
Dirty:               144 kB
Writeback:             0 kB
AnonPages:       2793132 kB
Mapped:           564788 kB
Shmem:             91256 kB
Slab:             184200 kB
SReclaimable:     144680 kB
SUnreclaim:        39520 kB
KernelStack:        9968 kB
PageTables:        43948 kB
NFS_Unstable:          0 kB
Bounce:                0 kB
WritebackTmp:          0 kB
CommitLimit:     4089276 kB
Committed_AS:    7658304 kB
VmallocTotal:   34359738367 kB
VmallocUsed:      349024 kB
VmallocChunk:   34359384572 kB
HardwareCorrupted:     0 kB
AnonHugePages:   1226752 kB
HugePages_Total:       0
HugePages_Free:        0
HugePages_Rsvd:        0
HugePages_Surp:        0
Hugepagesize:       2048 kB
DirectMap4k:      896960 kB
DirectMap2M:     7489536 kB
DirectMap1G:           0 kB


CPU:total 6 (6 cores per cpu, 1 threads per core) family 21 model 2 stepping 0, cmov, cx8, fxsr, mmx, sse, sse2, sse3, ssse3, sse4.1, sse4.2, popcnt, avx, aes, clmul, mmxext, 3dnowpref, lzcnt, sse4a, tsc, tscinvbit, tscinv, bmi1

/proc/cpuinfo:
processor	: 0
vendor_id	: AuthenticAMD
cpu family	: 21
model		: 2
model name	: AMD FX(tm)-6300 Six-Core Processor
stepping	: 0
microcode	: 0x6000832
cpu MHz		: 1400.000
cache size	: 2048 KB
physical id	: 0
siblings	: 6
core id		: 0
cpu cores	: 3
apicid		: 0
initial apicid	: 0
fpu		: yes
fpu_exception	: yes
cpuid level	: 13
wp		: yes
flags		: fpu vme de pse tsc msr pae mce cx8 apic sep mtrr pge mca cmov pat pse36 clflush mmx fxsr sse sse2 ht syscall nx mmxext fxsr_opt pdpe1gb rdtscp lm constant_tsc rep_good nopl nonstop_tsc extd_apicid aperfmperf pni pclmulqdq monitor ssse3 fma cx16 sse4_1 sse4_2 popcnt aes xsave avx f16c lahf_lm cmp_legacy svm extapic cr8_legacy abm sse4a misalignsse 3dnowprefetch osvw ibs xop skinit wdt lwp fma4 tce nodeid_msr tbm topoext perfctr_core perfctr_nb arat cpb hw_pstate npt lbrv svm_lock nrip_save tsc_scale vmcb_clean flushbyasid decodeassists pausefilter pfthreshold vmmcall bmi1
bugs		: fxsave_leak
bogomips	: 7034.43
TLB size	: 1536 4K pages
clflush size	: 64
cache_alignment	: 64
address sizes	: 48 bits physical, 48 bits virtual
power management: ts ttp tm 100mhzsteps hwpstate cpb eff_freq_ro

processor	: 1
vendor_id	: AuthenticAMD
cpu family	: 21
model		: 2
model name	: AMD FX(tm)-6300 Six-Core Processor             
stepping	: 0
microcode	: 0x6000832
cpu MHz		: 1400.000
cache size	: 2048 KB
physical id	: 0
siblings	: 6
core id		: 1
cpu cores	: 3
apicid		: 1
initial apicid	: 1
fpu		: yes
fpu_exception	: yes
cpuid level	: 13
wp		: yes
flags		: fpu vme de pse tsc msr pae mce cx8 apic sep mtrr pge mca cmov pat pse36 clflush mmx fxsr sse sse2 ht syscall nx mmxext fxsr_opt pdpe1gb rdtscp lm constant_tsc rep_good nopl nonstop_tsc extd_apicid aperfmperf pni pclmulqdq monitor ssse3 fma cx16 sse4_1 sse4_2 popcnt aes xsave avx f16c lahf_lm cmp_legacy svm extapic cr8_legacy abm sse4a misalignsse 3dnowprefetch osvw ibs xop skinit wdt lwp fma4 tce nodeid_msr tbm topoext perfctr_core perfctr_nb arat cpb hw_pstate npt lbrv svm_lock nrip_save tsc_scale vmcb_clean flushbyasid decodeassists pausefilter pfthreshold vmmcall bmi1
bugs		: fxsave_leak
bogomips	: 7034.43
TLB size	: 1536 4K pages
clflush size	: 64
cache_alignment	: 64
address sizes	: 48 bits physical, 48 bits virtual
power management: ts ttp tm 100mhzsteps hwpstate cpb eff_freq_ro

processor	: 2
vendor_id	: AuthenticAMD
cpu family	: 21
model		: 2
model name	: AMD FX(tm)-6300 Six-Core Processor             
stepping	: 0
microcode	: 0x6000832
cpu MHz		: 3500.000
cache size	: 2048 KB
physical id	: 0
siblings	: 6
core id		: 2
cpu cores	: 3
apicid		: 2
initial apicid	: 2
fpu		: yes
fpu_exception	: yes
cpuid level	: 13
wp		: yes
flags		: fpu vme de pse tsc msr pae mce cx8 apic sep mtrr pge mca cmov pat pse36 clflush mmx fxsr sse sse2 ht syscall nx mmxext fxsr_opt pdpe1gb rdtscp lm constant_tsc rep_good nopl nonstop_tsc extd_apicid aperfmperf pni pclmulqdq monitor ssse3 fma cx16 sse4_1 sse4_2 popcnt aes xsave avx f16c lahf_lm cmp_legacy svm extapic cr8_legacy abm sse4a misalignsse 3dnowprefetch osvw ibs xop skinit wdt lwp fma4 tce nodeid_msr tbm topoext perfctr_core perfctr_nb arat cpb hw_pstate npt lbrv svm_lock nrip_save tsc_scale vmcb_clean flushbyasid decodeassists pausefilter pfthreshold vmmcall bmi1
bugs		: fxsave_leak
bogomips	: 7034.43
TLB size	: 1536 4K pages
clflush size	: 64
cache_alignment	: 64
address sizes	: 48 bits physical, 48 bits virtual
power management: ts ttp tm 100mhzsteps hwpstate cpb eff_freq_ro

processor	: 3
vendor_id	: AuthenticAMD
cpu family	: 21
model		: 2
model name	: AMD FX(tm)-6300 Six-Core Processor             
stepping	: 0
microcode	: 0x6000832
cpu MHz		: 3500.000
cache size	: 2048 KB
physical id	: 0
siblings	: 6
core id		: 3
cpu cores	: 3
apicid		: 3
initial apicid	: 3
fpu		: yes
fpu_exception	: yes
cpuid level	: 13
wp		: yes
flags		: fpu vme de pse tsc msr pae mce cx8 apic sep mtrr pge mca cmov pat pse36 clflush mmx fxsr sse sse2 ht syscall nx mmxext fxsr_opt pdpe1gb rdtscp lm constant_tsc rep_good nopl nonstop_tsc extd_apicid aperfmperf pni pclmulqdq monitor ssse3 fma cx16 sse4_1 sse4_2 popcnt aes xsave avx f16c lahf_lm cmp_legacy svm extapic cr8_legacy abm sse4a misalignsse 3dnowprefetch osvw ibs xop skinit wdt lwp fma4 tce nodeid_msr tbm topoext perfctr_core perfctr_nb arat cpb hw_pstate npt lbrv svm_lock nrip_save tsc_scale vmcb_clean flushbyasid decodeassists pausefilter pfthreshold vmmcall bmi1
bugs		: fxsave_leak
bogomips	: 7034.43
TLB size	: 1536 4K pages
clflush size	: 64
cache_alignment	: 64
address sizes	: 48 bits physical, 48 bits virtual
power management: ts ttp tm 100mhzsteps hwpstate cpb eff_freq_ro

processor	: 4
vendor_id	: AuthenticAMD
cpu family	: 21
model		: 2
model name	: AMD FX(tm)-6300 Six-Core Processor             
stepping	: 0
microcode	: 0x6000832
cpu MHz		: 1400.000
cache size	: 2048 KB
physical id	: 0
siblings	: 6
core id		: 5
cpu cores	: 3
apicid		: 4
initial apicid	: 5
fpu		: yes
fpu_exception	: yes
cpuid level	: 13
wp		: yes
flags		: fpu vme de pse tsc msr pae mce cx8 apic sep mtrr pge mca cmov pat pse36 clflush mmx fxsr sse sse2 ht syscall nx mmxext fxsr_opt pdpe1gb rdtscp lm constant_tsc rep_good nopl nonstop_tsc extd_apicid aperfmperf pni pclmulqdq monitor ssse3 fma cx16 sse4_1 sse4_2 popcnt aes xsave avx f16c lahf_lm cmp_legacy svm extapic cr8_legacy abm sse4a misalignsse 3dnowprefetch osvw ibs xop skinit wdt lwp fma4 tce nodeid_msr tbm topoext perfctr_core perfctr_nb arat cpb hw_pstate npt lbrv svm_lock nrip_save tsc_scale vmcb_clean flushbyasid decodeassists pausefilter pfthreshold vmmcall bmi1
bugs		: fxsave_leak
bogomips	: 7034.43
TLB size	: 1536 4K pages
clflush size	: 64
cache_alignment	: 64
address sizes	: 48 bits physical, 48 bits virtual
power management: ts ttp tm 100mhzsteps hwpstate cpb eff_freq_ro

processor	: 5
vendor_id	: AuthenticAMD
cpu family	: 21
model		: 2
model name	: AMD FX(tm)-6300 Six-Core Processor             
stepping	: 0
microcode	: 0x6000832
cpu MHz		: 3500.000
cache size	: 2048 KB
physical id	: 0
siblings	: 6
core id		: 4
cpu cores	: 3
apicid		: 5
initial apicid	: 4
fpu		: yes
fpu_exception	: yes
cpuid level	: 13
wp		: yes
flags		: fpu vme de pse tsc msr pae mce cx8 apic sep mtrr pge mca cmov pat pse36 clflush mmx fxsr sse sse2 ht syscall nx mmxext fxsr_opt pdpe1gb rdtscp lm constant_tsc rep_good nopl nonstop_tsc extd_apicid aperfmperf pni pclmulqdq monitor ssse3 fma cx16 sse4_1 sse4_2 popcnt aes xsave avx f16c lahf_lm cmp_legacy svm extapic cr8_legacy abm sse4a misalignsse 3dnowprefetch osvw ibs xop skinit wdt lwp fma4 tce nodeid_msr tbm topoext perfctr_core perfctr_nb arat cpb hw_pstate npt lbrv svm_lock nrip_save tsc_scale vmcb_clean flushbyasid decodeassists pausefilter pfthreshold vmmcall bmi1
bugs		: fxsave_leak
bogomips	: 7034.43
TLB size	: 1536 4K pages
clflush size	: 64
cache_alignment	: 64
address sizes	: 48 bits physical, 48 bits virtual
power management: ts ttp tm 100mhzsteps hwpstate cpb eff_freq_ro



Memory: 4k page, physical 8178552k(1466920k free), swap 0k(0k free)

vm_info: Java HotSpot(TM) 64-Bit Server VM (25.31-b07) for linux-amd64 JRE (1.8.0_31-b13), built on Dec 17 2014 20:40:15 by "java_re" with gcc 4.3.0 20080428 (Red Hat 4.3.0-8)

time: Sat Jun 13 16:25:16 2015
elapsed time: 21 seconds (0d 0h 0m 21s)

