#
# A fatal error has been detected by the Java Runtime Environment:
#
#  SIGSEGV (0xb) at pc=0x00007f985f5c1057, pid=13293, tid=140293943875328
#
# JRE version: Java(TM) SE Runtime Environment (8.0_31-b13) (build 1.8.0_31-b13)
# Java VM: Java HotSpot(TM) 64-Bit Server VM (25.31-b07 mixed mode linux-amd64 compressed oops)
# Problematic frame:
# C  [libqtjambi.so.1+0x21057]  qtjambishell_signals_cleanup(QtJambiSignalInfo*, int)+0x37
#
# Failed to write core dump. Core dumps have been disabled. To enable core dumping, try "ulimit -c unlimited" before starting Java again
#
# If you would like to submit a bug report, please visit:
#   http://bugreport.java.com/bugreport/crash.jsp
#

---------------  T H R E A D  ---------------

Current thread is native thread

siginfo: si_signo: 11 (SIGSEGV), si_code: 1 (SEGV_MAPERR), si_addr: 0x0000000000000000

Registers:
RAX=0x0000000000000000, RBX=0x00007f98b463fb30, RCX=0x00007f98b40eb470, RDX=0x00000000ffffffff
RSP=0x00007f98bab04a40, RBP=0x0000000000000000, RSI=0x00007f98b461ac98, RDI=0x00007f98b4000040
R8 =0x00007f98b40eb4d0, R9 =0x00007f98bab05700, R10=0x0000000000000004, R11=0x0000000000000000
R12=0x00007f98b463fba0, R13=0x00007f98b443dda0, R14=0x00007f9844008a50, R15=0x00007f98b44454f0
RIP=0x00007f985f5c1057, EFLAGS=0x0000000000010202, CSGSFS=0x0000000000000033, ERR=0x0000000000000004
  TRAPNO=0x000000000000000e

Top of Stack: (sp=0x00007f98bab04a40)
0x00007f98bab04a40:   00007f98b44454f0 00007f9844008a50
0x00007f98bab04a50:   00007f98b44454f0 00007f9852d63ce0
0x00007f98bab04a60:   00007f98bab05700 00007f98b44454f0
0x00007f98bab04a70:   00007f9844008a50 00007f9852d63d19
0x00007f98bab04a80:   00007f98b44454f0 00007f9894a93898
0x00007f98bab04a90:   00007f98bab0feff 0000000000000000
0x00007f98bab04aa0:   00007f98b4444c90 0000000000000001
0x00007f98bab04ab0:   0000000000000001 00007f98bab04c78
0x00007f98bab04ac0:   00007f98bab04c10 00007f98bab04c20
0x00007f98bab04ad0:   00007f98ba29d700 00007f98b9f4ed97
0x00007f98bab04ae0:   00007f9844008a50 0000003000000018
0x00007f98bab04af0:   00007f98bab04bc0 00007f98bab04b00
0x00007f98bab04b00:   0000001f00000000 00007f98bab04b20
0x00007f98bab04b10:   00007f98b40eb4e8 0000000000000000
0x00007f98bab04b20:   00007f98b4662f00 00007f98bab04a00
0x00007f98bab04b30:   00007f9894de0820 00007f98b4000020
0x00007f98bab04b40:   0000000000000020 0000000000ca3550
0x00007f98bab04b50:   00007f98b4662f58 00007f98b44557a0
0x00007f98bab04b60:   00007f9844008a50 00007f98b44454f0
0x00007f98bab04b70:   00007f98b443dda0 00007f985e6fc5a3
0x00007f98bab04b80:   00007f98ba29d700 0000000000000001
0x00007f98bab04b90:   00007f98bab04c78 00007f98bab04bc0
0x00007f98bab04ba0:   00007f98ba29d700 00007f989496fc47
0x00007f98bab04bb0:   00007f98bab04bc0 00007f985f5dd0b8
0x00007f98bab04bc0:   00007f98bab04c00 0000000000000001
0x00007f98bab04bd0:   00007f98bab04c78 00007f98b44454f0
0x00007f98bab04be0:   00007f9844008a50 00007f98b44557a0
0x00007f98bab04bf0:   00007f98b443dda0 00007f9844008a50
0x00007f98bab04c00:   00007f98b44454f0 00007f985e6f75dc
0x00007f98bab04c10:   00007f98b4662f00 00007f98b44454f0
0x00007f98bab04c20:   00007f98b44454f0 00007f98b44454f0
0x00007f98bab04c30:   00007f98b443dda0 00007f985e6fdb1d 

Instructions: (pc=0x00007f985f5c1057)
0x00007f985f5c1037:   24 ff 48 89 c5 48 c1 e6 04 4c 8d 64 33 10 0f 1f
0x00007f985f5c1047:   00 48 83 7b 08 00 74 24 48 8b 33 48 85 f6 74 14
0x00007f985f5c1057:   48 8b 45 00 48 89 ef ff 90 18 07 00 00 48 c7 03
0x00007f985f5c1067:   00 00 00 00 48 c7 43 08 00 00 00 00 48 83 c3 10 

Register to memory mapping:

RAX=0x0000000000000000 is an unknown value
RBX=0x00007f98b463fb30 is an unknown value
RCX=0x00007f98b40eb470 is an unknown value
RDX=0x00000000ffffffff is an unallocated location in the heap
RSP=0x00007f98bab04a40 is an unknown value
RBP=0x0000000000000000 is an unknown value
RSI=0x00007f98b461ac98 is a weak global jni handle
RDI=0x00007f98b4000040 is an unknown value
R8 =0x00007f98b40eb4d0 is an unknown value
R9 =0x00007f98bab05700 is an unknown value
R10=0x0000000000000004 is an unknown value
R11=0x0000000000000000 is an unknown value
R12=0x00007f98b463fba0 is an unknown value
R13=0x00007f98b443dda0 is an unknown value
R14=0x00007f9844008a50 is an unknown value
R15=0x00007f98b44454f0 is an unknown value


Stack: [0x00007f98baa05000,0x00007f98bab06000],  sp=0x00007f98bab04a40,  free space=1022k
Native frames: (J=compiled Java code, j=interpreted, Vv=VM code, C=native code)
C  [libqtjambi.so.1+0x21057]  qtjambishell_signals_cleanup(QtJambiSignalInfo*, int)+0x37

[error occurred during error reporting (printing native stack), id 0xb]


---------------  P R O C E S S  ---------------

VM state:at safepoint (shutting down)

VM Mutex/Monitor currently owned by a thread:  ([mutex/lock_event])
[0x00007f98b4006c00] Threads_lock - owner thread: 0x00007f98b4078800

Heap:
 PSYoungGen      total 37888K, used 328K [0x00000000d6600000, 0x00000000d9000000, 0x0000000100000000)
  eden space 32768K, 1% used [0x00000000d6600000,0x00000000d6652060,0x00000000d8600000)
  from space 5120K, 0% used [0x00000000d8b00000,0x00000000d8b00000,0x00000000d9000000)
  to   space 5120K, 0% used [0x00000000d8600000,0x00000000d8600000,0x00000000d8b00000)
 ParOldGen       total 86016K, used 2648K [0x0000000083200000, 0x0000000088600000, 0x00000000d6600000)
  object space 86016K, 3% used [0x0000000083200000,0x0000000083496220,0x0000000088600000)
 Metaspace       used 10230K, capacity 10332K, committed 10624K, reserved 1058816K
  class space    used 1101K, capacity 1138K, committed 1152K, reserved 1048576K

Card table byte_map: [0x00007f98a4858000,0x00007f98a4c40000] byte_map_base: 0x00007f98a443f000

Marking Bits: (ParMarkBitMap*) 0x00007f98b9ed32a0
 Begin Bits: [0x00007f989c190000, 0x00007f989e0c8000)
 End Bits:   [0x00007f989e0c8000, 0x00007f98a0000000)

Polling page: 0x00007f98baa04000

CodeCache: size=245760Kb used=2649Kb max_used=2649Kb free=243110Kb
 bounds [0x00007f98a5000000, 0x00007f98a52a0000, 0x00007f98b4000000]
 total_blobs=977 nmethods=631 adapters=262
 compilation: enabled

Compilation events (10 events):
Event: 6.339 Thread 0x00007f98b40b4000  627       3       java.lang.ref.ReferenceQueue::remove (6 bytes)
Event: 6.339 Thread 0x00007f98b40b4000 nmethod 627 0x00007f98a5294f90 code [0x00007f98a5295100, 0x00007f98a5295308]
Event: 6.339 Thread 0x00007f98b40b4000  628   !   3       java.lang.ref.ReferenceQueue::remove (80 bytes)
Event: 6.339 Thread 0x00007f98b40b4000 nmethod 628 0x00007f98a5295390 code [0x00007f98a5295560, 0x00007f98a5295c58]
Event: 6.339 Thread 0x00007f98b40b4000  629   !   3       java.util.zip.ZipFile$ZipFileInflaterInputStream::close (67 bytes)
Event: 6.340 Thread 0x00007f98b40b4000 nmethod 629 0x00007f98a5295f10 code [0x00007f98a52960e0, 0x00007f98a52968d8]
Event: 6.340 Thread 0x00007f98b40b4000  630       1       java.lang.ref.Reference::access$100 (4 bytes)
Event: 6.340 Thread 0x00007f98b40b4000 nmethod 630 0x00007f98a5296c90 code [0x00007f98a5296de0, 0x00007f98a5296ed0]
Event: 6.340 Thread 0x00007f98b40b4000  631       1       java.lang.ref.Finalizer::access$000 (4 bytes)
Event: 6.340 Thread 0x00007f98b40b4000 nmethod 631 0x00007f98a5296f10 code [0x00007f98a5297060, 0x00007f98a5297150]

GC Heap History (8 events):
Event: 6.308 GC heap before
{Heap before GC invocations=1 (full 0):
 PSYoungGen      total 37888K, used 26463K [0x00000000d6600000, 0x00000000d9000000, 0x0000000100000000)
  eden space 32768K, 80% used [0x00000000d6600000,0x00000000d7fd7fb8,0x00000000d8600000)
  from space 5120K, 0% used [0x00000000d8b00000,0x00000000d8b00000,0x00000000d9000000)
  to   space 5120K, 0% used [0x00000000d8600000,0x00000000d8600000,0x00000000d8b00000)
 ParOldGen       total 86016K, used 0K [0x0000000083200000, 0x0000000088600000, 0x00000000d6600000)
  object space 86016K, 0% used [0x0000000083200000,0x0000000083200000,0x0000000088600000)
 Metaspace       used 10182K, capacity 10300K, committed 10624K, reserved 1058816K
  class space    used 1094K, capacity 1106K, committed 1152K, reserved 1048576K
Event: 6.316 GC heap after
Heap after GC invocations=1 (full 0):
 PSYoungGen      total 37888K, used 4363K [0x00000000d6600000, 0x00000000d9000000, 0x0000000100000000)
  eden space 32768K, 0% used [0x00000000d6600000,0x00000000d6600000,0x00000000d8600000)
  from space 5120K, 85% used [0x00000000d8600000,0x00000000d8a42dd0,0x00000000d8b00000)
  to   space 5120K, 0% used [0x00000000d8b00000,0x00000000d8b00000,0x00000000d9000000)
 ParOldGen       total 86016K, used 80K [0x0000000083200000, 0x0000000088600000, 0x00000000d6600000)
  object space 86016K, 0% used [0x0000000083200000,0x0000000083214010,0x0000000088600000)
 Metaspace       used 10182K, capacity 10300K, committed 10624K, reserved 1058816K
  class space    used 1094K, capacity 1106K, committed 1152K, reserved 1048576K
}
Event: 6.316 GC heap before
{Heap before GC invocations=2 (full 1):
 PSYoungGen      total 37888K, used 4363K [0x00000000d6600000, 0x00000000d9000000, 0x0000000100000000)
  eden space 32768K, 0% used [0x00000000d6600000,0x00000000d6600000,0x00000000d8600000)
  from space 5120K, 85% used [0x00000000d8600000,0x00000000d8a42dd0,0x00000000d8b00000)
  to   space 5120K, 0% used [0x00000000d8b00000,0x00000000d8b00000,0x00000000d9000000)
 ParOldGen       total 86016K, used 80K [0x0000000083200000, 0x0000000088600000, 0x00000000d6600000)
  object space 86016K, 0% used [0x0000000083200000,0x0000000083214010,0x0000000088600000)
 Metaspace       used 10182K, capacity 10300K, committed 10624K, reserved 1058816K
  class space    used 1094K, capacity 1106K, committed 1152K, reserved 1048576K
Event: 6.336 GC heap after
Heap after GC invocations=2 (full 1):
 PSYoungGen      total 37888K, used 0K [0x00000000d6600000, 0x00000000d9000000, 0x0000000100000000)
  eden space 32768K, 0% used [0x00000000d6600000,0x00000000d6600000,0x00000000d8600000)
  from space 5120K, 0% used [0x00000000d8600000,0x00000000d8600000,0x00000000d8b00000)
  to   space 5120K, 0% used [0x00000000d8b00000,0x00000000d8b00000,0x00000000d9000000)
 ParOldGen       total 86016K, used 4064K [0x0000000083200000, 0x0000000088600000, 0x00000000d6600000)
  object space 86016K, 4% used [0x0000000083200000,0x00000000835f81d0,0x0000000088600000)
 Metaspace       used 10182K, capacity 10300K, committed 10624K, reserved 1058816K
  class space    used 1094K, capacity 1106K, committed 1152K, reserved 1048576K
}
Event: 6.340 GC heap before
{Heap before GC invocations=3 (full 1):
 PSYoungGen      total 37888K, used 1310K [0x00000000d6600000, 0x00000000d9000000, 0x0000000100000000)
  eden space 32768K, 4% used [0x00000000d6600000,0x00000000d6747b88,0x00000000d8600000)
  from space 5120K, 0% used [0x00000000d8600000,0x00000000d8600000,0x00000000d8b00000)
  to   space 5120K, 0% used [0x00000000d8b00000,0x00000000d8b00000,0x00000000d9000000)
 ParOldGen       total 86016K, used 4064K [0x0000000083200000, 0x0000000088600000, 0x00000000d6600000)
  object space 86016K, 4% used [0x0000000083200000,0x00000000835f81d0,0x0000000088600000)
 Metaspace       used 10230K, capacity 10332K, committed 10624K, reserved 1058816K
  class space    used 1101K, capacity 1138K, committed 1152K, reserved 1048576K
Event: 6.341 GC heap after
Heap after GC invocations=3 (full 1):
 PSYoungGen      total 37888K, used 224K [0x00000000d6600000, 0x00000000d9000000, 0x0000000100000000)
  eden space 32768K, 0% used [0x00000000d6600000,0x00000000d6600000,0x00000000d8600000)
  from space 5120K, 4% used [0x00000000d8b00000,0x00000000d8b38000,0x00000000d9000000)
  to   space 5120K, 0% used [0x00000000d8600000,0x00000000d8600000,0x00000000d8b00000)
 ParOldGen       total 86016K, used 4072K [0x0000000083200000, 0x0000000088600000, 0x00000000d6600000)
  object space 86016K, 4% used [0x0000000083200000,0x00000000835fa1d0,0x0000000088600000)
 Metaspace       used 10230K, capacity 10332K, committed 10624K, reserved 1058816K
  class space    used 1101K, capacity 1138K, committed 1152K, reserved 1048576K
}
Event: 6.341 GC heap before
{Heap before GC invocations=4 (full 2):
 PSYoungGen      total 37888K, used 224K [0x00000000d6600000, 0x00000000d9000000, 0x0000000100000000)
  eden space 32768K, 0% used [0x00000000d6600000,0x00000000d6600000,0x00000000d8600000)
  from space 5120K, 4% used [0x00000000d8b00000,0x00000000d8b38000,0x00000000d9000000)
  to   space 5120K, 0% used [0x00000000d8600000,0x00000000d8600000,0x00000000d8b00000)
 ParOldGen       total 86016K, used 4072K [0x0000000083200000, 0x0000000088600000, 0x00000000d6600000)
  object space 86016K, 4% used [0x0000000083200000,0x00000000835fa1d0,0x0000000088600000)
 Metaspace       used 10230K, capacity 10332K, committed 10624K, reserved 1058816K
  class space    used 1101K, capacity 1138K, committed 1152K, reserved 1048576K
Event: 6.380 GC heap after
Heap after GC invocations=4 (full 2):
 PSYoungGen      total 37888K, used 0K [0x00000000d6600000, 0x00000000d9000000, 0x0000000100000000)
  eden space 32768K, 0% used [0x00000000d6600000,0x00000000d6600000,0x00000000d8600000)
  from space 5120K, 0% used [0x00000000d8b00000,0x00000000d8b00000,0x00000000d9000000)
  to   space 5120K, 0% used [0x00000000d8600000,0x00000000d8600000,0x00000000d8b00000)
 ParOldGen       total 86016K, used 2648K [0x0000000083200000, 0x0000000088600000, 0x00000000d6600000)
  object space 86016K, 3% used [0x0000000083200000,0x0000000083496220,0x0000000088600000)
 Metaspace       used 10230K, capacity 10332K, committed 10624K, reserved 1058816K
  class space    used 1101K, capacity 1138K, committed 1152K, reserved 1048576K
}

Deoptimization events (0 events):
No events

Internal exceptions (10 events):
Event: 2.852 Thread 0x00007f98b4009000 Exception <a 'java/security/PrivilegedActionException'> (0x00000000d7e032b8) thrown at [/HUDSON/workspace/8-2-build-linux-amd64/jdk8u31/2394/hotspot/src/share/vm/prims/jvm.cpp, line 1312]
Event: 6.295 Thread 0x00007f98b46ba800 Exception <a 'java/security/PrivilegedActionException'> (0x00000000d7f348f0) thrown at [/HUDSON/workspace/8-2-build-linux-amd64/jdk8u31/2394/hotspot/src/share/vm/prims/jvm.cpp, line 1312]
Event: 6.296 Thread 0x00007f98b46ba800 Exception <a 'java/security/PrivilegedActionException'> (0x00000000d7f3a490) thrown at [/HUDSON/workspace/8-2-build-linux-amd64/jdk8u31/2394/hotspot/src/share/vm/prims/jvm.cpp, line 1312]
Event: 6.296 Thread 0x00007f98b46ba800 Exception <a 'java/security/PrivilegedActionException'> (0x00000000d7f3ed18) thrown at [/HUDSON/workspace/8-2-build-linux-amd64/jdk8u31/2394/hotspot/src/share/vm/prims/jvm.cpp, line 1312]
Event: 6.299 Thread 0x00007f98b46ba800 Exception <a 'java/security/PrivilegedActionException'> (0x00000000d7f4a9e0) thrown at [/HUDSON/workspace/8-2-build-linux-amd64/jdk8u31/2394/hotspot/src/share/vm/prims/jvm.cpp, line 1312]
Event: 6.301 Thread 0x00007f98b46ba800 Exception <a 'java/security/PrivilegedActionException'> (0x00000000d7f50378) thrown at [/HUDSON/workspace/8-2-build-linux-amd64/jdk8u31/2394/hotspot/src/share/vm/prims/jvm.cpp, line 1312]
Event: 6.306 Thread 0x00007f98b46ba800 Exception <a 'java/security/PrivilegedActionException'> (0x00000000d7f64f40) thrown at [/HUDSON/workspace/8-2-build-linux-amd64/jdk8u31/2394/hotspot/src/share/vm/prims/jvm.cpp, line 1312]
Event: 6.307 Thread 0x00007f98b46ba800 Exception <a 'java/security/PrivilegedActionException'> (0x00000000d7f6bff0) thrown at [/HUDSON/workspace/8-2-build-linux-amd64/jdk8u31/2394/hotspot/src/share/vm/prims/jvm.cpp, line 1312]
Event: 6.337 Thread 0x00007f98b46ba800 Exception <a 'java/security/PrivilegedActionException'> (0x00000000d66528c8) thrown at [/HUDSON/workspace/8-2-build-linux-amd64/jdk8u31/2394/hotspot/src/share/vm/prims/jvm.cpp, line 1312]
Event: 6.340 Thread 0x00007f98b42cc000 Exception <a 'java/lang/InterruptedException': sleep interrupted> (0x00000000d66f5d08) thrown at [/HUDSON/workspace/8-2-build-linux-amd64/jdk8u31/2394/hotspot/src/share/vm/prims/jvm.cpp, line 3141]

Events (10 events):
Event: 6.338 loading class java/util/concurrent/locks/ReentrantReadWriteLock$ReadLock done
Event: 6.338 loading class java/util/concurrent/locks/ReentrantReadWriteLock$WriteLock
Event: 6.338 loading class java/util/concurrent/locks/ReentrantReadWriteLock$WriteLock done
Event: 6.340 Thread 0x00007f98b42cc000 Thread exited: 0x00007f98b42cc000
Event: 6.340 Executing VM operation: ParallelGCSystemGC
Event: 6.380 Executing VM operation: ParallelGCSystemGC done
Event: 6.380 Thread 0x00007f9844037800 Thread added: 0x00007f9844037800
Event: 6.380 Thread 0x00007f9844037800 Thread exited: 0x00007f9844037800
Event: 6.380 Thread 0x00007f98b46ba800 Thread exited: 0x00007f98b46ba800
Event: 6.381 Thread 0x00007f98b4009000 Thread exited: 0x00007f98b4009000


Dynamic libraries:
00400000-00401000 r-xp 00000000 00:22 152985                             /home/nathan/jdk1.8.0_31/bin/java
00600000-00601000 rw-p 00000000 00:22 152985                             /home/nathan/jdk1.8.0_31/bin/java
00ca1000-00cc2000 rw-p 00000000 00:00 0                                  [heap]
83200000-88600000 rw-p 00000000 00:00 0 
88600000-d6600000 ---p 00000000 00:00 0 
d6600000-d9000000 rw-p 00000000 00:00 0 
d9000000-100000000 ---p 00000000 00:00 0 
100000000-100120000 rw-p 00000000 00:00 0 
100120000-140000000 ---p 00000000 00:00 0 
7f9844000000-7f984406d000 rw-p 00000000 00:00 0 
7f984406d000-7f9848000000 ---p 00000000 00:00 0 
7f9848000000-7f9848021000 rw-p 00000000 00:00 0 
7f9848021000-7f984c000000 ---p 00000000 00:00 0 
7f984c000000-7f984c021000 rw-p 00000000 00:00 0 
7f984c021000-7f9850000000 ---p 00000000 00:00 0 
7f98508b7000-7f98508ba000 ---p 00000000 00:00 0 
7f98508ba000-7f98509b8000 rw-p 00000000 00:00 0 
7f98509b8000-7f9850b8d000 rw-s 00000000 00:05 50757647                   /SYSV00000000 (deleted)
7f9850b90000-7f9850bb5000 r-xp 00000000 08:43 596787                     /usr/lib/liblzma.so.5.2.1
7f9850bb5000-7f9850db4000 ---p 00025000 08:43 596787                     /usr/lib/liblzma.so.5.2.1
7f9850db4000-7f9850db5000 r--p 00024000 08:43 596787                     /usr/lib/liblzma.so.5.2.1
7f9850db5000-7f9850db6000 rw-p 00025000 08:43 596787                     /usr/lib/liblzma.so.5.2.1
7f9850db8000-7f9850e34000 r-xp 00000000 08:43 1634046                    /usr/lib/libtiff.so.5.2.0
7f9850e34000-7f9851034000 ---p 0007c000 08:43 1634046                    /usr/lib/libtiff.so.5.2.0
7f9851034000-7f9851035000 r--p 0007c000 08:43 1634046                    /usr/lib/libtiff.so.5.2.0
7f9851035000-7f985103b000 rw-p 0007d000 08:43 1634046                    /usr/lib/libtiff.so.5.2.0
7f985103b000-7f985103c000 rw-p 00000000 00:00 0 
7f9851040000-7f9851047000 r-xp 00000000 08:43 1713220                    /usr/lib/qt4/plugins/imageformats/libqtiff.so
7f9851047000-7f9851246000 ---p 00007000 08:43 1713220                    /usr/lib/qt4/plugins/imageformats/libqtiff.so
7f9851246000-7f9851247000 r--p 00006000 08:43 1713220                    /usr/lib/qt4/plugins/imageformats/libqtiff.so
7f9851247000-7f9851248000 rw-p 00007000 08:43 1713220                    /usr/lib/qt4/plugins/imageformats/libqtiff.so
7f9851248000-7f985129e000 r-xp 00000000 08:43 1637076                    /usr/lib/libQtSvg.so.4.8.7
7f985129e000-7f985149e000 ---p 00056000 08:43 1637076                    /usr/lib/libQtSvg.so.4.8.7
7f985149e000-7f98514a0000 r--p 00056000 08:43 1637076                    /usr/lib/libQtSvg.so.4.8.7
7f98514a0000-7f98514a1000 rw-p 00058000 08:43 1637076                    /usr/lib/libQtSvg.so.4.8.7
7f98514a8000-7f98514ad000 r-xp 00000000 08:43 1713219                    /usr/lib/qt4/plugins/imageformats/libqsvg.so
7f98514ad000-7f98516ac000 ---p 00005000 08:43 1713219                    /usr/lib/qt4/plugins/imageformats/libqsvg.so
7f98516ac000-7f98516ad000 r--p 00004000 08:43 1713219                    /usr/lib/qt4/plugins/imageformats/libqsvg.so
7f98516ad000-7f98516ae000 rw-p 00005000 08:43 1713219                    /usr/lib/qt4/plugins/imageformats/libqsvg.so
7f98516b0000-7f9851706000 r-xp 00000000 08:43 1634616                    /usr/lib/liblcms2.so.2.0.7
7f9851706000-7f9851905000 ---p 00056000 08:43 1634616                    /usr/lib/liblcms2.so.2.0.7
7f9851905000-7f9851906000 r--p 00055000 08:43 1634616                    /usr/lib/liblcms2.so.2.0.7
7f9851906000-7f985190b000 rw-p 00056000 08:43 1634616                    /usr/lib/liblcms2.so.2.0.7
7f9851910000-7f9851967000 r-xp 00000000 08:43 1633255                    /usr/lib/libjpeg.so.8.0.2
7f9851967000-7f9851b67000 ---p 00057000 08:43 1633255                    /usr/lib/libjpeg.so.8.0.2
7f9851b67000-7f9851b69000 r--p 00057000 08:43 1633255                    /usr/lib/libjpeg.so.8.0.2
7f9851b69000-7f9851b6a000 rw-p 00059000 08:43 1633255                    /usr/lib/libjpeg.so.8.0.2
7f9851b70000-7f9851bdd000 r-xp 00000000 08:43 1636987                    /usr/lib/libmng.so.2.0.2
7f9851bdd000-7f9851ddd000 ---p 0006d000 08:43 1636987                    /usr/lib/libmng.so.2.0.2
7f9851ddd000-7f9851de0000 r--p 0006d000 08:43 1636987                    /usr/lib/libmng.so.2.0.2
7f9851de0000-7f9851de2000 rw-p 00070000 08:43 1636987                    /usr/lib/libmng.so.2.0.2
7f9851de8000-7f9851ded000 r-xp 00000000 08:43 1713218                    /usr/lib/qt4/plugins/imageformats/libqmng.so
7f9851ded000-7f9851fed000 ---p 00005000 08:43 1713218                    /usr/lib/qt4/plugins/imageformats/libqmng.so
7f9851fed000-7f9851fee000 r--p 00005000 08:43 1713218                    /usr/lib/qt4/plugins/imageformats/libqmng.so
7f9851fee000-7f9851fef000 rw-p 00006000 08:43 1713218                    /usr/lib/qt4/plugins/imageformats/libqmng.so
7f9851ff0000-7f9851ff7000 r-xp 00000000 08:43 1713221                    /usr/lib/qt4/plugins/imageformats/libqico.so
7f9851ff7000-7f98521f6000 ---p 00007000 08:43 1713221                    /usr/lib/qt4/plugins/imageformats/libqico.so
7f98521f6000-7f98521f7000 r--p 00006000 08:43 1713221                    /usr/lib/qt4/plugins/imageformats/libqico.so
7f98521f7000-7f98521f8000 rw-p 00007000 08:43 1713221                    /usr/lib/qt4/plugins/imageformats/libqico.so
7f98521f8000-7f98521ff000 r-xp 00000000 08:43 1713216                    /usr/lib/qt4/plugins/imageformats/libqgif.so
7f98521ff000-7f98523fe000 ---p 00007000 08:43 1713216                    /usr/lib/qt4/plugins/imageformats/libqgif.so
7f98523fe000-7f98523ff000 r--p 00006000 08:43 1713216                    /usr/lib/qt4/plugins/imageformats/libqgif.so
7f98523ff000-7f9852400000 rw-p 00007000 08:43 1713216                    /usr/lib/qt4/plugins/imageformats/libqgif.so
7f9852400000-7f9852540000 rw-p 00000000 00:00 0 
7f9852540000-7f9852600000 ---p 00000000 00:00 0 
7f9852600000-7f9852603000 r-xp 00000000 08:43 599049                     /usr/lib/gconv/UTF-16.so
7f9852603000-7f9852802000 ---p 00003000 08:43 599049                     /usr/lib/gconv/UTF-16.so
7f9852802000-7f9852803000 r--p 00002000 08:43 599049                     /usr/lib/gconv/UTF-16.so
7f9852803000-7f9852804000 rw-p 00003000 08:43 599049                     /usr/lib/gconv/UTF-16.so
7f9852808000-7f9853313000 r-xp 00000000 08:16 411                        /tmp/QtJambi_nathan_amd64_4.8.6_gcc-20150115-1633/lib/libcom_trolltech_qt_gui.so.1
7f9853313000-7f9853512000 ---p 00b0b000 08:16 411                        /tmp/QtJambi_nathan_amd64_4.8.6_gcc-20150115-1633/lib/libcom_trolltech_qt_gui.so.1
7f9853512000-7f985356c000 rw-p 00b0a000 08:16 411                        /tmp/QtJambi_nathan_amd64_4.8.6_gcc-20150115-1633/lib/libcom_trolltech_qt_gui.so.1
7f985356c000-7f9853573000 rw-p 00000000 00:00 0 
7f9853578000-7f985357d000 r-xp 00000000 08:43 1630232                    /usr/lib/libXdmcp.so.6.0.0
7f985357d000-7f985377c000 ---p 00005000 08:43 1630232                    /usr/lib/libXdmcp.so.6.0.0
7f985377c000-7f985377d000 r--p 00004000 08:43 1630232                    /usr/lib/libXdmcp.so.6.0.0
7f985377d000-7f985377e000 rw-p 00005000 08:43 1630232                    /usr/lib/libXdmcp.so.6.0.0
7f9853780000-7f9853782000 r-xp 00000000 08:43 1633242                    /usr/lib/libXau.so.6.0.0
7f9853782000-7f9853982000 ---p 00002000 08:43 1633242                    /usr/lib/libXau.so.6.0.0
7f9853982000-7f9853983000 r--p 00002000 08:43 1633242                    /usr/lib/libXau.so.6.0.0
7f9853983000-7f9853984000 rw-p 00003000 08:43 1633242                    /usr/lib/libXau.so.6.0.0
7f9853988000-7f98539a4000 r-xp 00000000 08:43 1633203                    /usr/lib/libgraphite2.so.3.0.1
7f98539a4000-7f9853ba3000 ---p 0001c000 08:43 1633203                    /usr/lib/libgraphite2.so.3.0.1
7f9853ba3000-7f9853ba5000 r--p 0001b000 08:43 1633203                    /usr/lib/libgraphite2.so.3.0.1
7f9853ba5000-7f9853ba6000 rw-p 0001d000 08:43 1633203                    /usr/lib/libgraphite2.so.3.0.1
7f9853ba8000-7f9853bc9000 r-xp 00000000 08:43 1633278                    /usr/lib/libxcb.so.1.1.0
7f9853bc9000-7f9853dc8000 ---p 00021000 08:43 1633278                    /usr/lib/libxcb.so.1.1.0
7f9853dc8000-7f9853dc9000 r--p 00020000 08:43 1633278                    /usr/lib/libxcb.so.1.1.0
7f9853dc9000-7f9853dca000 rw-p 00021000 08:43 1633278                    /usr/lib/libxcb.so.1.1.0
7f9853dd0000-7f9853df7000 r-xp 00000000 08:43 595921                     /usr/lib/libexpat.so.1.6.0
7f9853df7000-7f9853ff6000 ---p 00027000 08:43 595921                     /usr/lib/libexpat.so.1.6.0
7f9853ff6000-7f9853ff9000 r--p 00026000 08:43 595921                     /usr/lib/libexpat.so.1.6.0
7f9853ff9000-7f9853ffa000 rw-p 00029000 08:43 595921                     /usr/lib/libexpat.so.1.6.0
7f9854000000-7f9854021000 rw-p 00000000 00:00 0 
7f9854021000-7f9858000000 ---p 00000000 00:00 0 
7f9858000000-7f9858021000 rw-p 00000000 00:00 0 
7f9858021000-7f985c000000 ---p 00000000 00:00 0 
7f985c07f000-7f985c082000 ---p 00000000 00:00 0 
7f985c082000-7f985c180000 rw-p 00000000 00:00 0 
7f985c180000-7f985c1a5000 r--p 00000000 08:43 835678                     /usr/share/fonts/DroidFonts/DroidSans.ttf
7f985c1a8000-7f985c1ac000 r-xp 00000000 08:43 1636619                    /usr/lib/libuuid.so.1.3.0
7f985c1ac000-7f985c3ab000 ---p 00004000 08:43 1636619                    /usr/lib/libuuid.so.1.3.0
7f985c3ab000-7f985c3ac000 r--p 00003000 08:43 1636619                    /usr/lib/libuuid.so.1.3.0
7f985c3ac000-7f985c3ad000 rw-p 00004000 08:43 1636619                    /usr/lib/libuuid.so.1.3.0
7f985c3b0000-7f985c40a000 r-xp 00000000 08:43 1633208                    /usr/lib/libharfbuzz.so.0.940.0
7f985c40a000-7f985c609000 ---p 0005a000 08:43 1633208                    /usr/lib/libharfbuzz.so.0.940.0
7f985c609000-7f985c60c000 r--p 00059000 08:43 1633208                    /usr/lib/libharfbuzz.so.0.940.0
7f985c60c000-7f985c60d000 rw-p 0005c000 08:43 1633208                    /usr/lib/libharfbuzz.so.0.940.0
7f985c610000-7f985c61f000 r-xp 00000000 08:43 593233                     /usr/lib/libbz2.so.1.0.6
7f985c61f000-7f985c81e000 ---p 0000f000 08:43 593233                     /usr/lib/libbz2.so.1.0.6
7f985c81e000-7f985c820000 rw-p 0000e000 08:43 593233                     /usr/lib/libbz2.so.1.0.6
7f985c820000-7f985c95b000 r-xp 00000000 08:43 1633332                    /usr/lib/libX11.so.6.3.0
7f985c95b000-7f985cb5a000 ---p 0013b000 08:43 1633332                    /usr/lib/libX11.so.6.3.0
7f985cb5a000-7f985cb5c000 r--p 0013a000 08:43 1633332                    /usr/lib/libX11.so.6.3.0
7f985cb5c000-7f985cb61000 rw-p 0013c000 08:43 1633332                    /usr/lib/libX11.so.6.3.0
7f985cb61000-7f985cb62000 rw-p 00000000 00:00 0 
7f985cb68000-7f985cb79000 r-xp 00000000 08:43 1633375                    /usr/lib/libXext.so.6.4.0
7f985cb79000-7f985cd78000 ---p 00011000 08:43 1633375                    /usr/lib/libXext.so.6.4.0
7f985cd78000-7f985cd79000 r--p 00010000 08:43 1633375                    /usr/lib/libXext.so.6.4.0
7f985cd79000-7f985cd7a000 rw-p 00011000 08:43 1633375                    /usr/lib/libXext.so.6.4.0
7f985cd80000-7f985cdbb000 r-xp 00000000 08:43 1633337                    /usr/lib/libfontconfig.so.1.8.0
7f985cdbb000-7f985cfba000 ---p 0003b000 08:43 1633337                    /usr/lib/libfontconfig.so.1.8.0
7f985cfba000-7f985cfbc000 r--p 0003a000 08:43 1633337                    /usr/lib/libfontconfig.so.1.8.0
7f985cfbc000-7f985cfbd000 rw-p 0003c000 08:43 1633337                    /usr/lib/libfontconfig.so.1.8.0
7f985cfc0000-7f985cfc2000 r-xp 00000000 08:43 1634880                    /usr/lib/libXinerama.so.1.0.0
7f985cfc2000-7f985d1c1000 ---p 00002000 08:43 1634880                    /usr/lib/libXinerama.so.1.0.0
7f985d1c1000-7f985d1c2000 r--p 00001000 08:43 1634880                    /usr/lib/libXinerama.so.1.0.0
7f985d1c2000-7f985d1c3000 rw-p 00002000 08:43 1634880                    /usr/lib/libXinerama.so.1.0.0
7f985d1c8000-7f985d1d2000 r-xp 00000000 08:43 1634360                    /usr/lib/libXcursor.so.1.0.2
7f985d1d2000-7f985d3d1000 ---p 0000a000 08:43 1634360                    /usr/lib/libXcursor.so.1.0.2
7f985d3d1000-7f985d3d2000 r--p 00009000 08:43 1634360                    /usr/lib/libXcursor.so.1.0.2
7f985d3d2000-7f985d3d3000 rw-p 0000a000 08:43 1634360                    /usr/lib/libXcursor.so.1.0.2
7f985d3d8000-7f985d3dd000 r-xp 00000000 08:43 1633381                    /usr/lib/libXfixes.so.3.1.0
7f985d3dd000-7f985d5dc000 ---p 00005000 08:43 1633381                    /usr/lib/libXfixes.so.3.1.0
7f985d5dc000-7f985d5dd000 r--p 00004000 08:43 1633381                    /usr/lib/libXfixes.so.3.1.0
7f985d5dd000-7f985d5de000 rw-p 00005000 08:43 1633381                    /usr/lib/libXfixes.so.3.1.0
7f985d5e0000-7f985d5ea000 r-xp 00000000 08:43 1634354                    /usr/lib/libXrandr.so.2.2.0
7f985d5ea000-7f985d7e9000 ---p 0000a000 08:43 1634354                    /usr/lib/libXrandr.so.2.2.0
7f985d7e9000-7f985d7ea000 r--p 00009000 08:43 1634354                    /usr/lib/libXrandr.so.2.2.0
7f985d7ea000-7f985d7eb000 rw-p 0000a000 08:43 1634354                    /usr/lib/libXrandr.so.2.2.0
7f985d7f0000-7f985d7f9000 r-xp 00000000 08:43 1633503                    /usr/lib/libXrender.so.1.3.0
7f985d7f9000-7f985d9f8000 ---p 00009000 08:43 1633503                    /usr/lib/libXrender.so.1.3.0
7f985d9f8000-7f985d9f9000 r--p 00008000 08:43 1633503                    /usr/lib/libXrender.so.1.3.0
7f985d9f9000-7f985d9fa000 rw-p 00009000 08:43 1633503                    /usr/lib/libXrender.so.1.3.0
7f985da00000-7f985da0f000 r-xp 00000000 08:43 1633507                    /usr/lib/libXi.so.6.1.0
7f985da0f000-7f985dc0f000 ---p 0000f000 08:43 1633507                    /usr/lib/libXi.so.6.1.0
7f985dc0f000-7f985dc10000 r--p 0000f000 08:43 1633507                    /usr/lib/libXi.so.6.1.0
7f985dc10000-7f985dc11000 rw-p 00010000 08:43 1633507                    /usr/lib/libXi.so.6.1.0
7f985dc18000-7f985dc30000 r-xp 00000000 08:43 1633952                    /usr/lib/libICE.so.6.3.0
7f985dc30000-7f985de2f000 ---p 00018000 08:43 1633952                    /usr/lib/libICE.so.6.3.0
7f985de2f000-7f985de30000 r--p 00017000 08:43 1633952                    /usr/lib/libICE.so.6.3.0
7f985de30000-7f985de31000 rw-p 00018000 08:43 1633952                    /usr/lib/libICE.so.6.3.0
7f985de31000-7f985de35000 rw-p 00000000 00:00 0 
7f985de38000-7f985de3f000 r-xp 00000000 08:43 1633953                    /usr/lib/libSM.so.6.0.1
7f985de3f000-7f985e03e000 ---p 00007000 08:43 1633953                    /usr/lib/libSM.so.6.0.1
7f985e03e000-7f985e03f000 r--p 00006000 08:43 1633953                    /usr/lib/libSM.so.6.0.1
7f985e03f000-7f985e040000 rw-p 00007000 08:43 1633953                    /usr/lib/libSM.so.6.0.1
7f985e040000-7f985e0f6000 r-xp 00000000 08:43 1633214                    /usr/lib/libfreetype.so.6.11.4
7f985e0f6000-7f985e2f6000 ---p 000b6000 08:43 1633214                    /usr/lib/libfreetype.so.6.11.4
7f985e2f6000-7f985e2fc000 r--p 000b6000 08:43 1633214                    /usr/lib/libfreetype.so.6.11.4
7f985e2fc000-7f985e2fd000 rw-p 000bc000 08:43 1633214                    /usr/lib/libfreetype.so.6.11.4
7f985e300000-7f985e335000 r-xp 00000000 08:43 1633202                    /usr/lib/libpng16.so.16.16.0
7f985e335000-7f985e534000 ---p 00035000 08:43 1633202                    /usr/lib/libpng16.so.16.16.0
7f985e534000-7f985e535000 r--p 00034000 08:43 1633202                    /usr/lib/libpng16.so.16.16.0
7f985e535000-7f985e536000 rw-p 00035000 08:43 1633202                    /usr/lib/libpng16.so.16.16.0
7f985e538000-7f985ef5e000 r-xp 00000000 08:16 356                        /tmp/QtJambi_nathan_amd64_4.8.6_gcc-20150115-1633/lib/libQtGui.so.4
7f985ef5e000-7f985f15d000 ---p 00a26000 08:16 356                        /tmp/QtJambi_nathan_amd64_4.8.6_gcc-20150115-1633/lib/libQtGui.so.4
7f985f15d000-7f985f1a5000 rw-p 00a25000 08:16 356                        /tmp/QtJambi_nathan_amd64_4.8.6_gcc-20150115-1633/lib/libQtGui.so.4
7f985f1a5000-7f985f1a8000 rw-p 00000000 00:00 0 
7f985f1a8000-7f985f388000 r-xp 00000000 08:16 410                        /tmp/QtJambi_nathan_amd64_4.8.6_gcc-20150115-1633/lib/libcom_trolltech_qt_core.so.1
7f985f388000-7f985f587000 ---p 001e0000 08:16 410                        /tmp/QtJambi_nathan_amd64_4.8.6_gcc-20150115-1633/lib/libcom_trolltech_qt_core.so.1
7f985f587000-7f985f59a000 rw-p 001df000 08:16 410                        /tmp/QtJambi_nathan_amd64_4.8.6_gcc-20150115-1633/lib/libcom_trolltech_qt_core.so.1
7f985f5a0000-7f985f5ea000 r-xp 00000000 08:16 409                        /tmp/QtJambi_nathan_amd64_4.8.6_gcc-20150115-1633/lib/libqtjambi.so.1
7f985f5ea000-7f985f7e9000 ---p 0004a000 08:16 409                        /tmp/QtJambi_nathan_amd64_4.8.6_gcc-20150115-1633/lib/libqtjambi.so.1
7f985f7e9000-7f985f7eb000 rw-p 00049000 08:16 409                        /tmp/QtJambi_nathan_amd64_4.8.6_gcc-20150115-1633/lib/libqtjambi.so.1
7f985f7f0000-7f985f85e000 r-xp 00000000 08:43 595946                     /usr/lib/libpcre.so.1.2.5
7f985f85e000-7f985fa5e000 ---p 0006e000 08:43 595946                     /usr/lib/libpcre.so.1.2.5
7f985fa5e000-7f985fa5f000 r--p 0006e000 08:43 595946                     /usr/lib/libpcre.so.1.2.5
7f985fa5f000-7f985fa60000 rw-p 0006f000 08:43 595946                     /usr/lib/libpcre.so.1.2.5
7f985fa60000-7f985fa76000 r-xp 00000000 08:43 592258                     /usr/lib/libgcc_s.so.1
7f985fa76000-7f985fc75000 ---p 00016000 08:43 592258                     /usr/lib/libgcc_s.so.1
7f985fc75000-7f985fc76000 rw-p 00015000 08:43 592258                     /usr/lib/libgcc_s.so.1
7f985fc78000-7f985fdea000 r-xp 00000000 08:43 592265                     /usr/lib/libstdc++.so.6.0.21
7f985fdea000-7f985ffea000 ---p 00172000 08:43 592265                     /usr/lib/libstdc++.so.6.0.21
7f985ffea000-7f985fff4000 r--p 00172000 08:43 592265                     /usr/lib/libstdc++.so.6.0.21
7f985fff4000-7f985fff6000 rw-p 0017c000 08:43 592265                     /usr/lib/libstdc++.so.6.0.21
7f985fff6000-7f985fffa000 rw-p 00000000 00:00 0 
7f9860000000-7f9860021000 rw-p 00000000 00:00 0 
7f9860021000-7f9864000000 ---p 00000000 00:00 0 
7f9864000000-7f9864021000 rw-p 00000000 00:00 0 
7f9864021000-7f9868000000 ---p 00000000 00:00 0 
7f9868000000-7f98681a0000 rw-p 00000000 00:00 0 
7f98681a0000-7f986c000000 ---p 00000000 00:00 0 
7f986c000000-7f986c25f000 rw-p 00000000 00:00 0 
7f986c25f000-7f9870000000 ---p 00000000 00:00 0 
7f9870000000-7f9870021000 rw-p 00000000 00:00 0 
7f9870021000-7f9874000000 ---p 00000000 00:00 0 
7f9874000000-7f987419f000 rw-p 00000000 00:00 0 
7f987419f000-7f9878000000 ---p 00000000 00:00 0 
7f9878000000-7f9878021000 rw-p 00000000 00:00 0 
7f9878021000-7f987c000000 ---p 00000000 00:00 0 
7f987c000000-7f987c021000 rw-p 00000000 00:00 0 
7f987c021000-7f9880000000 ---p 00000000 00:00 0 
7f9880000000-7f9880021000 rw-p 00000000 00:00 0 
7f9880021000-7f9884000000 ---p 00000000 00:00 0 
7f9884000000-7f988403e000 rw-p 00000000 00:00 0 
7f988403e000-7f9888000000 ---p 00000000 00:00 0 
7f9888000000-7f9888021000 rw-p 00000000 00:00 0 
7f9888021000-7f988c000000 ---p 00000000 00:00 0 
7f988c000000-7f988c021000 rw-p 00000000 00:00 0 
7f988c021000-7f9890000000 ---p 00000000 00:00 0 
7f9890000000-7f9890021000 rw-p 00000000 00:00 0 
7f9890021000-7f9894000000 ---p 00000000 00:00 0 
7f989401f000-7f9894022000 ---p 00000000 00:00 0 
7f9894022000-7f9894058000 rw-p 00000000 00:00 0                          [stack:13332]
7f9894058000-7f9894071000 r--s 00000000 08:15 131292                     /var/cache/fontconfig/8d4af663993b81a124ee82e610bb31f9-le64.cache-4
7f9894078000-7f9894082000 r--s 00000000 08:15 132268                     /var/cache/fontconfig/d62e99ef547d1d24cdb1bd22ec1a2976-le64.cache-4
7f9894087000-7f989408a000 ---p 00000000 00:00 0 
7f989408a000-7f9894188000 rw-p 00000000 00:00 0 
7f9894188000-7f9894294000 r-xp 00000000 08:43 596094                     /usr/lib/libglib-2.0.so.0.4400.1
7f9894294000-7f9894493000 ---p 0010c000 08:43 596094                     /usr/lib/libglib-2.0.so.0.4400.1
7f9894493000-7f9894494000 r--p 0010b000 08:43 596094                     /usr/lib/libglib-2.0.so.0.4400.1
7f9894494000-7f9894495000 rw-p 0010c000 08:43 596094                     /usr/lib/libglib-2.0.so.0.4400.1
7f9894495000-7f9894496000 rw-p 00000000 00:00 0 
7f9894498000-7f9894499000 r-xp 00000000 08:43 596096                     /usr/lib/libgthread-2.0.so.0.4400.1
7f9894499000-7f9894698000 ---p 00001000 08:43 596096                     /usr/lib/libgthread-2.0.so.0.4400.1
7f9894698000-7f9894699000 r--p 00000000 08:43 596096                     /usr/lib/libgthread-2.0.so.0.4400.1
7f9894699000-7f989469a000 rw-p 00001000 08:43 596096                     /usr/lib/libgthread-2.0.so.0.4400.1
7f98946a0000-7f98946b5000 r-xp 00000000 08:43 593353                     /usr/lib/libz.so.1.2.8
7f98946b5000-7f98948b4000 ---p 00015000 08:43 593353                     /usr/lib/libz.so.1.2.8
7f98948b4000-7f98948b5000 r--p 00014000 08:43 593353                     /usr/lib/libz.so.1.2.8
7f98948b5000-7f98948b6000 rw-p 00015000 08:43 593353                     /usr/lib/libz.so.1.2.8
7f98948b8000-7f98948ba000 r--s 00000000 08:15 132569                     /var/cache/fontconfig/452f1fac34b224105d7acfae3034bcd5-le64.cache-4
7f98948c0000-7f98948da000 r--s 00000000 08:15 132267                     /var/cache/fontconfig/f6b893a7224233d96cb72fd88691c0b4-le64.cache-4
7f98948e0000-7f98948e9000 r--s 00000000 08:15 131587                     /var/cache/fontconfig/f349e9996a5320f6dd491cedd2b1f964-le64.cache-4
7f98948f0000-7f98948f4000 r--s 00000000 08:15 132192                     /var/cache/fontconfig/b73e16be9ca2559ca7e110fc1e6dd9a0-le64.cache-4
7f98948f8000-7f98948fe000 r--s 00000000 00:22 947533                     /home/nathan/.cache/fontconfig/5829bd88d4010a90cc0bcdebd73e5372-le64.cache-4
7f9894900000-7f9894bd6000 r-xp 00000000 08:16 355                        /tmp/QtJambi_nathan_amd64_4.8.6_gcc-20150115-1633/lib/libQtCore.so.4
7f9894bd6000-7f9894dd5000 ---p 002d6000 08:16 355                        /tmp/QtJambi_nathan_amd64_4.8.6_gcc-20150115-1633/lib/libQtCore.so.4
7f9894dd5000-7f9894de1000 rw-p 002d5000 08:16 355                        /tmp/QtJambi_nathan_amd64_4.8.6_gcc-20150115-1633/lib/libQtCore.so.4
7f9894de1000-7f9894de2000 rw-p 00000000 00:00 0 
7f9894de2000-7f9894de4000 r--s 0001a000 00:22 153131                     /home/nathan/jdk1.8.0_31/jre/lib/jce.jar
7f9894de4000-7f9894de8000 r--s 00094000 00:22 153135                     /home/nathan/jdk1.8.0_31/jre/lib/jsse.jar
7f9894def000-7f9894e20000 rw-p 00000000 00:00 0 
7f9894e20000-7f9894e36000 r-xp 00000000 00:22 153190                     /home/nathan/jdk1.8.0_31/jre/lib/amd64/libnet.so
7f9894e36000-7f9895036000 ---p 00016000 00:22 153190                     /home/nathan/jdk1.8.0_31/jre/lib/amd64/libnet.so
7f9895036000-7f9895037000 rw-p 00016000 00:22 153190                     /home/nathan/jdk1.8.0_31/jre/lib/amd64/libnet.so
7f9895037000-7f989503a000 ---p 00000000 00:00 0 
7f989503a000-7f9895138000 rw-p 00000000 00:00 0                          [stack:13328]
7f9895138000-7f9895139000 r-xp 00000000 00:22 615013                     /home/nathan/exec/idea-IC-141.713.2/bin/libbreakgen64.so
7f9895139000-7f9895338000 ---p 00001000 00:22 615013                     /home/nathan/exec/idea-IC-141.713.2/bin/libbreakgen64.so
7f9895338000-7f9895339000 r--p 00000000 00:22 615013                     /home/nathan/exec/idea-IC-141.713.2/bin/libbreakgen64.so
7f9895339000-7f989533a000 rw-p 00001000 00:22 615013                     /home/nathan/exec/idea-IC-141.713.2/bin/libbreakgen64.so
7f989533e000-7f9895340000 r--s 00016000 00:22 1442727                    /home/nathan/exec/idea-IC-141.713.2/lib/idea_rt.jar
7f9895347000-7f9895355000 r--s 0046f000 00:22 1433887                    /home/nathan/Projects/java/lib/qtjambi-4.8.6.1-linux64/qtjambi-examples-4.8.6.jar
7f989535a000-7f989535b000 ---p 00000000 00:00 0 
7f989535b000-7f989545b000 rw-p 00000000 00:00 0 
7f989545b000-7f989545e000 ---p 00000000 00:00 0 
7f989545e000-7f989555c000 rw-p 00000000 00:00 0                          [stack:13318]
7f989555c000-7f989555f000 ---p 00000000 00:00 0 
7f989555f000-7f989565d000 rw-p 00000000 00:00 0                          [stack:13316]
7f989565d000-7f9895660000 ---p 00000000 00:00 0 
7f9895660000-7f989575e000 rw-p 00000000 00:00 0                          [stack:13315]
7f989575e000-7f9895761000 ---p 00000000 00:00 0 
7f9895761000-7f989585f000 rw-p 00000000 00:00 0                          [stack:13314]
7f989585f000-7f9895862000 ---p 00000000 00:00 0 
7f9895862000-7f9895960000 rw-p 00000000 00:00 0                          [stack:13313]
7f9895960000-7f9895b25000 r--p 00000000 08:43 602299                     /usr/lib/locale/locale-archive
7f9895b27000-7f9895b2a000 ---p 00000000 00:00 0 
7f9895b2a000-7f9895c28000 rw-p 00000000 00:00 0                          [stack:13304]
7f9895c28000-7f9895c2b000 ---p 00000000 00:00 0 
7f9895c2b000-7f9895d29000 rw-p 00000000 00:00 0                          [stack:13303]
7f9895d29000-7f9895d2a000 ---p 00000000 00:00 0 
7f9895d2a000-7f989723e000 rw-p 00000000 00:00 0 
7f989723e000-7f9897414000 r--s 03cae000 00:22 153145                     /home/nathan/jdk1.8.0_31/jre/lib/rt.jar
7f9897419000-7f9898000000 rw-p 00000000 00:00 0 
7f9898000000-7f9898021000 rw-p 00000000 00:00 0 
7f9898021000-7f989c000000 ---p 00000000 00:00 0 
7f989c007000-7f989c009000 r--s 00017000 00:22 1446554                    /home/nathan/Projects/java/lib/ini4j-0.5.4/ini4j-0.5.4.jar
7f989c00b000-7f989c00e000 r--s 01da3000 00:22 1433889                    /home/nathan/Projects/java/lib/qtjambi-4.8.6.1-linux64/qtjambi-native-linux64-gcc-4.8.6.jar
7f989c010000-7f989c012000 r--s 00008000 00:22 1433886                    /home/nathan/Projects/java/lib/qtjambi-4.8.6.1-linux64/qtjambi-designer-4.8.6.jar
7f989c017000-7f989c041000 r--s 002df000 00:22 1433885                    /home/nathan/Projects/java/lib/qtjambi-4.8.6.1-linux64/qtjambi-4.8.6.jar
7f989c044000-7f989c049000 r--s 00084000 00:22 153133                     /home/nathan/jdk1.8.0_31/jre/lib/jfr.jar
7f989c04f000-7f989c051000 r--s 00007000 00:22 153134                     /home/nathan/jdk1.8.0_31/jre/lib/jfxswt.jar
7f989c051000-7f989c05b000 r--s 00069000 00:22 153130                     /home/nathan/jdk1.8.0_31/jre/lib/javaws.jar
7f989c05c000-7f989c075000 r--s 001ec000 00:22 153114                     /home/nathan/jdk1.8.0_31/jre/lib/deploy.jar
7f989c07c000-7f989c08f000 r--s 00344000 00:22 153144                     /home/nathan/jdk1.8.0_31/jre/lib/resources.jar
7f989c08f000-7f98a0000000 rw-p 00000000 00:00 0 
7f98a0000000-7f98a0021000 rw-p 00000000 00:00 0 
7f98a0021000-7f98a4000000 ---p 00000000 00:00 0 
7f98a4000000-7f98a4001000 r--s 00000000 08:15 131663                     /var/cache/fontconfig/6ba42ae0000f58711b5caaf10d690066-le64.cache-4
7f98a4008000-7f98a400d000 r--s 002f8000 00:22 153108                     /home/nathan/jdk1.8.0_31/jre/lib/charsets.jar
7f98a4014000-7f98a4018000 r--s 00094000 00:22 153135                     /home/nathan/jdk1.8.0_31/jre/lib/jsse.jar
7f98a401d000-7f98a4030000 r--s 000d5000 00:22 153141                     /home/nathan/jdk1.8.0_31/jre/lib/plugin.jar
7f98a4035000-7f98a40b9000 rw-p 00000000 00:00 0 
7f98a40b9000-7f98a40ba000 ---p 00000000 00:00 0 
7f98a40ba000-7f98a41ba000 rw-p 00000000 00:00 0                          [stack:13301]
7f98a41ba000-7f98a41bb000 ---p 00000000 00:00 0 
7f98a41bb000-7f98a42bb000 rw-p 00000000 00:00 0                          [stack:13300]
7f98a42bb000-7f98a42bc000 ---p 00000000 00:00 0 
7f98a42bc000-7f98a43bc000 rw-p 00000000 00:00 0                          [stack:13299]
7f98a43bc000-7f98a43bd000 ---p 00000000 00:00 0 
7f98a43bd000-7f98a44bd000 rw-p 00000000 00:00 0                          [stack:13298]
7f98a44bd000-7f98a44be000 ---p 00000000 00:00 0 
7f98a44be000-7f98a45e8000 rw-p 00000000 00:00 0                          [stack:13297]
7f98a45e8000-7f98a4858000 ---p 00000000 00:00 0 
7f98a4858000-7f98a4882000 rw-p 00000000 00:00 0 
7f98a4882000-7f98a4af2000 ---p 00000000 00:00 0 
7f98a4af2000-7f98a4b07000 rw-p 00000000 00:00 0 
7f98a4b07000-7f98a4c3f000 ---p 00000000 00:00 0 
7f98a4c3f000-7f98a4c4b000 rw-p 00000000 00:00 0 
7f98a4c4b000-7f98a5000000 ---p 00000000 00:00 0 
7f98a5000000-7f98a52a0000 rwxp 00000000 00:00 0 
7f98a52a0000-7f98b4000000 ---p 00000000 00:00 0 
7f98b4000000-7f98b4705000 rw-p 00000000 00:00 0 
7f98b4705000-7f98b8000000 ---p 00000000 00:00 0 
7f98b8000000-7f98b8001000 r--s 00000000 08:15 132189                     /var/cache/fontconfig/f82a023eef781fa08a967b9632ad97a0-le64.cache-4
7f98b8008000-7f98b8009000 r--s 00000000 00:22 153138                     /home/nathan/jdk1.8.0_31/jre/lib/management-agent.jar
7f98b800a000-7f98b800c000 r--s 0001a000 00:22 153131                     /home/nathan/jdk1.8.0_31/jre/lib/jce.jar
7f98b8011000-7f98b80f7000 rw-p 00000000 00:00 0 
7f98b80f7000-7f98b80f8000 ---p 00000000 00:00 0 
7f98b80f8000-7f98b81f8000 rw-p 00000000 00:00 0                          [stack:13296]
7f98b81f8000-7f98b8212000 r-xp 00000000 00:22 153204                     /home/nathan/jdk1.8.0_31/jre/lib/amd64/libzip.so
7f98b8212000-7f98b8412000 ---p 0001a000 00:22 153204                     /home/nathan/jdk1.8.0_31/jre/lib/amd64/libzip.so
7f98b8412000-7f98b8413000 rw-p 0001a000 00:22 153204                     /home/nathan/jdk1.8.0_31/jre/lib/amd64/libzip.so
7f98b8418000-7f98b8423000 r-xp 00000000 08:43 592158                     /usr/lib/libnss_files-2.21.so
7f98b8423000-7f98b8623000 ---p 0000b000 08:43 592158                     /usr/lib/libnss_files-2.21.so
7f98b8623000-7f98b8624000 r--p 0000b000 08:43 592158                     /usr/lib/libnss_files-2.21.so
7f98b8624000-7f98b8625000 rw-p 0000c000 08:43 592158                     /usr/lib/libnss_files-2.21.so
7f98b8628000-7f98b8652000 r-xp 00000000 00:22 153169                     /home/nathan/jdk1.8.0_31/jre/lib/amd64/libjava.so
7f98b8652000-7f98b8852000 ---p 0002a000 00:22 153169                     /home/nathan/jdk1.8.0_31/jre/lib/amd64/libjava.so
7f98b8852000-7f98b8854000 rw-p 0002a000 00:22 153169                     /home/nathan/jdk1.8.0_31/jre/lib/amd64/libjava.so
7f98b8858000-7f98b8865000 r-xp 00000000 00:22 153203                     /home/nathan/jdk1.8.0_31/jre/lib/amd64/libverify.so
7f98b8865000-7f98b8a65000 ---p 0000d000 00:22 153203                     /home/nathan/jdk1.8.0_31/jre/lib/amd64/libverify.so
7f98b8a65000-7f98b8a67000 rw-p 0000d000 00:22 153203                     /home/nathan/jdk1.8.0_31/jre/lib/amd64/libverify.so
7f98b8a68000-7f98b8a6f000 r-xp 00000000 08:43 592189                     /usr/lib/librt-2.21.so
7f98b8a6f000-7f98b8c6e000 ---p 00007000 08:43 592189                     /usr/lib/librt-2.21.so
7f98b8c6e000-7f98b8c6f000 r--p 00006000 08:43 592189                     /usr/lib/librt-2.21.so
7f98b8c6f000-7f98b8c70000 rw-p 00007000 08:43 592189                     /usr/lib/librt-2.21.so
7f98b8c70000-7f98b8d73000 r-xp 00000000 08:43 592214                     /usr/lib/libm-2.21.so
7f98b8d73000-7f98b8f72000 ---p 00103000 08:43 592214                     /usr/lib/libm-2.21.so
7f98b8f72000-7f98b8f73000 r--p 00102000 08:43 592214                     /usr/lib/libm-2.21.so
7f98b8f73000-7f98b8f74000 rw-p 00103000 08:43 592214                     /usr/lib/libm-2.21.so
7f98b8f78000-7f98b9be6000 r-xp 00000000 00:22 153207                     /home/nathan/jdk1.8.0_31/jre/lib/amd64/server/libjvm.so
7f98b9be6000-7f98b9de5000 ---p 00c6e000 00:22 153207                     /home/nathan/jdk1.8.0_31/jre/lib/amd64/server/libjvm.so
7f98b9de5000-7f98b9ebb000 rw-p 00c6d000 00:22 153207                     /home/nathan/jdk1.8.0_31/jre/lib/amd64/server/libjvm.so
7f98b9ebb000-7f98b9efe000 rw-p 00000000 00:00 0 
7f98b9f00000-7f98ba099000 r-xp 00000000 08:43 592168                     /usr/lib/libc-2.21.so
7f98ba099000-7f98ba298000 ---p 00199000 08:43 592168                     /usr/lib/libc-2.21.so
7f98ba298000-7f98ba29c000 r--p 00198000 08:43 592168                     /usr/lib/libc-2.21.so
7f98ba29c000-7f98ba29e000 rw-p 0019c000 08:43 592168                     /usr/lib/libc-2.21.so
7f98ba29e000-7f98ba2a2000 rw-p 00000000 00:00 0 
7f98ba2a8000-7f98ba2ab000 r-xp 00000000 08:43 592197                     /usr/lib/libdl-2.21.so
7f98ba2ab000-7f98ba4aa000 ---p 00003000 08:43 592197                     /usr/lib/libdl-2.21.so
7f98ba4aa000-7f98ba4ab000 r--p 00002000 08:43 592197                     /usr/lib/libdl-2.21.so
7f98ba4ab000-7f98ba4ac000 rw-p 00003000 08:43 592197                     /usr/lib/libdl-2.21.so
7f98ba4b0000-7f98ba4c5000 r-xp 00000000 00:22 153380                     /home/nathan/jdk1.8.0_31/lib/amd64/jli/libjli.so
7f98ba4c5000-7f98ba6c4000 ---p 00015000 00:22 153380                     /home/nathan/jdk1.8.0_31/lib/amd64/jli/libjli.so
7f98ba6c4000-7f98ba6c5000 rw-p 00014000 00:22 153380                     /home/nathan/jdk1.8.0_31/lib/amd64/jli/libjli.so
7f98ba6c8000-7f98ba6e0000 r-xp 00000000 08:43 592188                     /usr/lib/libpthread-2.21.so
7f98ba6e0000-7f98ba8df000 ---p 00018000 08:43 592188                     /usr/lib/libpthread-2.21.so
7f98ba8df000-7f98ba8e0000 r--p 00017000 08:43 592188                     /usr/lib/libpthread-2.21.so
7f98ba8e0000-7f98ba8e1000 rw-p 00018000 08:43 592188                     /usr/lib/libpthread-2.21.so
7f98ba8e1000-7f98ba8e5000 rw-p 00000000 00:00 0 
7f98ba8e8000-7f98ba90a000 r-xp 00000000 08:43 592210                     /usr/lib/ld-2.21.so
7f98ba90b000-7f98ba9f8000 rw-p 00000000 00:00 0 
7f98ba9f8000-7f98baa00000 rw-s 00000000 08:16 348                        /tmp/hsperfdata_nathan/13293 (deleted)
7f98baa02000-7f98baa03000 r--p 00000000 00:00 0 
7f98baa03000-7f98baa04000 rw-p 00000000 00:00 0 
7f98baa04000-7f98baa05000 ---p 00000000 00:00 0 
7f98baa05000-7f98baa08000 ---p 00000000 00:00 0 
7f98baa08000-7f98bab09000 rw-p 00000000 00:00 0                          [stack:13295]
7f98bab09000-7f98bab0a000 r--p 00021000 08:43 592210                     /usr/lib/ld-2.21.so
7f98bab0a000-7f98bab0b000 rw-p 00022000 08:43 592210                     /usr/lib/ld-2.21.so
7f98bab0b000-7f98bab0d000 rw-p 00000000 00:00 0 
7f98bab0d000-7f98bab0e000 rw-p 00000000 00:00 0 
7ffeac802000-7ffeac823000 rw-p 00000000 00:00 0                          [stack]
7ffeac848000-7ffeac84a000 r--p 00000000 00:00 0                          [vvar]
7ffeac84a000-7ffeac84c000 r-xp 00000000 00:00 0                          [vdso]
ffffffffff600000-ffffffffff601000 r-xp 00000000 00:00 0                  [vsyscall]

VM Arguments:
jvm_args: -Didea.launcher.port=7532 -Didea.launcher.bin.path=/home/nathan/exec/idea-IC-141.713.2/bin -Dfile.encoding=US-ASCII 
java_command: com.intellij.rt.execution.application.AppMain be.monfils.JExplorer.JExplorer
java_class_path (initial): /home/nathan/jdk1.8.0_31/jre/lib/plugin.jar:/home/nathan/jdk1.8.0_31/jre/lib/jce.jar:/home/nathan/jdk1.8.0_31/jre/lib/jsse.jar:/home/nathan/jdk1.8.0_31/jre/lib/resources.jar:/home/nathan/jdk1.8.0_31/jre/lib/management-agent.jar:/home/nathan/jdk1.8.0_31/jre/lib/deploy.jar:/home/nathan/jdk1.8.0_31/jre/lib/rt.jar:/home/nathan/jdk1.8.0_31/jre/lib/charsets.jar:/home/nathan/jdk1.8.0_31/jre/lib/javaws.jar:/home/nathan/jdk1.8.0_31/jre/lib/jfxswt.jar:/home/nathan/jdk1.8.0_31/jre/lib/jfr.jar:/home/nathan/jdk1.8.0_31/jre/lib/ext/sunjce_provider.jar:/home/nathan/jdk1.8.0_31/jre/lib/ext/sunpkcs11.jar:/home/nathan/jdk1.8.0_31/jre/lib/ext/jfxrt.jar:/home/nathan/jdk1.8.0_31/jre/lib/ext/dnsns.jar:/home/nathan/jdk1.8.0_31/jre/lib/ext/cldrdata.jar:/home/nathan/jdk1.8.0_31/jre/lib/ext/localedata.jar:/home/nathan/jdk1.8.0_31/jre/lib/ext/nashorn.jar:/home/nathan/jdk1.8.0_31/jre/lib/ext/zipfs.jar:/home/nathan/jdk1.8.0_31/jre/lib/ext/sunec.jar:/home/nathan/Projects/java/JExplorer/out/production/JExplorer:/home/nathan/Projects/java/lib/qtjambi-4.8.6.1-linux64/qtjambi-4.8.6.jar:/home/nathan/Projects/java/lib/qtjambi-4.8.6.1-linux64/qtjambi-designer-4.8.6.jar:/home/nathan/Projects/java/lib/qtjambi-4.8.6.1-linux64/qtjambi-examples-4.8.6.jar:/home/nathan/Projects/java/lib/qtjambi-4.8.6.1-linux64/qtjambi-native-linux64-gcc-4.8.6.jar:/home/nathan/Projects/java/lib/ini4j-0.5.4/ini4j-0.5.4.jar:/home/nathan/exec/idea-IC-141.713.2/lib/idea_rt.jar
Launcher Type: SUN_STANDARD

Environment Variables:
PATH=/usr/local/sbin:/usr/local/bin:/usr/bin:/usr/lib/jvm/default/bin:/usr/bin/site_perl:/usr/bin/vendor_perl:/usr/bin/core_perl:/usr/sbin
LD_LIBRARY_PATH=/home/nathan/exec/idea-IC-141.713.2/bin:
SHELL=/bin/zsh
DISPLAY=:0

Signal Handlers:
SIGSEGV: [libjvm.so+0xa7a650], sa_mask[0]=11111111011111111101111111111110, sa_flags=SA_RESTART|SA_SIGINFO
SIGBUS: [libjvm.so+0xa7a650], sa_mask[0]=11111111011111111101111111111110, sa_flags=SA_RESTART|SA_SIGINFO
SIGFPE: [libjvm.so+0x8e28f0], sa_mask[0]=11111111011111111101111111111110, sa_flags=SA_RESTART|SA_SIGINFO
SIGPIPE: [libjvm.so+0x8e28f0], sa_mask[0]=11111111011111111101111111111110, sa_flags=SA_RESTART|SA_SIGINFO
SIGXFSZ: [libjvm.so+0x8e28f0], sa_mask[0]=11111111011111111101111111111110, sa_flags=SA_RESTART|SA_SIGINFO
SIGILL: [libjvm.so+0x8e28f0], sa_mask[0]=11111111011111111101111111111110, sa_flags=SA_RESTART|SA_SIGINFO
SIGUSR1: SIG_DFL, sa_mask[0]=00000000000000000000000000000000, sa_flags=none
SIGUSR2: [libjvm.so+0x8e4120], sa_mask[0]=00100000000000000000000000000000, sa_flags=SA_RESTART|SA_SIGINFO
SIGHUP: [libjvm.so+0x8e54e0], sa_mask[0]=11111111011111111101111111111110, sa_flags=SA_RESTART|SA_SIGINFO
SIGINT: [libjvm.so+0x8e54e0], sa_mask[0]=11111111011111111101111111111110, sa_flags=SA_RESTART|SA_SIGINFO
SIGTERM: [libjvm.so+0x8e54e0], sa_mask[0]=11111111011111111101111111111110, sa_flags=SA_RESTART|SA_SIGINFO
SIGQUIT: [libjvm.so+0x8e54e0], sa_mask[0]=11111111011111111101111111111110, sa_flags=SA_RESTART|SA_SIGINFO


---------------  S Y S T E M  ---------------

OS:NAME="Arch Linux"
ID=arch
PRETTY_NAME="Arch Linux"
ANSI_COLOR="0;36"
HOME_URL="https://www.archlinux.org/"
SUPPORT_URL="https://bbs.archlinux.org/"
BUG_REPORT_URL="https://bugs.archlinux.org/"


uname:Linux 4.0.4-2-ARCH #1 SMP PREEMPT Fri May 22 03:05:23 UTC 2015 x86_64
libc:glibc 2.21 NPTL 2.21 
rlimit: STACK 8192k, CORE 0k, NPROC 31669, NOFILE 4096, AS infinity
load average:0.38 0.41 0.35

/proc/meminfo:
MemTotal:        8178552 kB
MemFree:         1425176 kB
MemAvailable:    4733204 kB
Buffers:           77600 kB
Cached:          3421184 kB
SwapCached:            0 kB
Active:          4927684 kB
Inactive:        1448808 kB
Active(anon):    2881188 kB
Inactive(anon):    90080 kB
Active(file):    2046496 kB
Inactive(file):  1358728 kB
Unevictable:        1288 kB
Mlocked:            1288 kB
SwapTotal:             0 kB
SwapFree:              0 kB
Dirty:             21264 kB
Writeback:             0 kB
AnonPages:       2879060 kB
Mapped:           569444 kB
Shmem:             93576 kB
Slab:             182828 kB
SReclaimable:     143480 kB
SUnreclaim:        39348 kB
KernelStack:        9984 kB
PageTables:        45060 kB
NFS_Unstable:          0 kB
Bounce:                0 kB
WritebackTmp:          0 kB
CommitLimit:     4089276 kB
Committed_AS:    7917968 kB
VmallocTotal:   34359738367 kB
VmallocUsed:      349036 kB
VmallocChunk:   34359384572 kB
HardwareCorrupted:     0 kB
AnonHugePages:   1228800 kB
HugePages_Total:       0
HugePages_Free:        0
HugePages_Rsvd:        0
HugePages_Surp:        0
Hugepagesize:       2048 kB
DirectMap4k:      892864 kB
DirectMap2M:     7493632 kB
DirectMap1G:           0 kB


CPU:total 6 (6 cores per cpu, 1 threads per core) family 21 model 2 stepping 0, cmov, cx8, fxsr, mmx, sse, sse2, sse3, ssse3, sse4.1, sse4.2, popcnt, avx, aes, clmul, mmxext, 3dnowpref, lzcnt, sse4a, tsc, tscinvbit, tscinv, bmi1

/proc/cpuinfo:
processor	: 0
vendor_id	: AuthenticAMD
cpu family	: 21
model		: 2
model name	: AMD FX(tm)-6300 Six-Core Processor
stepping	: 0
microcode	: 0x6000832
cpu MHz		: 3500.000
cache size	: 2048 KB
physical id	: 0
siblings	: 6
core id		: 0
cpu cores	: 3
apicid		: 0
initial apicid	: 0
fpu		: yes
fpu_exception	: yes
cpuid level	: 13
wp		: yes
flags		: fpu vme de pse tsc msr pae mce cx8 apic sep mtrr pge mca cmov pat pse36 clflush mmx fxsr sse sse2 ht syscall nx mmxext fxsr_opt pdpe1gb rdtscp lm constant_tsc rep_good nopl nonstop_tsc extd_apicid aperfmperf pni pclmulqdq monitor ssse3 fma cx16 sse4_1 sse4_2 popcnt aes xsave avx f16c lahf_lm cmp_legacy svm extapic cr8_legacy abm sse4a misalignsse 3dnowprefetch osvw ibs xop skinit wdt lwp fma4 tce nodeid_msr tbm topoext perfctr_core perfctr_nb arat cpb hw_pstate npt lbrv svm_lock nrip_save tsc_scale vmcb_clean flushbyasid decodeassists pausefilter pfthreshold vmmcall bmi1
bugs		: fxsave_leak
bogomips	: 7034.43
TLB size	: 1536 4K pages
clflush size	: 64
cache_alignment	: 64
address sizes	: 48 bits physical, 48 bits virtual
power management: ts ttp tm 100mhzsteps hwpstate cpb eff_freq_ro

processor	: 1
vendor_id	: AuthenticAMD
cpu family	: 21
model		: 2
model name	: AMD FX(tm)-6300 Six-Core Processor             
stepping	: 0
microcode	: 0x6000832
cpu MHz		: 1400.000
cache size	: 2048 KB
physical id	: 0
siblings	: 6
core id		: 1
cpu cores	: 3
apicid		: 1
initial apicid	: 1
fpu		: yes
fpu_exception	: yes
cpuid level	: 13
wp		: yes
flags		: fpu vme de pse tsc msr pae mce cx8 apic sep mtrr pge mca cmov pat pse36 clflush mmx fxsr sse sse2 ht syscall nx mmxext fxsr_opt pdpe1gb rdtscp lm constant_tsc rep_good nopl nonstop_tsc extd_apicid aperfmperf pni pclmulqdq monitor ssse3 fma cx16 sse4_1 sse4_2 popcnt aes xsave avx f16c lahf_lm cmp_legacy svm extapic cr8_legacy abm sse4a misalignsse 3dnowprefetch osvw ibs xop skinit wdt lwp fma4 tce nodeid_msr tbm topoext perfctr_core perfctr_nb arat cpb hw_pstate npt lbrv svm_lock nrip_save tsc_scale vmcb_clean flushbyasid decodeassists pausefilter pfthreshold vmmcall bmi1
bugs		: fxsave_leak
bogomips	: 7034.43
TLB size	: 1536 4K pages
clflush size	: 64
cache_alignment	: 64
address sizes	: 48 bits physical, 48 bits virtual
power management: ts ttp tm 100mhzsteps hwpstate cpb eff_freq_ro

processor	: 2
vendor_id	: AuthenticAMD
cpu family	: 21
model		: 2
model name	: AMD FX(tm)-6300 Six-Core Processor             
stepping	: 0
microcode	: 0x6000832
cpu MHz		: 1400.000
cache size	: 2048 KB
physical id	: 0
siblings	: 6
core id		: 2
cpu cores	: 3
apicid		: 2
initial apicid	: 2
fpu		: yes
fpu_exception	: yes
cpuid level	: 13
wp		: yes
flags		: fpu vme de pse tsc msr pae mce cx8 apic sep mtrr pge mca cmov pat pse36 clflush mmx fxsr sse sse2 ht syscall nx mmxext fxsr_opt pdpe1gb rdtscp lm constant_tsc rep_good nopl nonstop_tsc extd_apicid aperfmperf pni pclmulqdq monitor ssse3 fma cx16 sse4_1 sse4_2 popcnt aes xsave avx f16c lahf_lm cmp_legacy svm extapic cr8_legacy abm sse4a misalignsse 3dnowprefetch osvw ibs xop skinit wdt lwp fma4 tce nodeid_msr tbm topoext perfctr_core perfctr_nb arat cpb hw_pstate npt lbrv svm_lock nrip_save tsc_scale vmcb_clean flushbyasid decodeassists pausefilter pfthreshold vmmcall bmi1
bugs		: fxsave_leak
bogomips	: 7034.43
TLB size	: 1536 4K pages
clflush size	: 64
cache_alignment	: 64
address sizes	: 48 bits physical, 48 bits virtual
power management: ts ttp tm 100mhzsteps hwpstate cpb eff_freq_ro

processor	: 3
vendor_id	: AuthenticAMD
cpu family	: 21
model		: 2
model name	: AMD FX(tm)-6300 Six-Core Processor             
stepping	: 0
microcode	: 0x6000832
cpu MHz		: 3500.000
cache size	: 2048 KB
physical id	: 0
siblings	: 6
core id		: 3
cpu cores	: 3
apicid		: 3
initial apicid	: 3
fpu		: yes
fpu_exception	: yes
cpuid level	: 13
wp		: yes
flags		: fpu vme de pse tsc msr pae mce cx8 apic sep mtrr pge mca cmov pat pse36 clflush mmx fxsr sse sse2 ht syscall nx mmxext fxsr_opt pdpe1gb rdtscp lm constant_tsc rep_good nopl nonstop_tsc extd_apicid aperfmperf pni pclmulqdq monitor ssse3 fma cx16 sse4_1 sse4_2 popcnt aes xsave avx f16c lahf_lm cmp_legacy svm extapic cr8_legacy abm sse4a misalignsse 3dnowprefetch osvw ibs xop skinit wdt lwp fma4 tce nodeid_msr tbm topoext perfctr_core perfctr_nb arat cpb hw_pstate npt lbrv svm_lock nrip_save tsc_scale vmcb_clean flushbyasid decodeassists pausefilter pfthreshold vmmcall bmi1
bugs		: fxsave_leak
bogomips	: 7034.43
TLB size	: 1536 4K pages
clflush size	: 64
cache_alignment	: 64
address sizes	: 48 bits physical, 48 bits virtual
power management: ts ttp tm 100mhzsteps hwpstate cpb eff_freq_ro

processor	: 4
vendor_id	: AuthenticAMD
cpu family	: 21
model		: 2
model name	: AMD FX(tm)-6300 Six-Core Processor             
stepping	: 0
microcode	: 0x6000832
cpu MHz		: 1400.000
cache size	: 2048 KB
physical id	: 0
siblings	: 6
core id		: 5
cpu cores	: 3
apicid		: 4
initial apicid	: 5
fpu		: yes
fpu_exception	: yes
cpuid level	: 13
wp		: yes
flags		: fpu vme de pse tsc msr pae mce cx8 apic sep mtrr pge mca cmov pat pse36 clflush mmx fxsr sse sse2 ht syscall nx mmxext fxsr_opt pdpe1gb rdtscp lm constant_tsc rep_good nopl nonstop_tsc extd_apicid aperfmperf pni pclmulqdq monitor ssse3 fma cx16 sse4_1 sse4_2 popcnt aes xsave avx f16c lahf_lm cmp_legacy svm extapic cr8_legacy abm sse4a misalignsse 3dnowprefetch osvw ibs xop skinit wdt lwp fma4 tce nodeid_msr tbm topoext perfctr_core perfctr_nb arat cpb hw_pstate npt lbrv svm_lock nrip_save tsc_scale vmcb_clean flushbyasid decodeassists pausefilter pfthreshold vmmcall bmi1
bugs		: fxsave_leak
bogomips	: 7034.43
TLB size	: 1536 4K pages
clflush size	: 64
cache_alignment	: 64
address sizes	: 48 bits physical, 48 bits virtual
power management: ts ttp tm 100mhzsteps hwpstate cpb eff_freq_ro

processor	: 5
vendor_id	: AuthenticAMD
cpu family	: 21
model		: 2
model name	: AMD FX(tm)-6300 Six-Core Processor             
stepping	: 0
microcode	: 0x6000832
cpu MHz		: 1400.000
cache size	: 2048 KB
physical id	: 0
siblings	: 6
core id		: 4
cpu cores	: 3
apicid		: 5
initial apicid	: 4
fpu		: yes
fpu_exception	: yes
cpuid level	: 13
wp		: yes
flags		: fpu vme de pse tsc msr pae mce cx8 apic sep mtrr pge mca cmov pat pse36 clflush mmx fxsr sse sse2 ht syscall nx mmxext fxsr_opt pdpe1gb rdtscp lm constant_tsc rep_good nopl nonstop_tsc extd_apicid aperfmperf pni pclmulqdq monitor ssse3 fma cx16 sse4_1 sse4_2 popcnt aes xsave avx f16c lahf_lm cmp_legacy svm extapic cr8_legacy abm sse4a misalignsse 3dnowprefetch osvw ibs xop skinit wdt lwp fma4 tce nodeid_msr tbm topoext perfctr_core perfctr_nb arat cpb hw_pstate npt lbrv svm_lock nrip_save tsc_scale vmcb_clean flushbyasid decodeassists pausefilter pfthreshold vmmcall bmi1
bugs		: fxsave_leak
bogomips	: 7034.43
TLB size	: 1536 4K pages
clflush size	: 64
cache_alignment	: 64
address sizes	: 48 bits physical, 48 bits virtual
power management: ts ttp tm 100mhzsteps hwpstate cpb eff_freq_ro



Memory: 4k page, physical 8178552k(1425176k free), swap 0k(0k free)

vm_info: Java HotSpot(TM) 64-Bit Server VM (25.31-b07) for linux-amd64 JRE (1.8.0_31-b13), built on Dec 17 2014 20:40:15 by "java_re" with gcc 4.3.0 20080428 (Red Hat 4.3.0-8)

time: Sat Jun 13 16:21:36 2015
elapsed time: 6 seconds (0d 0h 0m 6s)

