#
# A fatal error has been detected by the Java Runtime Environment:
#
#  SIGSEGV (0xb) at pc=0x00007f37bc7e1057, pid=13813, tid=139878288930560
#
# JRE version: Java(TM) SE Runtime Environment (8.0_31-b13) (build 1.8.0_31-b13)
# Java VM: Java HotSpot(TM) 64-Bit Server VM (25.31-b07 mixed mode linux-amd64 compressed oops)
# Problematic frame:
# C  [libqtjambi.so.1+0x21057]  qtjambishell_signals_cleanup(QtJambiSignalInfo*, int)+0x37
#
# Failed to write core dump. Core dumps have been disabled. To enable core dumping, try "ulimit -c unlimited" before starting Java again
#
# If you would like to submit a bug report, please visit:
#   http://bugreport.java.com/bugreport/crash.jsp
#

---------------  T H R E A D  ---------------

Current thread is native thread

siginfo: si_signo: 11 (SIGSEGV), si_code: 1 (SEGV_MAPERR), si_addr: 0x0000000000000000

Registers:
RAX=0x0000000000000000, RBX=0x00007f37ec646bd0, RCX=0x00007f37ec0f31f0, RDX=0x00000000ffffffff
RSP=0x00007f37f3b92a40, RBP=0x0000000000000000, RSI=0x00007f37ec5f6f60, RDI=0x00007f37ec000040
R8 =0x00007f37ec0f3250, R9 =0x00007f37f3b93700, R10=0x0000000000000004, R11=0x0000000000000000
R12=0x00007f37ec646c40, R13=0x00007f37ec46cac0, R14=0x00007f377c0016e0, R15=0x00007f37ec4571a0
RIP=0x00007f37bc7e1057, EFLAGS=0x0000000000010206, CSGSFS=0x0000000000000033, ERR=0x0000000000000004
  TRAPNO=0x000000000000000e

Top of Stack: (sp=0x00007f37f3b92a40)
0x00007f37f3b92a40:   00007f37ec4571a0 00007f377c0016e0
0x00007f37f3b92a50:   00007f37ec4571a0 00007f378bf9bce0
0x00007f37f3b92a60:   00007f37f3b93700 00007f37ec4571a0
0x00007f37f3b92a70:   00007f377c0016e0 00007f378bf9bd19
0x00007f37f3b92a80:   00007f37ec4571a0 00007f37bdb2b898
0x00007f37f3b92a90:   00007f37f3b9feff 0000000000000000
0x00007f37f3b92aa0:   00007f37ec454140 0000000000000001
0x00007f37f3b92ab0:   0000000000000001 00007f37f3b92c78
0x00007f37f3b92ac0:   00007f37f3b92c10 00007f37f3b92c20
0x00007f37f3b92ad0:   00007f37f332d700 00007f37f2fded97
0x00007f37f3b92ae0:   00007f377c0016e0 0000003000000018
0x00007f37f3b92af0:   00007f37f3b92bc0 00007f37f3b92b00
0x00007f37f3b92b00:   0000001f00000000 00007f37f3b92b20
0x00007f37f3b92b10:   00007f37ec0f3268 0000000000000000
0x00007f37f3b92b20:   00007f37ec632e20 00007f37f3b92a00
0x00007f37f3b92b30:   00007f37bde78820 00007f37ec000020
0x00007f37f3b92b40:   0000000000000020 000000000169e550
0x00007f37f3b92b50:   00007f37ec632e78 00007f37ec450ed0
0x00007f37f3b92b60:   00007f377c0016e0 00007f37ec4571a0
0x00007f37f3b92b70:   00007f37ec46cac0 00007f378f5545a3
0x00007f37f3b92b80:   00007f37f332d700 0000000000000001
0x00007f37f3b92b90:   00007f37f3b92c78 00007f37f3b92bc0
0x00007f37f3b92ba0:   00007f37f332d700 00007f37bda07c47
0x00007f37f3b92bb0:   00007f37f3b92bc0 00007f37bc7fd0b8
0x00007f37f3b92bc0:   00007f37f3b92c00 0000000000000001
0x00007f37f3b92bd0:   00007f37f3b92c78 00007f37ec4571a0
0x00007f37f3b92be0:   00007f377c0016e0 00007f37ec450ed0
0x00007f37f3b92bf0:   00007f37ec46cac0 00007f377c0016e0
0x00007f37f3b92c00:   00007f37ec4571a0 00007f378f54f5dc
0x00007f37f3b92c10:   00007f37ec632e20 00007f37ec4571a0
0x00007f37f3b92c20:   00007f37ec4571a0 00007f37ec4571a0
0x00007f37f3b92c30:   00007f37ec46cac0 00007f378f555b1d 

Instructions: (pc=0x00007f37bc7e1057)
0x00007f37bc7e1037:   24 ff 48 89 c5 48 c1 e6 04 4c 8d 64 33 10 0f 1f
0x00007f37bc7e1047:   00 48 83 7b 08 00 74 24 48 8b 33 48 85 f6 74 14
0x00007f37bc7e1057:   48 8b 45 00 48 89 ef ff 90 18 07 00 00 48 c7 03
0x00007f37bc7e1067:   00 00 00 00 48 c7 43 08 00 00 00 00 48 83 c3 10 

Register to memory mapping:

RAX=0x0000000000000000 is an unknown value
RBX=0x00007f37ec646bd0 is an unknown value
RCX=0x00007f37ec0f31f0 is an unknown value
RDX=0x00000000ffffffff is an unallocated location in the heap
RSP=0x00007f37f3b92a40 is an unknown value
RBP=0x0000000000000000 is an unknown value
RSI=0x00007f37ec5f6f60 is a weak global jni handle
RDI=0x00007f37ec000040 is an unknown value
R8 =0x00007f37ec0f3250 is an unknown value
R9 =0x00007f37f3b93700 is an unknown value
R10=0x0000000000000004 is an unknown value
R11=0x0000000000000000 is an unknown value
R12=0x00007f37ec646c40 is an unknown value
R13=0x00007f37ec46cac0 is an unknown value
R14=0x00007f377c0016e0 is an unknown value
R15=0x00007f37ec4571a0 is an unknown value


Stack: [0x00007f37f3a93000,0x00007f37f3b94000],  sp=0x00007f37f3b92a40,  free space=1022k
Native frames: (J=compiled Java code, j=interpreted, Vv=VM code, C=native code)
C  [libqtjambi.so.1+0x21057]  qtjambishell_signals_cleanup(QtJambiSignalInfo*, int)+0x37

[error occurred during error reporting (printing native stack), id 0xb]


---------------  P R O C E S S  ---------------

VM state:at safepoint (shutting down)

VM Mutex/Monitor currently owned by a thread:  ([mutex/lock_event])
[0x00007f37ec006c00] Threads_lock - owner thread: 0x00007f37ec078800

Heap:
 PSYoungGen      total 37888K, used 328K [0x00000000d6600000, 0x00000000d9000000, 0x0000000100000000)
  eden space 32768K, 1% used [0x00000000d6600000,0x00000000d6652060,0x00000000d8600000)
  from space 5120K, 0% used [0x00000000d8b00000,0x00000000d8b00000,0x00000000d9000000)
  to   space 5120K, 0% used [0x00000000d8600000,0x00000000d8600000,0x00000000d8b00000)
 ParOldGen       total 86016K, used 4683K [0x0000000083200000, 0x0000000088600000, 0x00000000d6600000)
  object space 86016K, 5% used [0x0000000083200000,0x0000000083692cb0,0x0000000088600000)
 Metaspace       used 10318K, capacity 10472K, committed 10624K, reserved 1058816K
  class space    used 1109K, capacity 1140K, committed 1152K, reserved 1048576K

Card table byte_map: [0x00007f37f0ae0000,0x00007f37f0ec8000] byte_map_base: 0x00007f37f06c7000

Marking Bits: (ParMarkBitMap*) 0x00007f37f2f632a0
 Begin Bits: [0x00007f37c0190000, 0x00007f37c20c8000)
 End Bits:   [0x00007f37c20c8000, 0x00007f37c4000000)

Polling page: 0x00007f37f3a92000

CodeCache: size=245760Kb used=2871Kb max_used=2871Kb free=242888Kb
 bounds [0x00007f37dd000000, 0x00007f37dd2d0000, 0x00007f37ec000000]
 total_blobs=1074 nmethods=713 adapters=277
 compilation: enabled

Compilation events (10 events):
Event: 31.301 Thread 0x00007f37ec0b3800 nmethod 707 0x00007f37dd2cd450 code [0x00007f37dd2cd5c0, 0x00007f37dd2cd728]
Event: 31.301 Thread 0x00007f37ec0b3800  710       3       java.lang.ref.ReferenceQueue::remove (6 bytes)
Event: 31.301 Thread 0x00007f37ec0b3800 nmethod 710 0x00007f37dd2cd7d0 code [0x00007f37dd2cd940, 0x00007f37dd2cdb48]
Event: 31.302 Thread 0x00007f37ec0b3800  711   !   3       java.lang.ref.ReferenceQueue::remove (80 bytes)
Event: 31.302 Thread 0x00007f37ec0b3800 nmethod 711 0x00007f37dd2cdbd0 code [0x00007f37dd2cdda0, 0x00007f37dd2ce498]
Event: 31.304 Thread 0x00007f37ec0b3800  713       1       java.lang.ref.Reference::access$100 (4 bytes)
Event: 31.304 Thread 0x00007f37ec0b3800 nmethod 713 0x00007f37dd2cead0 code [0x00007f37dd2cec20, 0x00007f37dd2ced10]
Event: 31.304 Thread 0x00007f37ec0b3800  714       1       java.lang.ref.Finalizer::access$000 (4 bytes)
Event: 31.348 Thread 0x00007f37ec0b3800 nmethod 714 0x00007f37dd2ced50 code [0x00007f37dd2ceea0, 0x00007f37dd2cef90]
Event: 31.356 Thread 0x00007f37ec0af000  715       4       java.lang.ref.ReferenceQueue::reallyPoll (66 bytes)

GC Heap History (8 events):
Event: 31.259 GC heap before
{Heap before GC invocations=1 (full 0):
 PSYoungGen      total 37888K, used 31717K [0x00000000d6600000, 0x00000000d9000000, 0x0000000100000000)
  eden space 32768K, 96% used [0x00000000d6600000,0x00000000d84f9658,0x00000000d8600000)
  from space 5120K, 0% used [0x00000000d8b00000,0x00000000d8b00000,0x00000000d9000000)
  to   space 5120K, 0% used [0x00000000d8600000,0x00000000d8600000,0x00000000d8b00000)
 ParOldGen       total 86016K, used 0K [0x0000000083200000, 0x0000000088600000, 0x00000000d6600000)
  object space 86016K, 0% used [0x0000000083200000,0x0000000083200000,0x0000000088600000)
 Metaspace       used 10271K, capacity 10312K, committed 10624K, reserved 1058816K
  class space    used 1103K, capacity 1108K, committed 1152K, reserved 1048576K
Event: 31.269 GC heap after
Heap after GC invocations=1 (full 0):
 PSYoungGen      total 37888K, used 5113K [0x00000000d6600000, 0x00000000d9000000, 0x0000000100000000)
  eden space 32768K, 0% used [0x00000000d6600000,0x00000000d6600000,0x00000000d8600000)
  from space 5120K, 99% used [0x00000000d8600000,0x00000000d8afe6c0,0x00000000d8b00000)
  to   space 5120K, 0% used [0x00000000d8b00000,0x00000000d8b00000,0x00000000d9000000)
 ParOldGen       total 86016K, used 206K [0x0000000083200000, 0x0000000088600000, 0x00000000d6600000)
  object space 86016K, 0% used [0x0000000083200000,0x0000000083233840,0x0000000088600000)
 Metaspace       used 10271K, capacity 10312K, committed 10624K, reserved 1058816K
  class space    used 1103K, capacity 1108K, committed 1152K, reserved 1048576K
}
Event: 31.269 GC heap before
{Heap before GC invocations=2 (full 1):
 PSYoungGen      total 37888K, used 5113K [0x00000000d6600000, 0x00000000d9000000, 0x0000000100000000)
  eden space 32768K, 0% used [0x00000000d6600000,0x00000000d6600000,0x00000000d8600000)
  from space 5120K, 99% used [0x00000000d8600000,0x00000000d8afe6c0,0x00000000d8b00000)
  to   space 5120K, 0% used [0x00000000d8b00000,0x00000000d8b00000,0x00000000d9000000)
 ParOldGen       total 86016K, used 206K [0x0000000083200000, 0x0000000088600000, 0x00000000d6600000)
  object space 86016K, 0% used [0x0000000083200000,0x0000000083233840,0x0000000088600000)
 Metaspace       used 10271K, capacity 10312K, committed 10624K, reserved 1058816K
  class space    used 1103K, capacity 1108K, committed 1152K, reserved 1048576K
Event: 31.297 GC heap after
Heap after GC invocations=2 (full 1):
 PSYoungGen      total 37888K, used 0K [0x00000000d6600000, 0x00000000d9000000, 0x0000000100000000)
  eden space 32768K, 0% used [0x00000000d6600000,0x00000000d6600000,0x00000000d8600000)
  from space 5120K, 0% used [0x00000000d8600000,0x00000000d8600000,0x00000000d8b00000)
  to   space 5120K, 0% used [0x00000000d8b00000,0x00000000d8b00000,0x00000000d9000000)
 ParOldGen       total 86016K, used 5109K [0x0000000083200000, 0x0000000088600000, 0x00000000d6600000)
  object space 86016K, 5% used [0x0000000083200000,0x00000000836fd548,0x0000000088600000)
 Metaspace       used 10271K, capacity 10312K, committed 10624K, reserved 1058816K
  class space    used 1103K, capacity 1108K, committed 1152K, reserved 1048576K
}
Event: 31.304 GC heap before
{Heap before GC invocations=3 (full 1):
 PSYoungGen      total 37888K, used 1310K [0x00000000d6600000, 0x00000000d9000000, 0x0000000100000000)
  eden space 32768K, 4% used [0x00000000d6600000,0x00000000d6747b88,0x00000000d8600000)
  from space 5120K, 0% used [0x00000000d8600000,0x00000000d8600000,0x00000000d8b00000)
  to   space 5120K, 0% used [0x00000000d8b00000,0x00000000d8b00000,0x00000000d9000000)
 ParOldGen       total 86016K, used 5109K [0x0000000083200000, 0x0000000088600000, 0x00000000d6600000)
  object space 86016K, 5% used [0x0000000083200000,0x00000000836fd548,0x0000000088600000)
 Metaspace       used 10318K, capacity 10472K, committed 10624K, reserved 1058816K
  class space    used 1109K, capacity 1140K, committed 1152K, reserved 1048576K
Event: 31.305 GC heap after
Heap after GC invocations=3 (full 1):
 PSYoungGen      total 37888K, used 160K [0x00000000d6600000, 0x00000000d9000000, 0x0000000100000000)
  eden space 32768K, 0% used [0x00000000d6600000,0x00000000d6600000,0x00000000d8600000)
  from space 5120K, 3% used [0x00000000d8b00000,0x00000000d8b28000,0x00000000d9000000)
  to   space 5120K, 0% used [0x00000000d8600000,0x00000000d8600000,0x00000000d8b00000)
 ParOldGen       total 86016K, used 5117K [0x0000000083200000, 0x0000000088600000, 0x00000000d6600000)
  object space 86016K, 5% used [0x0000000083200000,0x00000000836ff548,0x0000000088600000)
 Metaspace       used 10318K, capacity 10472K, committed 10624K, reserved 1058816K
  class space    used 1109K, capacity 1140K, committed 1152K, reserved 1048576K
}
Event: 31.305 GC heap before
{Heap before GC invocations=4 (full 2):
 PSYoungGen      total 37888K, used 160K [0x00000000d6600000, 0x00000000d9000000, 0x0000000100000000)
  eden space 32768K, 0% used [0x00000000d6600000,0x00000000d6600000,0x00000000d8600000)
  from space 5120K, 3% used [0x00000000d8b00000,0x00000000d8b28000,0x00000000d9000000)
  to   space 5120K, 0% used [0x00000000d8600000,0x00000000d8600000,0x00000000d8b00000)
 ParOldGen       total 86016K, used 5117K [0x0000000083200000, 0x0000000088600000, 0x00000000d6600000)
  object space 86016K, 5% used [0x0000000083200000,0x00000000836ff548,0x0000000088600000)
 Metaspace       used 10318K, capacity 10472K, committed 10624K, reserved 1058816K
  class space    used 1109K, capacity 1140K, committed 1152K, reserved 1048576K
Event: 31.348 GC heap after
Heap after GC invocations=4 (full 2):
 PSYoungGen      total 37888K, used 0K [0x00000000d6600000, 0x00000000d9000000, 0x0000000100000000)
  eden space 32768K, 0% used [0x00000000d6600000,0x00000000d6600000,0x00000000d8600000)
  from space 5120K, 0% used [0x00000000d8b00000,0x00000000d8b00000,0x00000000d9000000)
  to   space 5120K, 0% used [0x00000000d8600000,0x00000000d8600000,0x00000000d8b00000)
 ParOldGen       total 86016K, used 4683K [0x0000000083200000, 0x0000000088600000, 0x00000000d6600000)
  object space 86016K, 5% used [0x0000000083200000,0x0000000083692cb0,0x0000000088600000)
 Metaspace       used 10318K, capacity 10472K, committed 10624K, reserved 1058816K
  class space    used 1109K, capacity 1140K, committed 1152K, reserved 1048576K
}

Deoptimization events (1 events):
Event: 1.772 Thread 0x00007f37ec009000 Uncommon trap: reason=range_check action=make_not_entrant pc=0x00007f37dd228f80 method=sun.reflect.generics.parser.SignatureParser.current()C @ 34

Internal exceptions (10 events):
Event: 1.772 Thread 0x00007f37ec009000 Exception <a 'java/lang/ArrayIndexOutOfBoundsException': 110> (0x00000000d7e4fb00) thrown at [/HUDSON/workspace/8-2-build-linux-amd64/jdk8u31/2394/hotspot/src/share/vm/interpreter/interpreterRuntime.cpp, line 366]
Event: 31.244 Thread 0x00007f37ec770000 Exception <a 'java/security/PrivilegedActionException'> (0x00000000d8455f90) thrown at [/HUDSON/workspace/8-2-build-linux-amd64/jdk8u31/2394/hotspot/src/share/vm/prims/jvm.cpp, line 1312]
Event: 31.246 Thread 0x00007f37ec770000 Exception <a 'java/security/PrivilegedActionException'> (0x00000000d845bb30) thrown at [/HUDSON/workspace/8-2-build-linux-amd64/jdk8u31/2394/hotspot/src/share/vm/prims/jvm.cpp, line 1312]
Event: 31.247 Thread 0x00007f37ec770000 Exception <a 'java/security/PrivilegedActionException'> (0x00000000d84603b8) thrown at [/HUDSON/workspace/8-2-build-linux-amd64/jdk8u31/2394/hotspot/src/share/vm/prims/jvm.cpp, line 1312]
Event: 31.250 Thread 0x00007f37ec770000 Exception <a 'java/security/PrivilegedActionException'> (0x00000000d846c080) thrown at [/HUDSON/workspace/8-2-build-linux-amd64/jdk8u31/2394/hotspot/src/share/vm/prims/jvm.cpp, line 1312]
Event: 31.252 Thread 0x00007f37ec770000 Exception <a 'java/security/PrivilegedActionException'> (0x00000000d8471a18) thrown at [/HUDSON/workspace/8-2-build-linux-amd64/jdk8u31/2394/hotspot/src/share/vm/prims/jvm.cpp, line 1312]
Event: 31.256 Thread 0x00007f37ec770000 Exception <a 'java/security/PrivilegedActionException'> (0x00000000d84865e0) thrown at [/HUDSON/workspace/8-2-build-linux-amd64/jdk8u31/2394/hotspot/src/share/vm/prims/jvm.cpp, line 1312]
Event: 31.257 Thread 0x00007f37ec770000 Exception <a 'java/security/PrivilegedActionException'> (0x00000000d848d690) thrown at [/HUDSON/workspace/8-2-build-linux-amd64/jdk8u31/2394/hotspot/src/share/vm/prims/jvm.cpp, line 1312]
Event: 31.302 Thread 0x00007f37ec770000 Exception <a 'java/security/PrivilegedActionException'> (0x00000000d66009f8) thrown at [/HUDSON/workspace/8-2-build-linux-amd64/jdk8u31/2394/hotspot/src/share/vm/prims/jvm.cpp, line 1312]
Event: 31.304 Thread 0x00007f37ec2de000 Exception <a 'java/lang/InterruptedException': sleep interrupted> (0x00000000d66f5d08) thrown at [/HUDSON/workspace/8-2-build-linux-amd64/jdk8u31/2394/hotspot/src/share/vm/prims/jvm.cpp, line 3141]

Events (10 events):
Event: 31.303 loading class java/util/concurrent/locks/ReentrantReadWriteLock$ReadLock done
Event: 31.303 loading class java/util/concurrent/locks/ReentrantReadWriteLock$WriteLock
Event: 31.303 loading class java/util/concurrent/locks/ReentrantReadWriteLock$WriteLock done
Event: 31.304 Thread 0x00007f37ec2de000 Thread exited: 0x00007f37ec2de000
Event: 31.304 Executing VM operation: ParallelGCSystemGC
Event: 31.348 Executing VM operation: ParallelGCSystemGC done
Event: 31.348 Thread 0x00007f377c014800 Thread added: 0x00007f377c014800
Event: 31.357 Thread 0x00007f377c014800 Thread exited: 0x00007f377c014800
Event: 31.357 Thread 0x00007f37ec770000 Thread exited: 0x00007f37ec770000
Event: 31.357 Thread 0x00007f37ec009000 Thread exited: 0x00007f37ec009000


Dynamic libraries:
00400000-00401000 r-xp 00000000 00:22 152985                             /home/nathan/jdk1.8.0_31/bin/java
00600000-00601000 rw-p 00000000 00:22 152985                             /home/nathan/jdk1.8.0_31/bin/java
0169c000-016bd000 rw-p 00000000 00:00 0                                  [heap]
83200000-88600000 rw-p 00000000 00:00 0 
88600000-d6600000 ---p 00000000 00:00 0 
d6600000-d9000000 rw-p 00000000 00:00 0 
d9000000-100000000 ---p 00000000 00:00 0 
100000000-100120000 rw-p 00000000 00:00 0 
100120000-140000000 ---p 00000000 00:00 0 
7f377c000000-7f377c037000 rw-p 00000000 00:00 0 
7f377c037000-7f3780000000 ---p 00000000 00:00 0 
7f3780000000-7f3780021000 rw-p 00000000 00:00 0 
7f3780021000-7f3784000000 ---p 00000000 00:00 0 
7f3784000000-7f3784021000 rw-p 00000000 00:00 0 
7f3784021000-7f3788000000 ---p 00000000 00:00 0 
7f378997e000-7f3789981000 ---p 00000000 00:00 0 
7f3789981000-7f3789a7f000 rw-p 00000000 00:00 0 
7f3789a7f000-7f3789a82000 ---p 00000000 00:00 0 
7f3789a82000-7f3789b80000 rw-p 00000000 00:00 0 
7f3789b80000-7f3789d55000 rw-s 00000000 00:05 52822031                   /SYSV00000000 (deleted)
7f3789d58000-7f3789d7d000 r-xp 00000000 08:43 596787                     /usr/lib/liblzma.so.5.2.1
7f3789d7d000-7f3789f7c000 ---p 00025000 08:43 596787                     /usr/lib/liblzma.so.5.2.1
7f3789f7c000-7f3789f7d000 r--p 00024000 08:43 596787                     /usr/lib/liblzma.so.5.2.1
7f3789f7d000-7f3789f7e000 rw-p 00025000 08:43 596787                     /usr/lib/liblzma.so.5.2.1
7f3789f80000-7f3789ffc000 r-xp 00000000 08:43 1634046                    /usr/lib/libtiff.so.5.2.0
7f3789ffc000-7f378a1fc000 ---p 0007c000 08:43 1634046                    /usr/lib/libtiff.so.5.2.0
7f378a1fc000-7f378a1fd000 r--p 0007c000 08:43 1634046                    /usr/lib/libtiff.so.5.2.0
7f378a1fd000-7f378a203000 rw-p 0007d000 08:43 1634046                    /usr/lib/libtiff.so.5.2.0
7f378a203000-7f378a204000 rw-p 00000000 00:00 0 
7f378a208000-7f378a20f000 r-xp 00000000 08:43 1713220                    /usr/lib/qt4/plugins/imageformats/libqtiff.so
7f378a20f000-7f378a40e000 ---p 00007000 08:43 1713220                    /usr/lib/qt4/plugins/imageformats/libqtiff.so
7f378a40e000-7f378a40f000 r--p 00006000 08:43 1713220                    /usr/lib/qt4/plugins/imageformats/libqtiff.so
7f378a40f000-7f378a410000 rw-p 00007000 08:43 1713220                    /usr/lib/qt4/plugins/imageformats/libqtiff.so
7f378a410000-7f378a466000 r-xp 00000000 08:43 1637076                    /usr/lib/libQtSvg.so.4.8.7
7f378a466000-7f378a666000 ---p 00056000 08:43 1637076                    /usr/lib/libQtSvg.so.4.8.7
7f378a666000-7f378a668000 r--p 00056000 08:43 1637076                    /usr/lib/libQtSvg.so.4.8.7
7f378a668000-7f378a669000 rw-p 00058000 08:43 1637076                    /usr/lib/libQtSvg.so.4.8.7
7f378a670000-7f378a675000 r-xp 00000000 08:43 1713219                    /usr/lib/qt4/plugins/imageformats/libqsvg.so
7f378a675000-7f378a874000 ---p 00005000 08:43 1713219                    /usr/lib/qt4/plugins/imageformats/libqsvg.so
7f378a874000-7f378a875000 r--p 00004000 08:43 1713219                    /usr/lib/qt4/plugins/imageformats/libqsvg.so
7f378a875000-7f378a876000 rw-p 00005000 08:43 1713219                    /usr/lib/qt4/plugins/imageformats/libqsvg.so
7f378a878000-7f378a8ce000 r-xp 00000000 08:43 1634616                    /usr/lib/liblcms2.so.2.0.7
7f378a8ce000-7f378aacd000 ---p 00056000 08:43 1634616                    /usr/lib/liblcms2.so.2.0.7
7f378aacd000-7f378aace000 r--p 00055000 08:43 1634616                    /usr/lib/liblcms2.so.2.0.7
7f378aace000-7f378aad3000 rw-p 00056000 08:43 1634616                    /usr/lib/liblcms2.so.2.0.7
7f378aad8000-7f378ab2f000 r-xp 00000000 08:43 1633255                    /usr/lib/libjpeg.so.8.0.2
7f378ab2f000-7f378ad2f000 ---p 00057000 08:43 1633255                    /usr/lib/libjpeg.so.8.0.2
7f378ad2f000-7f378ad31000 r--p 00057000 08:43 1633255                    /usr/lib/libjpeg.so.8.0.2
7f378ad31000-7f378ad32000 rw-p 00059000 08:43 1633255                    /usr/lib/libjpeg.so.8.0.2
7f378ad38000-7f378ada5000 r-xp 00000000 08:43 1636987                    /usr/lib/libmng.so.2.0.2
7f378ada5000-7f378afa5000 ---p 0006d000 08:43 1636987                    /usr/lib/libmng.so.2.0.2
7f378afa5000-7f378afa8000 r--p 0006d000 08:43 1636987                    /usr/lib/libmng.so.2.0.2
7f378afa8000-7f378afaa000 rw-p 00070000 08:43 1636987                    /usr/lib/libmng.so.2.0.2
7f378aff8000-7f378affd000 r-xp 00000000 08:43 1713218                    /usr/lib/qt4/plugins/imageformats/libqmng.so
7f378affd000-7f378b1fd000 ---p 00005000 08:43 1713218                    /usr/lib/qt4/plugins/imageformats/libqmng.so
7f378b1fd000-7f378b1fe000 r--p 00005000 08:43 1713218                    /usr/lib/qt4/plugins/imageformats/libqmng.so
7f378b1fe000-7f378b1ff000 rw-p 00006000 08:43 1713218                    /usr/lib/qt4/plugins/imageformats/libqmng.so
7f378b200000-7f378b207000 r-xp 00000000 08:43 1713221                    /usr/lib/qt4/plugins/imageformats/libqico.so
7f378b207000-7f378b406000 ---p 00007000 08:43 1713221                    /usr/lib/qt4/plugins/imageformats/libqico.so
7f378b406000-7f378b407000 r--p 00006000 08:43 1713221                    /usr/lib/qt4/plugins/imageformats/libqico.so
7f378b407000-7f378b408000 rw-p 00007000 08:43 1713221                    /usr/lib/qt4/plugins/imageformats/libqico.so
7f378b408000-7f378b40f000 r-xp 00000000 08:43 1713216                    /usr/lib/qt4/plugins/imageformats/libqgif.so
7f378b40f000-7f378b60e000 ---p 00007000 08:43 1713216                    /usr/lib/qt4/plugins/imageformats/libqgif.so
7f378b60e000-7f378b60f000 r--p 00006000 08:43 1713216                    /usr/lib/qt4/plugins/imageformats/libqgif.so
7f378b60f000-7f378b610000 rw-p 00007000 08:43 1713216                    /usr/lib/qt4/plugins/imageformats/libqgif.so
7f378b610000-7f378b635000 r--p 00000000 08:43 835678                     /usr/share/fonts/DroidFonts/DroidSans.ttf
7f378b638000-7f378b778000 rw-p 00000000 00:00 0 
7f378b778000-7f378b838000 ---p 00000000 00:00 0 
7f378b838000-7f378b83b000 r-xp 00000000 08:43 599049                     /usr/lib/gconv/UTF-16.so
7f378b83b000-7f378ba3a000 ---p 00003000 08:43 599049                     /usr/lib/gconv/UTF-16.so
7f378ba3a000-7f378ba3b000 r--p 00002000 08:43 599049                     /usr/lib/gconv/UTF-16.so
7f378ba3b000-7f378ba3c000 rw-p 00003000 08:43 599049                     /usr/lib/gconv/UTF-16.so
7f378ba40000-7f378c54b000 r-xp 00000000 08:16 411                        /tmp/QtJambi_nathan_amd64_4.8.6_gcc-20150115-1633/lib/libcom_trolltech_qt_gui.so.1
7f378c54b000-7f378c74a000 ---p 00b0b000 08:16 411                        /tmp/QtJambi_nathan_amd64_4.8.6_gcc-20150115-1633/lib/libcom_trolltech_qt_gui.so.1
7f378c74a000-7f378c7a4000 rw-p 00b0a000 08:16 411                        /tmp/QtJambi_nathan_amd64_4.8.6_gcc-20150115-1633/lib/libcom_trolltech_qt_gui.so.1
7f378c7a4000-7f378c7ab000 rw-p 00000000 00:00 0 
7f378c7b0000-7f378c7b5000 r-xp 00000000 08:43 1630232                    /usr/lib/libXdmcp.so.6.0.0
7f378c7b5000-7f378c9b4000 ---p 00005000 08:43 1630232                    /usr/lib/libXdmcp.so.6.0.0
7f378c9b4000-7f378c9b5000 r--p 00004000 08:43 1630232                    /usr/lib/libXdmcp.so.6.0.0
7f378c9b5000-7f378c9b6000 rw-p 00005000 08:43 1630232                    /usr/lib/libXdmcp.so.6.0.0
7f378c9b8000-7f378c9ba000 r-xp 00000000 08:43 1633242                    /usr/lib/libXau.so.6.0.0
7f378c9ba000-7f378cbba000 ---p 00002000 08:43 1633242                    /usr/lib/libXau.so.6.0.0
7f378cbba000-7f378cbbb000 r--p 00002000 08:43 1633242                    /usr/lib/libXau.so.6.0.0
7f378cbbb000-7f378cbbc000 rw-p 00003000 08:43 1633242                    /usr/lib/libXau.so.6.0.0
7f378cbc0000-7f378cbdc000 r-xp 00000000 08:43 1633203                    /usr/lib/libgraphite2.so.3.0.1
7f378cbdc000-7f378cddb000 ---p 0001c000 08:43 1633203                    /usr/lib/libgraphite2.so.3.0.1
7f378cddb000-7f378cddd000 r--p 0001b000 08:43 1633203                    /usr/lib/libgraphite2.so.3.0.1
7f378cddd000-7f378cdde000 rw-p 0001d000 08:43 1633203                    /usr/lib/libgraphite2.so.3.0.1
7f378cde0000-7f378ce01000 r-xp 00000000 08:43 1633278                    /usr/lib/libxcb.so.1.1.0
7f378ce01000-7f378d000000 ---p 00021000 08:43 1633278                    /usr/lib/libxcb.so.1.1.0
7f378d000000-7f378d001000 r--p 00020000 08:43 1633278                    /usr/lib/libxcb.so.1.1.0
7f378d001000-7f378d002000 rw-p 00021000 08:43 1633278                    /usr/lib/libxcb.so.1.1.0
7f378d008000-7f378d02f000 r-xp 00000000 08:43 595921                     /usr/lib/libexpat.so.1.6.0
7f378d02f000-7f378d22e000 ---p 00027000 08:43 595921                     /usr/lib/libexpat.so.1.6.0
7f378d22e000-7f378d231000 r--p 00026000 08:43 595921                     /usr/lib/libexpat.so.1.6.0
7f378d231000-7f378d232000 rw-p 00029000 08:43 595921                     /usr/lib/libexpat.so.1.6.0
7f378d238000-7f378d23c000 r-xp 00000000 08:43 1636619                    /usr/lib/libuuid.so.1.3.0
7f378d23c000-7f378d43b000 ---p 00004000 08:43 1636619                    /usr/lib/libuuid.so.1.3.0
7f378d43b000-7f378d43c000 r--p 00003000 08:43 1636619                    /usr/lib/libuuid.so.1.3.0
7f378d43c000-7f378d43d000 rw-p 00004000 08:43 1636619                    /usr/lib/libuuid.so.1.3.0
7f378d440000-7f378d49a000 r-xp 00000000 08:43 1633208                    /usr/lib/libharfbuzz.so.0.940.0
7f378d49a000-7f378d699000 ---p 0005a000 08:43 1633208                    /usr/lib/libharfbuzz.so.0.940.0
7f378d699000-7f378d69c000 r--p 00059000 08:43 1633208                    /usr/lib/libharfbuzz.so.0.940.0
7f378d69c000-7f378d69d000 rw-p 0005c000 08:43 1633208                    /usr/lib/libharfbuzz.so.0.940.0
7f378d6a0000-7f378d6af000 r-xp 00000000 08:43 593233                     /usr/lib/libbz2.so.1.0.6
7f378d6af000-7f378d8ae000 ---p 0000f000 08:43 593233                     /usr/lib/libbz2.so.1.0.6
7f378d8ae000-7f378d8b0000 rw-p 0000e000 08:43 593233                     /usr/lib/libbz2.so.1.0.6
7f378d8b0000-7f378d9eb000 r-xp 00000000 08:43 1633332                    /usr/lib/libX11.so.6.3.0
7f378d9eb000-7f378dbea000 ---p 0013b000 08:43 1633332                    /usr/lib/libX11.so.6.3.0
7f378dbea000-7f378dbec000 r--p 0013a000 08:43 1633332                    /usr/lib/libX11.so.6.3.0
7f378dbec000-7f378dbf1000 rw-p 0013c000 08:43 1633332                    /usr/lib/libX11.so.6.3.0
7f378dbf1000-7f378dbf2000 rw-p 00000000 00:00 0 
7f378dbf8000-7f378dc09000 r-xp 00000000 08:43 1633375                    /usr/lib/libXext.so.6.4.0
7f378dc09000-7f378de08000 ---p 00011000 08:43 1633375                    /usr/lib/libXext.so.6.4.0
7f378de08000-7f378de09000 r--p 00010000 08:43 1633375                    /usr/lib/libXext.so.6.4.0
7f378de09000-7f378de0a000 rw-p 00011000 08:43 1633375                    /usr/lib/libXext.so.6.4.0
7f378de10000-7f378de4b000 r-xp 00000000 08:43 1633337                    /usr/lib/libfontconfig.so.1.8.0
7f378de4b000-7f378e04a000 ---p 0003b000 08:43 1633337                    /usr/lib/libfontconfig.so.1.8.0
7f378e04a000-7f378e04c000 r--p 0003a000 08:43 1633337                    /usr/lib/libfontconfig.so.1.8.0
7f378e04c000-7f378e04d000 rw-p 0003c000 08:43 1633337                    /usr/lib/libfontconfig.so.1.8.0
7f378e050000-7f378e052000 r-xp 00000000 08:43 1634880                    /usr/lib/libXinerama.so.1.0.0
7f378e052000-7f378e251000 ---p 00002000 08:43 1634880                    /usr/lib/libXinerama.so.1.0.0
7f378e251000-7f378e252000 r--p 00001000 08:43 1634880                    /usr/lib/libXinerama.so.1.0.0
7f378e252000-7f378e253000 rw-p 00002000 08:43 1634880                    /usr/lib/libXinerama.so.1.0.0
7f378e258000-7f378e262000 r-xp 00000000 08:43 1634360                    /usr/lib/libXcursor.so.1.0.2
7f378e262000-7f378e461000 ---p 0000a000 08:43 1634360                    /usr/lib/libXcursor.so.1.0.2
7f378e461000-7f378e462000 r--p 00009000 08:43 1634360                    /usr/lib/libXcursor.so.1.0.2
7f378e462000-7f378e463000 rw-p 0000a000 08:43 1634360                    /usr/lib/libXcursor.so.1.0.2
7f378e468000-7f378e46d000 r-xp 00000000 08:43 1633381                    /usr/lib/libXfixes.so.3.1.0
7f378e46d000-7f378e66c000 ---p 00005000 08:43 1633381                    /usr/lib/libXfixes.so.3.1.0
7f378e66c000-7f378e66d000 r--p 00004000 08:43 1633381                    /usr/lib/libXfixes.so.3.1.0
7f378e66d000-7f378e66e000 rw-p 00005000 08:43 1633381                    /usr/lib/libXfixes.so.3.1.0
7f378e670000-7f378e67a000 r-xp 00000000 08:43 1634354                    /usr/lib/libXrandr.so.2.2.0
7f378e67a000-7f378e879000 ---p 0000a000 08:43 1634354                    /usr/lib/libXrandr.so.2.2.0
7f378e879000-7f378e87a000 r--p 00009000 08:43 1634354                    /usr/lib/libXrandr.so.2.2.0
7f378e87a000-7f378e87b000 rw-p 0000a000 08:43 1634354                    /usr/lib/libXrandr.so.2.2.0
7f378e880000-7f378e889000 r-xp 00000000 08:43 1633503                    /usr/lib/libXrender.so.1.3.0
7f378e889000-7f378ea88000 ---p 00009000 08:43 1633503                    /usr/lib/libXrender.so.1.3.0
7f378ea88000-7f378ea89000 r--p 00008000 08:43 1633503                    /usr/lib/libXrender.so.1.3.0
7f378ea89000-7f378ea8a000 rw-p 00009000 08:43 1633503                    /usr/lib/libXrender.so.1.3.0
7f378ea90000-7f378ea9f000 r-xp 00000000 08:43 1633507                    /usr/lib/libXi.so.6.1.0
7f378ea9f000-7f378ec9f000 ---p 0000f000 08:43 1633507                    /usr/lib/libXi.so.6.1.0
7f378ec9f000-7f378eca0000 r--p 0000f000 08:43 1633507                    /usr/lib/libXi.so.6.1.0
7f378eca0000-7f378eca1000 rw-p 00010000 08:43 1633507                    /usr/lib/libXi.so.6.1.0
7f378eca8000-7f378ecc0000 r-xp 00000000 08:43 1633952                    /usr/lib/libICE.so.6.3.0
7f378ecc0000-7f378eebf000 ---p 00018000 08:43 1633952                    /usr/lib/libICE.so.6.3.0
7f378eebf000-7f378eec0000 r--p 00017000 08:43 1633952                    /usr/lib/libICE.so.6.3.0
7f378eec0000-7f378eec1000 rw-p 00018000 08:43 1633952                    /usr/lib/libICE.so.6.3.0
7f378eec1000-7f378eec5000 rw-p 00000000 00:00 0 
7f378eec8000-7f378eecf000 r-xp 00000000 08:43 1633953                    /usr/lib/libSM.so.6.0.1
7f378eecf000-7f378f0ce000 ---p 00007000 08:43 1633953                    /usr/lib/libSM.so.6.0.1
7f378f0ce000-7f378f0cf000 r--p 00006000 08:43 1633953                    /usr/lib/libSM.so.6.0.1
7f378f0cf000-7f378f0d0000 rw-p 00007000 08:43 1633953                    /usr/lib/libSM.so.6.0.1
7f378f0d0000-7f378f186000 r-xp 00000000 08:43 1633214                    /usr/lib/libfreetype.so.6.11.4
7f378f186000-7f378f386000 ---p 000b6000 08:43 1633214                    /usr/lib/libfreetype.so.6.11.4
7f378f386000-7f378f38c000 r--p 000b6000 08:43 1633214                    /usr/lib/libfreetype.so.6.11.4
7f378f38c000-7f378f38d000 rw-p 000bc000 08:43 1633214                    /usr/lib/libfreetype.so.6.11.4
7f378f390000-7f378fdb6000 r-xp 00000000 08:16 356                        /tmp/QtJambi_nathan_amd64_4.8.6_gcc-20150115-1633/lib/libQtGui.so.4
7f378fdb6000-7f378ffb5000 ---p 00a26000 08:16 356                        /tmp/QtJambi_nathan_amd64_4.8.6_gcc-20150115-1633/lib/libQtGui.so.4
7f378ffb5000-7f378fffd000 rw-p 00a25000 08:16 356                        /tmp/QtJambi_nathan_amd64_4.8.6_gcc-20150115-1633/lib/libQtGui.so.4
7f378fffd000-7f3790000000 rw-p 00000000 00:00 0 
7f3790000000-7f379002e000 rw-p 00000000 00:00 0 
7f379002e000-7f3794000000 ---p 00000000 00:00 0 
7f3794000000-7f3794021000 rw-p 00000000 00:00 0 
7f3794021000-7f3798000000 ---p 00000000 00:00 0 
7f3798000000-7f3798021000 rw-p 00000000 00:00 0 
7f3798021000-7f379c000000 ---p 00000000 00:00 0 
7f379c000000-7f379c021000 rw-p 00000000 00:00 0 
7f379c021000-7f37a0000000 ---p 00000000 00:00 0 
7f37a0000000-7f37a0211000 rw-p 00000000 00:00 0 
7f37a0211000-7f37a4000000 ---p 00000000 00:00 0 
7f37a4000000-7f37a4314000 rw-p 00000000 00:00 0 
7f37a4314000-7f37a8000000 ---p 00000000 00:00 0 
7f37a8000000-7f37a8021000 rw-p 00000000 00:00 0 
7f37a8021000-7f37ac000000 ---p 00000000 00:00 0 
7f37ac000000-7f37ac380000 rw-p 00000000 00:00 0 
7f37ac380000-7f37b0000000 ---p 00000000 00:00 0 
7f37b0000000-7f37b0021000 rw-p 00000000 00:00 0 
7f37b0021000-7f37b4000000 ---p 00000000 00:00 0 
7f37b4000000-7f37b4021000 rw-p 00000000 00:00 0 
7f37b4021000-7f37b8000000 ---p 00000000 00:00 0 
7f37b8000000-7f37b803e000 rw-p 00000000 00:00 0 
7f37b803e000-7f37bc000000 ---p 00000000 00:00 0 
7f37bc01f000-7f37bc022000 ---p 00000000 00:00 0 
7f37bc022000-7f37bc058000 rw-p 00000000 00:00 0                          [stack:13851]
7f37bc058000-7f37bc071000 r--s 00000000 08:15 131292                     /var/cache/fontconfig/8d4af663993b81a124ee82e610bb31f9-le64.cache-4
7f37bc078000-7f37bc07a000 r--s 00000000 08:15 132569                     /var/cache/fontconfig/452f1fac34b224105d7acfae3034bcd5-le64.cache-4
7f37bc080000-7f37bc08a000 r--s 00000000 08:15 132268                     /var/cache/fontconfig/d62e99ef547d1d24cdb1bd22ec1a2976-le64.cache-4
7f37bc090000-7f37bc0c5000 r-xp 00000000 08:43 1633202                    /usr/lib/libpng16.so.16.16.0
7f37bc0c5000-7f37bc2c4000 ---p 00035000 08:43 1633202                    /usr/lib/libpng16.so.16.16.0
7f37bc2c4000-7f37bc2c5000 r--p 00034000 08:43 1633202                    /usr/lib/libpng16.so.16.16.0
7f37bc2c5000-7f37bc2c6000 rw-p 00035000 08:43 1633202                    /usr/lib/libpng16.so.16.16.0
7f37bc2c8000-7f37bc4a8000 r-xp 00000000 08:16 410                        /tmp/QtJambi_nathan_amd64_4.8.6_gcc-20150115-1633/lib/libcom_trolltech_qt_core.so.1
7f37bc4a8000-7f37bc6a7000 ---p 001e0000 08:16 410                        /tmp/QtJambi_nathan_amd64_4.8.6_gcc-20150115-1633/lib/libcom_trolltech_qt_core.so.1
7f37bc6a7000-7f37bc6ba000 rw-p 001df000 08:16 410                        /tmp/QtJambi_nathan_amd64_4.8.6_gcc-20150115-1633/lib/libcom_trolltech_qt_core.so.1
7f37bc6bf000-7f37bc6c2000 ---p 00000000 00:00 0 
7f37bc6c2000-7f37bc7c0000 rw-p 00000000 00:00 0 
7f37bc7c0000-7f37bc80a000 r-xp 00000000 08:16 409                        /tmp/QtJambi_nathan_amd64_4.8.6_gcc-20150115-1633/lib/libqtjambi.so.1
7f37bc80a000-7f37bca09000 ---p 0004a000 08:16 409                        /tmp/QtJambi_nathan_amd64_4.8.6_gcc-20150115-1633/lib/libqtjambi.so.1
7f37bca09000-7f37bca0b000 rw-p 00049000 08:16 409                        /tmp/QtJambi_nathan_amd64_4.8.6_gcc-20150115-1633/lib/libqtjambi.so.1
7f37bca10000-7f37bca7e000 r-xp 00000000 08:43 595946                     /usr/lib/libpcre.so.1.2.5
7f37bca7e000-7f37bcc7e000 ---p 0006e000 08:43 595946                     /usr/lib/libpcre.so.1.2.5
7f37bcc7e000-7f37bcc7f000 r--p 0006e000 08:43 595946                     /usr/lib/libpcre.so.1.2.5
7f37bcc7f000-7f37bcc80000 rw-p 0006f000 08:43 595946                     /usr/lib/libpcre.so.1.2.5
7f37bcc80000-7f37bcc96000 r-xp 00000000 08:43 592258                     /usr/lib/libgcc_s.so.1
7f37bcc96000-7f37bce95000 ---p 00016000 08:43 592258                     /usr/lib/libgcc_s.so.1
7f37bce95000-7f37bce96000 rw-p 00015000 08:43 592258                     /usr/lib/libgcc_s.so.1
7f37bce98000-7f37bd00a000 r-xp 00000000 08:43 592265                     /usr/lib/libstdc++.so.6.0.21
7f37bd00a000-7f37bd20a000 ---p 00172000 08:43 592265                     /usr/lib/libstdc++.so.6.0.21
7f37bd20a000-7f37bd214000 r--p 00172000 08:43 592265                     /usr/lib/libstdc++.so.6.0.21
7f37bd214000-7f37bd216000 rw-p 0017c000 08:43 592265                     /usr/lib/libstdc++.so.6.0.21
7f37bd216000-7f37bd21a000 rw-p 00000000 00:00 0 
7f37bd220000-7f37bd32c000 r-xp 00000000 08:43 596094                     /usr/lib/libglib-2.0.so.0.4400.1
7f37bd32c000-7f37bd52b000 ---p 0010c000 08:43 596094                     /usr/lib/libglib-2.0.so.0.4400.1
7f37bd52b000-7f37bd52c000 r--p 0010b000 08:43 596094                     /usr/lib/libglib-2.0.so.0.4400.1
7f37bd52c000-7f37bd52d000 rw-p 0010c000 08:43 596094                     /usr/lib/libglib-2.0.so.0.4400.1
7f37bd52d000-7f37bd52e000 rw-p 00000000 00:00 0 
7f37bd530000-7f37bd531000 r-xp 00000000 08:43 596096                     /usr/lib/libgthread-2.0.so.0.4400.1
7f37bd531000-7f37bd730000 ---p 00001000 08:43 596096                     /usr/lib/libgthread-2.0.so.0.4400.1
7f37bd730000-7f37bd731000 r--p 00000000 08:43 596096                     /usr/lib/libgthread-2.0.so.0.4400.1
7f37bd731000-7f37bd732000 rw-p 00001000 08:43 596096                     /usr/lib/libgthread-2.0.so.0.4400.1
7f37bd738000-7f37bd74d000 r-xp 00000000 08:43 593353                     /usr/lib/libz.so.1.2.8
7f37bd74d000-7f37bd94c000 ---p 00015000 08:43 593353                     /usr/lib/libz.so.1.2.8
7f37bd94c000-7f37bd94d000 r--p 00014000 08:43 593353                     /usr/lib/libz.so.1.2.8
7f37bd94d000-7f37bd94e000 rw-p 00015000 08:43 593353                     /usr/lib/libz.so.1.2.8
7f37bd950000-7f37bd951000 r--s 00000000 08:15 131663                     /var/cache/fontconfig/6ba42ae0000f58711b5caaf10d690066-le64.cache-4
7f37bd958000-7f37bd972000 r--s 00000000 08:15 132267                     /var/cache/fontconfig/f6b893a7224233d96cb72fd88691c0b4-le64.cache-4
7f37bd978000-7f37bd981000 r--s 00000000 08:15 131587                     /var/cache/fontconfig/f349e9996a5320f6dd491cedd2b1f964-le64.cache-4
7f37bd988000-7f37bd98c000 r--s 00000000 08:15 132192                     /var/cache/fontconfig/b73e16be9ca2559ca7e110fc1e6dd9a0-le64.cache-4
7f37bd990000-7f37bd996000 r--s 00000000 00:22 947533                     /home/nathan/.cache/fontconfig/5829bd88d4010a90cc0bcdebd73e5372-le64.cache-4
7f37bd998000-7f37bdc6e000 r-xp 00000000 08:16 355                        /tmp/QtJambi_nathan_amd64_4.8.6_gcc-20150115-1633/lib/libQtCore.so.4
7f37bdc6e000-7f37bde6d000 ---p 002d6000 08:16 355                        /tmp/QtJambi_nathan_amd64_4.8.6_gcc-20150115-1633/lib/libQtCore.so.4
7f37bde6d000-7f37bde79000 rw-p 002d5000 08:16 355                        /tmp/QtJambi_nathan_amd64_4.8.6_gcc-20150115-1633/lib/libQtCore.so.4
7f37bde79000-7f37bde7a000 rw-p 00000000 00:00 0 
7f37bde7a000-7f37bde7c000 r--s 0001a000 00:22 153131                     /home/nathan/jdk1.8.0_31/jre/lib/jce.jar
7f37bde7c000-7f37bde80000 r--s 00094000 00:22 153135                     /home/nathan/jdk1.8.0_31/jre/lib/jsse.jar
7f37bde87000-7f37bdeb8000 rw-p 00000000 00:00 0 
7f37bdeb8000-7f37bdece000 r-xp 00000000 00:22 153190                     /home/nathan/jdk1.8.0_31/jre/lib/amd64/libnet.so
7f37bdece000-7f37be0ce000 ---p 00016000 00:22 153190                     /home/nathan/jdk1.8.0_31/jre/lib/amd64/libnet.so
7f37be0ce000-7f37be0cf000 rw-p 00016000 00:22 153190                     /home/nathan/jdk1.8.0_31/jre/lib/amd64/libnet.so
7f37be0cf000-7f37be0d2000 ---p 00000000 00:00 0 
7f37be0d2000-7f37be1d0000 rw-p 00000000 00:00 0                          [stack:13847]
7f37be1d0000-7f37be1d1000 r-xp 00000000 00:22 615013                     /home/nathan/exec/idea-IC-141.713.2/bin/libbreakgen64.so
7f37be1d1000-7f37be3d0000 ---p 00001000 00:22 615013                     /home/nathan/exec/idea-IC-141.713.2/bin/libbreakgen64.so
7f37be3d0000-7f37be3d1000 r--p 00000000 00:22 615013                     /home/nathan/exec/idea-IC-141.713.2/bin/libbreakgen64.so
7f37be3d1000-7f37be3d2000 rw-p 00001000 00:22 615013                     /home/nathan/exec/idea-IC-141.713.2/bin/libbreakgen64.so
7f37be3d6000-7f37be3d8000 r--s 00016000 00:22 1442727                    /home/nathan/exec/idea-IC-141.713.2/lib/idea_rt.jar
7f37be3df000-7f37be3e1000 r--s 00017000 00:22 1446554                    /home/nathan/Projects/java/lib/ini4j-0.5.4/ini4j-0.5.4.jar
7f37be3e3000-7f37be3e6000 r--s 01da3000 00:22 1433889                    /home/nathan/Projects/java/lib/qtjambi-4.8.6.1-linux64/qtjambi-native-linux64-gcc-4.8.6.jar
7f37be3e7000-7f37be3f5000 r--s 0046f000 00:22 1433887                    /home/nathan/Projects/java/lib/qtjambi-4.8.6.1-linux64/qtjambi-examples-4.8.6.jar
7f37be3f8000-7f37be3fa000 r--s 00008000 00:22 1433886                    /home/nathan/Projects/java/lib/qtjambi-4.8.6.1-linux64/qtjambi-designer-4.8.6.jar
7f37be3ff000-7f37be429000 r--s 002df000 00:22 1433885                    /home/nathan/Projects/java/lib/qtjambi-4.8.6.1-linux64/qtjambi-4.8.6.jar
7f37be42c000-7f37be431000 r--s 00084000 00:22 153133                     /home/nathan/jdk1.8.0_31/jre/lib/jfr.jar
7f37be437000-7f37be439000 r--s 00007000 00:22 153134                     /home/nathan/jdk1.8.0_31/jre/lib/jfxswt.jar
7f37be439000-7f37be443000 r--s 00069000 00:22 153130                     /home/nathan/jdk1.8.0_31/jre/lib/javaws.jar
7f37be448000-7f37be44d000 r--s 002f8000 00:22 153108                     /home/nathan/jdk1.8.0_31/jre/lib/charsets.jar
7f37be454000-7f37be46d000 r--s 001ec000 00:22 153114                     /home/nathan/jdk1.8.0_31/jre/lib/deploy.jar
7f37be474000-7f37be487000 r--s 00344000 00:22 153144                     /home/nathan/jdk1.8.0_31/jre/lib/resources.jar
7f37be48a000-7f37be48b000 ---p 00000000 00:00 0 
7f37be48b000-7f37be58b000 rw-p 00000000 00:00 0 
7f37be58b000-7f37be58e000 ---p 00000000 00:00 0 
7f37be58e000-7f37be68c000 rw-p 00000000 00:00 0                          [stack:13839]
7f37be68c000-7f37be68f000 ---p 00000000 00:00 0 
7f37be68f000-7f37be78d000 rw-p 00000000 00:00 0                          [stack:13838]
7f37be78d000-7f37be790000 ---p 00000000 00:00 0 
7f37be790000-7f37be88e000 rw-p 00000000 00:00 0                          [stack:13837]
7f37be88e000-7f37be891000 ---p 00000000 00:00 0 
7f37be891000-7f37be98f000 rw-p 00000000 00:00 0                          [stack:13836]
7f37be98f000-7f37be992000 ---p 00000000 00:00 0 
7f37be992000-7f37bea90000 rw-p 00000000 00:00 0                          [stack:13835]
7f37bea90000-7f37bec55000 r--p 00000000 08:43 602299                     /usr/lib/locale/locale-archive
7f37bec5a000-7f37bec5d000 ---p 00000000 00:00 0 
7f37bec5d000-7f37bed5b000 rw-p 00000000 00:00 0                          [stack:13831]
7f37bed5b000-7f37bed5e000 ---p 00000000 00:00 0 
7f37bed5e000-7f37bee5c000 rw-p 00000000 00:00 0                          [stack:13830]
7f37bee5c000-7f37bee5d000 ---p 00000000 00:00 0 
7f37bee5d000-7f37c4000000 rw-p 00000000 00:00 0 
7f37c4000000-7f37c4021000 rw-p 00000000 00:00 0 
7f37c4021000-7f37c8000000 ---p 00000000 00:00 0 
7f37c8000000-7f37c8021000 rw-p 00000000 00:00 0 
7f37c8021000-7f37cc000000 ---p 00000000 00:00 0 
7f37cc000000-7f37cc021000 rw-p 00000000 00:00 0 
7f37cc021000-7f37d0000000 ---p 00000000 00:00 0 
7f37d0000000-7f37d0021000 rw-p 00000000 00:00 0 
7f37d0021000-7f37d4000000 ---p 00000000 00:00 0 
7f37d4000000-7f37d4021000 rw-p 00000000 00:00 0 
7f37d4021000-7f37d8000000 ---p 00000000 00:00 0 
7f37d8000000-7f37d8021000 rw-p 00000000 00:00 0 
7f37d8021000-7f37dc000000 ---p 00000000 00:00 0 
7f37dc005000-7f37dc018000 r--s 000d5000 00:22 153141                     /home/nathan/jdk1.8.0_31/jre/lib/plugin.jar
7f37dc01b000-7f37dc23e000 rw-p 00000000 00:00 0 
7f37dc23e000-7f37dc414000 r--s 03cae000 00:22 153145                     /home/nathan/jdk1.8.0_31/jre/lib/rt.jar
7f37dc419000-7f37dd000000 rw-p 00000000 00:00 0 
7f37dd000000-7f37dd2d0000 rwxp 00000000 00:00 0 
7f37dd2d0000-7f37ec000000 ---p 00000000 00:00 0 
7f37ec000000-7f37ec78a000 rw-p 00000000 00:00 0 
7f37ec78a000-7f37f0000000 ---p 00000000 00:00 0 
7f37f0000000-7f37f0001000 r--s 00000000 08:15 132189                     /var/cache/fontconfig/f82a023eef781fa08a967b9632ad97a0-le64.cache-4
7f37f0008000-7f37f0009000 r--s 00000000 00:22 153138                     /home/nathan/jdk1.8.0_31/jre/lib/management-agent.jar
7f37f000c000-7f37f0010000 r--s 00094000 00:22 153135                     /home/nathan/jdk1.8.0_31/jre/lib/jsse.jar
7f37f0012000-7f37f0014000 r--s 0001a000 00:22 153131                     /home/nathan/jdk1.8.0_31/jre/lib/jce.jar
7f37f0017000-7f37f0240000 rw-p 00000000 00:00 0 
7f37f0240000-7f37f0241000 ---p 00000000 00:00 0 
7f37f0241000-7f37f0341000 rw-p 00000000 00:00 0                          [stack:13820]
7f37f0341000-7f37f0342000 ---p 00000000 00:00 0 
7f37f0342000-7f37f0442000 rw-p 00000000 00:00 0                          [stack:13819]
7f37f0442000-7f37f0443000 ---p 00000000 00:00 0 
7f37f0443000-7f37f0543000 rw-p 00000000 00:00 0                          [stack:13818]
7f37f0543000-7f37f0544000 ---p 00000000 00:00 0 
7f37f0544000-7f37f0644000 rw-p 00000000 00:00 0                          [stack:13817]
7f37f0644000-7f37f0645000 ---p 00000000 00:00 0 
7f37f0645000-7f37f0745000 rw-p 00000000 00:00 0                          [stack:13816]
7f37f0745000-7f37f0746000 ---p 00000000 00:00 0 
7f37f0746000-7f37f0870000 rw-p 00000000 00:00 0                          [stack:13815]
7f37f0870000-7f37f0ae0000 ---p 00000000 00:00 0 
7f37f0ae0000-7f37f0b0a000 rw-p 00000000 00:00 0 
7f37f0b0a000-7f37f0d7a000 ---p 00000000 00:00 0 
7f37f0d7a000-7f37f0d8f000 rw-p 00000000 00:00 0 
7f37f0d8f000-7f37f0ec7000 ---p 00000000 00:00 0 
7f37f0ec7000-7f37f0ed4000 rw-p 00000000 00:00 0 
7f37f0ed4000-7f37f1288000 ---p 00000000 00:00 0 
7f37f1288000-7f37f12a2000 r-xp 00000000 00:22 153204                     /home/nathan/jdk1.8.0_31/jre/lib/amd64/libzip.so
7f37f12a2000-7f37f14a2000 ---p 0001a000 00:22 153204                     /home/nathan/jdk1.8.0_31/jre/lib/amd64/libzip.so
7f37f14a2000-7f37f14a3000 rw-p 0001a000 00:22 153204                     /home/nathan/jdk1.8.0_31/jre/lib/amd64/libzip.so
7f37f14a8000-7f37f14b3000 r-xp 00000000 08:43 592158                     /usr/lib/libnss_files-2.21.so
7f37f14b3000-7f37f16b3000 ---p 0000b000 08:43 592158                     /usr/lib/libnss_files-2.21.so
7f37f16b3000-7f37f16b4000 r--p 0000b000 08:43 592158                     /usr/lib/libnss_files-2.21.so
7f37f16b4000-7f37f16b5000 rw-p 0000c000 08:43 592158                     /usr/lib/libnss_files-2.21.so
7f37f16b8000-7f37f16e2000 r-xp 00000000 00:22 153169                     /home/nathan/jdk1.8.0_31/jre/lib/amd64/libjava.so
7f37f16e2000-7f37f18e2000 ---p 0002a000 00:22 153169                     /home/nathan/jdk1.8.0_31/jre/lib/amd64/libjava.so
7f37f18e2000-7f37f18e4000 rw-p 0002a000 00:22 153169                     /home/nathan/jdk1.8.0_31/jre/lib/amd64/libjava.so
7f37f18e8000-7f37f18f5000 r-xp 00000000 00:22 153203                     /home/nathan/jdk1.8.0_31/jre/lib/amd64/libverify.so
7f37f18f5000-7f37f1af5000 ---p 0000d000 00:22 153203                     /home/nathan/jdk1.8.0_31/jre/lib/amd64/libverify.so
7f37f1af5000-7f37f1af7000 rw-p 0000d000 00:22 153203                     /home/nathan/jdk1.8.0_31/jre/lib/amd64/libverify.so
7f37f1af8000-7f37f1aff000 r-xp 00000000 08:43 592189                     /usr/lib/librt-2.21.so
7f37f1aff000-7f37f1cfe000 ---p 00007000 08:43 592189                     /usr/lib/librt-2.21.so
7f37f1cfe000-7f37f1cff000 r--p 00006000 08:43 592189                     /usr/lib/librt-2.21.so
7f37f1cff000-7f37f1d00000 rw-p 00007000 08:43 592189                     /usr/lib/librt-2.21.so
7f37f1d00000-7f37f1e03000 r-xp 00000000 08:43 592214                     /usr/lib/libm-2.21.so
7f37f1e03000-7f37f2002000 ---p 00103000 08:43 592214                     /usr/lib/libm-2.21.so
7f37f2002000-7f37f2003000 r--p 00102000 08:43 592214                     /usr/lib/libm-2.21.so
7f37f2003000-7f37f2004000 rw-p 00103000 08:43 592214                     /usr/lib/libm-2.21.so
7f37f2008000-7f37f2c76000 r-xp 00000000 00:22 153207                     /home/nathan/jdk1.8.0_31/jre/lib/amd64/server/libjvm.so
7f37f2c76000-7f37f2e75000 ---p 00c6e000 00:22 153207                     /home/nathan/jdk1.8.0_31/jre/lib/amd64/server/libjvm.so
7f37f2e75000-7f37f2f4b000 rw-p 00c6d000 00:22 153207                     /home/nathan/jdk1.8.0_31/jre/lib/amd64/server/libjvm.so
7f37f2f4b000-7f37f2f8e000 rw-p 00000000 00:00 0 
7f37f2f90000-7f37f3129000 r-xp 00000000 08:43 592168                     /usr/lib/libc-2.21.so
7f37f3129000-7f37f3328000 ---p 00199000 08:43 592168                     /usr/lib/libc-2.21.so
7f37f3328000-7f37f332c000 r--p 00198000 08:43 592168                     /usr/lib/libc-2.21.so
7f37f332c000-7f37f332e000 rw-p 0019c000 08:43 592168                     /usr/lib/libc-2.21.so
7f37f332e000-7f37f3332000 rw-p 00000000 00:00 0 
7f37f3338000-7f37f333b000 r-xp 00000000 08:43 592197                     /usr/lib/libdl-2.21.so
7f37f333b000-7f37f353a000 ---p 00003000 08:43 592197                     /usr/lib/libdl-2.21.so
7f37f353a000-7f37f353b000 r--p 00002000 08:43 592197                     /usr/lib/libdl-2.21.so
7f37f353b000-7f37f353c000 rw-p 00003000 08:43 592197                     /usr/lib/libdl-2.21.so
7f37f3540000-7f37f3555000 r-xp 00000000 00:22 153380                     /home/nathan/jdk1.8.0_31/lib/amd64/jli/libjli.so
7f37f3555000-7f37f3754000 ---p 00015000 00:22 153380                     /home/nathan/jdk1.8.0_31/lib/amd64/jli/libjli.so
7f37f3754000-7f37f3755000 rw-p 00014000 00:22 153380                     /home/nathan/jdk1.8.0_31/lib/amd64/jli/libjli.so
7f37f3758000-7f37f3770000 r-xp 00000000 08:43 592188                     /usr/lib/libpthread-2.21.so
7f37f3770000-7f37f396f000 ---p 00018000 08:43 592188                     /usr/lib/libpthread-2.21.so
7f37f396f000-7f37f3970000 r--p 00017000 08:43 592188                     /usr/lib/libpthread-2.21.so
7f37f3970000-7f37f3971000 rw-p 00018000 08:43 592188                     /usr/lib/libpthread-2.21.so
7f37f3971000-7f37f3975000 rw-p 00000000 00:00 0 
7f37f3978000-7f37f399a000 r-xp 00000000 08:43 592210                     /usr/lib/ld-2.21.so
7f37f399b000-7f37f3a88000 rw-p 00000000 00:00 0 
7f37f3a88000-7f37f3a90000 rw-s 00000000 08:16 347                        /tmp/hsperfdata_nathan/13813 (deleted)
7f37f3a90000-7f37f3a91000 r--p 00000000 00:00 0 
7f37f3a91000-7f37f3a92000 rw-p 00000000 00:00 0 
7f37f3a92000-7f37f3a93000 ---p 00000000 00:00 0 
7f37f3a93000-7f37f3a96000 ---p 00000000 00:00 0 
7f37f3a96000-7f37f3b99000 rw-p 00000000 00:00 0                          [stack:13814]
7f37f3b99000-7f37f3b9a000 r--p 00021000 08:43 592210                     /usr/lib/ld-2.21.so
7f37f3b9a000-7f37f3b9b000 rw-p 00022000 08:43 592210                     /usr/lib/ld-2.21.so
7f37f3b9b000-7f37f3b9c000 rw-p 00000000 00:00 0 
7ffe334f0000-7ffe33511000 rw-p 00000000 00:00 0                          [stack]
7ffe335e0000-7ffe335e2000 r--p 00000000 00:00 0                          [vvar]
7ffe335e2000-7ffe335e4000 r-xp 00000000 00:00 0                          [vdso]
ffffffffff600000-ffffffffff601000 r-xp 00000000 00:00 0                  [vsyscall]

VM Arguments:
jvm_args: -Didea.launcher.port=7540 -Didea.launcher.bin.path=/home/nathan/exec/idea-IC-141.713.2/bin -Dfile.encoding=US-ASCII 
java_command: com.intellij.rt.execution.application.AppMain be.monfils.JExplorer.JExplorer
java_class_path (initial): /home/nathan/jdk1.8.0_31/jre/lib/plugin.jar:/home/nathan/jdk1.8.0_31/jre/lib/jce.jar:/home/nathan/jdk1.8.0_31/jre/lib/jsse.jar:/home/nathan/jdk1.8.0_31/jre/lib/resources.jar:/home/nathan/jdk1.8.0_31/jre/lib/management-agent.jar:/home/nathan/jdk1.8.0_31/jre/lib/deploy.jar:/home/nathan/jdk1.8.0_31/jre/lib/rt.jar:/home/nathan/jdk1.8.0_31/jre/lib/charsets.jar:/home/nathan/jdk1.8.0_31/jre/lib/javaws.jar:/home/nathan/jdk1.8.0_31/jre/lib/jfxswt.jar:/home/nathan/jdk1.8.0_31/jre/lib/jfr.jar:/home/nathan/jdk1.8.0_31/jre/lib/ext/sunjce_provider.jar:/home/nathan/jdk1.8.0_31/jre/lib/ext/sunpkcs11.jar:/home/nathan/jdk1.8.0_31/jre/lib/ext/jfxrt.jar:/home/nathan/jdk1.8.0_31/jre/lib/ext/dnsns.jar:/home/nathan/jdk1.8.0_31/jre/lib/ext/cldrdata.jar:/home/nathan/jdk1.8.0_31/jre/lib/ext/localedata.jar:/home/nathan/jdk1.8.0_31/jre/lib/ext/nashorn.jar:/home/nathan/jdk1.8.0_31/jre/lib/ext/zipfs.jar:/home/nathan/jdk1.8.0_31/jre/lib/ext/sunec.jar:/home/nathan/Projects/java/JExplorer/out/production/JExplorer:/home/nathan/Projects/java/lib/qtjambi-4.8.6.1-linux64/qtjambi-4.8.6.jar:/home/nathan/Projects/java/lib/qtjambi-4.8.6.1-linux64/qtjambi-designer-4.8.6.jar:/home/nathan/Projects/java/lib/qtjambi-4.8.6.1-linux64/qtjambi-examples-4.8.6.jar:/home/nathan/Projects/java/lib/qtjambi-4.8.6.1-linux64/qtjambi-native-linux64-gcc-4.8.6.jar:/home/nathan/Projects/java/lib/ini4j-0.5.4/ini4j-0.5.4.jar:/home/nathan/exec/idea-IC-141.713.2/lib/idea_rt.jar
Launcher Type: SUN_STANDARD

Environment Variables:
PATH=/usr/local/sbin:/usr/local/bin:/usr/bin:/usr/lib/jvm/default/bin:/usr/bin/site_perl:/usr/bin/vendor_perl:/usr/bin/core_perl:/usr/sbin
LD_LIBRARY_PATH=/home/nathan/exec/idea-IC-141.713.2/bin:
SHELL=/bin/zsh
DISPLAY=:0

Signal Handlers:
SIGSEGV: [libjvm.so+0xa7a650], sa_mask[0]=11111111011111111101111111111110, sa_flags=SA_RESTART|SA_SIGINFO
SIGBUS: [libjvm.so+0xa7a650], sa_mask[0]=11111111011111111101111111111110, sa_flags=SA_RESTART|SA_SIGINFO
SIGFPE: [libjvm.so+0x8e28f0], sa_mask[0]=11111111011111111101111111111110, sa_flags=SA_RESTART|SA_SIGINFO
SIGPIPE: [libjvm.so+0x8e28f0], sa_mask[0]=11111111011111111101111111111110, sa_flags=SA_RESTART|SA_SIGINFO
SIGXFSZ: [libjvm.so+0x8e28f0], sa_mask[0]=11111111011111111101111111111110, sa_flags=SA_RESTART|SA_SIGINFO
SIGILL: [libjvm.so+0x8e28f0], sa_mask[0]=11111111011111111101111111111110, sa_flags=SA_RESTART|SA_SIGINFO
SIGUSR1: SIG_DFL, sa_mask[0]=00000000000000000000000000000000, sa_flags=none
SIGUSR2: [libjvm.so+0x8e4120], sa_mask[0]=00100000000000000000000000000000, sa_flags=SA_RESTART|SA_SIGINFO
SIGHUP: [libjvm.so+0x8e54e0], sa_mask[0]=11111111011111111101111111111110, sa_flags=SA_RESTART|SA_SIGINFO
SIGINT: [libjvm.so+0x8e54e0], sa_mask[0]=11111111011111111101111111111110, sa_flags=SA_RESTART|SA_SIGINFO
SIGTERM: [libjvm.so+0x8e54e0], sa_mask[0]=11111111011111111101111111111110, sa_flags=SA_RESTART|SA_SIGINFO
SIGQUIT: [libjvm.so+0x8e54e0], sa_mask[0]=11111111011111111101111111111110, sa_flags=SA_RESTART|SA_SIGINFO


---------------  S Y S T E M  ---------------

OS:NAME="Arch Linux"
ID=arch
PRETTY_NAME="Arch Linux"
ANSI_COLOR="0;36"
HOME_URL="https://www.archlinux.org/"
SUPPORT_URL="https://bbs.archlinux.org/"
BUG_REPORT_URL="https://bugs.archlinux.org/"


uname:Linux 4.0.4-2-ARCH #1 SMP PREEMPT Fri May 22 03:05:23 UTC 2015 x86_64
libc:glibc 2.21 NPTL 2.21 
rlimit: STACK 8192k, CORE 0k, NPROC 31669, NOFILE 4096, AS infinity
load average:1.42 0.97 0.62

/proc/meminfo:
MemTotal:        8178552 kB
MemFree:         1370388 kB
MemAvailable:    4821892 kB
Buffers:           79296 kB
Cached:          3562308 kB
SwapCached:            0 kB
Active:          4859032 kB
Inactive:        1569752 kB
Active(anon):    2790664 kB
Inactive(anon):    91340 kB
Active(file):    2068368 kB
Inactive(file):  1478412 kB
Unevictable:        1288 kB
Mlocked:            1288 kB
SwapTotal:             0 kB
SwapFree:              0 kB
Dirty:             14936 kB
Writeback:             0 kB
AnonPages:       2788520 kB
Mapped:           570924 kB
Shmem:             94836 kB
Slab:             186872 kB
SReclaimable:     147316 kB
SUnreclaim:        39556 kB
KernelStack:        9968 kB
PageTables:        43976 kB
NFS_Unstable:          0 kB
Bounce:                0 kB
WritebackTmp:          0 kB
CommitLimit:     4089276 kB
Committed_AS:    7674428 kB
VmallocTotal:   34359738367 kB
VmallocUsed:      349024 kB
VmallocChunk:   34359384572 kB
HardwareCorrupted:     0 kB
AnonHugePages:   1226752 kB
HugePages_Total:       0
HugePages_Free:        0
HugePages_Rsvd:        0
HugePages_Surp:        0
Hugepagesize:       2048 kB
DirectMap4k:      899008 kB
DirectMap2M:     7487488 kB
DirectMap1G:           0 kB


CPU:total 6 (6 cores per cpu, 1 threads per core) family 21 model 2 stepping 0, cmov, cx8, fxsr, mmx, sse, sse2, sse3, ssse3, sse4.1, sse4.2, popcnt, avx, aes, clmul, mmxext, 3dnowpref, lzcnt, sse4a, tsc, tscinvbit, tscinv, bmi1

/proc/cpuinfo:
processor	: 0
vendor_id	: AuthenticAMD
cpu family	: 21
model		: 2
model name	: AMD FX(tm)-6300 Six-Core Processor
stepping	: 0
microcode	: 0x6000832
cpu MHz		: 1400.000
cache size	: 2048 KB
physical id	: 0
siblings	: 6
core id		: 0
cpu cores	: 3
apicid		: 0
initial apicid	: 0
fpu		: yes
fpu_exception	: yes
cpuid level	: 13
wp		: yes
flags		: fpu vme de pse tsc msr pae mce cx8 apic sep mtrr pge mca cmov pat pse36 clflush mmx fxsr sse sse2 ht syscall nx mmxext fxsr_opt pdpe1gb rdtscp lm constant_tsc rep_good nopl nonstop_tsc extd_apicid aperfmperf pni pclmulqdq monitor ssse3 fma cx16 sse4_1 sse4_2 popcnt aes xsave avx f16c lahf_lm cmp_legacy svm extapic cr8_legacy abm sse4a misalignsse 3dnowprefetch osvw ibs xop skinit wdt lwp fma4 tce nodeid_msr tbm topoext perfctr_core perfctr_nb arat cpb hw_pstate npt lbrv svm_lock nrip_save tsc_scale vmcb_clean flushbyasid decodeassists pausefilter pfthreshold vmmcall bmi1
bugs		: fxsave_leak
bogomips	: 7034.43
TLB size	: 1536 4K pages
clflush size	: 64
cache_alignment	: 64
address sizes	: 48 bits physical, 48 bits virtual
power management: ts ttp tm 100mhzsteps hwpstate cpb eff_freq_ro

processor	: 1
vendor_id	: AuthenticAMD
cpu family	: 21
model		: 2
model name	: AMD FX(tm)-6300 Six-Core Processor             
stepping	: 0
microcode	: 0x6000832
cpu MHz		: 2000.000
cache size	: 2048 KB
physical id	: 0
siblings	: 6
core id		: 1
cpu cores	: 3
apicid		: 1
initial apicid	: 1
fpu		: yes
fpu_exception	: yes
cpuid level	: 13
wp		: yes
flags		: fpu vme de pse tsc msr pae mce cx8 apic sep mtrr pge mca cmov pat pse36 clflush mmx fxsr sse sse2 ht syscall nx mmxext fxsr_opt pdpe1gb rdtscp lm constant_tsc rep_good nopl nonstop_tsc extd_apicid aperfmperf pni pclmulqdq monitor ssse3 fma cx16 sse4_1 sse4_2 popcnt aes xsave avx f16c lahf_lm cmp_legacy svm extapic cr8_legacy abm sse4a misalignsse 3dnowprefetch osvw ibs xop skinit wdt lwp fma4 tce nodeid_msr tbm topoext perfctr_core perfctr_nb arat cpb hw_pstate npt lbrv svm_lock nrip_save tsc_scale vmcb_clean flushbyasid decodeassists pausefilter pfthreshold vmmcall bmi1
bugs		: fxsave_leak
bogomips	: 7034.43
TLB size	: 1536 4K pages
clflush size	: 64
cache_alignment	: 64
address sizes	: 48 bits physical, 48 bits virtual
power management: ts ttp tm 100mhzsteps hwpstate cpb eff_freq_ro

processor	: 2
vendor_id	: AuthenticAMD
cpu family	: 21
model		: 2
model name	: AMD FX(tm)-6300 Six-Core Processor             
stepping	: 0
microcode	: 0x6000832
cpu MHz		: 2000.000
cache size	: 2048 KB
physical id	: 0
siblings	: 6
core id		: 2
cpu cores	: 3
apicid		: 2
initial apicid	: 2
fpu		: yes
fpu_exception	: yes
cpuid level	: 13
wp		: yes
flags		: fpu vme de pse tsc msr pae mce cx8 apic sep mtrr pge mca cmov pat pse36 clflush mmx fxsr sse sse2 ht syscall nx mmxext fxsr_opt pdpe1gb rdtscp lm constant_tsc rep_good nopl nonstop_tsc extd_apicid aperfmperf pni pclmulqdq monitor ssse3 fma cx16 sse4_1 sse4_2 popcnt aes xsave avx f16c lahf_lm cmp_legacy svm extapic cr8_legacy abm sse4a misalignsse 3dnowprefetch osvw ibs xop skinit wdt lwp fma4 tce nodeid_msr tbm topoext perfctr_core perfctr_nb arat cpb hw_pstate npt lbrv svm_lock nrip_save tsc_scale vmcb_clean flushbyasid decodeassists pausefilter pfthreshold vmmcall bmi1
bugs		: fxsave_leak
bogomips	: 7034.43
TLB size	: 1536 4K pages
clflush size	: 64
cache_alignment	: 64
address sizes	: 48 bits physical, 48 bits virtual
power management: ts ttp tm 100mhzsteps hwpstate cpb eff_freq_ro

processor	: 3
vendor_id	: AuthenticAMD
cpu family	: 21
model		: 2
model name	: AMD FX(tm)-6300 Six-Core Processor             
stepping	: 0
microcode	: 0x6000832
cpu MHz		: 2000.000
cache size	: 2048 KB
physical id	: 0
siblings	: 6
core id		: 3
cpu cores	: 3
apicid		: 3
initial apicid	: 3
fpu		: yes
fpu_exception	: yes
cpuid level	: 13
wp		: yes
flags		: fpu vme de pse tsc msr pae mce cx8 apic sep mtrr pge mca cmov pat pse36 clflush mmx fxsr sse sse2 ht syscall nx mmxext fxsr_opt pdpe1gb rdtscp lm constant_tsc rep_good nopl nonstop_tsc extd_apicid aperfmperf pni pclmulqdq monitor ssse3 fma cx16 sse4_1 sse4_2 popcnt aes xsave avx f16c lahf_lm cmp_legacy svm extapic cr8_legacy abm sse4a misalignsse 3dnowprefetch osvw ibs xop skinit wdt lwp fma4 tce nodeid_msr tbm topoext perfctr_core perfctr_nb arat cpb hw_pstate npt lbrv svm_lock nrip_save tsc_scale vmcb_clean flushbyasid decodeassists pausefilter pfthreshold vmmcall bmi1
bugs		: fxsave_leak
bogomips	: 7034.43
TLB size	: 1536 4K pages
clflush size	: 64
cache_alignment	: 64
address sizes	: 48 bits physical, 48 bits virtual
power management: ts ttp tm 100mhzsteps hwpstate cpb eff_freq_ro

processor	: 4
vendor_id	: AuthenticAMD
cpu family	: 21
model		: 2
model name	: AMD FX(tm)-6300 Six-Core Processor             
stepping	: 0
microcode	: 0x6000832
cpu MHz		: 2000.000
cache size	: 2048 KB
physical id	: 0
siblings	: 6
core id		: 5
cpu cores	: 3
apicid		: 4
initial apicid	: 5
fpu		: yes
fpu_exception	: yes
cpuid level	: 13
wp		: yes
flags		: fpu vme de pse tsc msr pae mce cx8 apic sep mtrr pge mca cmov pat pse36 clflush mmx fxsr sse sse2 ht syscall nx mmxext fxsr_opt pdpe1gb rdtscp lm constant_tsc rep_good nopl nonstop_tsc extd_apicid aperfmperf pni pclmulqdq monitor ssse3 fma cx16 sse4_1 sse4_2 popcnt aes xsave avx f16c lahf_lm cmp_legacy svm extapic cr8_legacy abm sse4a misalignsse 3dnowprefetch osvw ibs xop skinit wdt lwp fma4 tce nodeid_msr tbm topoext perfctr_core perfctr_nb arat cpb hw_pstate npt lbrv svm_lock nrip_save tsc_scale vmcb_clean flushbyasid decodeassists pausefilter pfthreshold vmmcall bmi1
bugs		: fxsave_leak
bogomips	: 7034.43
TLB size	: 1536 4K pages
clflush size	: 64
cache_alignment	: 64
address sizes	: 48 bits physical, 48 bits virtual
power management: ts ttp tm 100mhzsteps hwpstate cpb eff_freq_ro

processor	: 5
vendor_id	: AuthenticAMD
cpu family	: 21
model		: 2
model name	: AMD FX(tm)-6300 Six-Core Processor             
stepping	: 0
microcode	: 0x6000832
cpu MHz		: 3500.000
cache size	: 2048 KB
physical id	: 0
siblings	: 6
core id		: 4
cpu cores	: 3
apicid		: 5
initial apicid	: 4
fpu		: yes
fpu_exception	: yes
cpuid level	: 13
wp		: yes
flags		: fpu vme de pse tsc msr pae mce cx8 apic sep mtrr pge mca cmov pat pse36 clflush mmx fxsr sse sse2 ht syscall nx mmxext fxsr_opt pdpe1gb rdtscp lm constant_tsc rep_good nopl nonstop_tsc extd_apicid aperfmperf pni pclmulqdq monitor ssse3 fma cx16 sse4_1 sse4_2 popcnt aes xsave avx f16c lahf_lm cmp_legacy svm extapic cr8_legacy abm sse4a misalignsse 3dnowprefetch osvw ibs xop skinit wdt lwp fma4 tce nodeid_msr tbm topoext perfctr_core perfctr_nb arat cpb hw_pstate npt lbrv svm_lock nrip_save tsc_scale vmcb_clean flushbyasid decodeassists pausefilter pfthreshold vmmcall bmi1
bugs		: fxsave_leak
bogomips	: 7034.43
TLB size	: 1536 4K pages
clflush size	: 64
cache_alignment	: 64
address sizes	: 48 bits physical, 48 bits virtual
power management: ts ttp tm 100mhzsteps hwpstate cpb eff_freq_ro



Memory: 4k page, physical 8178552k(1370388k free), swap 0k(0k free)

vm_info: Java HotSpot(TM) 64-Bit Server VM (25.31-b07) for linux-amd64 JRE (1.8.0_31-b13), built on Dec 17 2014 20:40:15 by "java_re" with gcc 4.3.0 20080428 (Red Hat 4.3.0-8)

time: Sat Jun 13 16:28:50 2015
elapsed time: 31 seconds (0d 0h 0m 31s)

